NEB log file generated by ORCA
All quantities are given in atomic units. Unless stated otherwise. 
iteration       : 0
climbing        : no
zoom on         : no
nim             : 8
barrier         :   0.12942538 (image:  3) 
distance        :   0.00000000    3.57635226    7.15274432   10.73023323   14.30672942   17.88208938   21.45725167   25.03284315 
energy          : -1009.65701550  -1009.62147489  -1009.56859122  -1009.52759012  -1009.53756461  -1009.55302104  -1009.58833905  -1009.63369849 
max(|Fr_perp|)   :   0.00000000    0.09142187    0.10827940    0.11916337    0.06157127    0.05243843    0.06300088    0.00000000 
Fr_paral         :   0.00000000   -0.00993283   -0.00970199    0.00121721   -0.00302178    0.00085353    0.00854732    0.00000000 
max(|Fsp_paral|) :   0.00000000    0.05509884    0.04083712    0.00003381    0.01357566    0.01749714    0.03873650    0.00000000 
max(|Fsp_perp|)  :   0.00000000    0.00000000    0.00000000    0.00000000    0.00000000    0.00000000    0.00000000    0.00000000 
max(|FNEB|)      :   0.00000000    0.09003425    0.10304815    0.11927480    0.06606729    0.05885050    0.06825021    0.00000000 
max(|Force|)     :   0.00247661    0.09161233    0.10918772    0.11924409    0.06154038    0.05235383    0.06290162    0.00241639 
ksp              :   0.02039872    0.06524306    0.10000000    0.10000000    0.09150281    0.07839224    0.04846337 
max(|step|)      :   0.00000000    0.07548472    0.08639558    0.10000000    0.05539082    0.04934026    0.05722098    0.00000000 
angle (deg.)     :    29.1711  30.5804  33.6993  36.4022  28.4961  23.5997 
>
iteration       : 1
climbing        : no
zoom on         : no
nim             : 8
barrier         :   0.09836080 (image:  4) 
distance        :   0.00000000    3.68897870    7.21183239   10.67291457   14.22243290   17.76934042   21.28195709   24.92990588 
energy          : -1009.65701550  -1009.63775915  -1009.60103986  -1009.56765606  -1009.55865470  -1009.56800930  -1009.60182322  -1009.63369849 
max(|Fr_perp|)   :   0.00000000    0.04598599    0.07292964    0.07774588    0.05639742    0.04955817    0.06449988    0.00000000 
Fr_paral         :   0.00000000   -0.00853730   -0.00929579   -0.00394329    0.00223540    0.00123010    0.01074650    0.00000000 
max(|Fsp_paral|) :   0.00000000    0.04673058    0.04439395    0.02044743    0.00011235    0.01600774    0.04878635    0.00000000 
max(|Fsp_perp|)  :   0.00000000    0.00000000    0.00000000    0.00000000    0.00000000    0.00000000    0.00000000    0.00000000 
max(|FNEB|)      :   0.00000000    0.04913439    0.07001756    0.08420081    0.05642185    0.05290679    0.06526877    0.00000000 
max(|Force|)     :   0.00247661    0.04603877    0.07335990    0.07719436    0.05637937    0.04946234    0.06443907    0.00241639 
ksp              :   0.01000000    0.04916749    0.08920468    0.10000000    0.10000000    0.08878103    0.04822801 
max(|step|)      :   0.00000000    0.05841252    0.08348883    0.10000000    0.06745030    0.06249042    0.07434086    0.00893856 
angle (deg.)     :    28.9584  29.5310  32.6347  36.3344  27.6894  22.8229 
>
iteration       : 2
climbing        : no
zoom on         : no
nim             : 8
barrier         :   0.07776375 (image:  4) 
distance        :   0.00000000    3.83386118    7.32864861   10.66331993   14.15392623   17.64684070   21.03644120   24.82841351 
energy          : -1009.65701550  -1009.64525805  -1009.62354565  -1009.60033373  -1009.57925175  -1009.58155750  -1009.61458140  -1009.63369849 
max(|Fr_perp|)   :   0.00000000    0.02129135    0.04494200    0.06980003    0.05308831    0.04151350    0.05613068    0.00000000 
Fr_paral         :   0.00000000   -0.00690161   -0.00674625   -0.00701866    0.00327931    0.00175044    0.01221028    0.00000000 
max(|Fsp_paral|) :   0.00000000    0.01889159    0.04086851    0.05910423    0.00010281    0.00878339    0.05969193    0.00000000 
max(|Fsp_perp|)  :   0.00000000    0.00000000    0.00000000    0.00000000    0.00000000    0.00000000    0.00000000    0.00000000 
max(|FNEB|)      :   0.00000000    0.02275456    0.05439762    0.08731181    0.05312917    0.04329799    0.06187789    0.00000000 
max(|Force|)     :   0.00247661    0.02213643    0.04488793    0.06889884    0.05390943    0.04139954    0.05618611    0.00241639 
ksp              :   0.01000000    0.02680930    0.06519098    0.10000000    0.10000000    0.09616372    0.04161003 
max(|step|)      :   0.00000000    0.02606126    0.06230271    0.10000000    0.06084992    0.04959007    0.07087001    0.00000000 
angle (deg.)     :    29.4916  29.3151  30.8689  36.2317  27.1116  22.3571 
>
iteration       : 3
climbing        : no
zoom on         : no
nim             : 8
barrier         :   0.06736622 (image:  5) 
distance        :   0.00000000    3.89395855    7.44873676   10.76492623   14.09510768   17.56185969   20.77764297   24.75151338 
energy          : -1009.65701550  -1009.64745223  -1009.63107795  -1009.61690536  -1009.59421207  -1009.58964928  -1009.62146985  -1009.63369849 
max(|Fr_perp|)   :   0.00000000    0.01399549    0.02590000    0.05335883    0.05221089    0.03459200    0.04215335    0.00000000 
Fr_paral         :   0.00000000   -0.00617824   -0.00597150   -0.00841493    0.00103995    0.00244214    0.01179045    0.00000000 
max(|Fsp_paral|) :   0.00000000    0.00530943    0.03160270    0.07062191    0.01683882    0.00946766    0.06421930    0.00000000 
max(|Fsp_perp|)  :   0.00000000    0.00000000    0.00000000    0.00000000    0.00000000    0.00000000    0.00000000    0.00000000 
max(|FNEB|)      :   0.00000000    0.01328084    0.04231857    0.08594908    0.06292650    0.03556717    0.06674890    0.00000000 
max(|Force|)     :   0.00247661    0.01472709    0.02573339    0.05228251    0.05246061    0.03453760    0.04225334    0.00241639 
ksp              :   0.01000000    0.01535422    0.04431122    0.09067744    0.10000000    0.10000000    0.03498519 
max(|step|)      :   0.00000000    0.01813569    0.05396242    0.10000000    0.06871276    0.04257400    0.07707573    0.00962729 
angle (deg.)     :    30.0830  29.5044  29.3696  35.7297  26.5557  22.1944 
>
iteration       : 4
climbing        : no
zoom on         : no
nim             : 8
barrier         :   0.06147966 (image:  5) 
distance        :   0.00000000    3.92714647    7.55403996   10.89925547   14.07952946   17.48646277   20.52202679   24.69093838 
energy          : -1009.65701550  -1009.64887912  -1009.63458100  -1009.62607621  -1009.60738766  -1009.59553584  -1009.62515361  -1009.63369849 
max(|Fr_perp|)   :   0.00000000    0.01065058    0.01734778    0.03367071    0.04804691    0.03112980    0.02718274    0.00000000 
Fr_paral         :   0.00000000   -0.00561708   -0.00603209   -0.00779319   -0.00267145    0.00291403    0.01000815    0.00000000 
max(|Fsp_paral|) :   0.00000000    0.00101274    0.02026450    0.06280778    0.04193469    0.01395952    0.06190446    0.00000000 
max(|Fsp_perp|)  :   0.00000000    0.00000000    0.00000000    0.00000000    0.00000000    0.00000000    0.00000000    0.00000000 
max(|FNEB|)      :   0.00000000    0.01049482    0.02949816    0.07370582    0.07291356    0.03133891    0.06409548    0.00000000 
max(|Force|)     :   0.00247661    0.01090018    0.01776424    0.03270058    0.04747274    0.03112704    0.02732655    0.00241639 
ksp              :   0.01000000    0.01000000    0.02800274    0.07210475    0.10000000    0.10000000    0.03015303 
max(|step|)      :   0.00000000    0.01423879    0.04002148    0.10000000    0.09892510    0.04251890    0.08696123    0.00000000 
angle (deg.)     :    30.6802  30.1200  28.5527  33.8486  26.0058  22.0985 
>
iteration       : 5
climbing        : no
zoom on         : no
nim             : 8
barrier         :   0.05683935 (image:  5) 
distance        :   0.00000000    3.92833263    7.63300650   11.06962131   14.18213422   17.38954427   20.22925436   24.63111071 
energy          : -1009.65701550  -1009.65013428  -1009.63731133  -1009.63109534  -1009.61937299  -1009.60017615  -1009.62633166  -1009.63369849 
max(|Fr_perp|)   :   0.00000000    0.00924708    0.01703386    0.02359611    0.03808100    0.02628726    0.01901709    0.00000000 
Fr_paral         :   0.00000000   -0.00473455   -0.00643635   -0.00673842   -0.00749054    0.00294518    0.00887680    0.00000000 
max(|Fsp_paral|) :   0.00000000    0.00075038    0.00771958    0.04359568    0.06377826    0.01369917    0.05276447    0.00000000 
max(|Fsp_perp|)  :   0.00000000    0.00000000    0.00000000    0.00000000    0.00000000    0.00000000    0.00000000    0.00000000 
max(|FNEB|)      :   0.00000000    0.00912885    0.01681398    0.05309733    0.07220975    0.02600383    0.05417382    0.00000000 
max(|Force|)     :   0.00247661    0.00900928    0.01783179    0.02473075    0.03920611    0.02631000    0.01910972    0.00241639 
ksp              :   0.01000000    0.01000000    0.01698889    0.04846076    0.10000000    0.10000000    0.02977831 
max(|step|)      :   0.00000000    0.01316609    0.03112895    0.08759982    0.10000000    0.03664923    0.08278550    0.01057074 
angle (deg.)     :    31.0792  30.7776  28.3775  31.8946  25.6081  22.2933 
>
iteration       : 6
climbing        : no
zoom on         : no
nim             : 8
barrier         :   0.05324201 (image:  5) 
distance        :   0.00000000    3.92960763    7.68715008   11.21821007   14.34988806   17.30959746   19.97457889   24.59325966 
energy          : -1009.65701550  -1009.65108434  -1009.63976660  -1009.63470589  -1009.62747923  -1009.60377348  -1009.62699492  -1009.63369849 
max(|Fr_perp|)   :   0.00000000    0.00769722    0.01598969    0.02057495    0.03146534    0.02158833    0.01302416    0.00000000 
Fr_paral         :   0.00000000   -0.00394205   -0.00589830   -0.00558354   -0.01019139    0.00249913    0.00784108    0.00000000 
max(|Fsp_paral|) :   0.00000000    0.00057446    0.00083279    0.02608589    0.07692344    0.01087031    0.04396826    0.00000000 
max(|Fsp_perp|)  :   0.00000000    0.00000000    0.00000000    0.00000000    0.00000000    0.00000000    0.00000000    0.00000000 
max(|FNEB|)      :   0.00000000    0.00760741    0.01614484    0.03460235    0.07825585    0.02112840    0.04506297    0.00000000 
max(|Force|)     :   0.00247661    0.00768612    0.01642086    0.02148315    0.03316150    0.02164052    0.01422457    0.00241639 
ksp              :   0.01000000    0.01000000    0.01000000    0.02873082    0.10000000    0.10000000    0.03015865 
max(|step|)      :   0.00000000    0.00972121    0.02063084    0.04421695    0.10000000    0.02699913    0.05758415    0.00000000 
angle (deg.)     :    31.1506  31.2756  28.9430  29.9850  25.4260  22.5373 
>
iteration       : 7
climbing        : no
zoom on         : no
nim             : 8
barrier         :   0.05094133 (image:  5) 
distance        :   0.00000000    3.93017358    7.69410953   11.30042134   14.59759410   17.25831878   19.79751265   24.57445858 
energy          : -1009.65701550  -1009.65170510  -1009.64174222  -1009.63727114  -1009.63072993  -1009.60607416  -1009.62723806  -1009.63369849 
max(|Fr_perp|)   :   0.00000000    0.00680602    0.01502978    0.01924671    0.02882644    0.01776769    0.01192503    0.00000000 
Fr_paral         :   0.00000000   -0.00347765   -0.00460792   -0.00512084   -0.01230510    0.00196362    0.00762182    0.00000000 
max(|Fsp_paral|) :   0.00000000    0.00055390    0.00058343    0.01371618    0.07484471    0.00446544    0.03657080    0.00000000 
max(|Fsp_perp|)  :   0.00000000    0.00000000    0.00000000    0.00000000    0.00000000    0.00000000    0.00000000    0.00000000 
max(|FNEB|)      :   0.00000000    0.00708246    0.01513261    0.02276903    0.07786812    0.01753133    0.03775414    0.00000000 
max(|Force|)     :   0.00247661    0.00737106    0.01536534    0.02006265    0.03100788    0.01780642    0.01317680    0.00241639 
ksp              :   0.01000000    0.01000000    0.01000000    0.01967157    0.10000000    0.10000000    0.03104807 
max(|step|)      :   0.00000000    0.00920065    0.01777659    0.02183551    0.10000000    0.01887481    0.04211770    0.00940827 
angle (deg.)     :    31.2278  31.2274  29.8462  28.8493  25.1304  22.8328 
>
iteration       : 8
climbing        : no
zoom on         : no
nim             : 8
barrier         :   0.04923693 (image:  5) 
distance        :   0.00000000    3.92983822    7.69735798   11.31732568   14.85061456   17.25812661   19.67987269   24.56534617 
energy          : -1009.65701550  -1009.65217130  -1009.64321703  -1009.63939812  -1009.63204084  -1009.60777857  -1009.62754155  -1009.63369849 
max(|Fr_perp|)   :   0.00000000    0.00650887    0.01439419    0.01824500    0.02781205    0.01544497    0.01119718    0.00000000 
Fr_paral         :   0.00000000   -0.00319579   -0.00485191   -0.00424916   -0.01355702    0.00158349    0.00719765    0.00000000 
max(|Fsp_paral|) :   0.00000000    0.00054038    0.00054592    0.00926495    0.06833474    0.00053457    0.03071185    0.00000000 
max(|Fsp_perp|)  :   0.00000000    0.00000000    0.00000000    0.00000000    0.00000000    0.00000000    0.00000000    0.00000000 
max(|FNEB|)      :   0.00000000    0.00657942    0.01449155    0.01671248    0.07094382    0.01548987    0.03178523    0.00000000 
max(|Force|)     :   0.00247661    0.00668531    0.01474510    0.01892632    0.03033458    0.01549034    0.01152287    0.00241639 
ksp              :   0.01000000    0.01000000    0.01000000    0.01577553    0.10000000    0.10000000    0.03137654 
max(|step|)      :   0.00000000    0.00927413    0.02042679    0.02355734    0.10000000    0.02183399    0.04480338    0.00000000 
angle (deg.)     :    31.2836  31.5208  30.5627  28.2205  25.1416  23.2805 
>
iteration       : 9
climbing        : no
zoom on         : no
nim             : 8
barrier         :   0.04755681 (image:  5) 
distance        :   0.00000000    3.93004031    7.70451164   11.35969793   15.11125581   17.26166799   19.55682658   24.56577054 
energy          : -1009.65701550  -1009.65264862  -1009.64475423  -1009.64140063  -1009.63383131  -1009.60945868  -1009.62777495  -1009.63369849 
max(|Fr_perp|)   :   0.00000000    0.00619439    0.01319157    0.01682732    0.02585264    0.01292021    0.01022272    0.00000000 
Fr_paral         :   0.00000000   -0.00274852   -0.00340232   -0.00433359   -0.01531276    0.00116893    0.00689989    0.00000000 
max(|Fsp_paral|) :   0.00000000    0.00051704    0.00044193    0.00045271    0.06515371    0.00524943    0.02391250    0.00000000 
max(|Fsp_perp|)  :   0.00000000    0.00000000    0.00000000    0.00000000    0.00000000    0.00000000    0.00000000    0.00000000 
max(|FNEB|)      :   0.00000000    0.00645133    0.01326424    0.01667769    0.07108555    0.01356036    0.02492866    0.00000000 
max(|Force|)     :   0.00247661    0.00663737    0.01343225    0.01751217    0.02889366    0.01297096    0.01042571    0.00241639 
ksp              :   0.01000000    0.01000000    0.01000000    0.01000000    0.10000000    0.10000000    0.03199352 
max(|step|)      :   0.00000000    0.00921502    0.01707742    0.02393126    0.10000000    0.01948908    0.03150514    0.00932140 
angle (deg.)     :    31.3552  31.3483  31.7515  27.9177  25.1239  23.7700 
>
iteration       : 10
climbing        : no
zoom on         : no
nim             : 8
barrier         :   0.04627459 (image:  5) 
distance        :   0.00000000    3.92931404    7.70634316   11.35868910   15.36139269   17.29600783   19.47795390   24.56812670 
energy          : -1009.65701550  -1009.65301855  -1009.64589409  -1009.64304486  -1009.63436342  -1009.61074091  -1009.62803850  -1009.63369849 
max(|Fr_perp|)   :   0.00000000    0.00574106    0.01272483    0.01603383    0.02483604    0.01172635    0.00934568    0.00000000 
Fr_paral         :   0.00000000   -0.00265327   -0.00414429   -0.00260960   -0.01708228    0.00102745    0.00638682    0.00000000 
max(|Fsp_paral|) :   0.00000000    0.00050582    0.00046177    0.00164579    0.05546143    0.00889292    0.01867699    0.00000000 
max(|Fsp_perp|)  :   0.00000000    0.00000000    0.00000000    0.00000000    0.00000000    0.00000000    0.00000000    0.00000000 
max(|FNEB|)      :   0.00000000    0.00571614    0.01280426    0.01548657    0.05848044    0.01275888    0.01955231    0.00000000 
max(|Force|)     :   0.00247661    0.00589171    0.01301590    0.01645198    0.02842689    0.01177125    0.00894384    0.00241639 
ksp              :   0.01000000    0.01000000    0.01000000    0.01000000    0.10000000    0.10000000    0.03218969 
max(|step|)      :   0.00000000    0.00977445    0.02189495    0.02648163    0.10000000    0.02181735    0.03343393    0.00000000 
angle (deg.)     :    31.3924  31.6250  32.3937  28.7150  25.4671  24.4117 
>
iteration       : 11
climbing        : no
zoom on         : no
nim             : 8
barrier         :   0.04493345 (image:  5) 
distance        :   0.00000000    3.92940795    7.71471368   11.38096233   15.63497710   17.35117889   19.39968537   24.58299157 
energy          : -1009.65701550  -1009.65342388  -1009.64719681  -1009.64470204  -1009.63536748  -1009.61208205  -1009.62826573  -1009.63369849 
max(|Fr_perp|)   :   0.00000000    0.00554194    0.01125082    0.01426761    0.02270383    0.01083584    0.00857653    0.00000000 
Fr_paral         :   0.00000000   -0.00207462   -0.00196484   -0.00421300   -0.01925109    0.00099433    0.00590005    0.00000000 
max(|Fsp_paral|) :   0.00000000    0.00047787    0.00043969    0.00270989    0.04620781    0.01184633    0.01226132    0.00000000 
max(|Fsp_perp|)  :   0.00000000    0.00000000    0.00000000    0.00000000    0.00000000    0.00000000    0.00000000    0.00000000 
max(|FNEB|)      :   0.00000000    0.00577785    0.01132026    0.01333836    0.05664886    0.01314775    0.01805366    0.00000000 
max(|Force|)     :   0.00247661    0.00587342    0.01138372    0.01493335    0.02707287    0.01087497    0.00877368    0.00241639 
ksp              :   0.01000000    0.01000000    0.01000000    0.01000000    0.10000000    0.10000000    0.03261927 
max(|step|)      :   0.00000000    0.01032605    0.01969714    0.02281828    0.10000000    0.02726831    0.03258004    0.00949827 
angle (deg.)     :    31.4621  31.6016  33.4075  29.8409  26.2178  25.2086 
>
iteration       : 12
climbing        : no
zoom on         : no
nim             : 8
barrier         :   0.04379689 (image:  5) 
distance        :   0.00000000    3.92840089    7.71650393   11.40430414   15.87928246   17.42076576   19.34624932   24.59890346 
energy          : -1009.65701550  -1009.65378089  -1009.64835030  -1009.64613087  -1009.63607367  -1009.61321860  -1009.62849562  -1009.63369849 
max(|Fr_perp|)   :   0.00000000    0.00494030    0.01048809    0.01327876    0.02100286    0.00978637    0.01198945    0.00000000 
Fr_paral         :   0.00000000   -0.00203636   -0.00287485   -0.00239571   -0.02183867    0.00132330    0.00511403    0.00000000 
max(|Fsp_paral|) :   0.00000000    0.00046494    0.00037078    0.00363817    0.03789157    0.01348503    0.00674761    0.00000000 
max(|Fsp_perp|)  :   0.00000000    0.00000000    0.00000000    0.00000000    0.00000000    0.00000000    0.00000000    0.00000000 
max(|FNEB|)      :   0.00000000    0.00517034    0.01054823    0.01203894    0.04413965    0.01415596    0.01419151    0.00000000 
max(|Force|)     :   0.00247661    0.00526575    0.01068326    0.01366247    0.02636879    0.00983289    0.01226624    0.00241639 
ksp              :   0.01000000    0.01000000    0.01000000    0.01000000    0.10000000    0.10000000    0.03287873 
max(|step|)      :   0.00000000    0.01171360    0.02389740    0.02727465    0.10000000    0.03207086    0.03215139    0.00000000 
angle (deg.)     :    31.5069  31.8789  34.0616  32.2442  27.5878  26.0071 
>
iteration       : 13
climbing        : no
zoom on         : no
nim             : 8
barrier         :   0.04263219 (image:  5) 
distance        :   0.00000000    3.92789790    7.72390953   11.43685439   16.14662192   17.52927293   19.32599130   24.62645570 
energy          : -1009.65701550  -1009.65412771  -1009.64942207  -1009.64727939  -1009.63637036  -1009.61438330  -1009.62814353  -1009.63369849 
max(|Fr_perp|)   :   0.00000000    0.00449272    0.01021082    0.02048819    0.01845754    0.00952484    0.02875595    0.00000000 
Fr_paral         :   0.00000000   -0.00153995   -0.00119981   -0.00481307   -0.02473689    0.00224147    0.00372666    0.00000000 
max(|Fsp_paral|) :   0.00000000    0.00043662    0.00030595    0.00452867    0.03067279    0.01435874    0.00356652    0.00000000 
max(|Fsp_perp|)  :   0.00000000    0.00000000    0.00000000    0.00000000    0.00000000    0.00000000    0.00000000    0.00000000 
max(|FNEB|)      :   0.00000000    0.00470605    0.01025517    0.02241061    0.04435730    0.01484774    0.02829334    0.00000000 
max(|Force|)     :   0.00247661    0.00473624    0.01025436    0.01955351    0.02507191    0.00959362    0.02859446    0.00241639 
ksp              :   0.01000000    0.01000000    0.01000000    0.01000000    0.10000000    0.10000000    0.03588358 
max(|step|)      :   0.00000000    0.01154777    0.02259664    0.02472129    0.10000000    0.03760207    0.02002823    0.01050307 
angle (deg.)     :    31.5579  32.0421  34.8799  35.5194  29.9290  27.0513 
>
iteration       : 14
climbing        : no
zoom on         : no
nim             : 8
barrier         :   0.04147071 (image:  5) 
distance        :   0.00000000    3.92710252    7.72940003   11.47167392   16.40678985   17.64980038   19.33667368   24.66654536 
energy          : -1009.65701550  -1009.65443474  -1009.65035206  -1009.64842210  -1009.63642918  -1009.61554478  -1009.62882063  -1009.63369849 
max(|Fr_perp|)   :   0.00000000    0.00545758    0.01152488    0.02243111    0.01650961    0.00902238    0.02250941    0.00000000 
Fr_paral         :   0.00000000   -0.00124249   -0.00058068   -0.00494251   -0.02844000    0.00381838    0.00273459    0.00000000 
max(|Fsp_paral|) :   0.00000000    0.00041279    0.00022036    0.00538744    0.02441352    0.01512034    0.00468300    0.00000000 
max(|Fsp_perp|)  :   0.00000000    0.00000000    0.00000000    0.00000000    0.00000000    0.00000000    0.00000000    0.00000000 
max(|FNEB|)      :   0.00000000    0.00539338    0.01163205    0.02499503    0.03920441    0.01529352    0.02285583    0.00000000 
max(|Force|)     :   0.00247661    0.00540745    0.01161702    0.02173223    0.02421089    0.00911484    0.02272139    0.00241639 
ksp              :   0.01000000    0.01000000    0.01000000    0.01000000    0.10000000    0.10000000    0.03425728 
max(|step|)      :   0.00000000    0.01297363    0.02798059    0.06012486    0.09430515    0.03678814    0.05497909    0.00000000 
angle (deg.)     :    31.6294  31.9124  36.1556  38.0354  33.2667  27.8777 
>
iteration       : 15
climbing        : no
zoom on         : no
nim             : 8
barrier         :   0.04021085 (image:  5) 
distance        :   0.00000000    3.92468858    7.72752442   11.51253429   16.60452417   17.77803253   19.39815994   24.70497674 
energy          : -1009.65701550  -1009.65460412  -1009.65073269  -1009.64792884  -1009.63524944  -1009.61680465  -1009.62580217  -1009.63369849 
max(|Fr_perp|)   :   0.00000000    0.01136296    0.01336189    0.04734520    0.02757861    0.01154055    0.05498167    0.00000000 
Fr_paral         :   0.00000000   -0.00157922   -0.00321194    0.00037073   -0.02987451    0.00570770   -0.00150172    0.00000000 
max(|Fsp_paral|) :   0.00000000    0.00040324    0.00006609    0.00601132    0.02310509    0.01490407    0.03831970    0.00000000 
max(|Fsp_perp|)  :   0.00000000    0.00000000    0.00000000    0.00000000    0.00000000    0.00000000    0.00000000    0.00000000 
max(|FNEB|)      :   0.00000000    0.01148612    0.01339449    0.04498909    0.03632823    0.02034442    0.07113724    0.00000000 
max(|Force|)     :   0.00247661    0.01150644    0.01397192    0.04727811    0.02506114    0.01069440    0.05495910    0.00241639 
ksp              :   0.01000000    0.01000000    0.01000000    0.01000000    0.10000000    0.10000000    0.05206672 
max(|step|)      :   0.00000000    0.01175354    0.02241637    0.03577688    0.10000000    0.04427036    0.03640274    0.00868170 
angle (deg.)     :    31.6958  31.9670  37.2900  42.4155  38.1907  29.0901 
>
iteration       : 16
climbing        : no
zoom on         : no
nim             : 8
barrier         :   0.03834861 (image:  5) 
distance        :   0.00000000    3.92266850    7.72955696   11.56185209   16.84108493   17.94906832   19.55071302   24.77679396 
energy          : -1009.65701550  -1009.65466472  -1009.65038312  -1009.64587505  -1009.63277517  -1009.61866689  -1009.62080596  -1009.63369849 
max(|Fr_perp|)   :   0.00000000    0.01962954    0.02408809    0.07525289    0.04539915    0.01819645    0.07944145    0.00000000 
Fr_paral         :   0.00000000   -0.00170254   -0.00409531    0.00302562   -0.02951989    0.00577822   -0.00854519    0.00000000 
max(|Fsp_paral|) :   0.00000000    0.00038305    0.00009468    0.02055959    0.01052364    0.01642979    0.09908106    0.00000000 
max(|Fsp_perp|)  :   0.00000000    0.00000000    0.00000000    0.00000000    0.00000000    0.00000000    0.00000000    0.00000000 
max(|FNEB|)      :   0.00000000    0.01981917    0.02412035    0.06771244    0.04929815    0.02669951    0.13311898    0.00000000 
max(|Force|)     :   0.00247661    0.01985695    0.02494157    0.07494947    0.04265040    0.01708060    0.07957646    0.00241639 
ksp              :   0.01000000    0.01000000    0.01000000    0.01567588    0.10000000    0.10000000    0.08744128 
max(|step|)      :   0.00000000    0.01488831    0.01811939    0.05086610    0.03703315    0.02005688    0.10000000    0.00000000 
angle (deg.)     :    31.6619  32.3565  36.6607  43.5408  39.0939  29.5301 
>
iteration       : 17
climbing        : no
zoom on         : no
nim             : 8
barrier         :   0.03715620 (image:  5) 
distance        :   0.00000000    3.92321157    7.73629169   11.59194781   16.86996239   17.99734281   19.78765509   24.80938752 
energy          : -1009.65701550  -1009.65498593  -1009.65211297  -1009.65046179  -1009.63625531  -1009.61985929  -1009.62930957  -1009.63369849 
max(|Fr_perp|)   :   0.00000000    0.00286350    0.00602511    0.00963378    0.01178610    0.01119206    0.02409081    0.00000000 
Fr_paral         :   0.00000000   -0.00116234   -0.00163203   -0.00229511   -0.03635559    0.01002611   -0.00436509    0.00000000 
max(|Fsp_paral|) :   0.00000000    0.00036406    0.00015711    0.00645997    0.02314208    0.02184633    0.00487385    0.00000000 
max(|Fsp_perp|)  :   0.00000000    0.00000000    0.00000000    0.00000000    0.00000000    0.00000000    0.00000000    0.00000000 
max(|FNEB|)      :   0.00000000    0.00303730    0.00599214    0.01608686    0.02650625    0.02854969    0.02452478    0.00000000 
max(|Force|)     :   0.00247661    0.00304398    0.00612898    0.00896332    0.02401818    0.01381591    0.02396110    0.00241639 
ksp              :   0.01000000    0.01000000    0.01000000    0.01000000    0.10000000    0.10000000    0.03854233 
max(|step|)      :   0.00000000    0.00298096    0.00579377    0.01943814    0.02373320    0.02761910    0.03300515    0.00122433 
angle (deg.)     :    31.6725  32.4934  36.7196  44.3974  41.1064  28.9433 
>
iteration       : 18
climbing        : yes
zoom on         : no
nim             : 8
barrier         :   0.03582625 (image:  5) 
distance        :   0.00000000    3.92288601    7.73953242   11.61054236   16.93241764   18.06804576   19.83764844   24.82013240 
energy          : -1009.65701550  -1009.65504196  -1009.65228564  -1009.65070082  -1009.63557901  -1009.62118924  -1009.63029757  -1009.63369849 
max(|Fr_perp|)   :   0.00000000    0.00278653    0.00569612    0.00883209    0.01211909    0.01216157    0.01610939    0.00000000 
Fr_paral         :   0.00000000   -0.00097207   -0.00091939   -0.00443856   -0.03806798    0.01076784   -0.00097675    0.00000000 
max(|Fsp_paral|) :   0.00000000    0.00035105    0.00020050    0.00654833    0.02391810    0.02087112    0.00166950    0.00000000 
max(|Fsp_perp|)  :   0.00000000    0.00000000    0.00000000    0.00000000    0.00000000    0.00000000    0.00000000    0.00000000 
max(|FNEB|)      :   0.00000000    0.00295482    0.00565840    0.01168945    0.02726762    0.02857294    0.01658110    0.00000000 
max(|Force|)     :   0.00247661    0.00293833    0.00575681    0.00810258    0.02428917    0.01494465    0.01640213    0.00241639 
ksp              :   0.01000000    0.01000000    0.01000000    0.01000000    0.10000000    0.10000000    0.03451149 
max(|step|)      :   0.00000000    0.00006790    0.00013002    0.00026860    0.00062655    0.00065654    0.00038100    0.00000000 
angle (deg.)     :    31.6727  32.4934  36.7290  44.4143  41.1492  28.9306 
>
iteration       : 19
climbing        : yes
zoom on         : no
nim             : 8
barrier         :   0.03580696 (image:  5) 
distance        :   0.00000000    3.92286962    7.73956197   11.61096734   16.93394161   18.06964970   19.83779128   24.82033913 
energy          : -1009.65701550  -1009.65504280  -1009.65228842  -1009.65070566  -1009.63556719  -1009.62120853  -1009.63031147  -1009.63369849 
max(|Fr_perp|)   :   0.00000000    0.00278486    0.00569246    0.00866280    0.01210118    0.01216450    0.01574756    0.00000000 
Fr_paral         :   0.00000000   -0.00097241   -0.00092513   -0.00442687   -0.03809129    0.01077825   -0.00095081    0.00000000 
max(|Fsp_paral|) :   0.00000000    0.00035093    0.00020128    0.00655037    0.02392592    0.02083936    0.00181674    0.00000000 
max(|Fsp_perp|)  :   0.00000000    0.00000000    0.00000000    0.00000000    0.00000000    0.00000000    0.00000000    0.00000000 
max(|FNEB|)      :   0.00000000    0.00295191    0.00565214    0.01140758    0.02722586    0.00937485    0.01598656    0.00000000 
max(|Force|)     :   0.00247661    0.00293560    0.00575137    0.00782392    0.02430725    0.01495415    0.01578972    0.00241639 
ksp              :   0.01000000    0.01000000    0.01000000    0.01000000    0.10000000    0.10000000    0.03440615 
max(|step|)      :   0.00000000    0.00026851    0.00050488    0.00107591    0.00244889    0.00167119    0.00150482    0.00011843 
angle (deg.)     :    31.6746  32.4940  36.7547  44.5407  41.3869  28.8841 
>
iteration       : 20
climbing        : yes
zoom on         : no
nim             : 8
barrier         :   0.03571905 (image:  5) 
distance        :   0.00000000    3.92280496    7.73968028   11.61264994   16.93997657   18.07284102   19.83875439   24.82157314 
energy          : -1009.65701550  -1009.65504835  -1009.65230647  -1009.65073635  -1009.63548836  -1009.62129644  -1009.63039501  -1009.63369849 
max(|Fr_perp|)   :   0.00000000    0.00277415    0.00566812    0.00757353    0.01198149    0.01215239    0.01339824    0.00000000 
Fr_paral         :   0.00000000   -0.00097443   -0.00096165   -0.00435067   -0.03828974    0.01084050   -0.00079155    0.00000000 
max(|Fsp_paral|) :   0.00000000    0.00035011    0.00020638    0.00656391    0.02386834    0.02084981    0.00246774    0.00000000 
max(|Fsp_perp|)  :   0.00000000    0.00000000    0.00000000    0.00000000    0.00000000    0.00000000    0.00000000    0.00000000 
max(|FNEB|)      :   0.00000000    0.00294077    0.00562696    0.01097280    0.02695678    0.00934341    0.01371721    0.00000000 
max(|Force|)     :   0.00247661    0.00292518    0.00572935    0.00775810    0.02437890    0.01496136    0.01343276    0.00241639 
ksp              :   0.01000000    0.01000000    0.01000000    0.01000000    0.10000000    0.10000000    0.03397293 
max(|step|)      :   0.00000000    0.01122674    0.02098509    0.04199402    0.10000000    0.06889181    0.03562714    0.00591481 
angle (deg.)     :    31.7508  32.5873  37.7134  51.2491  52.8018  27.1636 
>
iteration       : 21
climbing        : yes
zoom on         : no
nim             : 8
barrier         :   0.03244761 (image:  5) 
distance        :   0.00000000    3.92034916    7.74609104   11.68405700   17.19459770   18.21858055   19.87796894   24.89555152 
energy          : -1009.65701550  -1009.65522916  -1009.65282518  -1009.65117550  -1009.63170566  -1009.62456789  -1009.62959538  -1009.63369849 
max(|Fr_perp|)   :   0.00000000    0.00394083    0.00561783    0.01875014    0.01094119    0.00970000    0.03070476    0.00000000 
Fr_paral         :   0.00000000   -0.00099292   -0.00190092   -0.00242723   -0.04441574    0.00923843   -0.00006619    0.00000000 
max(|Fsp_paral|) :   0.00000000    0.00031263    0.00041571    0.05653782    0.02784692    0.02069282    0.03001704    0.00000000 
max(|Fsp_perp|)  :   0.00000000    0.00000000    0.00000000    0.00000000    0.00000000    0.00000000    0.00000000    0.00000000 
max(|FNEB|)      :   0.00000000    0.00407160    0.00542434    0.06659081    0.03464182    0.00810923    0.04531631    0.00000000 
max(|Force|)     :   0.00247661    0.00406411    0.00601472    0.01935089    0.02669976    0.01129994    0.03091053    0.00241639 
ksp              :   0.01000000    0.01000000    0.01000000    0.02985483    0.10000000    0.10000000    0.05060448 
max(|step|)      :   0.00000000    0.00611436    0.00814578    0.10000000    0.05202193    0.01217771    0.06805189    0.00000000 
angle (deg.)     :    31.7626  33.6498  36.1524  55.3904  55.6497  27.3386 
>
iteration       : 22
climbing        : yes
zoom on         : no
nim             : 8
barrier         :   0.03191779 (image:  5) 
distance        :   0.00000000    3.91996660    7.75223099   11.84350433   17.13926910   18.25880341   20.06994800   24.96682692 
energy          : -1009.65701550  -1009.65528675  -1009.65301713  -1009.65005158  -1009.63705906  -1009.62509771  -1009.62967475  -1009.63369849 
max(|Fr_perp|)   :   0.00000000    0.00381367    0.00602454    0.02793631    0.00932782    0.00896915    0.03618063    0.00000000 
Fr_paral         :   0.00000000   -0.00078627   -0.00064654   -0.01044963   -0.03973089    0.00761297   -0.00076987    0.00000000 
max(|Fsp_paral|) :   0.00000000    0.00028972    0.00095109    0.00542258    0.02728209    0.02311811    0.02535059    0.00000000 
max(|Fsp_perp|)  :   0.00000000    0.00000000    0.00000000    0.00000000    0.00000000    0.00000000    0.00000000    0.00000000 
max(|FNEB|)      :   0.00000000    0.00372366    0.00594828    0.03024505    0.02539053    0.00768127    0.04397078    0.00000000 
max(|Force|)     :   0.00247661    0.00374357    0.00604662    0.02904412    0.02200682    0.01025703    0.03621958    0.00241639 
ksp              :   0.01000000    0.01000000    0.01000000    0.01000000    0.10000000    0.10000000    0.05210506 
max(|step|)      :   0.00000000    0.00370019    0.00681416    0.04372924    0.01797175    0.01290152    0.04458377    0.00210719 
angle (deg.)     :    31.7949  33.8822  36.2640  58.1032  59.0971  27.6831 
>
iteration       : 23
climbing        : yes
zoom on         : no
nim             : 8
barrier         :   0.03133621 (image:  5) 
distance        :   0.00000000    3.91916837    7.75725332   11.93175073   17.18268041   18.28552745   20.24206150   25.02544365 
energy          : -1009.65701550  -1009.65534898  -1009.65320592  -1009.65076234  -1009.63720882  -1009.62567928  -1009.63092165  -1009.63369849 
max(|Fr_perp|)   :   0.00000000    0.00197720    0.00467376    0.00932724    0.00904532    0.00858093    0.00580641    0.00000000 
Fr_paral         :   0.00000000   -0.00074677   -0.00081411   -0.00780384   -0.04245276    0.00740871   -0.00062214    0.00000000 
max(|Fsp_paral|) :   0.00000000    0.00026781    0.00124107    0.00488416    0.02725245    0.02840220    0.00042959    0.00000000 
max(|Fsp_perp|)  :   0.00000000    0.00000000    0.00000000    0.00000000    0.00000000    0.00000000    0.00000000    0.00000000 
max(|FNEB|)      :   0.00000000    0.00208558    0.00456715    0.01165888    0.02566760    0.00733966    0.00564148    0.00000000 
max(|Force|)     :   0.00247661    0.00207484    0.00470249    0.00944409    0.02244888    0.00982220    0.00588558    0.00241639 
ksp              :   0.01000000    0.01000000    0.01000000    0.01000000    0.10000000    0.10000000    0.04116465 
max(|step|)      :   0.00000000    0.00526738    0.00956966    0.04211831    0.03539587    0.01803528    0.02080069    0.00306270 
angle (deg.)     :    31.8578  33.9573  36.7473  61.7690  64.6746  27.3000 
>
iteration       : 24
climbing        : yes
zoom on         : no
nim             : 8
barrier         :   0.03060980 (image:  5) 
distance        :   0.00000000    3.91794421    7.76584712   12.02280083   17.27813829   18.31022302   20.35298335   25.07941200 
energy          : -1009.65701550  -1009.65542335  -1009.65342738  -1009.65124827  -1009.63474776  -1009.62640570  -1009.63105846  -1009.63369849 
max(|Fr_perp|)   :   0.00000000    0.00181495    0.00358876    0.00607141    0.00769220    0.00846426    0.00379333    0.00000000 
Fr_paral         :   0.00000000   -0.00077267   -0.00140950   -0.00547662   -0.04954699    0.00665790   -0.00024358    0.00000000 
max(|Fsp_paral|) :   0.00000000    0.00023128    0.00151180    0.00454473    0.02444424    0.03334774    0.00103712    0.00000000 
max(|Fsp_perp|)  :   0.00000000    0.00000000    0.00000000    0.00000000    0.00000000    0.00000000    0.00000000    0.00000000 
max(|FNEB|)      :   0.00000000    0.00184533    0.00386907    0.00708244    0.02219263    0.00735033    0.00392136    0.00000000 
max(|Force|)     :   0.00247661    0.00185593    0.00368888    0.00645439    0.02616627    0.00957818    0.00380361    0.00241639 
ksp              :   0.01000000    0.01000000    0.01000000    0.01000000    0.10000000    0.10000000    0.04258053 
max(|step|)      :   0.00000000    0.01423011    0.02821193    0.09787347    0.10000000    0.05279303    0.04772046    0.00956009 
angle (deg.)     :    32.0297  34.4428  37.5535  74.9147  81.0890  26.6679 
>
iteration       : 25
climbing        : yes
zoom on         : no
nim             : 8
barrier         :   0.03076193 (image:  4) 
distance        :   0.00000000    3.91579373    7.80070520   12.25698719   17.54092259   18.40826520   20.66695322   25.26063467 
energy          : -1009.65701550  -1009.65554533  -1009.65372058  -1009.65178839  -1009.62625356  -1009.62790972  -1009.63080875  -1009.63369849 
max(|Fr_perp|)   :   0.00000000    0.00746923    0.00910841    0.01498696    0.01133928    0.00647772    0.01608651    0.00000000 
Fr_paral         :   0.00000000   -0.00045228    0.00007245   -0.00417429   -0.04600519    0.00739746   -0.00094435    0.00000000 
max(|Fsp_paral|) :   0.00000000    0.00010179    0.00210703    0.21905880    0.21735083    0.04683150    0.00883638    0.00000000 
max(|Fsp_perp|)  :   0.00000000    0.00000000    0.00000000    0.00000000    0.00000000    0.00000000    0.00000000    0.00000000 
max(|FNEB|)      :   0.00000000    0.00743090    0.00892590    0.21164301    0.02135817    0.04718451    0.01939281    0.00000000 
max(|Force|)     :   0.00247661    0.00742945    0.00910595    0.01421151    0.02534048    0.00837010    0.01605112    0.00241639 
ksp              :   0.01000000    0.01000000    0.01000000    0.10000000    0.10000000    0.07997917    0.04493336 
max(|step|)      :   0.00000000    0.00000000    0.00000000    0.00000000    0.00000000    0.00000000    0.00000000    0.00000000 
angle (deg.)     :    32.0295  34.4436  37.5531  74.9148  81.0889  26.6678 
>
iteration       : 26
climbing        : yes
zoom on         : no
nim             : 8
barrier         :   0.03076407 (image:  4) 
distance        :   0.00000000    3.91579373    7.80070520   12.25698719   17.54092259   18.40826520   20.66695322   25.26063467 
energy          : -1009.65701550  -1009.65554555  -1009.65372154  -1009.65178588  -1009.62625142  -1009.62791138  -1009.63081095  -1009.63369849 
max(|Fr_perp|)   :   0.00000000    0.00745236    0.00909091    0.01497970    0.01134277    0.00649456    0.01603015    0.00000000 
Fr_paral         :   0.00000000   -0.00045243    0.00006913   -0.00419938   -0.04599191    0.00734923   -0.00094151    0.00000000 
max(|Fsp_paral|) :   0.00000000    0.00010176    0.00210980    0.21901669    0.21727841    0.04682634    0.00883522    0.00000000 
max(|Fsp_perp|)  :   0.00000000    0.00000000    0.00000000    0.00000000    0.00000000    0.00000000    0.00000000    0.00000000 
max(|FNEB|)      :   0.00000000    0.00743227    0.00892555    0.21164394    0.02135824    0.04718436    0.01939258    0.00000000 
max(|Force|)     :   0.00247661    0.00743083    0.00910560    0.01421046    0.02534006    0.00837050    0.01605025    0.00241639 
ksp              :   0.01000000    0.01000000    0.01000000    0.10000000    0.10000000    0.07997928    0.04493350 
max(|step|)      :   0.00000000    0.00351168    0.00421725    0.10000000    0.01009159    0.02229422    0.00916283    0.00000000 
angle (deg.)     :    32.0459  35.5007  35.9808  75.6786  83.0796  26.3199 
>
iteration       : 27
climbing        : yes
zoom on         : no
nim             : 8
barrier         :   0.03131465 (image:  4) 
distance        :   0.00000000    3.91556083    7.80241559   12.44193077   17.51624403   18.41028607   20.67411498   25.25557964 
energy          : -1009.65701550  -1009.65558551  -1009.65388573  -1009.65056905  -1009.62570084  -1009.62804128  -1009.63116869  -1009.63369849 
max(|Fr_perp|)   :   0.00000000    0.00316310    0.00504215    0.01588415    0.01133738    0.01081350    0.00537383    0.00000000 
Fr_paral         :   0.00000000   -0.00052718   -0.00069795   -0.00962062   -0.04320098   -0.00543454   -0.00036941    0.00000000 
max(|Fsp_paral|) :   0.00000000    0.00009462    0.00277325    0.20918894    0.20153602    0.03847327    0.00325606    0.00000000 
max(|Fsp_perp|)  :   0.00000000    0.00000000    0.00000000    0.00000000    0.00000000    0.00000000    0.00000000    0.00000000 
max(|FNEB|)      :   0.00000000    0.00312685    0.00479372    0.19330366    0.02039430    0.03606341    0.00674313    0.00000000 
max(|Force|)     :   0.00247661    0.00311681    0.00506620    0.02024938    0.02504006    0.01169395    0.00541367    0.00241639 
ksp              :   0.01000000    0.01000000    0.01000000    0.10000000    0.10000000    0.07366237    0.03846866 
max(|step|)      :   0.00000000    0.00256530    0.00350419    0.10000000    0.01516321    0.02058270    0.01220262    0.00379532 
angle (deg.)     :    32.0784  36.5061  34.9772  77.4774  85.1916  25.8230 
>
iteration       : 28
climbing        : yes
zoom on         : no
nim             : 8
barrier         :   0.03183949 (image:  4) 
distance        :   0.00000000    3.91563994    7.80930422   12.67317045   17.51905846   18.43199073   20.67904791   25.27054502 
energy          : -1009.65701550  -1009.65557004  -1009.65381449  -1009.64948876  -1009.62517600  -1009.62828899  -1009.63087830  -1009.63369849 
max(|Fr_perp|)   :   0.00000000    0.00642894    0.00738165    0.01497292    0.01273316    0.01123718    0.01668158    0.00000000 
Fr_paral         :   0.00000000   -0.00049705   -0.00049021   -0.01005422   -0.04108640   -0.00772428   -0.00059123    0.00000000 
max(|Fsp_paral|) :   0.00000000    0.00007234    0.00358287    0.19937090    0.18414384    0.02922215    0.01098048    0.00000000 
max(|Fsp_perp|)  :   0.00000000    0.00000000    0.00000000    0.00000000    0.00000000    0.00000000    0.00000000    0.00000000 
max(|FNEB|)      :   0.00000000    0.00641611    0.00791821    0.18647382    0.02250655    0.02766227    0.02133209    0.00000000 
max(|Force|)     :   0.00247661    0.00640283    0.00741369    0.01752780    0.02450433    0.01262247    0.01671312    0.00241639 
ksp              :   0.01000000    0.01000000    0.01000000    0.10000000    0.10000000    0.06713487    0.03981111 
max(|step|)      :   0.00000000    0.00344076    0.00424629    0.10000000    0.01206955    0.01483440    0.01143973    0.00000000 
angle (deg.)     :    32.1053  37.4030  33.8708  78.6613  87.1453  25.5366 
>
iteration       : 29
climbing        : yes
zoom on         : no
nim             : 8
barrier         :   0.03221765 (image:  4) 
distance        :   0.00000000    3.91547589    7.81339480   12.87459931   17.51044624   18.44256368   20.70300955   25.27779130 
energy          : -1009.65701550  -1009.65560361  -1009.65393626  -1009.64775939  -1009.62479784  -1009.62816481  -1009.63122751  -1009.63369849 
max(|Fr_perp|)   :   0.00000000    0.00219425    0.00374444    0.02086657    0.01180379    0.01398459    0.00411355    0.00000000 
Fr_paral         :   0.00000000   -0.00055119   -0.00126093   -0.01263383   -0.03962323   -0.01614430   -0.00015808    0.00000000 
max(|Fsp_paral|) :   0.00000000    0.00005784    0.00428489    0.18966784    0.17214792    0.02722937    0.00377326    0.00000000 
max(|Fsp_perp|)  :   0.00000000    0.00000000    0.00000000    0.00000000    0.00000000    0.00000000    0.00000000    0.00000000 
max(|FNEB|)      :   0.00000000    0.00216786    0.00596839    0.17146186    0.02142247    0.02946605    0.00607381    0.00000000 
max(|Force|)     :   0.00247661    0.00214588    0.00378954    0.02400171    0.02419995    0.01785561    0.00413068    0.00241639 
ksp              :   0.01000000    0.01000000    0.01000000    0.10000000    0.10000000    0.06595450    0.03498568 
max(|step|)      :   0.00000000    0.00327942    0.00498840    0.10000000    0.01454153    0.02294321    0.01539325    0.00299019 
angle (deg.)     :    32.1533  38.2457  33.2950  80.3407  89.3600  25.0022 
>
iteration       : 30
climbing        : yes
zoom on         : no
nim             : 8
barrier         :   0.03281355 (image:  4) 
distance        :   0.00000000    3.91565082    7.82348094   13.10934866   17.52022286   18.47384274   20.71599075   25.30538764 
energy          : -1009.65701550  -1009.65558421  -1009.65384944  -1009.64692881  -1009.62420195  -1009.62823574  -1009.63077237  -1009.63369849 
max(|Fr_perp|)   :   0.00000000    0.00639766    0.00783807    0.02148731    0.01249612    0.01460002    0.02033225    0.00000000 
Fr_paral         :   0.00000000   -0.00052426   -0.00104053   -0.01151724   -0.03804582   -0.01879070   -0.00050992    0.00000000 
max(|Fsp_paral|) :   0.00000000    0.00002565    0.00507817    0.17977645    0.15744746    0.02071295    0.01199872    0.00000000 
max(|Fsp_perp|)  :   0.00000000    0.00000000    0.00000000    0.00000000    0.00000000    0.00000000    0.00000000    0.00000000 
max(|FNEB|)      :   0.00000000    0.00639937    0.00921560    0.16520591    0.02226600    0.02724282    0.02464798    0.00000000 
max(|Force|)     :   0.00247661    0.00637119    0.00776463    0.02090027    0.02356687    0.01887407    0.02038460    0.00241639 
ksp              :   0.01000000    0.01000000    0.01000000    0.10000000    0.10000000    0.06177764    0.03776731 
max(|step|)      :   0.00000000    0.00387357    0.00557825    0.10000000    0.01347772    0.01649022    0.01491955    0.00000000 
angle (deg.)     :    32.1929  38.9960  32.5879  81.7096  91.3089  24.7094 
>
iteration       : 31
climbing        : yes
zoom on         : no
nim             : 8
barrier         :   0.03313919 (image:  4) 
distance        :   0.00000000    3.91557575    7.83039010   13.31952999   17.52144548   18.49080400   20.75290169   25.32172552 
energy          : -1009.65701550  -1009.65561997  -1009.65396359  -1009.64574219  -1009.62387630  -1009.62818002  -1009.63126471  -1009.63369849 
max(|Fr_perp|)   :   0.00000000    0.00160082    0.00292304    0.02466685    0.01147399    0.01563038    0.00313059    0.00000000 
Fr_paral         :   0.00000000   -0.00056132   -0.00189809   -0.01234723   -0.03677690   -0.02284298   -0.00000750    0.00000000 
max(|Fsp_paral|) :   0.00000000    0.00000251    0.00578394    0.17010652    0.14639462    0.01902651    0.00364671    0.00000000 
max(|Fsp_perp|)  :   0.00000000    0.00000000    0.00000000    0.00000000    0.00000000    0.00000000    0.00000000    0.00000000 
max(|FNEB|)      :   0.00000000    0.00158923    0.00755669    0.15297557    0.02095153    0.02741856    0.00516670    0.00000000 
max(|Force|)     :   0.00247661    0.00155166    0.00299271    0.02409797    0.02320949    0.02065907    0.00313140    0.00241639 
ksp              :   0.01000000    0.01000000    0.01000000    0.10000000    0.10000000    0.06056532    0.03230058 
max(|step|)      :   0.00000000    0.00260377    0.00612189    0.10000000    0.01482935    0.02044449    0.01384094    0.00242123 
angle (deg.)     :    32.2517  39.7155  32.2279  83.3643  93.4103  24.2683 
>
iteration       : 32
climbing        : yes
zoom on         : no
nim             : 8
barrier         :   0.03364379 (image:  4) 
distance        :   0.00000000    3.91580880    7.84258874   13.54468713   17.53335926   18.51829814   20.77012417   25.34935899 
energy          : -1009.65701550  -1009.65561015  -1009.65390929  -1009.64521706  -1009.62337171  -1009.62828227  -1009.63087000  -1009.63369849 
max(|Fr_perp|)   :   0.00000000    0.00500851    0.00661668    0.02445821    0.01163227    0.01486741    0.01909625    0.00000000 
Fr_paral         :   0.00000000   -0.00056150   -0.00190119   -0.01118474   -0.03552437   -0.02270743   -0.00032789    0.00000000 
max(|Fsp_paral|) :   0.00000000    0.00003621    0.00651358    0.16033008    0.13433299    0.01419026    0.01035553    0.00000000 
max(|Fsp_perp|)  :   0.00000000    0.00000000    0.00000000    0.00000000    0.00000000    0.00000000    0.00000000    0.00000000 
max(|FNEB|)      :   0.00000000    0.00502466    0.00846061    0.14546226    0.02101322    0.02455910    0.02241684    0.00000000 
max(|Force|)     :   0.00247661    0.00497671    0.00644544    0.02399720    0.02259243    0.01962718    0.01916047    0.00241639 
ksp              :   0.01000000    0.01000000    0.01000000    0.10000000    0.10000000    0.05721561    0.03468330 
max(|step|)      :   0.00000000    0.00345427    0.00581636    0.10000000    0.01444582    0.01688348    0.01541076    0.00000000 
angle (deg.)     :    32.3068  40.3495  31.8571  84.8832  95.3701  23.9709 
>
iteration       : 33
climbing        : yes
zoom on         : no
nim             : 8
barrier         :   0.03399356 (image:  4) 
distance        :   0.00000000    3.91590323    7.85319397   13.76032130   17.54207251   18.53900990   20.81285999   25.37183989 
energy          : -1009.65701550  -1009.65563622  -1009.65397270  -1009.64474942  -1009.62302193  -1009.62840498  -1009.63129816  -1009.63369849 
max(|Fr_perp|)   :   0.00000000    0.00149897    0.00263560    0.02486091    0.01076081    0.01401720    0.00154790    0.00000000 
Fr_paral         :   0.00000000   -0.00057202   -0.00272340   -0.01095618   -0.03421924   -0.02262450    0.00011278    0.00000000 
max(|Fsp_paral|) :   0.00000000    0.00007027    0.00720407    0.15067482    0.12380115    0.01130224    0.00471355    0.00000000 
max(|Fsp_perp|)  :   0.00000000    0.00000000    0.00000000    0.00000000    0.00000000    0.00000000    0.00000000    0.00000000 
max(|FNEB|)      :   0.00000000    0.00151539    0.00911895    0.13619977    0.01981692    0.02212019    0.00487819    0.00000000 
max(|Force|)     :   0.00247661    0.00148411    0.00321771    0.02446846    0.02211465    0.01828655    0.00154141    0.00241639 
ksp              :   0.01000000    0.01000000    0.01000000    0.10000000    0.10000000    0.05462264    0.03023402 
max(|step|)      :   0.00000000    0.00309351    0.00801820    0.10000000    0.01534149    0.01605265    0.01768476    0.00215162 
angle (deg.)     :    32.3829  40.9660  31.6820  86.5811  97.2924  23.6648 
>
iteration       : 34
climbing        : yes
zoom on         : no
nim             : 8
barrier         :   0.03445902 (image:  4) 
distance        :   0.00000000    3.91632549    7.86942887   13.97707966   17.55642012   18.55859923   20.83235083   25.39463207 
energy          : -1009.65701550  -1009.65562576  -1009.65390876  -1009.64454519  -1009.62255648  -1009.62867262  -1009.63072270  -1009.63369849 
max(|Fr_perp|)   :   0.00000000    0.00480092    0.00689435    0.02378301    0.01079816    0.01217030    0.02270828    0.00000000 
Fr_paral         :   0.00000000   -0.00058460   -0.00278562   -0.00994185   -0.03294272   -0.01859826   -0.00042467    0.00000000 
max(|Fsp_paral|) :   0.00000000    0.00012087    0.00785870    0.14102829    0.11340656    0.00675331    0.01398404    0.00000000 
max(|Fsp_perp|)  :   0.00000000    0.00000000    0.00000000    0.00000000    0.00000000    0.00000000    0.00000000    0.00000000 
max(|FNEB|)      :   0.00000000    0.00484138    0.00982663    0.12781304    0.01968814    0.01726013    0.02798617    0.00000000 
max(|Force|)     :   0.00247661    0.00476886    0.00663016    0.02348920    0.02142318    0.01447461    0.02279411    0.00241639 
ksp              :   0.01000000    0.01000000    0.01000000    0.10000000    0.10000000    0.05061254    0.03408230 
max(|step|)      :   0.00000000    0.00378786    0.00768828    0.10000000    0.01540386    0.01350420    0.02189617    0.00000000 
angle (deg.)     :    32.4554  41.5060  31.5680  88.1969  99.1685  23.4474 
>
iteration       : 35
climbing        : yes
zoom on         : no
nim             : 8
barrier         :   0.03479198 (image:  4) 
distance        :   0.00000000    3.91664720    7.88436537   14.19277199   17.56982497   18.57638648   20.88441974   25.41587954 
energy          : -1009.65701550  -1009.65565161  -1009.65395399  -1009.64458480  -1009.62222351  -1009.62893741  -1009.63131632  -1009.63369849 
max(|Fr_perp|)   :   0.00000000    0.00146212    0.00336161    0.02218146    0.00990165    0.01017185    0.00288629    0.00000000 
Fr_paral         :   0.00000000   -0.00057208   -0.00367269   -0.00942537   -0.03164590   -0.01569970    0.00013911    0.00000000 
max(|Fsp_paral|) :   0.00000000    0.00016739    0.00850889    0.13143462    0.10414601    0.00385486    0.00717380    0.00000000 
max(|Fsp_perp|)  :   0.00000000    0.00000000    0.00000000    0.00000000    0.00000000    0.00000000    0.00000000    0.00000000 
max(|FNEB|)      :   0.00000000    0.00148611    0.01062466    0.12111928    0.01836457    0.01319760    0.00734016    0.00000000 
max(|Force|)     :   0.00247661    0.00144739    0.00418084    0.02195794    0.02082010    0.01184121    0.00288017    0.00241639 
ksp              :   0.01000000    0.01000000    0.01000000    0.10000000    0.10000000    0.04734191    0.02868377 
max(|step|)      :   0.00000000    0.00153086    0.00937110    0.10000000    0.01570058    0.01041863    0.01220576    0.00220683 
angle (deg.)     :    32.5418  42.0417  31.5403  89.7784  100.8827  23.2769 
>
iteration       : 36
climbing        : yes
zoom on         : no
nim             : 8
barrier         :   0.03518622 (image:  4) 
distance        :   0.00000000    3.91722177    7.90319051   14.40030172   17.58458974   18.58892747   20.90979030   25.43145592 
energy          : -1009.65701550  -1009.65565510  -1009.65392479  -1009.64457050  -1009.62182928  -1009.62916991  -1009.63114207  -1009.63369849 
max(|Fr_perp|)   :   0.00000000    0.00222383    0.00379223    0.02045852    0.00946425    0.00821467    0.01315983    0.00000000 
Fr_paral         :   0.00000000   -0.00059791   -0.00403086   -0.00889842   -0.03042225   -0.01178097   -0.00012789    0.00000000 
max(|Fsp_paral|) :   0.00000000    0.00022526    0.00909403    0.12190067    0.09597705    0.00110895    0.01039705    0.00000000 
max(|Fsp_perp|)  :   0.00000000    0.00000000    0.00000000    0.00000000    0.00000000    0.00000000    0.00000000    0.00000000 
max(|FNEB|)      :   0.00000000    0.00228575    0.01130361    0.11228742    0.01752971    0.00912791    0.01846524    0.00000000 
max(|Force|)     :   0.00247661    0.00218467    0.00470726    0.02031301    0.02006676    0.00968052    0.01322962    0.00241639 
ksp              :   0.01000000    0.01000000    0.01000000    0.10000000    0.10000000    0.04435226    0.02940355 
max(|step|)      :   0.00000000    0.00203562    0.01006668    0.10000000    0.01561146    0.00812905    0.01644462    0.00000000 
angle (deg.)     :    32.6351  42.5152  31.6099  91.3468  102.5990  23.1280 
>
iteration       : 37
climbing        : yes
zoom on         : no
nim             : 8
barrier         :   0.03555311 (image:  4) 
distance        :   0.00000000    3.91789971    7.92362868   14.61092068   17.60060132   18.60046065   20.94976690   25.44537769 
energy          : -1009.65701550  -1009.65566662  -1009.65390673  -1009.64469575  -1009.62146238  -1009.62939308  -1009.63133249  -1009.63369849 
max(|Fr_perp|)   :   0.00000000    0.00142502    0.00419161    0.01789904    0.00867516    0.00612753    0.00456332    0.00000000 
Fr_paral         :   0.00000000   -0.00057774   -0.00475556   -0.00836948   -0.02904692   -0.00818576    0.00013309    0.00000000 
max(|Fsp_paral|) :   0.00000000    0.00028699    0.00967389    0.11237574    0.08833199    0.00091450    0.00876734    0.00000000 
max(|Fsp_perp|)  :   0.00000000    0.00000000    0.00000000    0.00000000    0.00000000    0.00000000    0.00000000    0.00000000 
max(|FNEB|)      :   0.00000000    0.00145815    0.01204363    0.10646904    0.01618999    0.00537163    0.00893705    0.00000000 
max(|Force|)     :   0.00247661    0.00141034    0.00529431    0.01781242    0.01923964    0.00763969    0.00455761    0.00241639 
ksp              :   0.01000000    0.01000000    0.01000000    0.10000000    0.10000000    0.04166748    0.02740259 
max(|step|)      :   0.00000000    0.00229508    0.01265878    0.10000000    0.01550656    0.01101632    0.02065316    0.00260012 
angle (deg.)     :    32.7477  42.9882  31.6161  92.6851  104.0501  23.1489 
>
iteration       : 38
climbing        : yes
zoom on         : no
nim             : 8
barrier         :   0.03596151 (image:  4) 
distance        :   0.00000000    3.91898157    7.94960235   14.80330472   17.61372468   18.59918607   20.96859943   25.44546358 
energy          : -1009.65701550  -1009.65566660  -1009.65384795  -1009.64451249  -1009.62105399  -1009.62949866  -1009.63073527  -1009.63369849 
max(|Fr_perp|)   :   0.00000000    0.00298042    0.00471494    0.01841768    0.00804596    0.00997254    0.02344094    0.00000000 
Fr_paral         :   0.00000000   -0.00061582   -0.00515599   -0.00838279   -0.02740216   -0.00503493   -0.00052359    0.00000000 
max(|Fsp_paral|) :   0.00000000    0.00036433    0.01013040    0.10303613    0.08158563    0.00172074    0.01554087    0.00000000 
max(|Fsp_perp|)  :   0.00000000    0.00000000    0.00000000    0.00000000    0.00000000    0.00000000    0.00000000    0.00000000 
max(|FNEB|)      :   0.00000000    0.00308329    0.01261733    0.09564174    0.01497051    0.00980751    0.03037981    0.00000000 
max(|Force|)     :   0.00247661    0.00294370    0.00593095    0.01677321    0.01818988    0.00975976    0.02356083    0.00241639 
ksp              :   0.01000000    0.01000000    0.01000000    0.10000000    0.10000000    0.03990748    0.03114827 
max(|step|)      :   0.00000000    0.00322379    0.01319228    0.10000000    0.01565269    0.01025443    0.03176418    0.00000000 
angle (deg.)     :    32.8649  43.4004  31.8977  94.0925  105.6741  23.1161 
>
iteration       : 39
climbing        : yes
zoom on         : no
nim             : 8
barrier         :   0.03630489 (image:  4) 
distance        :   0.00000000    3.92018356    7.97689336   15.01101954   17.63145662   18.60577293   21.02188760   25.45289747 
energy          : -1009.65701550  -1009.65568118  -1009.65381450  -1009.64469414  -1009.62071061  -1009.62967043  -1009.63123146  -1009.63369849 
max(|Fr_perp|)   :   0.00000000    0.00137767    0.00515760    0.01338250    0.00704503    0.00699175    0.01295604    0.00000000 
Fr_paral         :   0.00000000   -0.00057146   -0.00602774   -0.00809538   -0.02554731   -0.00238132    0.00007011    0.00000000 
max(|Fsp_paral|) :   0.00000000    0.00044416    0.01064625    0.09355205    0.07450692    0.00249471    0.00985174    0.00000000 
max(|Fsp_perp|)  :   0.00000000    0.00000000    0.00000000    0.00000000    0.00000000    0.00000000    0.00000000    0.00000000 
max(|FNEB|)      :   0.00000000    0.00142234    0.01334489    0.09253855    0.01319618    0.00673517    0.01581200    0.00000000 
max(|Force|)     :   0.00247661    0.00136351    0.00660873    0.01372180    0.01704780    0.00689052    0.01295305    0.00241639 
ksp              :   0.01000000    0.01000000    0.01000000    0.10000000    0.10000000    0.03791259    0.02709536 
max(|step|)      :   0.00000000    0.00150026    0.01428640    0.10000000    0.01537498    0.00683491    0.01306068    0.00272978 
angle (deg.)     :    32.9872  43.8191  32.2219  95.2798  107.1653  23.1560 
>
iteration       : 40
climbing        : yes
zoom on         : no
nim             : 8
barrier         :   0.03662284 (image:  4) 
distance        :   0.00000000    3.92158748    8.00621906   15.20471202   17.64735344   18.60905459   21.05801298   25.45672458 
energy          : -1009.65701550  -1009.65568919  -1009.65375978  -1009.64467367  -1009.62039266  -1009.62977793  -1009.63138014  -1009.63369849 
max(|Fr_perp|)   :   0.00000000    0.00135846    0.00563483    0.01322836    0.00609523    0.00335681    0.00524972    0.00000000 
Fr_paral         :   0.00000000   -0.00058528   -0.00667630   -0.00853625   -0.02356315   -0.00027851    0.00000407    0.00000000 
max(|Fsp_paral|) :   0.00000000    0.00052960    0.01107619    0.08418615    0.06778988    0.00284218    0.00814108    0.00000000 
max(|Fsp_perp|)  :   0.00000000    0.00000000    0.00000000    0.00000000    0.00000000    0.00000000    0.00000000    0.00000000 
max(|FNEB|)      :   0.00000000    0.00140931    0.01394297    0.08444439    0.01144642    0.00506496    0.00864649    0.00000000 
max(|Force|)     :   0.00247661    0.00134434    0.00726748    0.01412028    0.01580510    0.00335483    0.00529639    0.00241639 
ksp              :   0.01000000    0.01000000    0.01000000    0.10000000    0.10000000    0.03652383    0.02568614 
max(|step|)      :   0.00000000    0.00166893    0.01651143    0.10000000    0.01355499    0.00599799    0.01023927    0.00000000 
angle (deg.)     :    33.1286  44.1979  32.5206  96.1794  108.5444  23.1895 
>
iteration       : 41
climbing        : yes
zoom on         : no
nim             : 8
barrier         :   0.03690821 (image:  4) 
distance        :   0.00000000    3.92349723    8.04116273   15.39268410   17.66108249   18.60664398   21.08050751   25.45251837 
energy          : -1009.65701550  -1009.65569701  -1009.65369259  -1009.64452094  -1009.62010728  -1009.62983795  -1009.63140656  -1009.63369849 
max(|Fr_perp|)   :   0.00000000    0.00134252    0.00615499    0.01321479    0.00512205    0.00289987    0.00416774    0.00000000 
Fr_paral         :   0.00000000   -0.00060761   -0.00728833   -0.00936137   -0.02117459    0.00109681   -0.00009083    0.00000000 
max(|Fsp_paral|) :   0.00000000    0.00062831    0.01143050    0.07487970    0.06130466    0.00275852    0.00763521    0.00000000 
max(|Fsp_perp|)  :   0.00000000    0.00000000    0.00000000    0.00000000    0.00000000    0.00000000    0.00000000    0.00000000 
max(|FNEB|)      :   0.00000000    0.00140002    0.01447494    0.07552342    0.00957740    0.00442001    0.00970462    0.00000000 
max(|Force|)     :   0.00247661    0.00132794    0.00797235    0.01449905    0.01430832    0.00276552    0.00417738    0.00241639 
ksp              :   0.01000000    0.01000000    0.01000000    0.10000000    0.10000000    0.03556425    0.02517703 
max(|step|)      :   0.00000000    0.00437794    0.02518764    0.10000000    0.01312930    0.01136044    0.02806043    0.00420784 
angle (deg.)     :    33.3274  44.5632  32.7959  96.2418  109.5650  23.1945 
>
iteration       : 42
climbing        : yes
zoom on         : no
nim             : 8
barrier         :   0.03719363 (image:  4) 
distance        :   0.00000000    3.92726876    8.09415116   15.57308049   17.66725696   18.58899171   21.08836649   25.42786368 
energy          : -1009.65701550  -1009.65568631  -1009.65351220  -1009.64400154  -1009.61982187  -1009.62970406  -1009.62971835  -1009.63369849 
max(|Fr_perp|)   :   0.00000000    0.00456158    0.00798832    0.01661456    0.00874545    0.01263493    0.04424937    0.00000000 
Fr_paral         :   0.00000000   -0.00054054   -0.00845458   -0.00979921   -0.01769623    0.00090149   -0.00043183    0.00000000 
max(|Fsp_paral|) :   0.00000000    0.00077230    0.01164498    0.06552503    0.05499387    0.00087333    0.02287146    0.00000000 
max(|Fsp_perp|)  :   0.00000000    0.00000000    0.00000000    0.00000000    0.00000000    0.00000000    0.00000000    0.00000000 
max(|FNEB|)      :   0.00000000    0.00440524    0.01502161    0.07054350    0.00952655    0.01263030    0.04874644    0.00000000 
max(|Force|)     :   0.00247661    0.00464282    0.00903160    0.01609858    0.01215036    0.01280796    0.04472181    0.00241639 
ksp              :   0.01000000    0.01000000    0.01000000    0.10000000    0.10000000    0.03603392    0.03603392 
max(|step|)      :   0.00000000    0.00624472    0.02129410    0.10000000    0.01350450    0.01790427    0.06910124    0.00000000 
angle (deg.)     :    33.4972  44.9096  33.4120  96.5165  110.8081  23.8338 
>
iteration       : 43
climbing        : yes
zoom on         : no
nim             : 8
barrier         :   0.03731368 (image:  4) 
distance        :   0.00000000    3.93049623    8.14012748   15.75055293   17.68057045   18.59070133   21.18361594   25.43787093 
energy          : -1009.65701550  -1009.65569683  -1009.65345224  -1009.64376333  -1009.61970182  -1009.62964497  -1009.62851230  -1009.63369849 
max(|Fr_perp|)   :   0.00000000    0.00421403    0.00724754    0.01336838    0.00816073    0.01547557    0.04820063    0.00000000 
Fr_paral         :   0.00000000   -0.00068734   -0.00863178   -0.01148398   -0.01495951    0.00120274   -0.00052680    0.00000000 
max(|Fsp_paral|) :   0.00000000    0.00089563    0.01202612    0.05634090    0.04842784    0.00994548    0.02561310    0.00000000 
max(|Fsp_perp|)  :   0.00000000    0.00000000    0.00000000    0.00000000    0.00000000    0.00000000    0.00000000    0.00000000 
max(|FNEB|)      :   0.00000000    0.00444159    0.01528529    0.05684819    0.00920924    0.01592128    0.05865037    0.00000000 
max(|Force|)     :   0.00247661    0.00415527    0.00948282    0.01485777    0.01035174    0.01550107    0.04819130    0.00241639 
ksp              :   0.01000000    0.01000000    0.01000000    0.10000000    0.10000000    0.04334774    0.04334774 
max(|step|)      :   0.00000000    0.00246560    0.02332182    0.10000000    0.01114082    0.00747218    0.03785013    0.00463897 
angle (deg.)     :    33.6752  45.2582  34.4841  96.3123  112.0794  24.1720 
>
iteration       : 44
climbing        : yes
zoom on         : no
nim             : 8
barrier         :   0.03744644 (image:  4) 
distance        :   0.00000000    3.93416096    8.18961821   15.93239132   17.69755366   18.60843509   21.30435446   25.46145187 
energy          : -1009.65701550  -1009.65567373  -1009.65326467  -1009.64306588  -1009.61956906  -1009.62942341  -1009.62573152  -1009.63369849 
max(|Fr_perp|)   :   0.00000000    0.00708641    0.01173899    0.01967271    0.01119590    0.02092535    0.06493207    0.00000000 
Fr_paral         :   0.00000000   -0.00073061   -0.00911255   -0.01251483   -0.01216604   -0.00120095    0.00042808    0.00000000 
max(|Fsp_paral|) :   0.00000000    0.00103368    0.01253269    0.04719405    0.04091038    0.03007722    0.03219511    0.00000000 
max(|Fsp_perp|)  :   0.00000000    0.00000000    0.00000000    0.00000000    0.00000000    0.00000000    0.00000000    0.00000000 
max(|FNEB|)      :   0.00000000    0.00740609    0.01593288    0.04811292    0.01188700    0.03154455    0.07748483    0.00000000 
max(|Force|)     :   0.00247661    0.00708016    0.01074211    0.01821708    0.01061738    0.02119229    0.06525915    0.00241639 
ksp              :   0.01000000    0.01000000    0.01000000    0.10000000    0.10000000    0.06114777    0.06114777 
max(|step|)      :   0.00000000    0.00955812    0.02056258    0.06209334    0.01534107    0.04071062    0.10000000    0.00000000 
angle (deg.)     :    33.8243  45.4277  35.3117  91.5767  109.3499  23.2012 
>
iteration       : 45
climbing        : yes
zoom on         : no
nim             : 8
barrier         :   0.03736267 (image:  4) 
distance        :   0.00000000    3.93806966    8.23326009   16.05090802   17.70510254   18.65684683   21.40307965   25.44285342 
energy          : -1009.65701550  -1009.65570350  -1009.65322363  -1009.64311584  -1009.61965282  -1009.62916270  -1009.62903881  -1009.63369849 
max(|Fr_perp|)   :   0.00000000    0.00475465    0.00833816    0.01712006    0.00932686    0.01797477    0.05567766    0.00000000 
Fr_paral         :   0.00000000   -0.00054758   -0.01027942   -0.01365213   -0.00952172   -0.01493117   -0.00067013    0.00000000 
max(|Fsp_paral|) :   0.00000000    0.00115486    0.01277765    0.04134104    0.03381912    0.00612591    0.01807259    0.00000000 
max(|Fsp_perp|)  :   0.00000000    0.00000000    0.00000000    0.00000000    0.00000000    0.00000000    0.00000000    0.00000000 
max(|FNEB|)      :   0.00000000    0.00446783    0.01611232    0.05080032    0.00943335    0.01881252    0.05345322    0.00000000 
max(|Force|)     :   0.00247661    0.00480033    0.01066365    0.01833905    0.00922038    0.01752771    0.05570663    0.00241639 
ksp              :   0.01000000    0.01000000    0.01000000    0.10000000    0.10000000    0.03985768    0.03985768 
max(|step|)      :   0.00000000    0.00226130    0.02269325    0.07080237    0.01060704    0.02994950    0.03411066    0.00051962 
angle (deg.)     :    33.9877  45.6587  36.2880  89.5498  109.0361  22.9974 
>
iteration       : 46
climbing        : yes
zoom on         : no
nim             : 8
barrier         :   0.03725883 (image:  4) 
distance        :   0.00000000    3.94256675    8.28233231   16.17155057   17.71324609   18.69294372   21.51465551   25.46356868 
energy          : -1009.65701550  -1009.65571303  -1009.65313402  -1009.64307993  -1009.61975666  -1009.62934620  -1009.63051317  -1009.63369849 
max(|Fr_perp|)   :   0.00000000    0.00436566    0.00821531    0.01520488    0.00752346    0.01409572    0.03655388    0.00000000 
Fr_paral         :   0.00000000   -0.00058922   -0.01082414   -0.01549665   -0.00703347   -0.01448507   -0.00031271    0.00000000 
max(|Fsp_paral|) :   0.00000000    0.00129022    0.01303689    0.03504576    0.02680975    0.00407787    0.00463358    0.00000000 
max(|Fsp_perp|)  :   0.00000000    0.00000000    0.00000000    0.00000000    0.00000000    0.00000000    0.00000000    0.00000000 
max(|FNEB|)      :   0.00000000    0.00404663    0.01630567    0.04486755    0.00758967    0.01326518    0.03596655    0.00000000 
max(|Force|)     :   0.00247661    0.00441465    0.01114053    0.01630754    0.00745724    0.01549563    0.03656729    0.00241639 
ksp              :   0.01000000    0.01000000    0.01000000    0.10000000    0.10000000    0.03809575    0.03056252 
max(|step|)      :   0.00000000    0.00413670    0.03664201    0.10000000    0.01582765    0.03833906    0.02242247    0.00356572 
angle (deg.)     :    34.2384  45.9764  38.1616  87.1124  108.8790  22.3571 
>
iteration       : 47
climbing        : yes
zoom on         : no
nim             : 8
barrier         :   0.03703427 (image:  4) 
distance        :   0.00000000    3.95054039    8.36153386   16.33966435   17.72813172   18.73955488   21.60099265   25.49129209 
energy          : -1009.65701550  -1009.65573722  -1009.65305165  -1009.64300813  -1009.61998122  -1009.62964025  -1009.63094533  -1009.63369849 
max(|Fr_perp|)   :   0.00000000    0.00116820    0.00862673    0.01251222    0.00548012    0.01111883    0.02951761    0.00000000 
Fr_paral         :   0.00000000   -0.00067707   -0.01126458   -0.01843889   -0.00386946   -0.00914441    0.00004942    0.00000000 
max(|Fsp_paral|) :   0.00000000    0.00150661    0.01333889    0.02648126    0.01760487    0.00169251    0.00175419    0.00000000 
max(|Fsp_perp|)  :   0.00000000    0.00000000    0.00000000    0.00000000    0.00000000    0.00000000    0.00000000    0.00000000 
max(|FNEB|)      :   0.00000000    0.00214247    0.01640923    0.03613066    0.00587833    0.01150550    0.02981955    0.00000000 
max(|Force|)     :   0.00247661    0.00118979    0.01172700    0.01605137    0.00508903    0.01063059    0.03004137    0.00241639 
ksp              :   0.01000000    0.01000000    0.01000000    0.10000000    0.10000000    0.03665601    0.02823773 
max(|step|)      :   0.00000000    0.00354132    0.02712307    0.05972092    0.00971638    0.01901762    0.04928918    0.00000000 
angle (deg.)     :    34.4165  46.1507  39.5071  86.4997  109.5057  22.2898 
>
iteration       : 48
climbing        : yes
zoom on         : no
nim             : 8
barrier         :   0.03688275 (image:  4) 
distance        :   0.00000000    3.95754726    8.42136923   16.43604021   17.73715634   18.75312538   21.63029465   25.51363760 
energy          : -1009.65701550  -1009.65574002  -1009.65295983  -1009.64285085  -1009.62013274  -1009.62967946  -1009.62969681  -1009.63369849 
max(|Fr_perp|)   :   0.00000000    0.00163016    0.00881627    0.01083627    0.00492870    0.01529277    0.04157003    0.00000000 
Fr_paral         :   0.00000000   -0.00077653   -0.01153195   -0.01997995   -0.00223575   -0.00385142   -0.00145245    0.00000000 
max(|Fsp_paral|) :   0.00000000    0.00166324    0.01343511    0.02169844    0.01318201    0.00179268    0.01290830    0.00000000 
max(|Fsp_perp|)  :   0.00000000    0.00000000    0.00000000    0.00000000    0.00000000    0.00000000    0.00000000    0.00000000 
max(|FNEB|)      :   0.00000000    0.00203784    0.01636911    0.02973231    0.00513434    0.01559221    0.04257998    0.00000000 
max(|Force|)     :   0.00247661    0.00156584    0.01203137    0.01548492    0.00472306    0.01498378    0.04153079    0.00241639 
ksp              :   0.01000000    0.01000000    0.01000000    0.10000000    0.10000000    0.03666368    0.03654857 
max(|step|)      :   0.00000000    0.00453357    0.03824231    0.07818653    0.01321878    0.01156222    0.01519005    0.00313447 
angle (deg.)     :    34.6559  46.3904  42.0281  85.2579  110.2434  22.1904 
>
iteration       : 49
climbing        : yes
zoom on         : no
nim             : 8
barrier         :   0.03666971 (image:  4) 
distance        :   0.00000000    3.96768578    8.50489721   16.56608503   17.75672666   18.78167520   21.70563956   25.55176682 
energy          : -1009.65701550  -1009.65574166  -1009.65283460  -1009.64261343  -1009.62034578  -1009.62955551  -1009.62837435  -1009.63369849 
max(|Fr_perp|)   :   0.00000000    0.00245096    0.00896722    0.01418564    0.00524196    0.01767884    0.05274672    0.00000000 
Fr_paral         :   0.00000000   -0.00083998   -0.01185646   -0.02209755   -0.00003262   -0.00052323   -0.00067392    0.00000000 
max(|Fsp_paral|) :   0.00000000    0.00188336    0.01353155    0.01579977    0.00754197    0.01559221    0.01529298    0.00000000 
max(|Fsp_perp|)  :   0.00000000    0.00000000    0.00000000    0.00000000    0.00000000    0.00000000    0.00000000    0.00000000 
max(|FNEB|)      :   0.00000000    0.00290754    0.01630959    0.02388732    0.00524202    0.01882848    0.05341197    0.00000000 
max(|Force|)     :   0.00247661    0.00238186    0.01232623    0.01586066    0.00524191    0.01767331    0.05273654    0.00241639 
ksp              :   0.01000000    0.01000000    0.01000000    0.10000000    0.10000000    0.04588584    0.04588584 
max(|step|)      :   0.00000000    0.00606930    0.05141563    0.10000000    0.01700131    0.02533529    0.02144743    0.00406459 
angle (deg.)     :    34.9658  46.7022  46.6318  82.6600  111.0321  21.9216 
>
iteration       : 50
climbing        : yes
zoom on         : no
nim             : 8
barrier         :   0.03637645 (image:  4) 
distance        :   0.00000000    3.98176799    8.61721496   16.73484363   17.79654806   18.85919370   21.84631706   25.63823226 
energy          : -1009.65701550  -1009.65574599  -1009.65269636  -1009.64239340  -1009.62063904  -1009.62939401  -1009.62750090  -1009.63369849 
max(|Fr_perp|)   :   0.00000000    0.00274233    0.00900961    0.01562110    0.00548757    0.01894504    0.05890694    0.00000000 
Fr_paral         :   0.00000000   -0.00090558   -0.01209900   -0.02537251    0.00274929   -0.00059253   -0.00042718    0.00000000 
max(|Fsp_paral|) :   0.00000000    0.00218042    0.01361709    0.00923154    0.00006391    0.02510196    0.01556156    0.00000000 
max(|Fsp_perp|)  :   0.00000000    0.00000000    0.00000000    0.00000000    0.00000000    0.00000000    0.00000000    0.00000000 
max(|FNEB|)      :   0.00000000    0.00328576    0.01613954    0.01965125    0.00559562    0.02757346    0.05986558    0.00000000 
max(|Force|)     :   0.00247661    0.00269212    0.01250660    0.01648713    0.00546753    0.01914541    0.05935314    0.00241639 
ksp              :   0.01000000    0.01000000    0.01000000    0.10000000    0.10000000    0.05321202    0.05321202 
max(|step|)      :   0.00000000    0.00462810    0.02273307    0.02767943    0.00788162    0.03883812    0.08432262    0.00000000 
angle (deg.)     :    35.0945  46.7456  48.0838  79.8363  110.0906  21.4554 
>
iteration       : 51
climbing        : yes
zoom on         : no
nim             : 8
barrier         :   0.03627333 (image:  4) 
distance        :   0.00000000    3.99030370    8.66803378   16.77879748   17.81031303   18.93877652   21.96374463   25.69222648 
energy          : -1009.65701550  -1009.65574956  -1009.65264064  -1009.64250212  -1009.62074217  -1009.62901715  -1009.62843578  -1009.63369849 
max(|Fr_perp|)   :   0.00000000    0.00212565    0.00893145    0.01141959    0.00631126    0.01970834    0.06536095    0.00000000 
Fr_paral         :   0.00000000   -0.00080288   -0.01253790   -0.02602279    0.00340385   -0.01169965   -0.00031908    0.00000000 
max(|Fsp_paral|) :   0.00000000    0.00230194    0.01349834    0.00788512    0.00437759    0.01390140    0.01186365    0.00000000 
max(|Fsp_perp|)  :   0.00000000    0.00000000    0.00000000    0.00000000    0.00000000    0.00000000    0.00000000    0.00000000 
max(|FNEB|)      :   0.00000000    0.00301569    0.01622219    0.01875589    0.00648251    0.01994365    0.06431001    0.00000000 
max(|Force|)     :   0.00247661    0.00219013    0.01258194    0.01659621    0.00614001    0.02048678    0.06537090    0.00241639 
ksp              :   0.01000000    0.01000000    0.01000000    0.10000000    0.10000000    0.04655697    0.04655697 
max(|step|)      :   0.00000000    0.00172692    0.00993734    0.01143987    0.00294669    0.01190377    0.02635316    0.00009831 
angle (deg.)     :    35.1474  46.7792  48.6637  79.5482  110.2224  21.4810 
>
iteration       : 52
climbing        : yes
zoom on         : no
nim             : 8
barrier         :   0.03620319 (image:  4) 
distance        :   0.00000000    3.99413768    8.69024350   16.79668159   17.81604860   18.96617923   22.01433224   25.72255183 
energy          : -1009.65701550  -1009.65575367  -1009.65263429  -1009.64271327  -1009.62081231  -1009.62935546  -1009.63163308  -1009.63369849 
max(|Fr_perp|)   :   0.00000000    0.00105187    0.00892949    0.01044139    0.00424134    0.00962503    0.01646011    0.00000000 
Fr_paral         :   0.00000000   -0.00084927   -0.01248850   -0.02668329    0.00377282   -0.01025527    0.00021869    0.00000000 
max(|Fsp_paral|) :   0.00000000    0.00235402    0.01344708    0.00736972    0.00592394    0.00382665    0.01165095    0.00000000 
max(|Fsp_perp|)  :   0.00000000    0.00000000    0.00000000    0.00000000    0.00000000    0.00000000    0.00000000    0.00000000 
max(|FNEB|)      :   0.00000000    0.00279892    0.01610659    0.01777968    0.00486747    0.01137342    0.01931910    0.00000000 
max(|Force|)     :   0.00247661    0.00108300    0.01257680    0.01644341    0.00432425    0.01045775    0.01645280    0.00241639 
ksp              :   0.01000000    0.01000000    0.01000000    0.10000000    0.10000000    0.04033268    0.02442531 
max(|step|)      :   0.00000000    0.00288208    0.01721466    0.01888221    0.00515129    0.01300929    0.01901605    0.00065218 
angle (deg.)     :    35.2367  46.8329  49.7098  79.3302  110.4432  21.3037 
>
iteration       : 53
climbing        : yes
zoom on         : no
nim             : 8
barrier         :   0.03613166 (image:  4) 
distance        :   0.00000000    4.00085240    8.72829458   16.82709947   17.82663358   18.99932515   22.04089698   25.75836549 
energy          : -1009.65701550  -1009.65575496  -1009.65261272  -1009.64281776  -1009.62088384  -1009.62944068  -1009.63172220  -1009.63369849 
max(|Fr_perp|)   :   0.00000000    0.00104728    0.00889861    0.00976890    0.00409902    0.00483141    0.01110744    0.00000000 
Fr_paral         :   0.00000000   -0.00090960   -0.01240902   -0.02717507    0.00406142   -0.00797603   -0.00004573    0.00000000 
max(|Fsp_paral|) :   0.00000000    0.00244268    0.01335539    0.00684574    0.00790303    0.00198982    0.01176704    0.00000000 
max(|Fsp_perp|)  :   0.00000000    0.00000000    0.00000000    0.00000000    0.00000000    0.00000000    0.00000000    0.00000000 
max(|FNEB|)      :   0.00000000    0.00258421    0.01592676    0.01623856    0.00481688    0.00518830    0.01520556    0.00000000 
max(|Force|)     :   0.00247661    0.00110061    0.01254150    0.01623212    0.00435021    0.00737670    0.01111196    0.00241639 
ksp              :   0.01000000    0.01000000    0.01000000    0.10000000    0.10000000    0.03990349    0.02387993 
max(|step|)      :   0.00000000    0.01000118    0.06273012    0.06627729    0.01870505    0.04306488    0.02017527    0.00189235 
angle (deg.)     :    35.5529  47.0370  54.1162  77.9829  111.0288  20.7958 
>
iteration       : 54
climbing        : yes
zoom on         : no
nim             : 8
barrier         :   0.03593423 (image:  4) 
distance        :   0.00000000    4.02564728    8.86685605   16.93830915   17.87388708   19.13544860   22.17464175   25.89859368 
energy          : -1009.65701550  -1009.65575305  -1009.65254077  -1009.64292281  -1009.62108127  -1009.62899056  -1009.63052511  -1009.63369849 
max(|Fr_perp|)   :   0.00000000    0.00170150    0.00858577    0.01184310    0.00456299    0.01414947    0.03511293    0.00000000 
Fr_paral         :   0.00000000   -0.00102845   -0.01206285   -0.02818665    0.00502133   -0.00610143   -0.00052937    0.00000000 
max(|Fsp_paral|) :   0.00000000    0.00276652    0.01300150    0.00499321    0.01517436    0.00308653    0.00398051    0.00000000 
max(|Fsp_perp|)  :   0.00000000    0.00000000    0.00000000    0.00000000    0.00000000    0.00000000    0.00000000    0.00000000 
max(|FNEB|)      :   0.00000000    0.00256439    0.01525133    0.01364470    0.00476369    0.01468688    0.03488060    0.00000000 
max(|Force|)     :   0.00247661    0.00173103    0.01219236    0.01566857    0.00443199    0.01361179    0.03510021    0.00241639 
ksp              :   0.01000000    0.01000000    0.01000000    0.10000000    0.10000000    0.04358217    0.03263606 
max(|step|)      :   0.00000000    0.01574775    0.09803564    0.10000000    0.02910395    0.06803675    0.01270091    0.00358268 
angle (deg.)     :    36.0190  47.4129  62.5989  76.1575  112.2326  20.4042 
>
iteration       : 55
climbing        : yes
zoom on         : no
nim             : 8
barrier         :   0.03572122 (image:  4) 
distance        :   0.00000000    4.06552889    9.08442313   17.11272952   17.97501613   19.38826683   22.45649888   26.16467988 
energy          : -1009.65701550  -1009.65574983  -1009.65250567  -1009.64311528  -1009.62129428  -1009.62810206  -1009.62933783  -1009.63369849 
max(|Fr_perp|)   :   0.00000000    0.00229738    0.00764623    0.01495654    0.00579781    0.01925074    0.04798164    0.00000000 
Fr_paral         :   0.00000000   -0.00117114   -0.01087801   -0.02933246    0.00669191   -0.00648361   -0.00084070    0.00000000 
max(|Fsp_paral|) :   0.00000000    0.00327643    0.01239739    0.00253582    0.02606176    0.00697702    0.00022366    0.00000000 
max(|Fsp_perp|)  :   0.00000000    0.00000000    0.00000000    0.00000000    0.00000000    0.00000000    0.00000000    0.00000000 
max(|FNEB|)      :   0.00000000    0.00304959    0.01383289    0.01590785    0.00626648    0.02071573    0.04856900    0.00000000 
max(|Force|)     :   0.00247661    0.00231723    0.01098815    0.01495959    0.00597055    0.01893575    0.04851029    0.00241639 
ksp              :   0.01000000    0.01000000    0.01000000    0.10000000    0.10000000    0.05068916    0.04210603 
max(|step|)      :   0.00000000    0.00308825    0.01400824    0.01610950    0.00634591    0.02097833    0.04918467    0.00000000 
angle (deg.)     :    36.0813  47.3983  63.1845  76.1970  112.6103  20.2040 
>
iteration       : 56
climbing        : yes
zoom on         : no
nim             : 8
barrier         :   0.03566430 (image:  4) 
distance        :   0.00000000    4.07443235    9.11599147   17.12609323   17.98330176   19.41851563   22.49451092   26.19872714 
energy          : -1009.65701550  -1009.65575307  -1009.65249051  -1009.64331402  -1009.62135120  -1009.62842577  -1009.63155806  -1009.63369849 
max(|Fr_perp|)   :   0.00000000    0.00114538    0.00750098    0.00734881    0.00365261    0.01037035    0.01987249    0.00000000 
Fr_paral         :   0.00000000   -0.00111578   -0.01145738   -0.02978772    0.00657743   -0.00825700    0.00088347    0.00000000 
max(|Fsp_paral|) :   0.00000000    0.00333008    0.01225462    0.00240647    0.02704654    0.00265905    0.02005605    0.00000000 
max(|Fsp_perp|)  :   0.00000000    0.00000000    0.00000000    0.00000000    0.00000000    0.00000000    0.00000000    0.00000000 
max(|FNEB|)      :   0.00000000    0.00355629    0.01421477    0.00855993    0.00428684    0.01085051    0.03035058    0.00000000 
max(|Force|)     :   0.00247661    0.00117339    0.01103147    0.01505691    0.00581973    0.00961373    0.01984615    0.00241639 
ksp              :   0.01000000    0.01000000    0.01000000    0.10000000    0.10000000    0.04843308    0.02560172 
max(|step|)      :   0.00000000    0.00232019    0.00971569    0.00573396    0.00296712    0.00337695    0.00992001    0.00008722 
angle (deg.)     :    36.1200  47.4041  63.5543  76.3452  112.7916  20.0644 
>
iteration       : 57
climbing        : yes
zoom on         : no
nim             : 8
barrier         :   0.03563921 (image:  4) 
distance        :   0.00000000    4.08051673    9.13764639   17.13531784   17.98906057   19.43457136   22.48635313   26.21656064 
energy          : -1009.65701550  -1009.65575187  -1009.65248228  -1009.64334294  -1009.62137629  -1009.62848055  -1009.63164729  -1009.63369849 
max(|Fr_perp|)   :   0.00000000    0.00116825    0.00747205    0.00722596    0.00313269    0.00777263    0.01659976    0.00000000 
Fr_paral         :   0.00000000   -0.00113411   -0.01148484   -0.02980983    0.00640184   -0.00827446    0.00091501    0.00000000 
max(|Fsp_paral|) :   0.00000000    0.00336697    0.01216090    0.00231663    0.02756655    0.00110191    0.01989502    0.00000000 
max(|Fsp_perp|)  :   0.00000000    0.00000000    0.00000000    0.00000000    0.00000000    0.00000000    0.00000000    0.00000000 
max(|FNEB|)      :   0.00000000    0.00358486    0.01416643    0.00837288    0.00412271    0.00796626    0.02808044    0.00000000 
max(|Force|)     :   0.00247661    0.00117908    0.01101812    0.01503632    0.00571572    0.00699587    0.01657276    0.00241639 
ksp              :   0.01000000    0.01000000    0.01000000    0.10000000    0.10000000    0.04811124    0.02498178 
max(|step|)      :   0.00000000    0.02302235    0.09690525    0.05301603    0.02750369    0.02471575    0.10000000    0.00366242 
angle (deg.)     :    36.4831  47.5257  67.3369  78.0259  114.3081  18.8481 
>
iteration       : 58
climbing        : yes
zoom on         : no
nim             : 8
barrier         :   0.03545192 (image:  4) 
distance        :   0.00000000    4.14116730    9.35128716   17.22814683   18.05239364   19.58241784   22.38872508   26.37651239 
energy          : -1009.65701550  -1009.65573994  -1009.65248061  -1009.64352668  -1009.62156357  -1009.62864040  -1009.63163103  -1009.63369849 
max(|Fr_perp|)   :   0.00000000    0.00135480    0.00687736    0.00592822    0.00258185    0.00418050    0.00958832    0.00000000 
Fr_paral         :   0.00000000   -0.00129280   -0.01078095   -0.02958848    0.00471234   -0.00662090    0.00118666    0.00000000 
max(|Fsp_paral|) :   0.00000000    0.00372934    0.01122211    0.00159877    0.03151497    0.00901790    0.01210932    0.00000000 
max(|Fsp_perp|)  :   0.00000000    0.00000000    0.00000000    0.00000000    0.00000000    0.00000000    0.00000000    0.00000000 
max(|FNEB|)      :   0.00000000    0.00386878    0.01307917    0.00659915    0.00324910    0.01065412    0.01750793    0.00000000 
max(|Force|)     :   0.00247661    0.00132538    0.01027540    0.01479439    0.00468909    0.00472309    0.00995339    0.00241639 
ksp              :   0.01000000    0.01000000    0.01000000    0.10000000    0.10000000    0.04754543    0.02537090 
max(|step|)      :   0.00000000    0.01660876    0.05614920    0.02833030    0.01394848    0.04573837    0.07516197    0.00000000 
angle (deg.)     :    36.6553  47.6351  68.9823  78.7219  113.2485  18.7101 
>
iteration       : 59
climbing        : yes
zoom on         : no
nim             : 8
barrier         :   0.03535900 (image:  4) 
distance        :   0.00000000    4.18367923    9.47632234   17.27656628   18.08756866   19.55649059   22.19809380   26.32354177 
energy          : -1009.65701550  -1009.65572399  -1009.65252332  -1009.64346403  -1009.62165650  -1009.62839911  -1009.62885072  -1009.63369849 
max(|Fr_perp|)   :   0.00000000    0.00285902    0.00615298    0.01004664    0.00334740    0.01976139    0.04932056    0.00000000 
Fr_paral         :   0.00000000   -0.00146348   -0.00958970   -0.02857201    0.00384391   -0.00021485   -0.00113603    0.00000000 
max(|Fsp_paral|) :   0.00000000    0.00389292    0.01065802    0.00137894    0.02865528    0.00709020    0.02253231    0.00000000 
max(|Fsp_perp|)  :   0.00000000    0.00000000    0.00000000    0.00000000    0.00000000    0.00000000    0.00000000    0.00000000 
max(|FNEB|)      :   0.00000000    0.00338447    0.01194091    0.01040761    0.00366157    0.02489183    0.05168380    0.00000000 
max(|Force|)     :   0.00247661    0.00293540    0.00920355    0.01417903    0.00412942    0.01983085    0.04929934    0.00241639 
ksp              :   0.01000000    0.01000000    0.01000000    0.10000000    0.10000000    0.04960675    0.04623148 
max(|step|)      :   0.00000000    0.00244287    0.00847825    0.00643011    0.00226833    0.01560941    0.03047457    0.00047557 
angle (deg.)     :    36.6830  47.6253  69.2389  78.3228  113.0868  18.6771 
>
iteration       : 60
climbing        : yes
zoom on         : no
nim             : 8
barrier         :   0.03532778 (image:  4) 
distance        :   0.00000000    4.19098427    9.49539315   17.28330456   18.09267472   19.55331682   22.22451279   26.31512143 
energy          : -1009.65701550  -1009.65572886  -1009.65254150  -1009.64359184  -1009.62168771  -1009.62919258  -1009.63156982  -1009.63369849 
max(|Fr_perp|)   :   0.00000000    0.00170140    0.00606832    0.00519035    0.00234485    0.00851689    0.01160778    0.00000000 
Fr_paral         :   0.00000000   -0.00140428   -0.00963066   -0.02886509    0.00388228   -0.00155901    0.00048124    0.00000000 
max(|Fsp_paral|) :   0.00000000    0.00391307    0.01056971    0.00136439    0.02794661    0.01291977    0.00405740    0.00000000 
max(|Fsp_perp|)  :   0.00000000    0.00000000    0.00000000    0.00000000    0.00000000    0.00000000    0.00000000    0.00000000 
max(|FNEB|)      :   0.00000000    0.00382832    0.01185960    0.00569509    0.00287373    0.01771962    0.01133616    0.00000000 
max(|Force|)     :   0.00247661    0.00177605    0.00913653    0.01420419    0.00401076    0.00900852    0.01162057    0.00241639 
ksp              :   0.01000000    0.01000000    0.01000000    0.10000000    0.10000000    0.04376404    0.02595072 
max(|step|)      :   0.00000000    0.01957574    0.06713936    0.02985742    0.01422245    0.06603109    0.04342911    0.00641640 
angle (deg.)     :    36.8884  47.7298  71.2834  77.7071  111.5296  18.8163 
>
iteration       : 61
climbing        : yes
zoom on         : no
nim             : 8
barrier         :   0.03523752 (image:  4) 
distance        :   0.00000000    4.24404053    9.64358113   17.34017640   18.13695662   19.52095740   22.12531452   26.24772828 
energy          : -1009.65701550  -1009.65571414  -1009.65259839  -1009.64354527  -1009.62177797  -1009.62937746  -1009.62912877  -1009.63369849 
max(|Fr_perp|)   :   0.00000000    0.00200455    0.00512032    0.00741946    0.00405564    0.01895889    0.05544198    0.00000000 
Fr_paral         :   0.00000000   -0.00136181   -0.00851101   -0.02785990    0.00301673   -0.00302348   -0.00017011    0.00000000 
max(|Fsp_paral|) :   0.00000000    0.00409140    0.00988474    0.00123074    0.02373312    0.00954087    0.02552962    0.00000000 
max(|Fsp_perp|)  :   0.00000000    0.00000000    0.00000000    0.00000000    0.00000000    0.00000000    0.00000000    0.00000000 
max(|FNEB|)      :   0.00000000    0.00454766    0.01051305    0.00755166    0.00432818    0.02131473    0.05775242    0.00000000 
max(|Force|)     :   0.00247661    0.00214545    0.00786422    0.01383251    0.00378311    0.01927368    0.05544794    0.00241639 
ksp              :   0.01000000    0.01000000    0.01000000    0.10000000    0.10000000    0.04450139    0.04450139 
max(|step|)      :   0.00000000    0.01386353    0.04503686    0.02046345    0.00941694    0.04352928    0.01394051    0.00407075 
angle (deg.)     :    37.0234  47.8157  72.6667  77.3735  110.5146  19.2287 
>
iteration       : 62
climbing        : yes
zoom on         : no
nim             : 8
barrier         :   0.03517457 (image:  4) 
distance        :   0.00000000    4.28079031    9.74378471   17.37856876   18.16788798   19.50019491   22.09981436   26.20827146 
energy          : -1009.65701550  -1009.65570664  -1009.65264764  -1009.64357609  -1009.62184092  -1009.62975057  -1009.63030037  -1009.63369849 
max(|Fr_perp|)   :   0.00000000    0.00197099    0.00444618    0.00677040    0.00336596    0.01397218    0.04055970    0.00000000 
Fr_paral         :   0.00000000   -0.00139133   -0.00765999   -0.02747822    0.00258675   -0.00273980   -0.00016074    0.00000000 
max(|Fsp_paral|) :   0.00000000    0.00420505    0.00941504    0.00118503    0.02195882    0.01174906    0.01626690    0.00000000 
max(|Fsp_perp|)  :   0.00000000    0.00000000    0.00000000    0.00000000    0.00000000    0.00000000    0.00000000    0.00000000 
max(|FNEB|)      :   0.00000000    0.00464615    0.00961124    0.00676623    0.00359438    0.01731575    0.04068844    0.00000000 
max(|Force|)     :   0.00247661    0.00211634    0.00693517    0.01355559    0.00313755    0.01428341    0.04056621    0.00241639 
ksp              :   0.01000000    0.01000000    0.01000000    0.10000000    0.10000000    0.03996507    0.03579201 
max(|step|)      :   0.00000000    0.03082671    0.10000000    0.04477257    0.02049550    0.09676056    0.02016787    0.01180509 
angle (deg.)     :    37.3185  48.0718  75.8818  76.8394  108.2759  20.4707 
>
iteration       : 63
climbing        : yes
zoom on         : no
nim             : 8
barrier         :   0.03508085 (image:  4) 
distance        :   0.00000000    4.36283245    9.96726441   17.46737657   18.24308258   19.46355259   22.04233304   26.13450617 
energy          : -1009.65701550  -1009.65569036  -1009.65275172  -1009.64359433  -1009.62193464  -1009.62983988  -1009.63092996  -1009.63369849 
max(|Fr_perp|)   :   0.00000000    0.00205141    0.00394110    0.00640296    0.00257977    0.01274453    0.02765556    0.00000000 
Fr_paral         :   0.00000000   -0.00139596   -0.00512941   -0.02652571    0.00168832   -0.00243829   -0.00077608    0.00000000 
max(|Fsp_paral|) :   0.00000000    0.00445770    0.00835110    0.00120134    0.01827237    0.00719483    0.00986971    0.00000000 
max(|Fsp_perp|)  :   0.00000000    0.00000000    0.00000000    0.00000000    0.00000000    0.00000000    0.00000000    0.00000000 
max(|FNEB|)      :   0.00000000    0.00492388    0.00876155    0.00652585    0.00279209    0.01612248    0.02764476    0.00000000 
max(|Force|)     :   0.00247661    0.00223566    0.00468000    0.01296605    0.00249531    0.01224682    0.02831776    0.00241639 
ksp              :   0.01000000    0.01000000    0.01000000    0.10000000    0.10000000    0.03961297    0.03141091 
max(|step|)      :   0.00000000    0.00490746    0.00873233    0.00650409    0.00278278    0.01606871    0.02755256    0.00000000 
angle (deg.)     :    37.3382  48.0160  75.9577  76.9318  107.9567  20.5111 
>
