 *******************************************************************************
 **                                                                           **
 **                              MOPAC v22.0.6                                **
 **                                                                           **
 *******************************************************************************
 **          Digital Object Identifier (DOI): 10.5281/zenodo.6511958          **
 **    Visit the DOI location for information on how to cite this program.    **
 *******************************************************************************

                              PM7 CALCULATION RESULTS

 *******************************************************************************
 *  CALCULATION DONE:                                Tue Mar 26 11:33:46 2024  *
 *  PM7        - The PM7 Hamiltonian to be used
 *  SINGLET    - SPIN STATE DEFINED AS A SINGLET
 *
 *
 *
 *                 CHARGE ON SYSTEM = 0
 *
 *
 *
 *  EPS=78.4   - USE ANDREAS KLAMT'S COSMO IMPLICIT SOLVATION MODEL
 *  T=         - A TIME OF 14.0 DAYS REQUESTED
 *  DUMP=N     - RESTART FILE WRITTEN EVERY 30.0 MINUTES REQUESTED
 *  RELSCF     - DEFAULT SCF CRITERION MULTIPLIED BY 1.0000
 *              (DEFAULT SCF CRITERION = 0.00010)
 *  ITRY=      - DO A MAXIMUM OF 15000 ITERATIONS FOR SCF
 *  AUX        - OUTPUT AUXILIARY INFORMATION
 *  BONDS      - FINAL BOND-ORDER MATRIX TO BE PRINTED
 *******************************************************************************
PM7 BONDS AUX DUMP=30M ITRY=15000 T=14D CHARGE=0 SINGLET eps=78.4 RELSCF=1
 Title: ASE calculation

   ATOM   CHEMICAL          X               Y               Z
  NUMBER   SYMBOL      (ANGSTROMS)     (ANGSTROMS)     (ANGSTROMS)

     1       C          3.57005000  *   2.30041000  *  -0.84617000  *
     2       C          3.27945000  *   1.09937000  *  -0.20549000  *
     3       C          2.47010000  *   0.13408000  *  -0.82120000  *
     4       C          1.96036000  *   0.38922000  *  -2.10299000  *
     5       C          2.27793000  *   1.59013000  *  -2.71517000  *
     6       C          3.06745000  *   2.56319000  *  -2.12114000  *
     7       H          4.20067000  *   3.04270000  *  -0.35096000  *
     8       H          3.68785000  *   0.91042000  *   0.79021000  *
     9       H          1.32486000  *  -0.35071000  *  -2.59668000  *
    10      Cl          1.67812000  *   1.87080000  *  -4.30020000  *
    11       H          3.29751000  *   3.50385000  *  -2.62280000  *
    12       C          2.14900000  *  -1.10676000  *  -0.13194000  *
    13       C          1.70844000  *  -1.06364000  *   1.28926000  *
    14       H          1.79532000  *  -2.04289000  *   1.78655000  *
    15       H          0.65650000  *  -0.74922000  *   1.37627000  *
    16       H          2.30713000  *  -0.35554000  *   1.88153000  *
    17       N          2.10589000  *  -2.26713000  *  -0.80393000  *
    18       O          1.71331000  *  -3.33492000  *  -0.28626000  *
    19       O          2.57516000  *  -2.34439000  *  -1.98565000  *
    20       N          5.03295000  *  -1.32678000  *  -3.04566000  *
    21       C          5.56473000  *  -2.23608000  *  -4.12433000  *
    22       C          7.00563000  *  -1.83589000  *  -4.45334000  *
    23       O          7.05120000  *  -0.48048000  *  -4.86351000  *
    24       C          6.60672000  *   0.40868000  *  -3.85727000  *
    25       C          5.14727000  *   0.10628000  *  -3.49899000  *
    26       H          4.79596000  *   0.78429000  *  -2.68733000  *
    27       H          4.48611000  *   0.27260000  *  -4.38212000  *
    28       H          6.71508000  *   1.40716000  *  -4.32782000  *
    29       H          7.27872000  *   0.35515000  *  -2.97996000  *
    30       H          7.39286000  *  -2.38366000  *  -5.33655000  *
    31       H          7.69799000  *  -1.99602000  *  -3.60555000  *
    32       H          4.91533000  *  -2.16301000  *  -5.02893000  *
    33       H          4.32239000  *  -1.59300000  *  -0.45189000  *
    34       H          4.03246000  *  -1.56564000  *  -2.81974000  *
    35       H          5.51254000  *  -3.29585000  *  -3.77896000  *
    36       H          5.88262000  *  -2.52548000  *  -0.27942000  *
    37       H          5.59419000  *  -1.47127000  *  -2.11655000  *
    38       O          5.75034000  *  -1.61470000  *  -0.54904000  *



          CARTESIAN COORDINATES 

    NO.       ATOM           X           Y           Z

     1         C          3.5701      2.3004     -0.8462
     2         C          3.2795      1.0994     -0.2055
     3         C          2.4701      0.1341     -0.8212
     4         C          1.9604      0.3892     -2.1030
     5         C          2.2779      1.5901     -2.7152
     6         C          3.0675      2.5632     -2.1211
     7         H          4.2007      3.0427     -0.3510
     8         H          3.6879      0.9104      0.7902
     9         H          1.3249     -0.3507     -2.5967
    10        Cl          1.6781      1.8708     -4.3002
    11         H          3.2975      3.5038     -2.6228
    12         C          2.1490     -1.1068     -0.1319
    13         C          1.7084     -1.0636      1.2893
    14         H          1.7953     -2.0429      1.7866
    15         H          0.6565     -0.7492      1.3763
    16         H          2.3071     -0.3555      1.8815
    17         N          2.1059     -2.2671     -0.8039
    18         O          1.7133     -3.3349     -0.2863
    19         O          2.5752     -2.3444     -1.9857
    20         N          5.0329     -1.3268     -3.0457
    21         C          5.5647     -2.2361     -4.1243
    22         C          7.0056     -1.8359     -4.4533
    23         O          7.0512     -0.4805     -4.8635
    24         C          6.6067      0.4087     -3.8573
    25         C          5.1473      0.1063     -3.4990
    26         H          4.7960      0.7843     -2.6873
    27         H          4.4861      0.2726     -4.3821
    28         H          6.7151      1.4072     -4.3278
    29         H          7.2787      0.3552     -2.9800
    30         H          7.3929     -2.3837     -5.3365
    31         H          7.6980     -1.9960     -3.6056
    32         H          4.9153     -2.1630     -5.0289
    33         H          4.3224     -1.5930     -0.4519
    34         H          4.0325     -1.5656     -2.8197
    35         H          5.5125     -3.2959     -3.7790
    36         H          5.8826     -2.5255     -0.2794
    37         H          5.5942     -1.4713     -2.1166
    38         O          5.7503     -1.6147     -0.5490

 General Reference for PM7:
 "Optimization of Parameters for Semiempirical Methods VI: More Modifications to the 
 NDDO Approximations and Re-optimization of Parameters", J. J. P. Stewart, J. Mol. Mod., 1:32, 19 (2013)
 https://link.springer.com/article/10.1007/s00894-012-1667-x

           Empirical Formula: C12 H19 N2 O4 Cl  =    38 atoms



      MOLECULAR POINT GROUP   :   C1  


 SINGLET STATE CALCULATION


      RHF CALCULATION, NO. OF DOUBLY OCCUPIED LEVELS = 54


          Geometry optimization using L-BFGS
  SCF CRITERION =    0.1000E-03
 CYCLE:     1 TIME:   0.148 TIME LEFT:  2.00W  GRAD.:   185.433 HEAT: -97.68048
 CYCLE:     2 TIME:   0.059 TIME LEFT:  2.00W  GRAD.:   185.401 HEAT: -98.02427
 CYCLE:     3 TIME:   0.074 TIME LEFT:  2.00W  GRAD.:   160.527 HEAT: -136.0676
 CYCLE:     4 TIME:   0.082 TIME LEFT:  2.00W  GRAD.:  1944.931 HEAT:  171.4666
 CYCLE:     5 TIME:   0.086 TIME LEFT:  2.00W  GRAD.:   160.056 HEAT: -136.0965
 CYCLE:     6 TIME:   0.078 TIME LEFT:  2.00W  GRAD.:  1920.187 HEAT:  166.6270
 CYCLE:     7 TIME:   0.086 TIME LEFT:  2.00W  GRAD.:   142.384 HEAT: -136.9864
 CYCLE:     8 TIME:   0.062 TIME LEFT:  2.00W  GRAD.:    50.545 HEAT: -140.6185
 CYCLE:     9 TIME:   0.074 TIME LEFT:  2.00W  GRAD.:   111.155 HEAT: -137.7898
 CYCLE:    10 TIME:   0.066 TIME LEFT:  2.00W  GRAD.:    19.433 HEAT: -141.3295
 CYCLE:    11 TIME:   0.055 TIME LEFT:  2.00W  GRAD.:    13.360 HEAT: -141.4551
 CYCLE:    12 TIME:   0.062 TIME LEFT:  2.00W  GRAD.:    12.728 HEAT: -141.5360
 CYCLE:    13 TIME:   0.062 TIME LEFT:  2.00W  GRAD.:    15.409 HEAT: -141.7702
 CYCLE:    14 TIME:   0.062 TIME LEFT:  2.00W  GRAD.:    25.445 HEAT: -142.0890
 CYCLE:    15 TIME:   0.062 TIME LEFT:  2.00W  GRAD.:    14.579 HEAT: -142.3289
 CYCLE:    16 TIME:   0.062 TIME LEFT:  2.00W  GRAD.:    10.693 HEAT: -142.5800
 CYCLE:    17 TIME:   0.062 TIME LEFT:  2.00W  GRAD.:    15.620 HEAT: -142.7530
 CYCLE:    18 TIME:   0.062 TIME LEFT:  2.00W  GRAD.:    11.510 HEAT: -142.8736
 CYCLE:    19 TIME:   0.059 TIME LEFT:  2.00W  GRAD.:     8.914 HEAT: -143.0175
 CYCLE:    20 TIME:   0.066 TIME LEFT:  2.00W  GRAD.:     9.015 HEAT: -143.0494
 CYCLE:    21 TIME:   0.062 TIME LEFT:  2.00W  GRAD.:    13.933 HEAT: -143.1120
 CYCLE:    22 TIME:   0.125 TIME LEFT:  2.00W  GRAD.:     8.362 HEAT: -143.1755
 CYCLE:    23 TIME:   0.066 TIME LEFT:  2.00W  GRAD.:     8.195 HEAT: -143.3096
 CYCLE:    24 TIME:   0.062 TIME LEFT:  2.00W  GRAD.:     9.060 HEAT: -143.4242
 CYCLE:    25 TIME:   0.066 TIME LEFT:  2.00W  GRAD.:    18.191 HEAT: -143.3444
 CYCLE:    26 TIME:   0.059 TIME LEFT:  2.00W  GRAD.:     5.961 HEAT: -143.4764
 CYCLE:    27 TIME:   0.062 TIME LEFT:  2.00W  GRAD.:     4.169 HEAT: -143.5033
 CYCLE:    28 TIME:   0.059 TIME LEFT:  2.00W  GRAD.:     5.144 HEAT: -143.5249
 CYCLE:    29 TIME:   0.059 TIME LEFT:  2.00W  GRAD.:     8.832 HEAT: -143.5936
 CYCLE:    30 TIME:   0.062 TIME LEFT:  2.00W  GRAD.:     8.157 HEAT: -143.5992
 CYCLE:    31 TIME:   0.059 TIME LEFT:  2.00W  GRAD.:     5.951 HEAT: -143.6714
 CYCLE:    32 TIME:   0.062 TIME LEFT:  2.00W  GRAD.:     9.452 HEAT: -143.7517
 CYCLE:    33 TIME:   0.062 TIME LEFT:  2.00W  GRAD.:    11.857 HEAT: -143.8530
 CYCLE:    34 TIME:   0.059 TIME LEFT:  2.00W  GRAD.:    12.296 HEAT: -144.0183
 CYCLE:    35 TIME:   0.062 TIME LEFT:  2.00W  GRAD.:    13.064 HEAT: -144.0773
 CYCLE:    36 TIME:   0.062 TIME LEFT:  2.00W  GRAD.:     8.878 HEAT: -144.1177
 CYCLE:    37 TIME:   0.105 TIME LEFT:  2.00W  GRAD.:    14.492 HEAT: -144.1636
 CYCLE:    38 TIME:   0.059 TIME LEFT:  2.00W  GRAD.:    17.997 HEAT: -144.2333
 CYCLE:    39 TIME:   0.059 TIME LEFT:  2.00W  GRAD.:     9.313 HEAT: -144.3278
 CYCLE:    40 TIME:   0.066 TIME LEFT:  2.00W  GRAD.:     9.119 HEAT: -144.3004
 CYCLE:    41 TIME:   0.059 TIME LEFT:  2.00W  GRAD.:     6.997 HEAT: -144.3520
 CYCLE:    42 TIME:   0.055 TIME LEFT:  2.00W  GRAD.:     5.698 HEAT: -144.3699
 CYCLE:    43 TIME:   0.062 TIME LEFT:  2.00W  GRAD.:     5.647 HEAT: -144.3629
 CYCLE:    44 TIME:   0.059 TIME LEFT:  2.00W  GRAD.:     6.230 HEAT: -144.3711
 CYCLE:    45 TIME:   0.059 TIME LEFT:  2.00W  GRAD.:     4.940 HEAT: -144.3867
 CYCLE:    46 TIME:   0.059 TIME LEFT:  2.00W  GRAD.:     4.735 HEAT: -144.4239
 CYCLE:    47 TIME:   0.062 TIME LEFT:  2.00W  GRAD.:     5.458 HEAT: -144.5229
 CYCLE:    48 TIME:   0.059 TIME LEFT:  2.00W  GRAD.:     5.939 HEAT: -144.5119
 CYCLE:    49 TIME:   0.059 TIME LEFT:  2.00W  GRAD.:     4.418 HEAT: -144.5288
 CYCLE:    50 TIME:   0.062 TIME LEFT:  2.00W  GRAD.:     5.068 HEAT: -144.1666
 CYCLE:    51 TIME:   0.059 TIME LEFT:  2.00W  GRAD.:     7.264 HEAT: -144.6223
 CYCLE:    52 TIME:   0.059 TIME LEFT:  2.00W  GRAD.:     9.149 HEAT: -144.7107
 CYCLE:    53 TIME:   0.062 TIME LEFT:  2.00W  GRAD.:     5.672 HEAT: -144.2849
 CYCLE:    54 TIME:   0.059 TIME LEFT:  2.00W  GRAD.:     5.442 HEAT: -144.3022
 CYCLE:    55 TIME:   0.059 TIME LEFT:  2.00W  GRAD.:     5.916 HEAT: -144.6972
 CYCLE:    56 TIME:   0.062 TIME LEFT:  2.00W  GRAD.:     4.826 HEAT: -144.7276
 CYCLE:    57 TIME:   0.059 TIME LEFT:  2.00W  GRAD.:     3.500 HEAT: -144.7494
 CYCLE:    58 TIME:   0.059 TIME LEFT:  2.00W  GRAD.:     3.331 HEAT: -144.7608
 CYCLE:    59 TIME:   0.059 TIME LEFT:  2.00W  GRAD.:     5.243 HEAT: -144.7969
 CYCLE:    60 TIME:   0.059 TIME LEFT:  2.00W  GRAD.:     2.858 HEAT: -144.8166
 CYCLE:    61 TIME:   0.062 TIME LEFT:  2.00W  GRAD.:     2.089 HEAT: -144.8172
 CYCLE:    62 TIME:   0.059 TIME LEFT:  2.00W  GRAD.:     1.918 HEAT: -144.8261
 CYCLE:    63 TIME:   0.066 TIME LEFT:  2.00W  GRAD.:     4.115 HEAT: -144.8612
 CYCLE:    64 TIME:   0.059 TIME LEFT:  2.00W  GRAD.:     2.405 HEAT: -144.8677
 CYCLE:    65 TIME:   0.059 TIME LEFT:  2.00W  GRAD.:     2.206 HEAT: -144.8836
 CYCLE:    66 TIME:   0.059 TIME LEFT:  2.00W  GRAD.:     2.460 HEAT: -144.9010
 CYCLE:    67 TIME:   0.062 TIME LEFT:  2.00W  GRAD.:     5.579 HEAT: -144.8943
 CYCLE:    68 TIME:   0.062 TIME LEFT:  2.00W  GRAD.:     2.742 HEAT: -144.9073
 CYCLE:    69 TIME:   0.059 TIME LEFT:  2.00W  GRAD.:     2.292 HEAT: -144.9144
 CYCLE:    70 TIME:   0.066 TIME LEFT:  2.00W  GRAD.:     2.290 HEAT: -144.9212
 CYCLE:    71 TIME:   0.062 TIME LEFT:  2.00W  GRAD.:     4.387 HEAT: -144.9271
 CYCLE:    72 TIME:   0.066 TIME LEFT:  2.00W  GRAD.:     1.854 HEAT: -144.9650
 CYCLE:    73 TIME:   0.066 TIME LEFT:  2.00W  GRAD.:     1.474 HEAT: -144.9680
 CYCLE:    74 TIME:   0.059 TIME LEFT:  2.00W  GRAD.:     1.831 HEAT: -144.9690
 CYCLE:    75 TIME:   0.059 TIME LEFT:  2.00W  GRAD.:     3.169 HEAT: -144.9417
 CYCLE:    76 TIME:   0.059 TIME LEFT:  2.00W  GRAD.:     1.622 HEAT: -144.9389
 CYCLE:    77 TIME:   0.059 TIME LEFT:  2.00W  GRAD.:     1.248 HEAT: -144.9363
 CYCLE:    78 TIME:   0.059 TIME LEFT:  2.00W  GRAD.:     1.531 HEAT: -144.9363
 CYCLE:    79 TIME:   0.062 TIME LEFT:  2.00W  GRAD.:     3.686 HEAT: -144.9148
 CYCLE:    80 TIME:   0.062 TIME LEFT:  2.00W  GRAD.:     1.534 HEAT: -144.9187
 CYCLE:    81 TIME:   0.059 TIME LEFT:  2.00W  GRAD.:     1.299 HEAT: -144.9182
 CYCLE:    82 TIME:   0.059 TIME LEFT:  2.00W  GRAD.:     1.720 HEAT: -144.9161
 CYCLE:    83 TIME:   0.062 TIME LEFT:  2.00W  GRAD.:     2.193 HEAT: -144.9047
 CYCLE:    84 TIME:   0.055 TIME LEFT:  2.00W  GRAD.:     2.560 HEAT: -144.9077
 CYCLE:    85 TIME:   0.062 TIME LEFT:  2.00W  GRAD.:     1.931 HEAT: -144.9736
 CYCLE:    86 TIME:   0.078 TIME LEFT:  2.00W  GRAD.:     3.067 HEAT: -144.9870
 CYCLE:    87 TIME:   0.062 TIME LEFT:  2.00W  GRAD.:     2.904 HEAT: -144.9682
 CYCLE:    88 TIME:   0.121 TIME LEFT:  2.00W  GRAD.:     1.816 HEAT: -144.9440
 CYCLE:    89 TIME:   0.062 TIME LEFT:  2.00W  GRAD.:     1.611 HEAT: -144.9707
 CYCLE:    90 TIME:   0.062 TIME LEFT:  2.00W  GRAD.:     1.944 HEAT: -144.9790
 CYCLE:    91 TIME:   0.059 TIME LEFT:  2.00W  GRAD.:     3.003 HEAT: -144.9612
 CYCLE:    92 TIME:   0.062 TIME LEFT:  2.00W  GRAD.:     1.902 HEAT: -144.9587
 CYCLE:    93 TIME:   0.059 TIME LEFT:  2.00W  GRAD.:     1.483 HEAT: -144.9661
 CYCLE:    94 TIME:   0.062 TIME LEFT:  2.00W  GRAD.:     2.159 HEAT: -144.6545
 CYCLE:    95 TIME:   0.062 TIME LEFT:  2.00W  GRAD.:     2.696 HEAT: -144.6710
 CYCLE:    96 TIME:   0.066 TIME LEFT:  2.00W  GRAD.:     7.588 HEAT: -144.6735
 CYCLE:    97 TIME:   0.059 TIME LEFT:  2.00W  GRAD.:     1.987 HEAT: -144.6539
 CYCLE:    98 TIME:   0.066 TIME LEFT:  2.00W  GRAD.:     1.306 HEAT: -144.6212
 CYCLE:    99 TIME:   0.062 TIME LEFT:  2.00W  GRAD.:     1.850 HEAT: -144.6417
 CYCLE:   100 TIME:   0.062 TIME LEFT:  2.00W  GRAD.:     2.436 HEAT: -144.7342
 CYCLE:   101 TIME:   0.113 TIME LEFT:  2.00W  GRAD.:     2.366 HEAT: -144.7767
 CYCLE:   102 TIME:   0.062 TIME LEFT:  2.00W  GRAD.:     2.165 HEAT: -144.7768
 CYCLE:   103 TIME:   0.062 TIME LEFT:  2.00W  GRAD.:     3.887 HEAT: -145.0518
 CYCLE:   104 TIME:   0.059 TIME LEFT:  2.00W  GRAD.:     4.539 HEAT: -145.0559
 CYCLE:   105 TIME:   0.062 TIME LEFT:  2.00W  GRAD.:     1.652 HEAT: -145.0430
 CYCLE:   106 TIME:   0.062 TIME LEFT:  2.00W  GRAD.:     1.124 HEAT: -145.0459
 CYCLE:   107 TIME:   0.059 TIME LEFT:  2.00W  GRAD.:     1.596 HEAT: -145.0468
 CYCLE:   108 TIME:   0.066 TIME LEFT:  2.00W  GRAD.:     1.639 HEAT: -145.0690
 CYCLE:   109 TIME:   0.066 TIME LEFT:  2.00W  GRAD.:     3.943 HEAT: -145.0604
 CYCLE:   110 TIME:   0.059 TIME LEFT:  2.00W  GRAD.:     1.738 HEAT: -145.0679
 CYCLE:   111 TIME:   0.059 TIME LEFT:  2.00W  GRAD.:     1.252 HEAT: -145.0625
 CYCLE:   112 TIME:   0.062 TIME LEFT:  2.00W  GRAD.:     1.469 HEAT: -145.0624
 CYCLE:   113 TIME:   0.066 TIME LEFT:  2.00W  GRAD.:     2.609 HEAT: -145.0570
 CYCLE:   114 TIME:   0.059 TIME LEFT:  2.00W  GRAD.:     1.537 HEAT: -145.0566
 CYCLE:   115 TIME:   0.059 TIME LEFT:  2.00W  GRAD.:     1.321 HEAT: -145.0583
 CYCLE:   116 TIME:   0.062 TIME LEFT:  2.00W  GRAD.:     1.804 HEAT: -145.0618
 CYCLE:   117 TIME:   0.078 TIME LEFT:  2.00W  GRAD.:     2.584 HEAT: -145.0758
 CYCLE:   118 TIME:   0.059 TIME LEFT:  2.00W  GRAD.:     1.229 HEAT: -145.0785
 CYCLE:   119 TIME:   0.059 TIME LEFT:  2.00W  GRAD.:     1.049 HEAT: -145.0866
 CYCLE:   120 TIME:   0.059 TIME LEFT:  2.00W  GRAD.:     1.203 HEAT: -145.0862
 CYCLE:   121 TIME:   0.062 TIME LEFT:  2.00W  GRAD.:     3.127 HEAT: -145.0965
 CYCLE:   122 TIME:   0.059 TIME LEFT:  2.00W  GRAD.:     1.568 HEAT: -145.1274
 CYCLE:   123 TIME:   0.059 TIME LEFT:  2.00W  GRAD.:     1.334 HEAT: -145.1265
 CYCLE:   124 TIME:   0.066 TIME LEFT:  2.00W  GRAD.:     1.776 HEAT: -145.1242
 CYCLE:   125 TIME:   0.062 TIME LEFT:  2.00W  GRAD.:     5.598 HEAT: -145.1281
 CYCLE:   126 TIME:   0.059 TIME LEFT:  2.00W  GRAD.:     1.887 HEAT: -145.1330
 CYCLE:   127 TIME:   0.062 TIME LEFT:  2.00W  GRAD.:     1.131 HEAT: -145.1362
 CYCLE:   128 TIME:   0.062 TIME LEFT:  2.00W  GRAD.:     1.580 HEAT: -145.1516
 CYCLE:   129 TIME:   0.059 TIME LEFT:  2.00W  GRAD.:     1.706 HEAT: -145.1439
 CYCLE:   130 TIME:   0.066 TIME LEFT:  2.00W  GRAD.:     4.399 HEAT: -145.1550
 CYCLE:   131 TIME:   0.059 TIME LEFT:  2.00W  GRAD.:     1.517 HEAT: -145.1457
 CYCLE:   132 TIME:   0.062 TIME LEFT:  2.00W  GRAD.:     1.303 HEAT: -145.1513
 CYCLE:   133 TIME:   0.086 TIME LEFT:  2.00W  GRAD.:     1.454 HEAT: -145.1696
 CYCLE:   134 TIME:   0.062 TIME LEFT:  2.00W  GRAD.:     2.069 HEAT: -145.2024
 CYCLE:   135 TIME:   0.062 TIME LEFT:  2.00W  GRAD.:     4.738 HEAT: -145.1569
 CYCLE:   136 TIME:   0.062 TIME LEFT:  2.00W  GRAD.:     2.057 HEAT: -145.1578
 CYCLE:   137 TIME:   0.062 TIME LEFT:  2.00W  GRAD.:     2.014 HEAT: -145.2102
 CYCLE:   138 TIME:   0.066 TIME LEFT:  2.00W  GRAD.:     3.595 HEAT: -145.2816
 CYCLE:   139 TIME:   0.059 TIME LEFT:  2.00W  GRAD.:     2.491 HEAT: -145.2830
 CYCLE:   140 TIME:   0.062 TIME LEFT:  2.00W  GRAD.:     2.032 HEAT: -145.2876
 CYCLE:   141 TIME:   0.066 TIME LEFT:  2.00W  GRAD.:     2.728 HEAT: -144.9748
 CYCLE:   142 TIME:   0.066 TIME LEFT:  2.00W  GRAD.:    13.294 HEAT: -144.9438
 CYCLE:   143 TIME:   0.062 TIME LEFT:  2.00W  GRAD.:     5.433 HEAT: -145.2966
 CYCLE:   144 TIME:   0.059 TIME LEFT:  2.00W  GRAD.:     1.757 HEAT: -145.2965
 CYCLE:   145 TIME:   0.070 TIME LEFT:  2.00W  GRAD.:     1.960 HEAT: -145.0120
 CYCLE:   146 TIME:   0.059 TIME LEFT:  2.00W  GRAD.:     2.717 HEAT: -145.2894
 CYCLE:   147 TIME:   0.062 TIME LEFT:  2.00W  GRAD.:     1.462 HEAT: -145.3081
 CYCLE:   148 TIME:   0.117 TIME LEFT:  2.00W  GRAD.:     1.662 HEAT: -145.3208
 CYCLE:   149 TIME:   0.066 TIME LEFT:  2.00W  GRAD.:     3.867 HEAT: -145.3274
 CYCLE:   150 TIME:   0.062 TIME LEFT:  2.00W  GRAD.:     2.216 HEAT: -145.3620
 CYCLE:   151 TIME:   0.066 TIME LEFT:  2.00W  GRAD.:     3.142 HEAT: -145.3285
 CYCLE:   152 TIME:   0.062 TIME LEFT:  2.00W  GRAD.:     4.063 HEAT: -145.3314
 CYCLE:   153 TIME:   0.066 TIME LEFT:  2.00W  GRAD.:     5.013 HEAT: -145.3481
 CYCLE:   154 TIME:   0.066 TIME LEFT:  2.00W  GRAD.:     8.307 HEAT: -145.3075
 CYCLE:   155 TIME:   0.066 TIME LEFT:  2.00W  GRAD.:    19.137 HEAT: -145.3097
 CYCLE:   156 TIME:   0.062 TIME LEFT:  2.00W  GRAD.:     6.385 HEAT: -145.3806
 CYCLE:   157 TIME:   0.062 TIME LEFT:  2.00W  GRAD.:     5.220 HEAT: -145.3442
 CYCLE:   158 TIME:   0.062 TIME LEFT:  2.00W  GRAD.:     5.960 HEAT: -145.3827
 CYCLE:   159 TIME:   0.062 TIME LEFT:  2.00W  GRAD.:     4.705 HEAT: -145.3380
 CYCLE:   160 TIME:   0.062 TIME LEFT:  2.00W  GRAD.:     6.838 HEAT: -145.4089
 CYCLE:   161 TIME:   0.062 TIME LEFT:  2.00W  GRAD.:     2.076 HEAT: -145.4281
 CYCLE:   162 TIME:   0.066 TIME LEFT:  2.00W  GRAD.:     6.963 HEAT: -145.3819
 CYCLE:   163 TIME:   0.117 TIME LEFT:  2.00W  GRAD.:     2.449 HEAT: -145.3978
 CYCLE:   164 TIME:   0.062 TIME LEFT:  2.00W  GRAD.:     5.982 HEAT: -145.4325
 CYCLE:   165 TIME:   0.086 TIME LEFT:  2.00W  GRAD.:     0.955 HEAT: -145.3998


          CURRENT BEST VALUE OF HEAT OF FORMATION =   -145.432453

 PM7 BONDS AUX DUMP=30M ITRY=15000 T=14D CHARGE=0 SINGLET eps=78.4 RELSCF=1
 Title: ASE calculation

  C     3.51104682 +1   2.28971060 +1  -0.85816257 +1
  C     3.27960424 +1   1.02890665 +1  -0.31744191 +1
  C     2.48930870 +1   0.08718020 +1  -0.99767657 +1
  C     1.92761433 +1   0.43819069 +1  -2.23387714 +1
  C     2.18600565 +1   1.69760324 +1  -2.74465363 +1
  C     2.96539027 +1   2.64189849 +1  -2.09404758 +1
  H     4.13001473 +1   3.00833335 +1  -0.31689904 +1
  H     3.72618224 +1   0.76666707 +1   0.64363254 +1
  H     1.30168171 +1  -0.27899725 +1  -2.77258081 +1
 Cl     1.51824579 +1   2.09815677 +1  -4.27762289 +1
  H     3.15787582 +1   3.62596108 +1  -2.52170760 +1
  C     2.25128135 +1  -1.22085825 +1  -0.40981809 +1
  C     1.98877621 +1  -1.30617245 +1   1.05522068 +1
  H     1.68067017 +1  -2.31403360 +1   1.37371212 +1
  H     1.18881653 +1  -0.61346283 +1   1.35883937 +1
  H     2.88050573 +1  -1.04927560 +1   1.64714078 +1
  N     2.21139114 +1  -2.32474502 +1  -1.15827727 +1
  O     1.95897318 +1  -3.45687564 +1  -0.68474808 +1
  O     2.47697936 +1  -2.28241135 +1  -2.40907231 +1
  N     4.91564802 +1  -1.26255830 +1  -2.96315416 +1
  C     5.49014090 +1  -2.23809194 +1  -3.95906706 +1
  C     6.95384509 +1  -1.88056529 +1  -4.23087501 +1
  O     7.04780956 +1  -0.55019117 +1  -4.70968185 +1
  C     6.55636830 +1   0.40174407 +1  -3.78517101 +1
  C     5.07461631 +1   0.13736001 +1  -3.49729383 +1
  H     4.68341778 +1   0.86870080 +1  -2.75309653 +1
  H     4.46539777 +1   0.25281062 +1  -4.42507087 +1
  H     6.70780355 +1   1.36891908 +1  -4.30548287 +1
  H     7.17529355 +1   0.39231165 +1  -2.86821627 +1
  H     7.37706930 +1  -2.48095184 +1  -5.06144012 +1
  H     7.59728001 +1  -2.00589506 +1  -3.34020124 +1
  H     4.89053344 +1  -2.19965324 +1  -4.90048426 +1
  H     4.60628933 +1  -1.56122543 +1   0.03876674 +1
  H     3.87964739 +1  -1.49356175 +1  -2.76886829 +1
  H     5.39548857 +1  -3.27654730 +1  -3.56374228 +1
  H     6.06880074 +1  -2.00205237 +1   0.13134651 +1
  H     5.40783222 +1  -1.34794097 +1  -2.03117942 +1
  O     5.49518297 +1  -1.32417723 +1  -0.26111909 +1



 -------------------------------------------------------------------------------
 PM7 BONDS AUX DUMP=30M ITRY=15000 T=14D CHARGE=0 SINGLET eps=78.4 RELSCF=1
 Title: ASE calculation



     HERBERTS TEST WAS SATISFIED IN BFGS                      
     SCF FIELD WAS ACHIEVED                                   


                              PM7 CALCULATION
                                                       MOPAC v22.0.6 Linux
                                                       Tue Mar 26 11:33:56 2024




          FINAL HEAT OF FORMATION =       -145.43245 KCAL/MOL =    -608.48938 KJ/MOL
          VAN DER WAALS AREA      =        283.22 SQUARE ANGSTROMS



          DIELECTRIC ENERGY       =         -1.53741 EV
          COSMO AREA              =        283.22 SQUARE ANGSTROMS
          COSMO VOLUME            =        340.32 CUBIC ANGSTROMS

          GRADIENT NORM           =          5.98196          =       0.97040 PER ATOM
          IONIZATION POTENTIAL    =          8.637347 EV
          HOMO LUMO ENERGIES (EV) =         -8.637 -0.467
          NO. OF FILLED LEVELS    =         54
          MOLECULAR WEIGHT        =        290.7461         POINT GROUP:  C1  

          MOLECULAR DIMENSIONS (Angstroms)

            Atom       Atom       Distance
            H    30    H    15     9.11054
           Cl    10    H    36     7.50191
            O    18    H     7     6.53313


          SCF CALCULATIONS        =        167

          WALL-CLOCK TIME         =     10.824 SECONDS
          COMPUTATION TIME        =         17 MINUTES AND 10.328 SECONDS



       FINAL  POINT  AND  DERIVATIVES

   PARAMETER     ATOM    TYPE            VALUE        GRADIENT
      1          1  C    CARTESIAN X     3.511047      0.241562  KCAL/ANGSTROM
      2          1  C    CARTESIAN Y     2.289711      0.093353  KCAL/ANGSTROM
      3          1  C    CARTESIAN Z    -0.858163      0.311027  KCAL/ANGSTROM
      4          2  C    CARTESIAN X     3.279604      0.974569  KCAL/ANGSTROM
      5          2  C    CARTESIAN Y     1.028907      0.820605  KCAL/ANGSTROM
      6          2  C    CARTESIAN Z    -0.317442      1.084156  KCAL/ANGSTROM
      7          3  C    CARTESIAN X     2.489309     -0.953103  KCAL/ANGSTROM
      8          3  C    CARTESIAN Y     0.087180     -1.443885  KCAL/ANGSTROM
      9          3  C    CARTESIAN Z    -0.997677     -0.673067  KCAL/ANGSTROM
     10          4  C    CARTESIAN X     1.927614      0.449031  KCAL/ANGSTROM
     11          4  C    CARTESIAN Y     0.438191      2.479151  KCAL/ANGSTROM
     12          4  C    CARTESIAN Z    -2.233877     -0.937932  KCAL/ANGSTROM
     13          5  C    CARTESIAN X     2.186006     -0.579982  KCAL/ANGSTROM
     14          5  C    CARTESIAN Y     1.697603     -2.371405  KCAL/ANGSTROM
     15          5  C    CARTESIAN Z    -2.744654      0.718342  KCAL/ANGSTROM
     16          6  C    CARTESIAN X     2.965390      0.066238  KCAL/ANGSTROM
     17          6  C    CARTESIAN Y     2.641898      0.196225  KCAL/ANGSTROM
     18          6  C    CARTESIAN Z    -2.094048     -0.269352  KCAL/ANGSTROM
     19          7  H    CARTESIAN X     4.130015     -0.105973  KCAL/ANGSTROM
     20          7  H    CARTESIAN Y     3.008333     -0.064869  KCAL/ANGSTROM
     21          7  H    CARTESIAN Z    -0.316899     -0.062415  KCAL/ANGSTROM
     22          8  H    CARTESIAN X     3.726182      0.039214  KCAL/ANGSTROM
     23          8  H    CARTESIAN Y     0.766667      0.023309  KCAL/ANGSTROM
     24          8  H    CARTESIAN Z     0.643633     -0.139762  KCAL/ANGSTROM
     25          9  H    CARTESIAN X     1.301682     -0.070142  KCAL/ANGSTROM
     26          9  H    CARTESIAN Y    -0.278997     -0.321218  KCAL/ANGSTROM
     27          9  H    CARTESIAN Z    -2.772581     -0.100371  KCAL/ANGSTROM
     28         10 Cl    CARTESIAN X     1.518246     -0.124438  KCAL/ANGSTROM
     29         10 Cl    CARTESIAN Y     2.098157      0.048079  KCAL/ANGSTROM
     30         10 Cl    CARTESIAN Z    -4.277623     -0.027945  KCAL/ANGSTROM
     31         11  H    CARTESIAN X     3.157876      0.214009  KCAL/ANGSTROM
     32         11  H    CARTESIAN Y     3.625961      0.003885  KCAL/ANGSTROM
     33         11  H    CARTESIAN Z    -2.521708     -0.052722  KCAL/ANGSTROM
     34         12  C    CARTESIAN X     2.251281      0.067071  KCAL/ANGSTROM
     35         12  C    CARTESIAN Y    -1.220858      1.828083  KCAL/ANGSTROM
     36         12  C    CARTESIAN Z    -0.409818      1.577906  KCAL/ANGSTROM
     37         13  C    CARTESIAN X     1.988776     -0.071774  KCAL/ANGSTROM
     38         13  C    CARTESIAN Y    -1.306172      0.115909  KCAL/ANGSTROM
     39         13  C    CARTESIAN Z     1.055221     -0.125561  KCAL/ANGSTROM
     40         14  H    CARTESIAN X     1.680670      0.146963  KCAL/ANGSTROM
     41         14  H    CARTESIAN Y    -2.314034      0.024237  KCAL/ANGSTROM
     42         14  H    CARTESIAN Z     1.373712     -0.061800  KCAL/ANGSTROM
     43         15  H    CARTESIAN X     1.188817      0.041200  KCAL/ANGSTROM
     44         15  H    CARTESIAN Y    -0.613463     -0.163884  KCAL/ANGSTROM
     45         15  H    CARTESIAN Z     1.358839      0.027793  KCAL/ANGSTROM
     46         16  H    CARTESIAN X     2.880506     -0.114890  KCAL/ANGSTROM
     47         16  H    CARTESIAN Y    -1.049276      0.097932  KCAL/ANGSTROM
     48         16  H    CARTESIAN Z     1.647141     -0.033094  KCAL/ANGSTROM
     49         17  N    CARTESIAN X     2.211391     -0.100243  KCAL/ANGSTROM
     50         17  N    CARTESIAN Y    -2.324745     -2.530255  KCAL/ANGSTROM
     51         17  N    CARTESIAN Z    -1.158277     -1.215686  KCAL/ANGSTROM
     52         18  O    CARTESIAN X     1.958973      0.210517  KCAL/ANGSTROM
     53         18  O    CARTESIAN Y    -3.456876      0.885517  KCAL/ANGSTROM
     54         18  O    CARTESIAN Z    -0.684748     -0.219943  KCAL/ANGSTROM
     55         19  O    CARTESIAN X     2.476979      0.115152  KCAL/ANGSTROM
     56         19  O    CARTESIAN Y    -2.282411      0.271011  KCAL/ANGSTROM
     57         19  O    CARTESIAN Z    -2.409072      0.291358  KCAL/ANGSTROM
     58         20  N    CARTESIAN X     4.915648      0.051427  KCAL/ANGSTROM
     59         20  N    CARTESIAN Y    -1.262558      0.022630  KCAL/ANGSTROM
     60         20  N    CARTESIAN Z    -2.963154     -0.000987  KCAL/ANGSTROM
     61         21  C    CARTESIAN X     5.490141     -0.059556  KCAL/ANGSTROM
     62         21  C    CARTESIAN Y    -2.238092     -0.000532  KCAL/ANGSTROM
     63         21  C    CARTESIAN Z    -3.959067     -0.041377  KCAL/ANGSTROM
     64         22  C    CARTESIAN X     6.953845     -0.016437  KCAL/ANGSTROM
     65         22  C    CARTESIAN Y    -1.880565     -0.140078  KCAL/ANGSTROM
     66         22  C    CARTESIAN Z    -4.230875      0.004816  KCAL/ANGSTROM
     67         23  O    CARTESIAN X     7.047810     -0.010005  KCAL/ANGSTROM
     68         23  O    CARTESIAN Y    -0.550191      0.009511  KCAL/ANGSTROM
     69         23  O    CARTESIAN Z    -4.709682      0.076956  KCAL/ANGSTROM
     70         24  C    CARTESIAN X     6.556368     -0.059702  KCAL/ANGSTROM
     71         24  C    CARTESIAN Y     0.401744      0.035188  KCAL/ANGSTROM
     72         24  C    CARTESIAN Z    -3.785171      0.040279  KCAL/ANGSTROM
     73         25  C    CARTESIAN X     5.074616     -0.077639  KCAL/ANGSTROM
     74         25  C    CARTESIAN Y     0.137360     -0.026784  KCAL/ANGSTROM
     75         25  C    CARTESIAN Z    -3.497294     -0.139723  KCAL/ANGSTROM
     76         26  H    CARTESIAN X     4.683418     -0.074556  KCAL/ANGSTROM
     77         26  H    CARTESIAN Y     0.868701      0.014552  KCAL/ANGSTROM
     78         26  H    CARTESIAN Z    -2.753097     -0.086492  KCAL/ANGSTROM
     79         27  H    CARTESIAN X     4.465398     -0.007516  KCAL/ANGSTROM
     80         27  H    CARTESIAN Y     0.252811      0.042854  KCAL/ANGSTROM
     81         27  H    CARTESIAN Z    -4.425071     -0.011096  KCAL/ANGSTROM
     82         28  H    CARTESIAN X     6.707804      0.039724  KCAL/ANGSTROM
     83         28  H    CARTESIAN Y     1.368919     -0.069918  KCAL/ANGSTROM
     84         28  H    CARTESIAN Z    -4.305483      0.085738  KCAL/ANGSTROM
     85         29  H    CARTESIAN X     7.175294     -0.021379  KCAL/ANGSTROM
     86         29  H    CARTESIAN Y     0.392312     -0.054821  KCAL/ANGSTROM
     87         29  H    CARTESIAN Z    -2.868216      0.089793  KCAL/ANGSTROM
     88         30  H    CARTESIAN X     7.377069      0.063488  KCAL/ANGSTROM
     89         30  H    CARTESIAN Y    -2.480952      0.032159  KCAL/ANGSTROM
     90         30  H    CARTESIAN Z    -5.061440      0.013062  KCAL/ANGSTROM
     91         31  H    CARTESIAN X     7.597280     -0.033341  KCAL/ANGSTROM
     92         31  H    CARTESIAN Y    -2.005895     -0.002342  KCAL/ANGSTROM
     93         31  H    CARTESIAN Z    -3.340201     -0.034980  KCAL/ANGSTROM
     94         32  H    CARTESIAN X     4.890533     -0.040029  KCAL/ANGSTROM
     95         32  H    CARTESIAN Y    -2.199653      0.061234  KCAL/ANGSTROM
     96         32  H    CARTESIAN Z    -4.900484     -0.163125  KCAL/ANGSTROM
     97         33  H    CARTESIAN X     4.606289      0.054472  KCAL/ANGSTROM
     98         33  H    CARTESIAN Y    -1.561225      0.045842  KCAL/ANGSTROM
     99         33  H    CARTESIAN Z     0.038767      0.021041  KCAL/ANGSTROM
    100         34  H    CARTESIAN X     3.879647     -0.274410  KCAL/ANGSTROM
    101         34  H    CARTESIAN Y    -1.493562     -0.071245  KCAL/ANGSTROM
    102         34  H    CARTESIAN Z    -2.768868      0.145671  KCAL/ANGSTROM
    103         35  H    CARTESIAN X     5.395489     -0.131553  KCAL/ANGSTROM
    104         35  H    CARTESIAN Y    -3.276547     -0.013339  KCAL/ANGSTROM
    105         35  H    CARTESIAN Z    -3.563742     -0.209143  KCAL/ANGSTROM
    106         36  H    CARTESIAN X     6.068801      0.094829  KCAL/ANGSTROM
    107         36  H    CARTESIAN Y    -2.002052      0.185288  KCAL/ANGSTROM
    108         36  H    CARTESIAN Z     0.131347      0.246102  KCAL/ANGSTROM
    109         37  H    CARTESIAN X     5.407832      0.078284  KCAL/ANGSTROM
    110         37  H    CARTESIAN Y    -1.347941     -0.020863  KCAL/ANGSTROM
    111         37  H    CARTESIAN Z    -2.031179     -0.116053  KCAL/ANGSTROM
    112         38  O    CARTESIAN X     5.495183     -0.020702  KCAL/ANGSTROM
    113         38  O    CARTESIAN Y    -1.324177     -0.040732  KCAL/ANGSTROM
    114         38  O    CARTESIAN Z    -0.261119     -0.011167  KCAL/ANGSTROM




   ATOM   CHEMICAL          X               Y               Z
  NUMBER   SYMBOL      (ANGSTROMS)     (ANGSTROMS)     (ANGSTROMS)

     1       C          3.51104682  *   2.28971060  *  -0.85816257  *
     2       C          3.27960424  *   1.02890665  *  -0.31744191  *
     3       C          2.48930870  *   0.08718020  *  -0.99767657  *
     4       C          1.92761433  *   0.43819069  *  -2.23387714  *
     5       C          2.18600565  *   1.69760324  *  -2.74465363  *
     6       C          2.96539027  *   2.64189849  *  -2.09404758  *
     7       H          4.13001473  *   3.00833335  *  -0.31689904  *
     8       H          3.72618224  *   0.76666707  *   0.64363254  *
     9       H          1.30168171  *  -0.27899725  *  -2.77258081  *
    10      Cl          1.51824579  *   2.09815677  *  -4.27762289  *
    11       H          3.15787582  *   3.62596108  *  -2.52170760  *
    12       C          2.25128135  *  -1.22085825  *  -0.40981809  *
    13       C          1.98877621  *  -1.30617245  *   1.05522068  *
    14       H          1.68067017  *  -2.31403360  *   1.37371212  *
    15       H          1.18881653  *  -0.61346283  *   1.35883937  *
    16       H          2.88050573  *  -1.04927560  *   1.64714078  *
    17       N          2.21139114  *  -2.32474502  *  -1.15827727  *
    18       O          1.95897318  *  -3.45687564  *  -0.68474808  *
    19       O          2.47697936  *  -2.28241135  *  -2.40907231  *
    20       N          4.91564802  *  -1.26255830  *  -2.96315416  *
    21       C          5.49014090  *  -2.23809194  *  -3.95906706  *
    22       C          6.95384509  *  -1.88056529  *  -4.23087501  *
    23       O          7.04780956  *  -0.55019117  *  -4.70968185  *
    24       C          6.55636830  *   0.40174407  *  -3.78517101  *
    25       C          5.07461631  *   0.13736001  *  -3.49729383  *
    26       H          4.68341778  *   0.86870080  *  -2.75309653  *
    27       H          4.46539777  *   0.25281062  *  -4.42507087  *
    28       H          6.70780355  *   1.36891908  *  -4.30548287  *
    29       H          7.17529355  *   0.39231165  *  -2.86821627  *
    30       H          7.37706930  *  -2.48095184  *  -5.06144012  *
    31       H          7.59728001  *  -2.00589506  *  -3.34020124  *
    32       H          4.89053344  *  -2.19965324  *  -4.90048426  *
    33       H          4.60628933  *  -1.56122543  *   0.03876674  *
    34       H          3.87964739  *  -1.49356175  *  -2.76886829  *
    35       H          5.39548857  *  -3.27654730  *  -3.56374228  *
    36       H          6.06880074  *  -2.00205237  *   0.13134651  *
    37       H          5.40783222  *  -1.34794097  *  -2.03117942  *
    38       O          5.49518297  *  -1.32417723  *  -0.26111909  *

                             CARTESIAN COORDINATES

   1    C        3.511046817     2.289710601    -0.858162573
   2    C        3.279604242     1.028906648    -0.317441905
   3    C        2.489308695     0.087180204    -0.997676572
   4    C        1.927614332     0.438190686    -2.233877139
   5    C        2.186005652     1.697603238    -2.744653630
   6    C        2.965390269     2.641898490    -2.094047580
   7    H        4.130014734     3.008333347    -0.316899036
   8    H        3.726182237     0.766667069     0.643632536
   9    H        1.301681706    -0.278997252    -2.772580808
  10   Cl        1.518245793     2.098156775    -4.277622893
  11    H        3.157875817     3.625961076    -2.521707597
  12    C        2.251281347    -1.220858253    -0.409818093
  13    C        1.988776206    -1.306172454     1.055220685
  14    H        1.680670170    -2.314033604     1.373712123
  15    H        1.188816530    -0.613462833     1.358839369
  16    H        2.880505727    -1.049275597     1.647140775
  17    N        2.211391138    -2.324745024    -1.158277270
  18    O        1.958973177    -3.456875642    -0.684748080
  19    O        2.476979364    -2.282411345    -2.409072314
  20    N        4.915648021    -1.262558298    -2.963154156
  21    C        5.490140903    -2.238091940    -3.959067064
  22    C        6.953845088    -1.880565292    -4.230875009
  23    O        7.047809558    -0.550191168    -4.709681851
  24    C        6.556368302     0.401744068    -3.785171008
  25    C        5.074616308     0.137360015    -3.497293833
  26    H        4.683417782     0.868700803    -2.753096527
  27    H        4.465397768     0.252810615    -4.425070873
  28    H        6.707803547     1.368919085    -4.305482871
  29    H        7.175293549     0.392311653    -2.868216266
  30    H        7.377069297    -2.480951836    -5.061440122
  31    H        7.597280012    -2.005895056    -3.340201245
  32    H        4.890533441    -2.199653244    -4.900484263
  33    H        4.606289332    -1.561225434     0.038766743
  34    H        3.879647390    -1.493561746    -2.768868292
  35    H        5.395488573    -3.276547302    -3.563742275
  36    H        6.068800739    -2.002052372     0.131346509
  37    H        5.407832216    -1.347940971    -2.031179417
  38    O        5.495182974    -1.324177227    -0.261119092


           Empirical Formula: C12 H19 N2 O4 Cl  =    38 atoms



      MOLECULAR POINT GROUP   :   C1  


                  EIGENVALUES  
 -38.30191 -36.07881 -31.31965 -30.35084 -29.53192 -28.46142 -28.17068 -27.28294
 -27.17755 -25.85735 -25.59942 -24.95689 -24.19484 -22.93419 -21.85453 -21.54008
 -21.02644 -19.61886 -18.88232 -18.24212 -18.02251 -17.86252 -17.20668 -16.94226
 -16.67914 -16.62018 -16.45267 -16.15629 -15.71227 -15.41219 -15.03659 -14.78675
 -14.62107 -14.54814 -14.10631 -13.91643 -13.85331 -13.68538 -13.19583 -13.17312
 -12.80967 -12.59050 -12.56647 -12.37892 -12.13665 -12.02315 -11.47372 -11.22841
 -11.06711 -10.89590 -10.75642 -10.49050 -10.03946  -8.63735  -0.46698  -0.29781
   0.70152   0.76848   1.04164   1.70506   1.76307   2.15991   2.63639   3.01736
   3.16806   3.44658   3.68589   3.90638   3.91140   4.11542   4.42410   4.45913
   4.59118   4.67278   4.68776   4.75734   4.81266   4.99007   5.16064   5.25548
   5.32125   5.34500   5.43547   5.56187   5.59721   5.66703   5.75263   5.75917
   5.81382   5.92561   5.96114   6.05676   6.09952   6.32692   6.96823  69.54234
  69.60273  69.62046  69.83750  69.84337


              NET ATOMIC CHARGES AND DIPOLE CONTRIBUTIONS

  ATOM NO.   TYPE          CHARGE      No. of ELECS.   s-Pop       p-Pop       d-Pop       
    1          C          -0.115721        4.1157     1.08889     3.02683
    2          C          -0.189952        4.1900     1.08844     3.10151
    3          C           0.072038        3.9280     1.06171     2.86625
    4          C          -0.226862        4.2269     1.08580     3.14106
    5          C           0.033164        3.9668     1.09494     2.87190
    6          C          -0.211088        4.2111     1.08367     3.12741
    7          H           0.170965        0.8290     0.82904
    8          H           0.177693        0.8223     0.82231
    9          H           0.198844        0.8012     0.80116
   10         Cl          -0.123593        7.1236     1.98070     5.13627     0.00663
   11          H           0.184284        0.8157     0.81572
   12          C          -0.289280        4.2893     1.03490     3.25438
   13          C          -0.402196        4.4022     1.04349     3.35871
   14          H           0.169065        0.8309     0.83093
   15          H           0.161205        0.8388     0.83879
   16          H           0.155875        0.8441     0.84413
   17          N           0.676149        4.3239     1.42262     2.90124
   18          O          -0.651335        6.6513     1.94403     4.70730
   19          O          -0.728945        6.7289     1.94424     4.78470
   20          N          -0.224618        5.2246     1.52475     3.69987
   21          C          -0.203328        4.2033     1.09275     3.11058
   22          C          -0.060576        4.0606     1.09404     2.96654
   23          O          -0.421634        6.4216     1.87751     4.54412
   24          C          -0.060424        4.0604     1.09364     2.96679
   25          C          -0.214312        4.2143     1.09261     3.12170
   26          H           0.182306        0.8177     0.81769
   27          H           0.198073        0.8019     0.80193
   28          H           0.174708        0.8253     0.82529
   29          H           0.151820        0.8482     0.84818
   30          H           0.173643        0.8264     0.82636
   31          H           0.151431        0.8486     0.84857
   32          H           0.200244        0.7998     0.79976
   33          H           0.371479        0.6285     0.62852
   34          H           0.350618        0.6494     0.64938
   35          H           0.198347        0.8017     0.80165
   36          H           0.389078        0.6109     0.61092
   37          H           0.325420        0.6746     0.67458
   38          O          -0.742584        6.7426     1.81406     4.92852
 DIPOLE           X         Y         Z       TOTAL
 POINT-CHG.    12.312     4.287     0.091    13.037
 HYBRID        -0.321    -0.658     0.033     0.733
 SUM           11.991     3.629     0.124    12.528


          ATOMIC ORBITAL ELECTRON POPULATIONS

     Atom    s        px        py        pz      x^2-y^2     xz        z^2       yz        xy
    1  C   1.08889   1.00246   1.02879   0.99557
    2  C   1.08844   1.01889   0.99375   1.08887
    3  C   1.06171   0.94618   0.96097   0.95910
    4  C   1.08580   1.07223   1.02629   1.04253
    5  C   1.09494   1.00129   0.99183   0.87878
    6  C   1.08367   1.02570   1.08071   1.02100
    7  H   0.82904
    8  H   0.82231
    9  H   0.80116
   10 Cl   1.98070   1.85436   1.94665   1.33525   0.00046   0.00197   0.00198   0.00178   0.00044
   11  H   0.81572
   12  C   1.03490   1.38905   0.89196   0.97337
   13  C   1.04349   1.17793   1.19305   0.98773
   14  H   0.83093
   15  H   0.83879
   16  H   0.84413
   17  N   1.42262   0.98231   0.98071   0.93821
   18  O   1.94403   1.72222   1.20147   1.78361
   19  O   1.94424   1.75612   1.93748   1.09111
   20  N   1.52475   1.31438   1.15719   1.22830
   21  C   1.09275   1.04546   1.02211   1.04300
   22  C   1.09404   0.99194   0.83195   1.14265
   23  O   1.87751   1.84757   1.23651   1.46004
   24  C   1.09364   0.95324   0.97919   1.03437
   25  C   1.09261   1.09064   0.86881   1.16225
   26  H   0.81769
   27  H   0.80193
   28  H   0.82529
   29  H   0.84818
   30  H   0.82636
   31  H   0.84857
   32  H   0.79976
   33  H   0.62852
   34  H   0.64938
   35  H   0.80165
   36  H   0.61092
   37  H   0.67458
   38  O   1.81406   1.42779   1.67761   1.82313

          BONDING CONTRIBUTION OF EACH M.O.

  1.4343  1.4131  1.8860  1.2181  1.1429  1.1966  1.4491  1.8690  1.3309  1.6534
  1.4990  1.1445  1.3861  1.9094  1.8023  1.7585  1.6838  1.5344  1.7304  1.6789
  1.6909  1.6509  1.3322  1.9408  1.7466  1.9797  1.6423  1.6320  1.7787  1.5318
  1.8658  0.8450  1.9054  1.8177  1.9177  1.6645  1.7993  1.6115  1.9015  1.9004
  1.9550  0.4685  1.6910  1.8158  1.4251  1.0066  0.2780  0.5418  0.5106  0.4843
  0.7221  1.7062  1.5205  1.2884 -2.0803 -2.0568 -2.0197 -1.9638 -2.3345 -2.0876
 -1.8919 -2.0697 -1.8586 -2.0131 -2.0198 -1.9598 -1.7799 -1.8724 -1.9496 -1.9893
 -1.9665 -1.8661 -1.9980 -1.9048 -1.9902 -1.9383 -1.9342 -1.9067 -1.9023 -1.9243
 -1.9508 -1.9924 -1.9290 -1.9413 -1.9373 -1.9341 -1.9645 -1.9607 -1.9683 -1.9500
 -1.9525 -1.9500 -1.9453 -1.7112 -1.9025 -0.0038 -0.0086 -0.0076 -0.0003 -0.0008





            (VALENCIES)   BOND ORDERS

     1  C     (3.968)     2  C 1.459     6  C 1.421     7  H 0.958     4  C 0.105    10 Cl 0.011

     2  C     (3.968)     1  C 1.459     3  C 1.391     8  H 0.954     5  C 0.107    17  N 0.014

     3  C     (3.990)     4  C 1.397     2  C 1.391    12  C 1.048     6  C 0.106    18  O 0.013    10 Cl 0.011

     4  C     (3.958)     5  C 1.429     3  C 1.397     9  H 0.944     1  C 0.105    10 Cl 0.025    17  N 0.013

     5  C     (3.960)     4  C 1.429     6  C 1.426    10 Cl 0.978     2  C 0.107

     6  C     (3.964)     5  C 1.426     1  C 1.421    11  H 0.952     3  C 0.106    10 Cl 0.025

     7  H     (0.971)     1  C 0.958

     8  H     (0.968)     2  C 0.954

     9  H     (0.960)     4  C 0.944

    10 Cl     (1.062)     5  C 0.978     6  C 0.025     4  C 0.025     1  C 0.011     3  C 0.011

    11  H     (0.966)     6  C 0.952

    12  C     (3.790)    17  N 1.400     3  C 1.048    13  C 0.998    18  O 0.166    19  O 0.131

    13  C     (3.916)    12  C 0.998    15  H 0.962    16  H 0.960    14  H 0.960    19  O 0.013

    14  H     (0.971)    13  C 0.960

    15  H     (0.974)    13  C 0.962

    16  H     (0.976)    13  C 0.960

    17  N     (3.811)    12  C 1.400    18  O 1.227    19  O 1.122     2  C 0.014     4  C 0.013

    18  O     (1.571)    17  N 1.227    12  C 0.166    19  O 0.141     3  C 0.013

    19  O     (1.520)    17  N 1.122    18  O 0.141    12  C 0.131    34  H 0.066    20  N 0.024    13  C 0.013

    20  N     (3.542)    25  C 0.927    21  C 0.921    37  H 0.835    34  H 0.784    19  O 0.024    38  O 0.016

    21  C     (3.864)    22  C 0.995    32  H 0.948    35  H 0.945    20  N 0.921    23  O 0.019    25  C 0.011

    22  C     (3.891)    21  C 0.995    31  H 0.961    23  O 0.953    30  H 0.949    28  H 0.011

    23  O     (1.983)    24  C 0.957    22  C 0.953    25  C 0.020    21  C 0.019

    24  C     (3.893)    25  C 0.992    29  H 0.960    23  O 0.957    28  H 0.949    30  H 0.011

    25  C     (3.876)    24  C 0.992    27  H 0.949    26  H 0.947    20  N 0.927    23  O 0.020    21  C 0.011

    26  H     (0.967)    25  C 0.947

    27  H     (0.961)    25  C 0.949

    28  H     (0.969)    24  C 0.949    22  C 0.011

    29  H     (0.977)    24  C 0.960

    30  H     (0.970)    22  C 0.949    24  C 0.011

    31  H     (0.977)    22  C 0.961

    32  H     (0.960)    21  C 0.948

    33  H     (0.862)    38  O 0.851

    34  H     (0.877)    20  N 0.784    19  O 0.066

    35  H     (0.961)    21  C 0.945

    36  H     (0.849)    38  O 0.845

    37  H     (0.894)    20  N 0.835    38  O 0.034

    38  O     (1.754)    33  H 0.851    36  H 0.845    37  H 0.034    20  N 0.016


 **********************
 *                    *
 * JOB ENDED NORMALLY *
 *                    *
 **********************



 TOTAL JOB TIME:            10.84 SECONDS

 == MOPAC DONE ==
