NEB log file generated by ORCA
All quantities are given in atomic units. Unless stated otherwise. 
iteration       : 0
climbing        : no
zoom on         : no
nim             : 8
barrier         :   0.10881460 (image:  4) 
distance        :   0.00000000    1.48366017    2.96714121    4.44850858    5.92653980    7.40224261    8.87501768   10.34578114 
energy          : -686.40744544  -686.38600812  -686.34570866  -686.31192187  -686.29863084  -686.31693848  -686.36167443  -686.39694856 
max(|Fr_perp|)   :   0.00000000    0.04634711    0.06039527    0.07036917    0.05930880    0.05114158    0.06130820    0.00000000 
Fr_paral         :   0.00000000   -0.02366444   -0.02623002   -0.01689612    0.00086649    0.02348870    0.03378051    0.00000000 
max(|Fsp_paral|) :   0.00000000    0.02467488    0.01984929    0.00666282    0.00008644    0.00880349    0.01887388    0.00000000 
max(|Fsp_perp|)  :   0.00000000    0.00000000    0.00000000    0.00000000    0.00000000    0.00000000    0.00000000    0.00000000 
max(|FNEB|)      :   0.00000000    0.04625571    0.06157114    0.07075088    0.05932184    0.04921850    0.05592989    0.00000000 
max(|Force|)     :   0.00207702    0.04647138    0.06335123    0.07008452    0.05934115    0.05296773    0.06433987    0.00089326 
ksp              :   0.02005002    0.05695857    0.08787194    0.10000000    0.10000000    0.08322814    0.04230087 
max(|step|)      :   0.00000000    0.06537828    0.08702527    0.10000000    0.08384609    0.06956592    0.07905187    0.00000000 
angle (deg.)     :    12.5213  11.3602  10.6777  9.5890  8.0539  11.0844 
>
iteration       : 1
climbing        : no
zoom on         : no
nim             : 8
barrier         :   0.08854923 (image:  4) 
distance        :   0.00000000    1.56858067    3.03709559    4.47704031    5.93243122    7.37947212    8.80537125   10.36890626 
energy          : -686.40744544  -686.40092335  -686.37829484  -686.34512067  -686.31889621  -686.32868602  -686.37632467  -686.39694856 
max(|Fr_perp|)   :   0.00000000    0.02593721    0.04606176    0.04801869    0.05016844    0.04288138    0.04724592    0.00000000 
Fr_paral         :   0.00000000   -0.01159108   -0.02486365   -0.02604175   -0.01040338    0.02598452    0.03590886    0.00000000 
max(|Fsp_paral|) :   0.00000000    0.01366788    0.02336835    0.01664608    0.00028546    0.00606366    0.02229957    0.00000000 
max(|Fsp_perp|)  :   0.00000000    0.00000000    0.00000000    0.00000000    0.00000000    0.00000000    0.00000000    0.00000000 
max(|FNEB|)      :   0.00000000    0.03078874    0.04641111    0.04698463    0.05017252    0.04117601    0.04215660    0.00000000 
max(|Force|)     :   0.00207702    0.02427086    0.04891388    0.05157416    0.05024127    0.04530339    0.05003769    0.00089326 
ksp              :   0.01000000    0.03150908    0.06976130    0.10000000    0.10000000    0.08871165    0.03378084 
max(|step|)      :   0.00000000    0.04614166    0.07966205    0.10000000    0.09539094    0.07793210    0.08054255    0.00319675 
angle (deg.)     :    13.5134  12.6449  11.4828  10.9413  9.0006  18.5964 
>
iteration       : 2
climbing        : no
zoom on         : no
nim             : 8
barrier         :   0.07324783 (image:  4) 
distance        :   0.00000000    1.65855065    3.15648240    4.57429689    5.97656187    7.40549636    8.75699897   10.47101274 
energy          : -686.40744544  -686.40244767  -686.39326627  -686.36844179  -686.33419761  -686.33772136  -686.38671311  -686.39694856 
max(|Fr_perp|)   :   0.00000000    0.02770299    0.03200811    0.04457636    0.03620121    0.03725536    0.02390196    0.00000000 
Fr_paral         :   0.00000000   -0.00341400   -0.01203458   -0.02764683   -0.02088359    0.03133953    0.02717958    0.00000000 
max(|Fsp_paral|) :   0.00000000    0.00284188    0.02134582    0.02502620    0.00084074    0.00451877    0.02500409    0.00000000 
max(|Fsp_perp|)  :   0.00000000    0.00000000    0.00000000    0.00000000    0.00000000    0.00000000    0.00000000    0.00000000 
max(|FNEB|)      :   0.00000000    0.02762160    0.03747810    0.04722633    0.03564289    0.03558736    0.02703592    0.00000000 
max(|Force|)     :   0.00207702    0.02790540    0.03079829    0.04902389    0.04066204    0.04080352    0.02768793    0.00089326 
ksp              :   0.01000000    0.01531020    0.05092725    0.10000000    0.10000000    0.09492220    0.02467838 
max(|step|)      :   0.00000000    0.05848770    0.07935848    0.10000000    0.07547248    0.07535491    0.05724755    0.00000000 
angle (deg.)     :    13.9892  12.9807  14.5223  15.8233  15.2067  20.4104 
>
iteration       : 3
climbing        : no
zoom on         : no
nim             : 8
barrier         :   0.06078239 (image:  5) 
distance        :   0.00000000    1.67277800    3.27286754    4.75003741    6.02621837    7.43708128    8.64840057   10.56835288 
energy          : -686.40744544  -686.40330418  -686.39763899  -686.38392216  -686.35005988  -686.34666305  -686.38767788  -686.39694856 
max(|Fr_perp|)   :   0.00000000    0.02084477    0.03089677    0.03862303    0.03904068    0.03878090    0.02214968    0.00000000 
Fr_paral         :   0.00000000   -0.00141765   -0.00484738   -0.02195853   -0.03648397    0.03965236    0.02212961    0.00000000 
max(|Fsp_paral|) :   0.00000000    0.00033227    0.01466085    0.02582960    0.00725480    0.00672201    0.02065792    0.00000000 
max(|Fsp_perp|)  :   0.00000000    0.00000000    0.00000000    0.00000000    0.00000000    0.00000000    0.00000000    0.00000000 
max(|FNEB|)      :   0.00000000    0.02080589    0.02955448    0.03955491    0.03859580    0.03611745    0.02464399    0.00000000 
max(|Force|)     :   0.00207702    0.02077584    0.03109341    0.03833407    0.04309752    0.04406607    0.02375940    0.00089326 
ksp              :   0.01000000    0.01000000    0.03331438    0.09392042    0.10000000    0.10000000    0.02659248 
max(|step|)      :   0.00000000    0.02596127    0.06014450    0.10000000    0.07695395    0.08517287    0.06109896    0.00465077 
angle (deg.)     :    15.2617  13.0907  18.3390  23.7151  24.9331  22.7402 
>
iteration       : 4
climbing        : no
zoom on         : no
nim             : 8
barrier         :   0.05326600 (image:  5) 
distance        :   0.00000000    1.68217861    3.38715108    4.95545072    6.11454693    7.50824100    8.59293106   10.72918997 
energy          : -686.40744544  -686.40282203  -686.39944418  -686.39214949  -686.36585049  -686.35417945  -686.38755354  -686.39694856 
max(|Fr_perp|)   :   0.00000000    0.03194374    0.02896779    0.04111810    0.04197790    0.03391127    0.01839396    0.00000000 
Fr_paral         :   0.00000000    0.00073284   -0.00151823   -0.01025769   -0.04783527    0.04673659    0.01657564    0.00000000 
max(|Fsp_paral|) :   0.00000000    0.00010557    0.00643025    0.01991616    0.02109679    0.01181723    0.01353956    0.00000000 
max(|Fsp_perp|)  :   0.00000000    0.00000000    0.00000000    0.00000000    0.00000000    0.00000000    0.00000000    0.00000000 
max(|FNEB|)      :   0.00000000    0.03207415    0.02790448    0.04201055    0.04038323    0.02974448    0.01830573    0.00000000 
max(|Force|)     :   0.00207702    0.03210478    0.02928857    0.04115311    0.04376403    0.04027348    0.02027210    0.00089326 
ksp              :   0.01000000    0.01000000    0.02016140    0.07548169    0.10000000    0.10000000    0.02977517 
max(|step|)      :   0.00000000    0.05772471    0.05022044    0.07560750    0.07267877    0.05353193    0.03294530    0.00000000 
angle (deg.)     :    14.4412  12.9242  17.2336  31.4871  33.6375  22.9922 
>
iteration       : 5
climbing        : no
zoom on         : no
nim             : 8
barrier         :   0.04960354 (image:  5) 
distance        :   0.00000000    1.67665158    3.40369109    5.04657820    6.22526345    7.49177435    8.57734118   10.80091159 
energy          : -686.40744544  -686.40443039  -686.40066931  -686.39430330  -686.37059287  -686.35784190  -686.38780819  -686.39694856 
max(|Fr_perp|)   :   0.00000000    0.02341157    0.03852251    0.04876884    0.03645469    0.02387016    0.01884503    0.00000000 
Fr_paral         :   0.00000000   -0.00314408   -0.00586229   -0.01352656   -0.05066694    0.04740055    0.01532707    0.00000000 
max(|Fsp_paral|) :   0.00000000    0.00023113    0.00398944    0.01978522    0.01930130    0.00738918    0.01222346    0.00000000 
max(|Fsp_perp|)  :   0.00000000    0.00000000    0.00000000    0.00000000    0.00000000    0.00000000    0.00000000    0.00000000 
max(|FNEB|)      :   0.00000000    0.02346289    0.03852397    0.04297106    0.03749541    0.02143101    0.01822627    0.00000000 
max(|Force|)     :   0.00207702    0.02311868    0.03852241    0.05014763    0.04043852    0.03025974    0.01908726    0.00089326 
ksp              :   0.01000000    0.01000000    0.01608780    0.07065494    0.10000000    0.10000000    0.03103564 
max(|step|)      :   0.00000000    0.00871978    0.02008776    0.04467672    0.04445616    0.03746781    0.02216699    0.00073658 
angle (deg.)     :    14.6468  13.3690  17.7333  37.9164  41.0579  23.1354 
>
iteration       : 6
climbing        : no
zoom on         : no
nim             : 8
barrier         :   0.04728151 (image:  5) 
distance        :   0.00000000    1.67754983    3.42626432    5.14666053    6.33645296    7.52457540    8.60658785   10.89850410 
energy          : -686.40744544  -686.40498379  -686.40211512  -686.39672906  -686.37420604  -686.36016393  -686.38796436  -686.39694856 
max(|Fr_perp|)   :   0.00000000    0.02128484    0.02145171    0.02279884    0.02057919    0.02202751    0.01506970    0.00000000 
Fr_paral         :   0.00000000   -0.00201194   -0.00406135   -0.01226412   -0.05637837    0.04807831    0.01527913    0.00000000 
max(|Fsp_paral|) :   0.00000000    0.00032673    0.00027981    0.02066336    0.01917443    0.00450563    0.01084819    0.00000000 
max(|Fsp_perp|)  :   0.00000000    0.00000000    0.00000000    0.00000000    0.00000000    0.00000000    0.00000000    0.00000000 
max(|FNEB|)      :   0.00000000    0.02126736    0.02145213    0.03251596    0.02689040    0.02068396    0.01430328    0.00000000 
max(|Force|)     :   0.00207702    0.02134041    0.02145589    0.02415832    0.03790811    0.02824882    0.01540788    0.00089326 
ksp              :   0.01000000    0.01000000    0.01053704    0.06564353    0.10000000    0.10000000    0.03198142 
max(|step|)      :   0.00000000    0.01207599    0.02545358    0.10000000    0.09399482    0.08472757    0.04952381    0.00289827 
angle (deg.)     :    14.8878  14.5006  19.7635  53.4643  59.6062  24.1538 
>
iteration       : 7
climbing        : yes
zoom on         : no
nim             : 8
barrier         :   0.04225129 (image:  5) 
distance        :   0.00000000    1.67874119    3.45952129    5.38197335    6.58920110    7.66499267    8.73839060   11.18470803 
energy          : -686.40744544  -686.40572077  -686.40311893  -686.39854845  -686.37795876  -686.36519415  -686.38813164  -686.39694856 
max(|Fr_perp|)   :   0.00000000    0.01605239    0.00944389    0.01625022    0.01606084    0.01520452    0.00939077    0.00000000 
Fr_paral         :   0.00000000   -0.00119951   -0.00228434   -0.00980907   -0.06234413    0.04808909    0.01383725    0.00000000 
max(|Fsp_paral|) :   0.00000000    0.00046990    0.00061867    0.01904055    0.01540219    0.00010421    0.00679631    0.00000000 
max(|Fsp_perp|)  :   0.00000000    0.00000000    0.00000000    0.00000000    0.00000000    0.00000000    0.00000000    0.00000000 
max(|FNEB|)      :   0.00000000    0.01617090    0.00969371    0.02641530    0.02207826    0.01517167    0.00873903    0.00000000 
max(|Force|)     :   0.00207702    0.01622867    0.00924881    0.01845148    0.03466686    0.02564704    0.00991859    0.00089326 
ksp              :   0.01000000    0.01000000    0.01000000    0.06378713    0.10000000    0.10000000    0.03498745 
max(|step|)      :   0.00000000    0.06121793    0.03669734    0.10000000    0.08358134    0.05743514    0.03308321    0.00000000 
angle (deg.)     :    15.8284  15.6621  25.5950  54.8443  67.7207  25.4385 
>
iteration       : 8
climbing        : yes
zoom on         : no
nim             : 8
barrier         :   0.03951306 (image:  5) 
distance        :   0.00000000    1.68446671    3.47348574    5.62538445    6.76195425    7.76352254    8.81399158   11.35951854 
energy          : -686.40744544  -686.40297850  -686.40168473  -686.39724576  -686.37365880  -686.36793239  -686.38792869  -686.39694856 
max(|Fr_perp|)   :   0.00000000    0.03661273    0.02289732    0.03119490    0.02939442    0.02445546    0.01722819    0.00000000 
Fr_paral         :   0.00000000    0.00164799    0.00057626   -0.00599757   -0.06516738    0.04992432    0.01125292    0.00000000 
max(|Fsp_paral|) :   0.00000000    0.00048585    0.00155967    0.02212811    0.00331152    0.00239751    0.00261242    0.00000000 
max(|Fsp_perp|)  :   0.00000000    0.00000000    0.00000000    0.00000000    0.00000000    0.00000000    0.00000000    0.00000000 
max(|FNEB|)      :   0.00000000    0.03666165    0.02297114    0.03474879    0.02890501    0.02815274    0.01760246    0.00000000 
max(|Force|)     :   0.00207702    0.03669609    0.02290950    0.03117877    0.03420349    0.02588710    0.01671825    0.00089326 
ksp              :   0.01000000    0.01000000    0.01000000    0.08223828    0.10000000    0.10000000    0.03797711 
max(|step|)      :   0.00000000    0.00800747    0.01150778    0.06514096    0.06347016    0.03818802    0.02105179    0.00117442 
angle (deg.)     :    15.7718  16.3090  29.2419  57.2062  71.5331  28.0198 
>
iteration       : 9
climbing        : yes
zoom on         : no
nim             : 8
barrier         :   0.03913994 (image:  5) 
distance        :   0.00000000    1.68376331    3.47731298    5.80300269    6.86109235    7.78661904    8.85554951   11.46079874 
energy          : -686.40744544  -686.40404789  -686.40257805  -686.39778478  -686.37326041  -686.36830551  -686.38853126  -686.39694856 
max(|Fr_perp|)   :   0.00000000    0.03158010    0.01559297    0.02186028    0.02081755    0.02058966    0.01109377    0.00000000 
Fr_paral         :   0.00000000    0.00117673   -0.00064169   -0.00724742   -0.06220002    0.04798452    0.01018698    0.00000000 
max(|Fsp_paral|) :   0.00000000    0.00051103    0.00225274    0.02164401    0.00154885    0.00699562    0.00367548    0.00000000 
max(|Fsp_perp|)  :   0.00000000    0.00000000    0.00000000    0.00000000    0.00000000    0.00000000    0.00000000    0.00000000 
max(|FNEB|)      :   0.00000000    0.03163082    0.01534807    0.02357878    0.02056751    0.02565113    0.01163492    0.00000000 
max(|Force|)     :   0.00207702    0.03163847    0.01562222    0.02187944    0.03107671    0.02536825    0.01223367    0.00089326 
ksp              :   0.01000000    0.01000000    0.01000000    0.08443109    0.10000000    0.10000000    0.03644819 
max(|step|)      :   0.00000000    0.01184322    0.01111554    0.10000000    0.08507970    0.05528420    0.03062114    0.00073009 
angle (deg.)     :    15.5111  17.1985  36.1413  59.5901  76.4141  32.4450 
>
iteration       : 10
climbing        : yes
zoom on         : no
nim             : 8
barrier         :   0.03930979 (image:  5) 
distance        :   0.00000000    1.68348554    3.48993906    6.07188785    7.00827380    7.82848525    8.91460670   11.61365014 
energy          : -686.40744544  -686.40521962  -686.40311115  -686.39750233  -686.37205141  -686.36813565  -686.38909491  -686.39694856 
max(|Fr_perp|)   :   0.00000000    0.02181319    0.01283329    0.01891895    0.01745236    0.01391149    0.00937624    0.00000000 
Fr_paral         :   0.00000000    0.00009843   -0.00127848   -0.01106070   -0.05571733    0.04452884    0.01009943    0.00000000 
max(|Fsp_paral|) :   0.00000000    0.00057431    0.00323049    0.01989499    0.00009552    0.01265944    0.00459492    0.00000000 
max(|Fsp_perp|)  :   0.00000000    0.00000000    0.00000000    0.00000000    0.00000000    0.00000000    0.00000000    0.00000000 
max(|FNEB|)      :   0.00000000    0.02202152    0.01217395    0.02034200    0.01759903    0.02491922    0.01030240    0.00000000 
max(|Force|)     :   0.00207702    0.02197482    0.01309713    0.01916860    0.02951276    0.02431963    0.01021063    0.00089326 
ksp              :   0.01000000    0.01000000    0.01000000    0.08782128    0.10000000    0.10000000    0.03455134 
max(|step|)      :   0.00000000    0.04632184    0.02560767    0.04278901    0.03701921    0.05241710    0.02167091    0.00000000 
angle (deg.)     :    15.1814  17.8099  37.8908  57.6150  71.4271  36.8452 
>
iteration       : 11
climbing        : yes
zoom on         : no
nim             : 8
barrier         :   0.04211314 (image:  5) 
distance        :   0.00000000    1.68284292    3.50255112    6.17665215    7.00025118    7.72914585    8.82441456   11.55658560 
energy          : -686.40744544  -686.40543407  -686.40315670  -686.39640588  -686.37321023  -686.36533230  -686.38919690  -686.39694856 
max(|Fr_perp|)   :   0.00000000    0.01965039    0.01781971    0.02002917    0.01689281    0.01148607    0.01300730    0.00000000 
Fr_paral         :   0.00000000   -0.00159852   -0.00351525   -0.01747676   -0.05307706    0.03817831    0.01163782    0.00000000 
max(|Fsp_paral|) :   0.00000000    0.00063585    0.00521750    0.01205880    0.00419422    0.01754913    0.00627711    0.00000000 
max(|Fsp_perp|)  :   0.00000000    0.00000000    0.00000000    0.00000000    0.00000000    0.00000000    0.00000000    0.00000000 
max(|FNEB|)      :   0.00000000    0.01961505    0.01724169    0.02232002    0.01768427    0.02405506    0.01181961    0.00000000 
max(|Force|)     :   0.00207702    0.01969428    0.01798007    0.02203870    0.03112960    0.02018409    0.01364005    0.00089326 
ksp              :   0.01000000    0.01000000    0.01154481    0.07757441    0.10000000    0.10000000    0.03206616 
max(|step|)      :   0.00000000    0.00568173    0.01101661    0.03237455    0.01318719    0.04243982    0.01198537    0.00040613 
angle (deg.)     :    15.3385  18.2724  41.0524  55.0873  69.2387  39.7668 
>
iteration       : 12
climbing        : yes
zoom on         : no
nim             : 8
barrier         :   0.04366722 (image:  5) 
distance        :   0.00000000    1.68455429    3.52364385    6.25714117    7.01848655    7.67429948    8.78415698   11.54977166 
energy          : -686.40744544  -686.40586245  -686.40355651  -686.39648724  -686.37389418  -686.36377822  -686.38929486  -686.39694856 
max(|Fr_perp|)   :   0.00000000    0.01575658    0.00831287    0.01237367    0.00759827    0.00969000    0.00753474    0.00000000 
Fr_paral         :   0.00000000   -0.00113786   -0.00235220   -0.01962977   -0.05232079    0.03063720    0.01323639    0.00000000 
max(|Fsp_paral|) :   0.00000000    0.00071783    0.00509021    0.00977816    0.00489394    0.02172024    0.00770390    0.00000000 
max(|Fsp_perp|)  :   0.00000000    0.00000000    0.00000000    0.00000000    0.00000000    0.00000000    0.00000000    0.00000000 
max(|FNEB|)      :   0.00000000    0.01571567    0.00900365    0.01428894    0.00846877    0.02047240    0.00881980    0.00000000 
max(|Force|)     :   0.00207702    0.01578848    0.00818578    0.02021408    0.03007973    0.01775198    0.00858167    0.00089326 
ksp              :   0.01000000    0.01000000    0.01125168    0.07255271    0.10000000    0.10000000    0.03076654 
max(|step|)      :   0.00000000    0.00847978    0.02221870    0.07114485    0.03638084    0.10000000    0.03284400    0.00149412 
angle (deg.)     :    15.6253  19.2692  51.8529  46.9920  66.2099  46.1862 
>
iteration       : 13
climbing        : yes
zoom on         : no
nim             : 8
barrier         :   0.04490979 (image:  5) 
distance        :   0.00000000    1.68883639    3.57378683    6.43867774    7.08501022    7.57323157    8.71943300   11.57996354 
energy          : -686.40744544  -686.40627553  -686.40368820  -686.39568606  -686.37448554  -686.36253566  -686.38909649  -686.39694856 
max(|Fr_perp|)   :   0.00000000    0.00656392    0.00630507    0.00918093    0.00964053    0.00819911    0.00816553    0.00000000 
Fr_paral         :   0.00000000   -0.00096795   -0.00151558   -0.02302524   -0.04733321    0.00865408    0.01652420    0.00000000 
max(|Fsp_paral|) :   0.00000000    0.00091203    0.00790364    0.00310615    0.00212968    0.03151527    0.00956739    0.00000000 
max(|Fsp_perp|)  :   0.00000000    0.00000000    0.00000000    0.00000000    0.00000000    0.00000000    0.00000000    0.00000000 
max(|FNEB|)      :   0.00000000    0.00659757    0.00955177    0.01024641    0.00933137    0.01079850    0.01262058    0.00000000 
max(|Force|)     :   0.00207702    0.00668590    0.00644386    0.02063683    0.02739701    0.01166472    0.01129694    0.00089326 
ksp              :   0.01000000    0.01000000    0.01332646    0.06875043    0.10000000    0.10000000    0.03052888 
max(|step|)      :   0.00000000    0.02680906    0.03881338    0.04163603    0.03791777    0.04387941    0.05128340    0.00000000 
angle (deg.)     :    16.3220  19.1869  58.9069  39.0539  59.7938  48.4958 
>
iteration       : 14
climbing        : yes
zoom on         : no
nim             : 8
barrier         :   0.04359736 (image:  5) 
distance        :   0.00000000    1.69631091    3.64901981    6.48963805    7.15118569    7.60085029    8.67455350   11.63941930 
energy          : -686.40744544  -686.40573854  -686.40326921  -686.39612256  -686.37503089  -686.36384808  -686.38839570  -686.39694856 
max(|Fr_perp|)   :   0.00000000    0.01585746    0.01006190    0.01093292    0.01482983    0.00908188    0.00763806    0.00000000 
Fr_paral         :   0.00000000   -0.00040079   -0.00301033   -0.01287311   -0.04169294    0.00217355    0.01495115    0.00000000 
max(|Fsp_paral|) :   0.00000000    0.00119356    0.00619994    0.00615515    0.00051177    0.02952405    0.00341317    0.00000000 
max(|Fsp_perp|)  :   0.00000000    0.00000000    0.00000000    0.00000000    0.00000000    0.00000000    0.00000000    0.00000000 
max(|FNEB|)      :   0.00000000    0.01596740    0.00921432    0.01015227    0.01488575    0.00846376    0.00676569    0.00000000 
max(|Force|)     :   0.00207702    0.01583980    0.01022890    0.01182274    0.02540990    0.00994481    0.00955498    0.00089326 
ksp              :   0.01000000    0.01000000    0.01224589    0.06959401    0.10000000    0.10000000    0.03325516 
max(|step|)      :   0.00000000    0.01340699    0.02747665    0.02438095    0.02321674    0.03027745    0.03231971    0.00063449 
angle (deg.)     :    16.3308  19.3681  63.1627  35.7079  56.3209  50.7968 
>
iteration       : 15
climbing        : yes
zoom on         : no
nim             : 8
barrier         :   0.04209858 (image:  5) 
distance        :   0.00000000    1.70213162    3.70957851    6.53127653    7.19240912    7.62894218    8.66419626   11.69455438 
energy          : -686.40744544  -686.40629667  -686.40346135  -686.39636717  -686.37597796  -686.36534686  -686.38831120  -686.39694856 
max(|Fr_perp|)   :   0.00000000    0.00628685    0.00534433    0.00923987    0.00766019    0.00679017    0.00667110    0.00000000 
Fr_paral         :   0.00000000   -0.00109277   -0.00317348   -0.01087543   -0.03864414   -0.00200583    0.01438141    0.00000000 
max(|Fsp_paral|) :   0.00000000    0.00142096    0.00519362    0.00762034    0.00124536    0.02810009    0.00054468    0.00000000 
max(|Fsp_perp|)  :   0.00000000    0.00000000    0.00000000    0.00000000    0.00000000    0.00000000    0.00000000    0.00000000 
max(|FNEB|)      :   0.00000000    0.00625060    0.00732547    0.00923990    0.00828677    0.00759481    0.00670815    0.00000000 
max(|Force|)     :   0.00207702    0.00630120    0.00531522    0.00990974    0.02429079    0.00598552    0.00902198    0.00089326 
ksp              :   0.01000000    0.01000000    0.01165576    0.06972317    0.10000000    0.10000000    0.03459876 
max(|step|)      :   0.00000000    0.02034449    0.06787592    0.05664006    0.05340127    0.07064241    0.06722622    0.00213854 
angle (deg.)     :    16.8283  20.4019  72.0869  35.8863  51.8344  57.7273 
>
iteration       : 16
climbing        : yes
zoom on         : no
nim             : 8
barrier         :   0.03962838 (image:  5) 
distance        :   0.00000000    1.72229805    3.86680562    6.64394959    7.30457736    7.73670513    8.71117306   11.88669513 
energy          : -686.40744544  -686.40617523  -686.40340089  -686.39625406  -686.37780799  -686.36781706  -686.38824051  -686.39694856 
max(|Fr_perp|)   :   0.00000000    0.01044699    0.00520065    0.00804547    0.00717961    0.00997378    0.00715064    0.00000000 
Fr_paral         :   0.00000000   -0.00122217   -0.00237078   -0.01269351   -0.03227997   -0.00921159    0.01296522    0.00000000 
max(|Fsp_paral|) :   0.00000000    0.00195929    0.00495305    0.00746192    0.00145703    0.02497590    0.00913778    0.00000000 
max(|Fsp_perp|)  :   0.00000000    0.00000000    0.00000000    0.00000000    0.00000000    0.00000000    0.00000000    0.00000000 
max(|FNEB|)      :   0.00000000    0.01030947    0.00632258    0.00847888    0.00696335    0.01004586    0.01060401    0.00000000 
max(|Force|)     :   0.00207702    0.01048752    0.00532244    0.00811869    0.02018544    0.00990170    0.00859549    0.00089326 
ksp              :   0.01000000    0.01000000    0.01214563    0.06913363    0.10000000    0.10000000    0.03690299 
max(|step|)      :   0.00000000    0.01169579    0.07995786    0.06176195    0.05945862    0.07797704    0.07535247    0.00239349 
angle (deg.)     :    17.5015  21.8971  79.4358  46.9451  54.0456  66.8346 
>
iteration       : 17
climbing        : yes
zoom on         : no
nim             : 8
barrier         :   0.03809216 (image:  5) 
distance        :   0.00000000    1.75223696    4.05393399    6.77125021    7.43839344    7.90829369    8.87779413   12.17979138 
energy          : -686.40744544  -686.40636297  -686.40313416  -686.39450326  -686.37838293  -686.36935328  -686.38915270  -686.39694856 
max(|Fr_perp|)   :   0.00000000    0.00520939    0.01215542    0.02498907    0.01839840    0.00777478    0.00777047    0.00000000 
Fr_paral         :   0.00000000   -0.00124601   -0.00197801   -0.01438640   -0.02336326   -0.01155096    0.00706426    0.00000000 
max(|Fsp_paral|) :   0.00000000    0.00254447    0.01031240    0.00114593    0.00004832    0.02240402    0.00997901    0.00000000 
max(|Fsp_perp|)  :   0.00000000    0.00000000    0.00000000    0.00000000    0.00000000    0.00000000    0.00000000    0.00000000 
max(|FNEB|)      :   0.00000000    0.00492069    0.01183068    0.02497981    0.01838735    0.00727831    0.01197428    0.00000000 
max(|Force|)     :   0.00207702    0.00527566    0.01224020    0.02493058    0.01769606    0.01167902    0.00794482    0.00089326 
ksp              :   0.01000000    0.01000000    0.01797516    0.07055045    0.10000000    0.10000000    0.03542564 
max(|step|)      :   0.00000000    0.01225059    0.08879035    0.06060020    0.05836421    0.08021310    0.07744914    0.00301579 
angle (deg.)     :    18.2502  23.4389  85.3189  59.2637  61.2620  75.8112 
>
iteration       : 18
climbing        : yes
zoom on         : no
nim             : 8
barrier         :   0.03822910 (image:  5) 
distance        :   0.00000000    1.78560463    4.25841854    6.89465783    7.59974784    8.12676417    9.12311104   12.54737158 
energy          : -686.40744544  -686.40639411  -686.40302362  -686.39405647  -686.37857269  -686.36921635  -686.38994559  -686.39694856 
max(|Fr_perp|)   :   0.00000000    0.00386097    0.00772720    0.01589490    0.01704657    0.01423542    0.01015656    0.00000000 
Fr_paral         :   0.00000000   -0.00118547   -0.00137175   -0.01364406   -0.01887602   -0.01145622    0.00125871    0.00000000 
max(|Fsp_paral|) :   0.00000000    0.00317828    0.01039628    0.00128867    0.00225671    0.02039139    0.00636538    0.00000000 
max(|Fsp_perp|)  :   0.00000000    0.00000000    0.00000000    0.00000000    0.00000000    0.00000000    0.00000000    0.00000000 
max(|FNEB|)      :   0.00000000    0.00461057    0.01222573    0.01584959    0.01737815    0.01101937    0.01065721    0.00000000 
max(|Force|)     :   0.00207702    0.00388921    0.00780084    0.01558826    0.01846759    0.01902456    0.01020711    0.00089326 
ksp              :   0.01000000    0.01000000    0.01938576    0.06963563    0.10000000    0.10000000    0.03272692 
max(|step|)      :   0.00000000    0.01681210    0.10000000    0.05446632    0.05525659    0.08245976    0.07936059    0.00232791 
angle (deg.)     :    19.0629  25.0310  87.7869  68.5681  67.6180  83.7512 
>
iteration       : 19
climbing        : yes
zoom on         : no
nim             : 8
barrier         :   0.03842202 (image:  5) 
distance        :   0.00000000    1.83029022    4.48236732    6.99943505    7.73319550    8.31341263    9.33250525   12.86079819 
energy          : -686.40744544  -686.40639773  -686.40288405  -686.39346745  -686.37834474  -686.36902342  -686.39109422  -686.39694856 
max(|Fr_perp|)   :   0.00000000    0.00161669    0.00389721    0.01373049    0.01342068    0.01406592    0.00493307    0.00000000 
Fr_paral         :   0.00000000   -0.00126817   -0.00165147   -0.01350222   -0.01667260   -0.01020326    0.00614382    0.00000000 
max(|Fsp_paral|) :   0.00000000    0.00380236    0.01044815    0.00136885    0.00399646    0.01915151    0.00001191    0.00000000 
max(|Fsp_perp|)  :   0.00000000    0.00000000    0.00000000    0.00000000    0.00000000    0.00000000    0.00000000    0.00000000 
max(|FNEB|)      :   0.00000000    0.00344655    0.01213107    0.01394430    0.01389914    0.01161306    0.00496623    0.00000000 
max(|Force|)     :   0.00207702    0.00171196    0.00405199    0.01376305    0.01863978    0.01842377    0.00491459    0.00089326 
ksp              :   0.01000000    0.01000000    0.02125941    0.06998469    0.10000000    0.10000000    0.02886855 
max(|step|)      :   0.00000000    0.00630520    0.02219287    0.02551003    0.02542742    0.02124521    0.00908533    0.00000000 
angle (deg.)     :    19.2926  24.7026  85.9704  65.8983  64.8476  84.1276 
>
iteration       : 20
climbing        : yes
zoom on         : no
nim             : 8
barrier         :   0.03753096 (image:  5) 
distance        :   0.00000000    1.84500313    4.52721493    6.98459181    7.70183175    8.27375829    9.25895612   12.78222160 
energy          : -686.40744544  -686.40639045  -686.40283428  -686.39357205  -686.37876066  -686.36991448  -686.39131641  -686.39694856 
max(|Fr_perp|)   :   0.00000000    0.00193956    0.00420843    0.01749890    0.01766779    0.01194737    0.00364593    0.00000000 
Fr_paral         :   0.00000000   -0.00126034   -0.00233053   -0.01098510   -0.01770691   -0.01064072    0.00902031    0.00000000 
max(|Fsp_paral|) :   0.00000000    0.00387924    0.00980076    0.00103229    0.00389923    0.01782394    0.00134946    0.00000000 
max(|Fsp_perp|)  :   0.00000000    0.00000000    0.00000000    0.00000000    0.00000000    0.00000000    0.00000000    0.00000000 
max(|FNEB|)      :   0.00000000    0.00376005    0.01093012    0.01751186    0.01801671    0.00956739    0.00378896    0.00000000 
max(|Force|)     :   0.00207702    0.00185806    0.00412204    0.01760405    0.01841267    0.01651240    0.00665338    0.00089326 
ksp              :   0.01000000    0.01000000    0.02124086    0.07054990    0.10000000    0.10000000    0.02875018 
max(|step|)      :   0.00000000    0.00703895    0.02281155    0.00981484    0.01496249    0.02084819    0.00804802    0.00039777 
angle (deg.)     :    19.5101  24.4473  83.8782  63.5537  62.3233  84.6165 
>
iteration       : 21
climbing        : yes
zoom on         : no
nim             : 8
barrier         :   0.03692616 (image:  5) 
distance        :   0.00000000    1.86087581    4.57513061    6.97002766    7.67212460    8.23956655    9.19470947   12.71277707 
energy          : -686.40744544  -686.40636857  -686.40272227  -686.39390320  -686.37944657  -686.37051928  -686.39149220  -686.39694856 
max(|Fr_perp|)   :   0.00000000    0.00190818    0.00361776    0.01368740    0.01390416    0.00919098    0.00323446    0.00000000 
Fr_paral         :   0.00000000   -0.00135869   -0.00278528   -0.00925119   -0.01964237   -0.01010705    0.01053314    0.00000000 
max(|Fsp_paral|) :   0.00000000    0.00395710    0.00834851    0.00005288    0.00457980    0.01652327    0.00238744    0.00000000 
max(|Fsp_perp|)  :   0.00000000    0.00000000    0.00000000    0.00000000    0.00000000    0.00000000    0.00000000    0.00000000 
max(|FNEB|)      :   0.00000000    0.00356200    0.00925772    0.01368456    0.01428359    0.00768222    0.00522386    0.00000000 
max(|Force|)     :   0.00207702    0.00182248    0.00349579    0.01380460    0.01840007    0.01348433    0.00782093    0.00089326 
ksp              :   0.01000000    0.01000000    0.02037041    0.06959978    0.10000000    0.10000000    0.02858061 
max(|step|)      :   0.00000000    0.03372083    0.10000000    0.05973393    0.06436132    0.08809198    0.03755839    0.00193093 
angle (deg.)     :    20.3291  24.0591  71.4490  52.8896  53.5883  87.6270 
>
iteration       : 22
climbing        : yes
zoom on         : no
nim             : 8
barrier         :   0.03613897 (image:  5) 
distance        :   0.00000000    1.94180807    4.79567714    6.91770954    7.57204257    8.13072283    8.99427073   12.48795741 
energy          : -686.40744544  -686.40628604  -686.40231356  -686.39483843  -686.37996653  -686.37130648  -686.39229381  -686.39694856 
max(|Fr_perp|)   :   0.00000000    0.00189096    0.00446309    0.01010310    0.01241941    0.00496316    0.00274339    0.00000000 
Fr_paral         :   0.00000000   -0.00169748   -0.00284440   -0.01081266   -0.02614543   -0.00137171    0.00777307    0.00000000 
max(|Fsp_paral|) :   0.00000000    0.00423312    0.00326714    0.00554947    0.00544641    0.01309760    0.00279289    0.00000000 
max(|Fsp_perp|)  :   0.00000000    0.00000000    0.00000000    0.00000000    0.00000000    0.00000000    0.00000000    0.00000000 
max(|FNEB|)      :   0.00000000    0.00372556    0.00594002    0.00959779    0.01275485    0.00501254    0.00408955    0.00000000 
max(|Force|)     :   0.00207702    0.00175142    0.00448989    0.01118442    0.01849178    0.00513502    0.00513193    0.00089326 
ksp              :   0.01000000    0.01000000    0.01744002    0.06963426    0.10000000    0.10000000    0.02634315 
max(|step|)      :   0.00000000    0.00542622    0.00865154    0.01397904    0.01857724    0.00730069    0.00595637    0.00000000 
angle (deg.)     :    20.3590  24.2535  69.1876  50.5408  53.6022  87.7341 
>
iteration       : 23
climbing        : yes
zoom on         : no
nim             : 8
barrier         :   0.03591405 (image:  5) 
distance        :   0.00000000    1.95534862    4.81028633    6.92322968    7.56630700    8.11551143    8.98979907   12.48009608 
energy          : -686.40744544  -686.40628025  -686.40237828  -686.39489633  -686.38008435  -686.37153139  -686.39245879  -686.39694856 
max(|Fr_perp|)   :   0.00000000    0.00167482    0.00317582    0.00755019    0.01105177    0.00438096    0.00342238    0.00000000 
Fr_paral         :   0.00000000   -0.00165211   -0.00275839   -0.01246281   -0.02671934   -0.00109483    0.00673822    0.00000000 
max(|Fsp_paral|) :   0.00000000    0.00417704    0.00305798    0.00539070    0.00537912    0.01424084    0.00144936    0.00000000 
max(|Fsp_perp|)  :   0.00000000    0.00000000    0.00000000    0.00000000    0.00000000    0.00000000    0.00000000    0.00000000 
max(|FNEB|)      :   0.00000000    0.00358750    0.00470606    0.00754223    0.01137425    0.00439290    0.00355119    0.00000000 
max(|Force|)     :   0.00207702    0.00164599    0.00356956    0.00987499    0.01844272    0.00436902    0.00424033    0.00089326 
ksp              :   0.01000000    0.01000000    0.01726677    0.06971471    0.10000000    0.10000000    0.02589788 
max(|step|)      :   0.00000000    0.00469079    0.00672751    0.00903131    0.01131348    0.00494631    0.00423559    0.00026066 
angle (deg.)     :    20.3767  24.5227  67.0870  48.6344  53.6460  87.7876 
>
iteration       : 24
climbing        : yes
zoom on         : no
nim             : 8
barrier         :   0.03575902 (image:  5) 
distance        :   0.00000000    1.96779675    4.82339641    6.92854583    7.56345654    8.10395231    8.98606053   12.47324966 
energy          : -686.40744544  -686.40626921  -686.40239173  -686.39485747  -686.38023332  -686.37168642  -686.39257313  -686.39694856 
max(|Fr_perp|)   :   0.00000000    0.00140130    0.00202079    0.00557780    0.00713910    0.00335515    0.00333118    0.00000000 
Fr_paral         :   0.00000000   -0.00159031   -0.00250993   -0.01365179   -0.02726135   -0.00087813    0.00658428    0.00000000 
max(|Fsp_paral|) :   0.00000000    0.00412503    0.00314912    0.00476583    0.00530257    0.01522896    0.00049839    0.00000000 
max(|Fsp_perp|)  :   0.00000000    0.00000000    0.00000000    0.00000000    0.00000000    0.00000000    0.00000000    0.00000000 
max(|FNEB|)      :   0.00000000    0.00374151    0.00494231    0.00647176    0.00739700    0.00336095    0.00338366    0.00000000 
max(|Force|)     :   0.00207702    0.00127047    0.00238226    0.01000444    0.01829840    0.00334935    0.00430687    0.00089326 
ksp              :   0.01000000    0.01000000    0.01744982    0.06955045    0.10000000    0.10000000    0.02558811 
max(|step|)      :   0.00000000    0.03692429    0.04685510    0.05385520    0.07658858    0.03143064    0.02855389    0.00266899 
angle (deg.)     :    20.5532  26.7532  52.3208  42.1769  56.0559  87.9422 
>
iteration       : 25
climbing        : yes
zoom on         : no
nim             : 8
barrier         :   0.03529734 (image:  5) 
distance        :   0.00000000    2.06103338    4.92031844    6.97107399    7.58971746    8.07996392    9.00872490   12.47343547 
energy          : -686.40744544  -686.40616235  -686.40219930  -686.39386847  -686.37941606  -686.37214810  -686.39305766  -686.39694856 
max(|Fr_perp|)   :   0.00000000    0.00129449    0.00569942    0.00989924    0.00804730    0.00368296    0.00403469    0.00000000 
Fr_paral         :   0.00000000   -0.00130189   -0.00128811   -0.01846956   -0.02489178    0.00131746    0.00737377    0.00000000 
max(|Fsp_paral|) :   0.00000000    0.00373197    0.00564131    0.00125787    0.00185305    0.02128850    0.00475029    0.00000000 
max(|Fsp_perp|)  :   0.00000000    0.00000000    0.00000000    0.00000000    0.00000000    0.00000000    0.00000000    0.00000000 
max(|FNEB|)      :   0.00000000    0.00425270    0.00829957    0.00971417    0.00806566    0.00423380    0.00878306    0.00000000 
max(|Force|)     :   0.00207702    0.00166885    0.00547363    0.01806520    0.01666439    0.00316712    0.00714847    0.00089326 
ksp              :   0.01000000    0.01000000    0.02117755    0.07362485    0.10000000    0.10000000    0.02411995 
max(|step|)      :   0.00000000    0.03353624    0.04758876    0.02955926    0.04657921    0.02045146    0.02103329    0.00132986 
angle (deg.)     :    20.9242  28.0921  44.6229  45.9320  57.7409  87.5954 
>
iteration       : 26
climbing        : yes
zoom on         : no
nim             : 8
barrier         :   0.03522767 (image:  5) 
distance        :   0.00000000    2.13895066    5.01375055    7.00978419    7.64222532    8.11488714    9.05334690   12.49995977 
energy          : -686.40744544  -686.40607802  -686.40218532  -686.39359796  -686.37863676  -686.37221777  -686.39332378  -686.39694856 
max(|Fr_perp|)   :   0.00000000    0.00130221    0.00415029    0.00905690    0.01469327    0.00551751    0.00318990    0.00000000 
Fr_paral         :   0.00000000   -0.00142959   -0.00194759   -0.01741781   -0.02110738    0.00188894    0.00740377    0.00000000 
max(|Fsp_paral|) :   0.00000000    0.00345782    0.00583147    0.00229330    0.00061530    0.02331828    0.00702268    0.00000000 
max(|Fsp_perp|)  :   0.00000000    0.00000000    0.00000000    0.00000000    0.00000000    0.00000000    0.00000000    0.00000000 
max(|FNEB|)      :   0.00000000    0.00382423    0.00776623    0.00978240    0.01466455    0.00546291    0.01021083    0.00000000 
max(|Force|)     :   0.00207702    0.00161674    0.00416384    0.01698650    0.01574312    0.00557211    0.00656416    0.00089326 
ksp              :   0.01000000    0.01000000    0.02219348    0.07664009    0.10000000    0.10000000    0.02319125 
max(|step|)      :   0.00000000    0.06676941    0.10000000    0.06267006    0.08117673    0.04049020    0.04290537    0.00082747 
angle (deg.)     :    21.8333  31.1498  36.1892  64.2132  63.6572  86.5409 
>
iteration       : 27
climbing        : yes
zoom on         : no
nim             : 8
barrier         :   0.03521791 (image:  5) 
distance        :   0.00000000    2.29284984    5.21171671    7.10689147    7.78346320    8.27108486    9.20342265   12.61729100 
energy          : -686.40744544  -686.40591153  -686.40204226  -686.39285584  -686.37828542  -686.37222754  -686.39363456  -686.39694856 
max(|Fr_perp|)   :   0.00000000    0.00138300    0.00274971    0.00937751    0.01076934    0.00644985    0.00310530    0.00000000 
Fr_paral         :   0.00000000   -0.00149837   -0.00251567   -0.01480515   -0.01709137    0.00347151    0.00918290    0.00000000 
max(|Fsp_paral|) :   0.00000000    0.00296883    0.00654234    0.00245444    0.00174801    0.02241461    0.00868713    0.00000000 
max(|Fsp_perp|)  :   0.00000000    0.00000000    0.00000000    0.00000000    0.00000000    0.00000000    0.00000000    0.00000000 
max(|FNEB|)      :   0.00000000    0.00309917    0.00728481    0.00909220    0.01104945    0.00702216    0.01039389    0.00000000 
max(|Force|)     :   0.00207702    0.00158023    0.00295384    0.01599657    0.01638935    0.00675889    0.00690491    0.00089326 
ksp              :   0.01000000    0.01000000    0.02493732    0.07799553    0.10000000    0.10000000    0.02205618 
max(|step|)      :   0.00000000    0.00523950    0.01231580    0.01537140    0.01868037    0.01187177    0.01757206    0.00000000 
angle (deg.)     :    22.0484  30.8061  35.9725  61.2661  61.1950  86.0699 
>
iteration       : 28
climbing        : yes
zoom on         : no
nim             : 8
barrier         :   0.03477332 (image:  5) 
distance        :   0.00000000    2.30335793    5.23963462    7.11935030    7.76696547    8.25050138    9.14438599   12.55769481 
energy          : -686.40744544  -686.40590151  -686.40199868  -686.39299727  -686.37894056  -686.37267212  -686.39345529  -686.39694856 
max(|Fr_perp|)   :   0.00000000    0.00180728    0.00313629    0.01226738    0.01729397    0.00584574    0.00434730    0.00000000 
Fr_paral         :   0.00000000   -0.00165863   -0.00253468   -0.01585805   -0.01981095    0.00380655    0.01101413    0.00000000 
max(|Fsp_paral|) :   0.00000000    0.00299876    0.00614685    0.00155845    0.00062113    0.02036420    0.00530189    0.00000000 
max(|Fsp_perp|)  :   0.00000000    0.00000000    0.00000000    0.00000000    0.00000000    0.00000000    0.00000000    0.00000000 
max(|FNEB|)      :   0.00000000    0.00290340    0.00713666    0.01214972    0.01724991    0.00735602    0.00757014    0.00000000 
max(|Force|)     :   0.00207702    0.00189304    0.00322944    0.01625530    0.01660391    0.00571931    0.00826695    0.00089326 
ksp              :   0.01000000    0.01000000    0.02464862    0.07676104    0.10000000    0.10000000    0.02295059 
max(|step|)      :   0.00000000    0.00443951    0.01067665    0.01057706    0.01296145    0.01064739    0.01326016    0.00019196 
angle (deg.)     :    22.2428  30.4459  36.3859  58.4549  59.0323  85.7869 
>
iteration       : 29
climbing        : yes
zoom on         : no
nim             : 8
barrier         :   0.03451008 (image:  5) 
distance        :   0.00000000    2.31276600    5.26364759    7.13089919    7.75768594    8.23713212    9.10545618   12.51828295 
energy          : -686.40744544  -686.40589255  -686.40196554  -686.39331682  -686.37976692  -686.37293536  -686.39331042  -686.39694856 
max(|Fr_perp|)   :   0.00000000    0.00147407    0.00256233    0.00793170    0.01061433    0.00462085    0.00408218    0.00000000 
Fr_paral         :   0.00000000   -0.00168623   -0.00253169   -0.01541780   -0.02308440    0.00345319    0.01167833    0.00000000 
max(|Fsp_paral|) :   0.00000000    0.00302193    0.00528976    0.00120508    0.00062510    0.01915576    0.00292636    0.00000000 
max(|Fsp_perp|)  :   0.00000000    0.00000000    0.00000000    0.00000000    0.00000000    0.00000000    0.00000000    0.00000000 
max(|FNEB|)      :   0.00000000    0.00289825    0.00638109    0.00749152    0.01065415    0.00600646    0.00478480    0.00000000 
max(|Force|)     :   0.00207702    0.00140495    0.00267479    0.01524201    0.01622780    0.00449995    0.00817541    0.00089326 
ksp              :   0.01000000    0.01000000    0.02361154    0.07439574    0.10000000    0.10000000    0.02363553 
max(|step|)      :   0.00000000    0.02361497    0.05241751    0.05301537    0.05184809    0.04883726    0.05108833    0.00120971 
angle (deg.)     :    23.1605  28.8239  43.6365  44.4149  48.9818  85.0278 
>
iteration       : 30
climbing        : yes
zoom on         : no
nim             : 8
barrier         :   0.03417809 (image:  5) 
distance        :   0.00000000    2.36398235    5.38032312    7.19200607    7.75630951    8.21226349    9.00007404   12.40982879 
energy          : -686.40744544  -686.40584287  -686.40176359  -686.39421169  -686.38128944  -686.37326735  -686.39265569  -686.39694856 
max(|Fr_perp|)   :   0.00000000    0.00101323    0.00197140    0.00872811    0.00463371    0.00384503    0.00438650    0.00000000 
Fr_paral         :   0.00000000   -0.00169705   -0.00254679   -0.01258535   -0.03149935    0.00102831    0.01048416    0.00000000 
max(|Fsp_paral|) :   0.00000000    0.00308462    0.00248061    0.00121747    0.00353170    0.01551517    0.00541975    0.00000000 
max(|Fsp_perp|)  :   0.00000000    0.00000000    0.00000000    0.00000000    0.00000000    0.00000000    0.00000000    0.00000000 
max(|FNEB|)      :   0.00000000    0.00307038    0.00408967    0.00799865    0.00636912    0.00382112    0.00776651    0.00000000 
max(|Force|)     :   0.00207702    0.00103792    0.00251648    0.01276915    0.01814674    0.00386895    0.00755786    0.00089326 
ksp              :   0.01000000    0.01000000    0.02040143    0.06951220    0.10000000    0.10000000    0.02631498 
max(|step|)      :   0.00000000    0.01578479    0.02778142    0.02470281    0.02000690    0.01141386    0.00989618    0.00037174 
angle (deg.)     :    23.5486  28.4821  49.0261  41.2582  45.6638  85.2007 
>
iteration       : 31
climbing        : yes
zoom on         : no
nim             : 8
barrier         :   0.03416297 (image:  5) 
distance        :   0.00000000    2.39829528    5.43813014    7.22576103    7.78988111    8.23063088    9.03176699   12.43445589 
energy          : -686.40744544  -686.40580858  -686.40170480  -686.39442490  -686.38106995  -686.37328247  -686.39286590  -686.39694856 
max(|Fr_perp|)   :   0.00000000    0.00158030    0.00261191    0.01078069    0.01371030    0.00503973    0.00615484    0.00000000 
Fr_paral         :   0.00000000   -0.00172848   -0.00245547   -0.01469605   -0.03038947    0.00006014    0.00787818    0.00000000 
max(|Fsp_paral|) :   0.00000000    0.00303535    0.00170091    0.00258815    0.00252536    0.01725619    0.00333893    0.00000000 
max(|Fsp_perp|)  :   0.00000000    0.00000000    0.00000000    0.00000000    0.00000000    0.00000000    0.00000000    0.00000000 
max(|FNEB|)      :   0.00000000    0.00293308    0.00360087    0.01038858    0.01376613    0.00503992    0.00524615    0.00000000 
max(|Force|)     :   0.00207702    0.00154112    0.00310673    0.01269027    0.01831139    0.00503953    0.00566197    0.00089326 
ksp              :   0.01000000    0.01000000    0.01959725    0.07038492    0.10000000    0.10000000    0.02552599 
max(|step|)      :   0.00000000    0.00761126    0.01207951    0.00837433    0.00745542    0.00455428    0.00640751    0.00018842 
angle (deg.)     :    23.6958  28.3661  51.2929  40.2181  44.9418  85.3135 
>
iteration       : 32
climbing        : yes
zoom on         : no
nim             : 8
barrier         :   0.03403638 (image:  5) 
distance        :   0.00000000    2.41504902    5.46164576    7.24392025    7.80896695    8.24467405    9.05841318   12.45686038 
energy          : -686.40744544  -686.40579285  -686.40169516  -686.39460280  -686.38127469  -686.37340906  -686.39305836  -686.39694856 
max(|Fr_perp|)   :   0.00000000    0.00131604    0.00246753    0.00632945    0.00778787    0.00403852    0.00527350    0.00000000 
Fr_paral         :   0.00000000   -0.00168564   -0.00243685   -0.01501129   -0.03149768    0.00005722    0.00746130    0.00000000 
max(|Fsp_paral|) :   0.00000000    0.00299070    0.00122916    0.00319502    0.00237834    0.01814098    0.00155293    0.00000000 
max(|Fsp_perp|)  :   0.00000000    0.00000000    0.00000000    0.00000000    0.00000000    0.00000000    0.00000000    0.00000000 
max(|FNEB|)      :   0.00000000    0.00293896    0.00298460    0.00629174    0.00778568    0.00403844    0.00446831    0.00000000 
max(|Force|)     :   0.00207702    0.00128227    0.00295923    0.01020402    0.01837665    0.00403861    0.00510039    0.00089326 
ksp              :   0.01000000    0.01000000    0.01896869    0.06992684    0.10000000    0.10000000    0.02487362 
max(|step|)      :   0.00000000    0.03244092    0.04849688    0.03067709    0.02667204    0.01870297    0.02275652    0.00081067 
angle (deg.)     :    24.2712  28.1915  60.4045  42.3763  44.1934  85.6396 
>
iteration       : 33
climbing        : yes
zoom on         : no
nim             : 8
barrier         :   0.03372309 (image:  5) 
distance        :   0.00000000    2.48602368    5.55527749    7.32407836    7.90575601    8.32497508    9.18522913   12.56691112 
energy          : -686.40744544  -686.40572318  -686.40165135  -686.39477380  -686.38104140  -686.37372235  -686.39358306  -686.39694856 
max(|Fr_perp|)   :   0.00000000    0.00061645    0.00226292    0.00554568    0.00423098    0.00245392    0.00221794    0.00000000 
Fr_paral         :   0.00000000   -0.00155128   -0.00227221   -0.01510259   -0.02996471   -0.00103583    0.00800329    0.00000000 
max(|Fsp_paral|) :   0.00000000    0.00277199    0.00070559    0.00518607    0.00015229    0.02157722    0.00386785    0.00000000 
max(|Fsp_perp|)  :   0.00000000    0.00000000    0.00000000    0.00000000    0.00000000    0.00000000    0.00000000    0.00000000 
max(|FNEB|)      :   0.00000000    0.00283336    0.00201053    0.00764324    0.00422964    0.00249319    0.00526631    0.00000000 
max(|Force|)     :   0.00207702    0.00079339    0.00272319    0.01015108    0.01823374    0.00241464    0.00536218    0.00089326 
ksp              :   0.01000000    0.01000000    0.01842705    0.07163916    0.10000000    0.10000000    0.02304107 
max(|step|)      :   0.00000000    0.02647606    0.03776745    0.02441549    0.01927482    0.01509118    0.01495191    0.00065382 
angle (deg.)     :    24.7199  28.3668  65.9225  47.4181  44.8725  85.4646 
>
iteration       : 34
climbing        : yes
zoom on         : no
nim             : 8
barrier         :   0.03354589 (image:  5) 
distance        :   0.00000000    2.54321501    5.62850054    7.38957984    7.97528460    8.39799687    9.26468370   12.63535621 
energy          : -686.40744544  -686.40566533  -686.40162247  -686.39474149  -686.38107735  -686.37389956  -686.39366570  -686.39694856 
max(|Fr_perp|)   :   0.00000000    0.00072313    0.00234561    0.00433202    0.00795228    0.00425877    0.00321010    0.00000000 
Fr_paral         :   0.00000000   -0.00156084   -0.00221793   -0.01499910   -0.02866866   -0.00170398    0.01002991    0.00000000 
max(|Fsp_paral|) :   0.00000000    0.00258279    0.00072335    0.00535803    0.00007169    0.02198355    0.00470727    0.00000000 
max(|Fsp_perp|)  :   0.00000000    0.00000000    0.00000000    0.00000000    0.00000000    0.00000000    0.00000000    0.00000000 
max(|FNEB|)      :   0.00000000    0.00260955    0.00195479    0.00643429    0.00795096    0.00414755    0.00749500    0.00000000 
max(|Force|)     :   0.00207702    0.00076916    0.00280019    0.00964421    0.01826612    0.00436999    0.00780139    0.00089326 
ksp              :   0.01000000    0.01000000    0.01861801    0.07197271    0.10000000    0.10000000    0.02281867 
max(|step|)      :   0.00000000    0.07119588    0.10000000    0.06472652    0.04811610    0.04158407    0.03822696    0.00177976 
angle (deg.)     :    25.9513  29.4075  77.5294  62.8352  48.0271  84.7321 
>
iteration       : 35
climbing        : yes
zoom on         : no
nim             : 8
barrier         :   0.03312395 (image:  5) 
distance        :   0.00000000    2.69720094    5.82352866    7.56454359    8.16401584    8.61933214    9.48110576   12.82598801 
energy          : -686.40744544  -686.40550765  -686.40156143  -686.39429844  -686.38163636  -686.37432150  -686.39368049  -686.39694856 
max(|Fr_perp|)   :   0.00000000    0.00087423    0.00271753    0.00631840    0.00693033    0.00349156    0.00631547    0.00000000 
Fr_paral         :   0.00000000   -0.00139399   -0.00203636   -0.01323490   -0.02626704   -0.00272748    0.01273883    0.00000000 
max(|Fsp_paral|) :   0.00000000    0.00205672    0.00173624    0.00367995    0.00188533    0.02029460    0.00449776    0.00000000 
max(|Fsp_perp|)  :   0.00000000    0.00000000    0.00000000    0.00000000    0.00000000    0.00000000    0.00000000    0.00000000 
max(|FNEB|)      :   0.00000000    0.00209361    0.00380914    0.00667758    0.00681886    0.00372762    0.00817596    0.00000000 
max(|Force|)     :   0.00207702    0.00084807    0.00267124    0.01174727    0.01836892    0.00344877    0.01036275    0.00089326 
ksp              :   0.01000000    0.01000000    0.02057762    0.07092843    0.10000000    0.10000000    0.02300284 
max(|step|)      :   0.00000000    0.00338509    0.00615886    0.01079673    0.01102517    0.00602704    0.01321941    0.00000000 
angle (deg.)     :    25.9935  29.7172  74.9394  59.0199  47.4446  84.5321 
>
iteration       : 36
climbing        : yes
zoom on         : no
nim             : 8
barrier         :   0.03308321 (image:  5) 
distance        :   0.00000000    2.70369797    5.82963410    7.55893579    8.13463450    8.59080631    9.43485547   12.77954704 
energy          : -686.40744544  -686.40549987  -686.40157911  -686.39419701  -686.38189629  -686.37436223  -686.39368819  -686.39694856 
max(|Fr_perp|)   :   0.00000000    0.00148199    0.00230168    0.00935323    0.00826063    0.00208034    0.00247029    0.00000000 
Fr_paral         :   0.00000000   -0.00168774   -0.00242056   -0.01428375   -0.02682085   -0.00247409    0.01130774    0.00000000 
max(|Fsp_paral|) :   0.00000000    0.00202376    0.00190696    0.00227166    0.00331496    0.01934601    0.00362407    0.00000000 
max(|Fsp_perp|)  :   0.00000000    0.00000000    0.00000000    0.00000000    0.00000000    0.00000000    0.00000000    0.00000000 
max(|FNEB|)      :   0.00000000    0.00186253    0.00328277    0.00956848    0.00803182    0.00214913    0.00594872    0.00000000 
max(|Force|)     :   0.00207702    0.00151990    0.00283517    0.00942751    0.01844130    0.00221936    0.00788381    0.00089326 
ksp              :   0.01000000    0.01000000    0.02096413    0.06997896    0.10000000    0.10000000    0.02299162 
max(|step|)      :   0.00000000    0.00320291    0.00409501    0.00452881    0.01197217    0.00256534    0.01139893    0.00019365 
angle (deg.)     :    26.0487  29.9969  72.4534  55.1377  47.1023  84.3522 
>
iteration       : 37
climbing        : yes
zoom on         : no
nim             : 8
barrier         :   0.03305491 (image:  5) 
distance        :   0.00000000    2.71050815    5.83734546    7.55562294    8.11286909    8.56833838    9.39651821   12.74092363 
energy          : -686.40744544  -686.40549284  -686.40158778  -686.39423129  -686.38208217  -686.37439053  -686.39361520  -686.39694856 
max(|Fr_perp|)   :   0.00000000    0.00161870    0.00223051    0.00617050    0.00718862    0.00232682    0.00237497    0.00000000 
Fr_paral         :   0.00000000   -0.00174288   -0.00255585   -0.01451072   -0.02753689   -0.00221645    0.01055344    0.00000000 
max(|Fsp_paral|) :   0.00000000    0.00199604    0.00173803    0.00161945    0.00431515    0.01854488    0.00237393    0.00000000 
max(|Fsp_perp|)  :   0.00000000    0.00000000    0.00000000    0.00000000    0.00000000    0.00000000    0.00000000    0.00000000 
max(|FNEB|)      :   0.00000000    0.00181314    0.00323984    0.00630867    0.00674208    0.00238019    0.00352872    0.00000000 
max(|Force|)     :   0.00207702    0.00166006    0.00280393    0.00839048    0.01849432    0.00227592    0.00643468    0.00089326 
ksp              :   0.01000000    0.01000000    0.02084114    0.06931260    0.10000000    0.10000000    0.02329913 
max(|step|)      :   0.00000000    0.02022355    0.02758120    0.02553614    0.06851008    0.01502270    0.05251492    0.00075466 
angle (deg.)     :    26.3963  31.8156  56.9780  36.2978  47.7184  83.5213 
>
iteration       : 38
climbing        : yes
zoom on         : no
nim             : 8
barrier         :   0.03294979 (image:  5) 
distance        :   0.00000000    2.75528986    5.88951873    7.54797339    8.05162031    8.49964842    9.25197523   12.59312032 
energy          : -686.40744544  -686.40544747  -686.40160747  -686.39395999  -686.38206842  -686.37449565  -686.39292051  -686.39694856 
max(|Fr_perp|)   :   0.00000000    0.00120919    0.00278303    0.00912103    0.00483111    0.00258512    0.00591848    0.00000000 
Fr_paral         :   0.00000000   -0.00157640   -0.00266671   -0.01296955   -0.02944355   -0.00034329    0.00908520    0.00000000 
max(|Fsp_paral|) :   0.00000000    0.00182136    0.00197326    0.00086106    0.00588602    0.01485399    0.00619273    0.00000000 
max(|Fsp_perp|)  :   0.00000000    0.00000000    0.00000000    0.00000000    0.00000000    0.00000000    0.00000000    0.00000000 
max(|FNEB|)      :   0.00000000    0.00173751    0.00294134    0.00959161    0.00572943    0.00259961    0.00865195    0.00000000 
max(|Force|)     :   0.00207702    0.00115223    0.00278510    0.01358094    0.01797594    0.00257062    0.00725227    0.00089326 
ksp              :   0.01000000    0.01000000    0.02197936    0.06964541    0.10000000    0.10000000    0.02614600 
max(|step|)      :   0.00000000    0.01046498    0.01322121    0.01721739    0.02123499    0.00792932    0.01030429    0.00016618 
angle (deg.)     :    26.5679  32.5453  51.9544  35.8388  48.5243  83.6053 
>
iteration       : 39
climbing        : yes
zoom on         : no
nim             : 8
barrier         :   0.03288830 (image:  5) 
distance        :   0.00000000    2.77837134    5.91997582    7.54594898    8.07149728    8.50315940    9.26258943   12.59625937 
energy          : -686.40744544  -686.40542383  -686.40162897  -686.39388043  -686.38131893  -686.37455715  -686.39315419  -686.39694856 
max(|Fr_perp|)   :   0.00000000    0.00202191    0.00239995    0.00837103    0.00949119    0.00396074    0.00586629    0.00000000 
Fr_paral         :   0.00000000   -0.00186801   -0.00280107   -0.01465844   -0.02778343    0.00071314    0.00818832    0.00000000 
max(|Fsp_paral|) :   0.00000000    0.00174497    0.00189957    0.00121488    0.00285143    0.01578671    0.00420428    0.00000000 
max(|Fsp_perp|)  :   0.00000000    0.00000000    0.00000000    0.00000000    0.00000000    0.00000000    0.00000000    0.00000000 
max(|FNEB|)      :   0.00000000    0.00190108    0.00386451    0.00835797    0.00958098    0.00399147    0.00607097    0.00000000 
max(|Force|)     :   0.00207702    0.00208594    0.00283531    0.01075446    0.01699179    0.00393002    0.00604359    0.00089326 
ksp              :   0.01000000    0.01000000    0.02233205    0.07282169    0.10000000    0.10000000    0.02525109 
max(|step|)      :   0.00000000    0.00127013    0.00280270    0.00472465    0.00478130    0.00238542    0.01049572    0.00005900 
angle (deg.)     :    26.5983  32.4547  52.4589  35.5817  48.2334  83.7473 
>
