NEB log file generated by ORCA
All quantities are given in atomic units. Unless stated otherwise. 
iteration       : 0
climbing        : yes
zoom on         : no
nim             : 8
barrier         :   0.00003517 (image:  4) 
distance        :   0.00000000    0.23548386    0.47106362    0.70667415    0.94208071    1.17769235    1.41327412    1.64876000 
energy          : -872.24239910  -872.24245659  -872.24242291  -872.24237839  -872.24236393  -872.24238589  -872.24241712  -872.24239013 
max(|Fr_perp|)   :   0.00000000    0.00358232    0.00692512    0.00902116    0.00940480    0.00800987    0.00481840    0.00000000 
Fr_paral         :   0.00000000   -0.00004381   -0.00029332   -0.00020680    0.00009025    0.00024134    0.00003806    0.00000000 
max(|Fsp_paral|) :   0.00000000    0.00000130    0.00379000    0.00307704    0.00000170    0.00502490    0.00197368    0.00000000 
max(|Fsp_perp|)  :   0.00000000    0.00000000    0.00000000    0.00000000    0.00000000    0.00000000    0.00000000    0.00000000 
max(|FNEB|)      :   0.00000000    0.00363580    0.00740576    0.00943155    0.00961556    0.00875649    0.00487517    0.00000000 
max(|Force|)     :   0.00236354    0.00363745    0.00705882    0.00921264    0.00961745    0.00818656    0.00491868    0.00245859 
ksp              :   0.01000000    0.01000000    0.05959265    0.10000000    0.10000000    0.03444902    0.01000000 
max(|step|)      :   0.00000000    0.00690841    0.01407173    0.01792096    0.01827060    0.01663827    0.00926334    0.00000000 
angle (deg.)     :    3.6154  2.0480  2.2272  2.4911  1.8679  3.0252 
>
iteration       : 1
climbing        : yes
zoom on         : no
nim             : 8
barrier         :   0.00000898 (image:  7) 
distance        :   0.00000000    0.23609767    0.49450992    0.72643762    0.94400035    1.15053773    1.40510307    1.65219391 
energy          : -872.24239910  -872.24250657  -872.24252183  -872.24250682  -872.24249077  -872.24248966  -872.24246977  -872.24239013 
max(|Fr_perp|)   :   0.00000000    0.00238439    0.00435445    0.00549840    0.00564240    0.00462186    0.00265421    0.00000000 
Fr_paral         :   0.00000000    0.00009367   -0.00002655    0.00010361    0.00018269    0.00009061   -0.00014570    0.00000000 
max(|Fsp_paral|) :   0.00000000    0.00007367    0.00008718    0.00004688    0.00003619    0.00016291    0.00002622    0.00000000 
max(|Fsp_perp|)  :   0.00000000    0.00000000    0.00000000    0.00000000    0.00000000    0.00000000    0.00000000    0.00000000 
max(|FNEB|)      :   0.00000000    0.00238466    0.00436888    0.00550687    0.00564580    0.00461883    0.00266102    0.00000000 
max(|Force|)     :   0.00236354    0.00238397    0.00435521    0.00549601    0.00563901    0.00462046    0.00265667    0.00245859 
ksp              :   0.01000000    0.01000000    0.01000000    0.01000000    0.01000000    0.01000000    0.01000000 
max(|step|)      :   0.00000000    0.00234879    0.00436085    0.00549474    0.00565613    0.00467396    0.00271313    0.00002019 
angle (deg.)     :    3.8316  2.0275  1.9799  1.9772  1.8934  3.2413 
>
