 *******************************************************************************
 **                                                                           **
 **                              MOPAC v22.1.0                                **
 **                                                                           **
 *******************************************************************************
 **          Digital Object Identifier (DOI): 10.5281/zenodo.6511958          **
 **    Visit the DOI location for information on how to cite this program.    **
 *******************************************************************************

                              PM7 CALCULATION RESULTS

 *******************************************************************************
 *  CALCULATION DONE:                                Sat Mar 23 22:06:55 2024  *
 *  PM7        - The PM7 Hamiltonian to be used
 *  DOUBLET    - SPIN STATE DEFINED AS A DOUBLET
 *
 *
 *
 *                 CHARGE ON SYSTEM = 0
 *
 *
 *
 *  EPS=78.4   - USE ANDREAS KLAMT'S COSMO IMPLICIT SOLVATION MODEL
 *  THREADS    - USE A MAXIMUM OF 40 THREADS
 *  T=         - A TIME OF 14.0 DAYS REQUESTED
 *  DUMP=N     - RESTART FILE WRITTEN EVERY 30.0 MINUTES REQUESTED
 *  ITRY=      - DO A MAXIMUM OF 15000 ITERATIONS FOR SCF
 *  AUX        - OUTPUT AUXILIARY INFORMATION
 *  PL         - MONITOR CONVERGENCE IN DENSITY MATRIX
 *******************************************************************************
PM7 CHARGE=0 DOUBLET AUX DUMP=30M ITRY=15000 eps=78.4 T=14D PL THREADS=40

 Mopac file generated by Gabedit
   ATOM   CHEMICAL          X               Y               Z
  NUMBER   SYMBOL      (ANGSTROMS)     (ANGSTROMS)     (ANGSTROMS)

     1       C         -0.68228000  *   1.05106000  *   0.74155000  *
     2       C          0.69118000  *   1.02374000  *   0.97815000  *
     3       C          1.44856000  *  -0.10361000  *   0.64060000  *
     4       C          0.83245000  *  -1.20277000  *   0.04887000  *
     5       C         -0.54659000  *  -1.16057000  *  -0.18599000  *
     6       C         -1.31448000  *  -0.04113000  *   0.15862000  *
     7       H         -1.26465000  *   1.93506000  *   1.01594000  *
     8       H          1.17747000  *   1.89278000  *   1.43858000  *
     9       H          1.41310000  *  -2.09135000  *  -0.22858000  *
    10       H         -2.39412000  *  -0.02265000  *  -0.02883000  *
    11       N         -1.18897000  *  -2.29776000  *  -0.79438000  *
    12       O         -2.39867000  *  -2.27201000  *  -0.98312000  *
    13       O         -0.51235000  *  -3.26803000  *  -1.11156000  *
    14       C          2.92107000  *  -0.10572000  *   0.94428000  *
    15       C          3.43269000  *  -1.45019000  *   1.44989000  *
    16       H          4.47438000  *  -1.38886000  *   1.80122000  *
    17       H          3.39185000  *  -2.24484000  *   0.69114000  *
    18       H          2.83306000  *  -1.79595000  *   2.30746000  *
    19       N          3.70351000  *   0.26809000  *  -0.27860000  *
    20       O          4.90114000  *   0.47486000  *  -0.15493000  *
    21       O          3.13708000  *   0.35965000  *  -1.35443000  *
    22       H          3.15017000  *   0.69115000  *   1.73102000  *
    23       C          1.48618200  *   0.21811400  *   7.72185400  *
    24       C          2.64583200  *   0.69465400  *   8.49211400  *
    25       C          3.37544200  *   1.86763400  *   7.81905400  *
    26       C          3.50866200  *   1.61402400  *   6.30781400  *
    27       N          2.19050200  *   1.44277400  *   5.65645400  *
    28       C          1.45720200  *   0.29357400  *   6.24563400  *
    29       H          0.67634200  *  -0.26666600  *   8.23274400  *
    30       H          2.35194200  *   0.98028400  *   9.52510400  *
    31       H          3.35738200  *  -0.15693600  *   8.62518400  *
    32       H          4.37080200  *   2.01401400  *   8.27559400  *
    33       H          2.82090200  *   2.80807400  *   7.99716400  *
    34       H          4.03130200  *   2.46029400  *   5.81104400  *
    35       H          4.11860200  *   0.70401400  *   6.12043400  *
    36       H          1.63563200  *   2.29714400  *   5.77488400  *
    37       H          0.41104200  *   0.31671400  *   5.85788400  *
    38       H          1.91078200  *  -0.64534600  *   5.82982400  *
    39       H          2.47609100  *   1.12859200  *   3.36613500  *
    40       H          2.49541800  *   1.51026800  *   2.71330400  *
    41       O          2.59117300  *   0.89177300  *   2.82719600  *



          CARTESIAN COORDINATES 

    NO.       ATOM           X           Y           Z

     1         C         -0.6823      1.0511      0.7416
     2         C          0.6912      1.0237      0.9781
     3         C          1.4486     -0.1036      0.6406
     4         C          0.8325     -1.2028      0.0489
     5         C         -0.5466     -1.1606     -0.1860
     6         C         -1.3145     -0.0411      0.1586
     7         H         -1.2647      1.9351      1.0159
     8         H          1.1775      1.8928      1.4386
     9         H          1.4131     -2.0913     -0.2286
    10         H         -2.3941     -0.0226     -0.0288
    11         N         -1.1890     -2.2978     -0.7944
    12         O         -2.3987     -2.2720     -0.9831
    13         O         -0.5123     -3.2680     -1.1116
    14         C          2.9211     -0.1057      0.9443
    15         C          3.4327     -1.4502      1.4499
    16         H          4.4744     -1.3889      1.8012
    17         H          3.3918     -2.2448      0.6911
    18         H          2.8331     -1.7959      2.3075
    19         N          3.7035      0.2681     -0.2786
    20         O          4.9011      0.4749     -0.1549
    21         O          3.1371      0.3597     -1.3544
    22         H          3.1502      0.6912      1.7310
    23         C          1.4862      0.2181      7.7219
    24         C          2.6458      0.6947      8.4921
    25         C          3.3754      1.8676      7.8191
    26         C          3.5087      1.6140      6.3078
    27         N          2.1905      1.4428      5.6565
    28         C          1.4572      0.2936      6.2456
    29         H          0.6763     -0.2667      8.2327
    30         H          2.3519      0.9803      9.5251
    31         H          3.3574     -0.1569      8.6252
    32         H          4.3708      2.0140      8.2756
    33         H          2.8209      2.8081      7.9972
    34         H          4.0313      2.4603      5.8110
    35         H          4.1186      0.7040      6.1204
    36         H          1.6356      2.2971      5.7749
    37         H          0.4110      0.3167      5.8579
    38         H          1.9108     -0.6453      5.8298
    39         H          2.4761      1.1286      3.3661
    40         H          2.4954      1.5103      2.7133
    41         O          2.5912      0.8918      2.8272

 General Reference for PM7:
 "Optimization of Parameters for Semiempirical Methods VI: More Modifications to the 
 NDDO Approximations and Re-optimization of Parameters", J. J. P. Stewart, J. Mol. Mod., 1:32, 19 (2013)
 https://link.springer.com/article/10.1007/s00894-012-1667-x

           Empirical Formula: C13 H20 N3 O5  =    41 atoms



      MOLECULAR POINT GROUP   :   C1  


 DOUBLET STATE CALCULATION


          UHF CALCULATION, NO. OF ALPHA ELECTRONS =   59
                           NO. OF BETA  ELECTRONS =   58

          Geometry optimization using L-BFGS
 ITERATION   1 PLS= 0.100E+01 0.000E+00 ENERGY    19990.628753 DELTAE    0.0000000
 ITERATION   2 PLS= 0.366E+00 0.290E+00 ENERGY      714.068200 DELTAE    0.0000000
 ITERATION   3 PLS= 0.509E-01 0.602E-01 ENERGY      537.983710 DELTAE -176.0844896
 ITERATION   4 PLS= 0.301E-01 0.306E-01 ENERGY      323.016792 DELTAE -214.9669187
 ITERATION   5 PLS= 0.616E+00 0.615E+00 ENERGY      149.655986 DELTAE -173.3608059
 ITERATION   6 PLS= 0.490E+00 0.504E+00 ENERGY      170.686945 DELTAE   21.0309590
 ITERATION   7 PLS= 0.402E+00 0.238E+00 ENERGY     -153.456978 DELTAE -324.1439231
 ITERATION   8 PLS= 0.329E+00 0.715E-01 ENERGY      201.227917 DELTAE  354.6848954
 ITERATION   9 PLS= 0.215E+00 0.208E-01 ENERGY      222.611370 DELTAE   21.3834526
 ITERATION  10 PLS= 0.149E+00 0.147E-01 ENERGY      236.870143 DELTAE   14.2587734
 ITERATION  11 PLS= 0.180E+00 0.618E-02 ENERGY      223.054780 DELTAE  -13.8153625
 ITERATION  12 PLS= 0.172E+00 0.551E-02 ENERGY      222.290637 DELTAE   -0.7641435
 ITERATION  13 PLS= 0.140E+00 0.132E-01 ENERGY      219.250102 DELTAE   -3.0405348
 ITERATION  14 PLS= 0.117E+00 0.728E-02 ENERGY      223.050624 DELTAE    3.8005219
 ITERATION  15 PLS= 0.741E-01 0.307E-02 ENERGY      223.989103 DELTAE    0.9384785
 ITERATION  16 PLS= 0.352E-01 0.184E-02 ENERGY      224.612276 DELTAE    0.6231733
 ITERATION  17 PLS= 0.561E-01 0.567E-02 ENERGY      224.479740 DELTAE   -0.1325359
 ITERATION  18 PLS= 0.911E-02 0.129E-02 ENERGY      224.301700 DELTAE   -0.1780396
 ITERATION  19 PLS= 0.205E-02 0.697E-03 ENERGY      224.282032 DELTAE   -0.0196681
 ITERATION  20 PLS= 0.764E-03 0.257E-03 ENERGY      224.286068 DELTAE    0.0040360
 ITERATION  21 PLS= 0.422E-03 0.165E-03 ENERGY      224.285586 DELTAE   -0.0004819
 ITERATION  22 PLS= 0.242E-03 0.143E-03 ENERGY      224.284502 DELTAE   -0.0010848
 ITERATION  23 PLS= 0.111E-03 0.753E-04 ENERGY      224.285163 DELTAE    0.0006618
 ITERATION   1 PLS= 0.944E-04 0.756E-04 ENERGY      207.219765 DELTAE  107.2197654
 ITERATION   2 PLS= 0.109E-01 0.123E-01 ENERGY      205.099349 DELTAE   -2.1204162
 ITERATION   3 PLS= 0.472E-02 0.210E-02 ENERGY      204.747083 DELTAE   -0.3522665
 ITERATION   4 PLS= 0.277E-02 0.146E-02 ENERGY      204.099516 DELTAE   -0.6475670
 ITERATION   5 PLS= 0.115E-02 0.495E-03 ENERGY      204.499535 DELTAE    0.4000197
 ITERATION   6 PLS= 0.829E-03 0.429E-03 ENERGY      204.493423 DELTAE   -0.0061126
 ITERATION   7 PLS= 0.650E-03 0.380E-03 ENERGY      204.383034 DELTAE   -0.1103893
 ITERATION   8 PLS= 0.152E-03 0.164E-03 ENERGY      204.477766 DELTAE    0.0947322
 ITERATION   9 PLS= 0.985E-04 0.157E-03 ENERGY      204.477415 DELTAE   -0.0003506
 ITERATION  10 PLS= 0.677E-04 0.147E-03 ENERGY      204.474030 DELTAE   -0.0033854
 ITERATION  11 PLS= 0.124E-03 0.852E-04 ENERGY      204.476595 DELTAE    0.0025653
 ITERATION  12 PLS= 0.960E-04 0.890E-04 ENERGY      204.476511 DELTAE   -0.0000845
 ITERATION  13 PLS= 0.830E-04 0.886E-04 ENERGY      204.474306 DELTAE   -0.0022046
 ITERATION  14 PLS= 0.429E-04 0.731E-04 ENERGY      204.476052 DELTAE    0.0017460
 ITERATION  15 PLS= 0.463E-04 0.692E-04 ENERGY      204.476008 DELTAE   -0.0000436
 ITERATION  16 PLS= 0.468E-04 0.663E-04 ENERGY      204.474890 DELTAE   -0.0011180
 ITERATION  17 PLS= 0.117E-03 0.350E-04 ENERGY      204.475790 DELTAE    0.0008998
 CYCLE:     1 TIME:   0.578 TIME LEFT:  2.00W  GRAD.:  2322.787 HEAT:  204.4758
 ITERATION   1 PLS= 0.878E-04 0.373E-04 ENERGY      160.624335 DELTAE   60.6243352
 ITERATION   2 PLS= 0.108E-01 0.627E-02 ENERGY      160.240376 DELTAE   -0.3839591
 ITERATION   3 PLS= 0.394E-02 0.381E-02 ENERGY      160.139755 DELTAE   -0.1006208
 ITERATION   4 PLS= 0.163E-02 0.245E-02 ENERGY      159.960714 DELTAE   -0.1790416
 ITERATION   5 PLS= 0.502E-03 0.602E-03 ENERGY      160.066309 DELTAE    0.1055950
 ITERATION   6 PLS= 0.235E-03 0.386E-03 ENERGY      160.065042 DELTAE   -0.0012663
 CYCLE:     2 TIME:   0.125 TIME LEFT:  2.00W  GRAD.:  1584.166 HEAT:  160.0620
 ITERATION   1 PLS= 0.121E-03 0.288E-03 ENERGY       96.984886 DELTAE   -3.0151135
 ITERATION   2 PLS= 0.228E-01 0.133E-01 ENERGY       95.487383 DELTAE   -1.4975037
 ITERATION   3 PLS= 0.778E-02 0.144E-01 ENERGY       94.935563 DELTAE   -0.5518199
 ITERATION   4 PLS= 0.395E-02 0.569E-02 ENERGY       94.602297 DELTAE   -0.3332664
 ITERATION   5 PLS= 0.747E-03 0.103E-02 ENERGY       94.760014 DELTAE    0.1577180
 ITERATION   6 PLS= 0.300E-03 0.480E-03 ENERGY       94.759213 DELTAE   -0.0008016
 CYCLE:     3 TIME:   0.125 TIME LEFT:  2.00W  GRAD.:   869.087 HEAT:  94.75853
 ITERATION   1 PLS= 0.161E-03 0.247E-03 ENERGY      162.399093 DELTAE   62.3990933
 ITERATION   2 PLS= 0.217E-01 0.227E-01 ENERGY      160.512899 DELTAE   -1.8861943
 ITERATION   3 PLS= 0.905E-02 0.463E-02 ENERGY      160.237010 DELTAE   -0.2758886
 ITERATION   4 PLS= 0.353E-02 0.592E-02 ENERGY      159.556875 DELTAE   -0.6801357
 ITERATION   5 PLS= 0.163E-02 0.647E-02 ENERGY      160.079654 DELTAE    0.5227796
 ITERATION   6 PLS= 0.467E-03 0.231E-02 ENERGY      160.065944 DELTAE   -0.0137098
 CYCLE:     4 TIME:   0.109 TIME LEFT:  2.00W  GRAD.:  1584.374 HEAT:  160.0601
 ITERATION   1 PLS= 0.134E-03 0.938E-03 ENERGY       96.970498 DELTAE   -3.0295022
 ITERATION   2 PLS= 0.219E-01 0.227E-01 ENERGY       95.202273 DELTAE   -1.7682252
 ITERATION   3 PLS= 0.848E-02 0.827E-02 ENERGY       94.875848 DELTAE   -0.3264249
 ITERATION   4 PLS= 0.404E-02 0.391E-02 ENERGY       94.626991 DELTAE   -0.2488565
 ITERATION   5 PLS= 0.680E-03 0.661E-03 ENERGY       94.753919 DELTAE    0.1269283
 ITERATION   6 PLS= 0.267E-03 0.254E-03 ENERGY       94.753520 DELTAE   -0.0003995
 CYCLE:     5 TIME:   0.133 TIME LEFT:  2.00W  GRAD.:   869.045 HEAT:  94.75321
 ITERATION   1 PLS= 0.127E-03 0.121E-03 ENERGY       43.440404 DELTAE  -56.5595963
 ITERATION   2 PLS= 0.234E-01 0.242E-01 ENERGY       41.286334 DELTAE   -2.1540699
 ITERATION   3 PLS= 0.840E-02 0.819E-02 ENERGY       40.950335 DELTAE   -0.3359983
 ITERATION   4 PLS= 0.445E-02 0.433E-02 ENERGY       40.678589 DELTAE   -0.2717466
 ITERATION   5 PLS= 0.752E-03 0.725E-03 ENERGY       40.821153 DELTAE    0.1425639
 ITERATION   6 PLS= 0.272E-03 0.255E-03 ENERGY       40.820681 DELTAE   -0.0004720
 CYCLE:     6 TIME:   0.148 TIME LEFT:  2.00W  GRAD.:   510.001 HEAT:  40.82031
 ITERATION   1 PLS= 0.126E-03 0.120E-03 ENERGY       -4.928715 DELTAE -104.9287147
 ITERATION   2 PLS= 0.271E-01 0.279E-01 ENERGY       -8.573494 DELTAE   -3.6447796
 ITERATION   3 PLS= 0.843E-02 0.819E-02 ENERGY       -8.990014 DELTAE   -0.4165197
 ITERATION   4 PLS= 0.457E-02 0.450E-02 ENERGY       -9.280943 DELTAE   -0.2909287
 ITERATION   5 PLS= 0.843E-03 0.803E-03 ENERGY       -9.129150 DELTAE    0.1517930
 ITERATION   6 PLS= 0.300E-03 0.271E-03 ENERGY       -9.129866 DELTAE   -0.0007162
 CYCLE:     7 TIME:   0.109 TIME LEFT:  2.00W  GRAD.:   250.977 HEAT: -9.130437
 ITERATION   1 PLS= 0.154E-03 0.127E-03 ENERGY      -33.359722 DELTAE -133.3597224
 ITERATION   2 PLS= 0.203E-01 0.208E-01 ENERGY      -36.624055 DELTAE   -3.2643325
 ITERATION   3 PLS= 0.530E-02 0.513E-02 ENERGY      -36.927135 DELTAE   -0.3030801
 ITERATION   4 PLS= 0.232E-02 0.233E-02 ENERGY      -37.068917 DELTAE   -0.1417822
 ITERATION   5 PLS= 0.641E-03 0.600E-03 ENERGY      -37.000842 DELTAE    0.0680752
 CYCLE:     8 TIME:   0.117 TIME LEFT:  2.00W  GRAD.:   111.847 HEAT: -37.00138
 ITERATION   1 PLS= 0.298E-03 0.264E-03 ENERGY      -46.241727 DELTAE -146.2417269
 ITERATION   2 PLS= 0.104E-01 0.105E-01 ENERGY      -49.600156 DELTAE   -3.3584288
 ITERATION   3 PLS= 0.233E-02 0.239E-02 ENERGY      -49.974711 DELTAE   -0.3745550
 ITERATION   4 PLS= 0.147E-02 0.145E-02 ENERGY      -50.134937 DELTAE   -0.1602260
 ITERATION   5 PLS= 0.334E-03 0.294E-03 ENERGY      -50.058201 DELTAE    0.0767361
 CYCLE:     9 TIME:   0.172 TIME LEFT:  2.00W  GRAD.:    67.006 HEAT: -50.05867
 ITERATION   1 PLS= 0.199E-03 0.175E-03 ENERGY      -52.230476 DELTAE -152.2304760
 ITERATION   2 PLS= 0.845E-02 0.875E-02 ENERGY      -55.198727 DELTAE   -2.9682511
 ITERATION   3 PLS= 0.401E-02 0.401E-02 ENERGY      -55.612597 DELTAE   -0.4138698
 ITERATION   4 PLS= 0.219E-02 0.212E-02 ENERGY      -55.861021 DELTAE   -0.2484242
 ITERATION   5 PLS= 0.375E-03 0.358E-03 ENERGY      -55.724569 DELTAE    0.1364522
 ITERATION   6 PLS= 0.203E-03 0.189E-03 ENERGY      -55.725307 DELTAE   -0.0007385
 CYCLE:    10 TIME:   0.125 TIME LEFT:  2.00W  GRAD.:    73.489 HEAT: -55.72614
 ITERATION   1 PLS= 0.105E-03 0.102E-03 ENERGY      -46.557040 DELTAE -146.5570396
 ITERATION   2 PLS= 0.172E-01 0.180E-01 ENERGY      -53.085757 DELTAE   -6.5287171
 ITERATION   3 PLS= 0.697E-02 0.720E-02 ENERGY      -53.837354 DELTAE   -0.7515970
 ITERATION   4 PLS= 0.342E-02 0.345E-02 ENERGY      -54.281326 DELTAE   -0.4439728
 ITERATION   5 PLS= 0.560E-03 0.549E-03 ENERGY      -54.056569 DELTAE    0.2247573
 ITERATION   6 PLS= 0.339E-03 0.318E-03 ENERGY      -54.057809 DELTAE   -0.0012395
 CYCLE:    11 TIME:   0.117 TIME LEFT:  2.00W  GRAD.:   145.859 HEAT: -54.05916
 ITERATION   1 PLS= 0.203E-03 0.186E-03 ENERGY      -56.202251 DELTAE -156.2022511
 ITERATION   2 PLS= 0.117E-01 0.123E-01 ENERGY      -58.244353 DELTAE   -2.0421020
 ITERATION   3 PLS= 0.443E-02 0.461E-02 ENERGY      -58.420866 DELTAE   -0.1765127
 ITERATION   4 PLS= 0.210E-02 0.215E-02 ENERGY      -58.497935 DELTAE   -0.0770694
 ITERATION   5 PLS= 0.236E-03 0.205E-03 ENERGY      -58.463768 DELTAE    0.0341669
 CYCLE:    12 TIME:   0.117 TIME LEFT:  2.00W  GRAD.:    41.778 HEAT: -58.46409
 ITERATION   1 PLS= 0.197E-03 0.169E-03 ENERGY      -59.221909 DELTAE -159.2219086
 ITERATION   2 PLS= 0.297E-02 0.307E-02 ENERGY      -59.399977 DELTAE   -0.1780681
 ITERATION   3 PLS= 0.106E-02 0.106E-02 ENERGY      -59.417117 DELTAE   -0.0171406
 ITERATION   4 PLS= 0.495E-03 0.494E-03 ENERGY      -59.425179 DELTAE   -0.0080615
 CYCLE:    13 TIME:   0.109 TIME LEFT:  2.00W  GRAD.:    27.680 HEAT: -59.42150
 ITERATION   1 PLS= 0.116E-03 0.120E-03 ENERGY      -60.130603 DELTAE -160.1306030
 ITERATION   2 PLS= 0.427E-02 0.435E-02 ENERGY      -60.329735 DELTAE   -0.1991324
 ITERATION   3 PLS= 0.144E-02 0.143E-02 ENERGY      -60.357279 DELTAE   -0.0275435
 ITERATION   4 PLS= 0.803E-03 0.798E-03 ENERGY      -60.374546 DELTAE   -0.0172667
 CYCLE:    14 TIME:   0.141 TIME LEFT:  2.00W  GRAD.:    31.666 HEAT: -60.36572
 ITERATION   1 PLS= 0.185E-03 0.185E-03 ENERGY      -60.833192 DELTAE -160.8331923
 ITERATION   2 PLS= 0.321E-02 0.326E-02 ENERGY      -61.216493 DELTAE   -0.3833008
 ITERATION   3 PLS= 0.104E-02 0.103E-02 ENERGY      -61.275853 DELTAE   -0.0593595
 ITERATION   4 PLS= 0.431E-03 0.427E-03 ENERGY      -61.308532 DELTAE   -0.0326797
 ITERATION   5 PLS= 0.154E-03 0.156E-03 ENERGY      -61.293117 DELTAE    0.0154150
 CYCLE:    15 TIME:   0.117 TIME LEFT:  2.00W  GRAD.:    34.434 HEAT: -61.29323
 ITERATION   1 PLS= 0.763E-04 0.756E-04 ENERGY      -59.100030 DELTAE -159.1000295
 ITERATION   2 PLS= 0.847E-02 0.883E-02 ENERGY      -61.551227 DELTAE   -2.4511975
 ITERATION   3 PLS= 0.295E-02 0.303E-02 ENERGY      -61.862244 DELTAE   -0.3110167
 ITERATION   4 PLS= 0.138E-02 0.138E-02 ENERGY      -62.010106 DELTAE   -0.1478620
 ITERATION   5 PLS= 0.242E-03 0.218E-03 ENERGY      -61.946812 DELTAE    0.0632942
 CYCLE:    16 TIME:   0.133 TIME LEFT:  2.00W  GRAD.:    88.192 HEAT: -61.94750
 ITERATION   1 PLS= 0.179E-03 0.154E-03 ENERGY      -62.562689 DELTAE -162.5626890
 ITERATION   2 PLS= 0.629E-02 0.658E-02 ENERGY      -63.187030 DELTAE   -0.6243407
 ITERATION   3 PLS= 0.221E-02 0.229E-02 ENERGY      -63.241315 DELTAE   -0.0542850
 ITERATION   4 PLS= 0.100E-02 0.103E-02 ENERGY      -63.264298 DELTAE   -0.0229832
 CYCLE:    17 TIME:   0.102 TIME LEFT:  2.00W  GRAD.:    32.417 HEAT: -63.25450
 ITERATION   1 PLS= 0.164E-03 0.160E-03 ENERGY      -63.550688 DELTAE -163.5506880
 ITERATION   2 PLS= 0.422E-02 0.429E-02 ENERGY      -63.852977 DELTAE   -0.3022889
 ITERATION   3 PLS= 0.214E-02 0.214E-02 ENERGY      -63.903187 DELTAE   -0.0502106
 ITERATION   4 PLS= 0.129E-02 0.127E-02 ENERGY      -63.936565 DELTAE   -0.0333776
 ITERATION   5 PLS= 0.239E-03 0.246E-03 ENERGY      -63.919160 DELTAE    0.0174050
 CYCLE:    18 TIME:   0.156 TIME LEFT:  2.00W  GRAD.:    21.319 HEAT: -63.91924
 ITERATION   1 PLS= 0.108E-03 0.109E-03 ENERGY      -63.877362 DELTAE -163.8773620
 ITERATION   2 PLS= 0.430E-02 0.437E-02 ENERGY      -64.227153 DELTAE   -0.3497908
 ITERATION   3 PLS= 0.241E-02 0.241E-02 ENERGY      -64.291262 DELTAE   -0.0641091
 ITERATION   4 PLS= 0.142E-02 0.140E-02 ENERGY      -64.335139 DELTAE   -0.0438775
 ITERATION   5 PLS= 0.275E-03 0.282E-03 ENERGY      -64.311508 DELTAE    0.0236310
 CYCLE:    19 TIME:   0.109 TIME LEFT:  2.00W  GRAD.:    18.434 HEAT: -64.31161
 ITERATION   1 PLS= 0.119E-03 0.119E-03 ENERGY      -64.305627 DELTAE -164.3056268
 ITERATION   2 PLS= 0.199E-02 0.203E-02 ENERGY      -64.519999 DELTAE   -0.2143722
 ITERATION   3 PLS= 0.113E-02 0.113E-02 ENERGY      -64.554782 DELTAE   -0.0347828
 ITERATION   4 PLS= 0.631E-03 0.620E-03 ENERGY      -64.574844 DELTAE   -0.0200620
 ITERATION   5 PLS= 0.123E-03 0.125E-03 ENERGY      -64.564343 DELTAE    0.0105003
 CYCLE:    20 TIME:   0.172 TIME LEFT:  2.00W  GRAD.:    22.735 HEAT: -64.56440
 ITERATION   1 PLS= 0.542E-04 0.535E-04 ENERGY      -64.401018 DELTAE -164.4010176
 ITERATION   2 PLS= 0.352E-02 0.361E-02 ENERGY      -64.990203 DELTAE   -0.5891855
 ITERATION   3 PLS= 0.188E-02 0.190E-02 ENERGY      -65.089212 DELTAE   -0.0990093
 ITERATION   4 PLS= 0.102E-02 0.101E-02 ENERGY      -65.146508 DELTAE   -0.0572957
 ITERATION   5 PLS= 0.141E-03 0.140E-03 ENERGY      -65.115428 DELTAE    0.0310799
 CYCLE:    21 TIME:   0.102 TIME LEFT:  2.00W  GRAD.:    23.795 HEAT: -65.11560
 ITERATION   1 PLS= 0.656E-04 0.561E-04 ENERGY      -64.696753 DELTAE -164.6967528
 ITERATION   2 PLS= 0.346E-02 0.355E-02 ENERGY      -65.547119 DELTAE   -0.8503667
 ITERATION   3 PLS= 0.186E-02 0.188E-02 ENERGY      -65.691173 DELTAE   -0.1440534
 ITERATION   4 PLS= 0.103E-02 0.102E-02 ENERGY      -65.776850 DELTAE   -0.0856774
 ITERATION   5 PLS= 0.124E-03 0.125E-03 ENERGY      -65.728275 DELTAE    0.0485748
 CYCLE:    22 TIME:   0.125 TIME LEFT:  2.00W  GRAD.:    26.328 HEAT: -65.72860
 ITERATION   1 PLS= 0.672E-04 0.653E-04 ENERGY      -62.988166 DELTAE -162.9881665
 ITERATION   2 PLS= 0.308E-02 0.316E-02 ENERGY      -65.263276 DELTAE   -2.2751095
 ITERATION   3 PLS= 0.171E-02 0.173E-02 ENERGY      -65.647092 DELTAE   -0.3838158
 ITERATION   4 PLS= 0.996E-03 0.990E-03 ENERGY      -65.904056 DELTAE   -0.2569641
 ITERATION   5 PLS= 0.367E-03 0.379E-03 ENERGY      -65.748653 DELTAE    0.1554025
 ITERATION   6 PLS= 0.264E-03 0.269E-03 ENERGY      -65.750240 DELTAE   -0.0015864
 CYCLE:    23 TIME:   0.117 TIME LEFT:  2.00W  GRAD.:    64.835 HEAT: -65.75307
 ITERATION   1 PLS= 0.195E-03 0.196E-03 ENERGY      -66.177909 DELTAE -166.1779091
 ITERATION   2 PLS= 0.203E-02 0.211E-02 ENERGY      -66.539934 DELTAE   -0.3620247
 ITERATION   3 PLS= 0.127E-02 0.131E-02 ENERGY      -66.587450 DELTAE   -0.0475158
 ITERATION   4 PLS= 0.920E-03 0.945E-03 ENERGY      -66.625319 DELTAE   -0.0378691
 ITERATION   5 PLS= 0.343E-03 0.357E-03 ENERGY      -66.601591 DELTAE    0.0237282
 CYCLE:    24 TIME:   0.109 TIME LEFT:  2.00W  GRAD.:    14.235 HEAT: -66.60203
 ITERATION   1 PLS= 0.243E-03 0.249E-03 ENERGY      -66.607079 DELTAE -166.6070786
 ITERATION   2 PLS= 0.111E-02 0.113E-02 ENERGY      -66.734216 DELTAE   -0.1271372
 ITERATION   3 PLS= 0.437E-03 0.435E-03 ENERGY      -66.756760 DELTAE   -0.0225442
 ITERATION   4 PLS= 0.194E-03 0.188E-03 ENERGY      -66.770909 DELTAE   -0.0141489
 CYCLE:    25 TIME:   0.109 TIME LEFT:  2.00W  GRAD.:    12.456 HEAT: -66.76308
 ITERATION   1 PLS= 0.692E-04 0.704E-04 ENERGY      -65.882382 DELTAE -165.8823819
 ITERATION   2 PLS= 0.137E-02 0.136E-02 ENERGY      -66.908081 DELTAE   -1.0256992
 ITERATION   3 PLS= 0.567E-03 0.532E-03 ENERGY      -67.093113 DELTAE   -0.1850322
 ITERATION   4 PLS= 0.286E-03 0.284E-03 ENERGY      -67.188118 DELTAE   -0.0950044
 ITERATION   5 PLS= 0.999E-04 0.102E-03 ENERGY      -67.143295 DELTAE    0.0448224
 CYCLE:    26 TIME:   0.125 TIME LEFT:  2.00W  GRAD.:    17.822 HEAT: -67.14361
 ITERATION   1 PLS= 0.619E-04 0.588E-04 ENERGY      -65.643937 DELTAE -165.6439371
 ITERATION   2 PLS= 0.622E-02 0.646E-02 ENERGY      -66.932426 DELTAE   -1.2884893
 ITERATION   3 PLS= 0.216E-02 0.220E-02 ENERGY      -67.124191 DELTAE   -0.1917647
 ITERATION   4 PLS= 0.105E-02 0.105E-02 ENERGY      -67.222216 DELTAE   -0.0980253
 ITERATION   5 PLS= 0.240E-03 0.232E-03 ENERGY      -67.175394 DELTAE    0.0468227
 CYCLE:    27 TIME:   0.125 TIME LEFT:  2.00W  GRAD.:    46.104 HEAT: -67.17579
 ITERATION   1 PLS= 0.140E-03 0.132E-03 ENERGY      -67.339321 DELTAE -167.3393207
 ITERATION   2 PLS= 0.402E-02 0.416E-02 ENERGY      -67.498398 DELTAE   -0.1590772
 ITERATION   3 PLS= 0.132E-02 0.136E-02 ENERGY      -67.511892 DELTAE   -0.0134946
 ITERATION   4 PLS= 0.605E-03 0.626E-03 ENERGY      -67.517483 DELTAE   -0.0055901
 CYCLE:    28 TIME:   0.125 TIME LEFT:  2.00W  GRAD.:    16.619 HEAT: -67.51510
 ITERATION   1 PLS= 0.867E-04 0.852E-04 ENERGY      -67.597051 DELTAE -167.5970506
 ITERATION   2 PLS= 0.177E-02 0.182E-02 ENERGY      -67.665482 DELTAE   -0.0684318
 ITERATION   3 PLS= 0.619E-03 0.626E-03 ENERGY      -67.676584 DELTAE   -0.0111016
 ITERATION   4 PLS= 0.302E-03 0.300E-03 ENERGY      -67.683699 DELTAE   -0.0071155
 CYCLE:    29 TIME:   0.102 TIME LEFT:  2.00W  GRAD.:    11.635 HEAT: -67.67996
 ITERATION   1 PLS= 0.742E-04 0.750E-04 ENERGY      -67.627730 DELTAE -167.6277301
 ITERATION   2 PLS= 0.122E-02 0.124E-02 ENERGY      -67.824493 DELTAE   -0.1967630
 ITERATION   3 PLS= 0.732E-03 0.734E-03 ENERGY      -67.862233 DELTAE   -0.0377395
 ITERATION   4 PLS= 0.465E-03 0.462E-03 ENERGY      -67.890956 DELTAE   -0.0287232
 ITERATION   5 PLS= 0.724E-04 0.751E-04 ENERGY      -67.872952 DELTAE    0.0180043
 CYCLE:    30 TIME:   0.125 TIME LEFT:  2.00W  GRAD.:    15.286 HEAT: -67.87308
 ITERATION   1 PLS= 0.329E-04 0.321E-04 ENERGY      -67.647342 DELTAE -167.6473424
 ITERATION   2 PLS= 0.107E-02 0.110E-02 ENERGY      -68.039399 DELTAE   -0.3920566
 ITERATION   3 PLS= 0.744E-03 0.750E-03 ENERGY      -68.111758 DELTAE   -0.0723588
 ITERATION   4 PLS= 0.472E-03 0.468E-03 ENERGY      -68.165106 DELTAE   -0.0533483
 ITERATION   5 PLS= 0.690E-04 0.736E-04 ENERGY      -68.130199 DELTAE    0.0349069
 CYCLE:    31 TIME:   0.133 TIME LEFT:  2.00W  GRAD.:    14.866 HEAT: -68.13056
 ITERATION   1 PLS= 0.341E-04 0.350E-04 ENERGY      -65.683244 DELTAE -165.6832441
 ITERATION   2 PLS= 0.202E-02 0.205E-02 ENERGY      -67.634253 DELTAE   -1.9510087
 ITERATION   3 PLS= 0.728E-03 0.724E-03 ENERGY      -67.973519 DELTAE   -0.3392662
 ITERATION   4 PLS= 0.347E-03 0.346E-03 ENERGY      -68.139346 DELTAE   -0.1658274
 ITERATION   5 PLS= 0.183E-03 0.185E-03 ENERGY      -68.060915 DELTAE    0.0784317
 CYCLE:    32 TIME:   0.164 TIME LEFT:  2.00W  GRAD.:    48.934 HEAT: -68.06156
 ITERATION   1 PLS= 0.141E-03 0.142E-03 ENERGY      -68.020193 DELTAE -168.0201927
 ITERATION   2 PLS= 0.190E-02 0.196E-02 ENERGY      -68.461161 DELTAE   -0.4409683
 ITERATION   3 PLS= 0.898E-03 0.907E-03 ENERGY      -68.524357 DELTAE   -0.0631956
 ITERATION   4 PLS= 0.489E-03 0.488E-03 ENERGY      -68.559774 DELTAE   -0.0354173
 ITERATION   5 PLS= 0.132E-03 0.138E-03 ENERGY      -68.542338 DELTAE    0.0174361
 CYCLE:    33 TIME:   0.117 TIME LEFT:  2.00W  GRAD.:    13.907 HEAT: -68.54266
 ITERATION   1 PLS= 0.108E-03 0.111E-03 ENERGY      -68.524136 DELTAE -168.5241361
 ITERATION   2 PLS= 0.236E-02 0.239E-02 ENERGY      -68.620395 DELTAE   -0.0962594
 ITERATION   3 PLS= 0.823E-03 0.818E-03 ENERGY      -68.636857 DELTAE   -0.0164615
 ITERATION   4 PLS= 0.471E-03 0.471E-03 ENERGY      -68.647904 DELTAE   -0.0110466
 CYCLE:    34 TIME:   0.102 TIME LEFT:  2.00W  GRAD.:     9.116 HEAT: -68.64173
 ITERATION   1 PLS= 0.118E-03 0.119E-03 ENERGY      -68.216310 DELTAE -168.2163104
 ITERATION   2 PLS= 0.143E-02 0.145E-02 ENERGY      -68.685112 DELTAE   -0.4688016
 ITERATION   3 PLS= 0.519E-03 0.514E-03 ENERGY      -68.768959 DELTAE   -0.0838468
 ITERATION   4 PLS= 0.219E-03 0.212E-03 ENERGY      -68.811736 DELTAE   -0.0427772
 ITERATION   5 PLS= 0.717E-04 0.714E-04 ENERGY      -68.790167 DELTAE    0.0215693
 CYCLE:    35 TIME:   0.141 TIME LEFT:  2.00W  GRAD.:    10.918 HEAT: -68.79027
 ITERATION   1 PLS= 0.332E-04 0.324E-04 ENERGY      -68.583125 DELTAE -168.5831246
 ITERATION   2 PLS= 0.129E-02 0.131E-02 ENERGY      -68.801795 DELTAE   -0.2186702
 ITERATION   3 PLS= 0.693E-03 0.696E-03 ENERGY      -68.841775 DELTAE   -0.0399805
 ITERATION   4 PLS= 0.370E-03 0.366E-03 ENERGY      -68.863969 DELTAE   -0.0221938
 ITERATION   5 PLS= 0.571E-04 0.589E-04 ENERGY      -68.852532 DELTAE    0.0114367
 CYCLE:    36 TIME:   0.141 TIME LEFT:  2.00W  GRAD.:    10.503 HEAT: -68.85262
 ITERATION   1 PLS= 0.397E-04 0.406E-04 ENERGY      -68.878872 DELTAE -168.8788723
 ITERATION   2 PLS= 0.776E-03 0.791E-03 ENERGY      -68.958342 DELTAE   -0.0794701
 ITERATION   3 PLS= 0.381E-03 0.381E-03 ENERGY      -68.972351 DELTAE   -0.0140087
 ITERATION   4 PLS= 0.202E-03 0.202E-03 ENERGY      -68.980899 DELTAE   -0.0085482
 CYCLE:    37 TIME:   0.172 TIME LEFT:  2.00W  GRAD.:     7.739 HEAT: -68.97631
 ITERATION   1 PLS= 0.397E-04 0.373E-04 ENERGY      -68.910355 DELTAE -168.9103546
 ITERATION   2 PLS= 0.108E-02 0.109E-02 ENERGY      -68.985690 DELTAE   -0.0753355
 ITERATION   3 PLS= 0.559E-03 0.561E-03 ENERGY      -68.999533 DELTAE   -0.0138428
 ITERATION   4 PLS= 0.289E-03 0.285E-03 ENERGY      -69.008952 DELTAE   -0.0094193
 CYCLE:    38 TIME:   0.102 TIME LEFT:  2.00W  GRAD.:    10.118 HEAT: -69.00391
 ITERATION   1 PLS= 0.355E-04 0.331E-04 ENERGY      -68.831583 DELTAE -168.8315829
 ITERATION   2 PLS= 0.104E-02 0.108E-02 ENERGY      -69.037264 DELTAE   -0.2056811
 ITERATION   3 PLS= 0.392E-03 0.402E-03 ENERGY      -69.075169 DELTAE   -0.0379056
 ITERATION   4 PLS= 0.185E-03 0.187E-03 ENERGY      -69.097434 DELTAE   -0.0222642
 ITERATION   5 PLS= 0.519E-04 0.519E-04 ENERGY      -69.085796 DELTAE    0.0116378
 CYCLE:    39 TIME:   0.109 TIME LEFT:  2.00W  GRAD.:     9.578 HEAT: -69.08586
 ITERATION   1 PLS= 0.257E-04 0.253E-04 ENERGY      -69.104339 DELTAE -169.1043391
 ITERATION   2 PLS= 0.931E-03 0.949E-03 ENERGY      -69.121609 DELTAE   -0.0172699
 ITERATION   3 PLS= 0.485E-03 0.489E-03 ENERGY      -69.124339 DELTAE   -0.0027297
 ITERATION   4 PLS= 0.257E-03 0.255E-03 ENERGY      -69.126040 DELTAE   -0.0017009
 CYCLE:    40 TIME:   0.117 TIME LEFT:  2.00W  GRAD.:     5.916 HEAT: -69.12514
 ITERATION   1 PLS= 0.363E-04 0.360E-04 ENERGY      -69.074574 DELTAE -169.0745735
 ITERATION   2 PLS= 0.131E-02 0.134E-02 ENERGY      -69.133104 DELTAE   -0.0585305
 ITERATION   3 PLS= 0.686E-03 0.690E-03 ENERGY      -69.143104 DELTAE   -0.0100000
 ITERATION   4 PLS= 0.371E-03 0.370E-03 ENERGY      -69.149534 DELTAE   -0.0064301
 CYCLE:    41 TIME:   0.102 TIME LEFT:  2.00W  GRAD.:     5.638 HEAT: -69.14605
 ITERATION   1 PLS= 0.491E-04 0.485E-04 ENERGY      -69.201829 DELTAE -169.2018291
 ITERATION   2 PLS= 0.848E-03 0.860E-03 ENERGY      -69.256971 DELTAE   -0.0551423
 ITERATION   3 PLS= 0.460E-03 0.461E-03 ENERGY      -69.267084 DELTAE   -0.0101123
 ITERATION   4 PLS= 0.245E-03 0.242E-03 ENERGY      -69.273015 DELTAE   -0.0059308
 CYCLE:    42 TIME:   0.117 TIME LEFT:  2.00W  GRAD.:     8.791 HEAT: -69.27012
 ITERATION   1 PLS= 0.327E-04 0.289E-04 ENERGY      -69.248991 DELTAE -169.2489913
 ITERATION   2 PLS= 0.600E-03 0.610E-03 ENERGY      -69.321430 DELTAE   -0.0724388
 ITERATION   3 PLS= 0.306E-03 0.306E-03 ENERGY      -69.335837 DELTAE   -0.0144067
 ITERATION   4 PLS= 0.161E-03 0.158E-03 ENERGY      -69.345121 DELTAE   -0.0092846
 CYCLE:    43 TIME:   0.125 TIME LEFT:  2.00W  GRAD.:     8.306 HEAT: -69.34011
 ITERATION   1 PLS= 0.271E-04 0.248E-04 ENERGY      -69.137210 DELTAE -169.1372097
 ITERATION   2 PLS= 0.131E-02 0.134E-02 ENERGY      -69.377697 DELTAE   -0.2404870
 ITERATION   3 PLS= 0.655E-03 0.659E-03 ENERGY      -69.426109 DELTAE   -0.0484127
 ITERATION   4 PLS= 0.333E-03 0.329E-03 ENERGY      -69.457719 DELTAE   -0.0316092
 ITERATION   5 PLS= 0.436E-04 0.414E-04 ENERGY      -69.440771 DELTAE    0.0169473
 CYCLE:    44 TIME:   0.188 TIME LEFT:  2.00W  GRAD.:     9.683 HEAT: -69.44082
 ITERATION   1 PLS= 0.282E-04 0.284E-04 ENERGY      -69.048342 DELTAE -169.0483421
 ITERATION   2 PLS= 0.172E-02 0.176E-02 ENERGY      -69.397556 DELTAE   -0.3492144
 ITERATION   3 PLS= 0.930E-03 0.936E-03 ENERGY      -69.466935 DELTAE   -0.0693789
 ITERATION   4 PLS= 0.492E-03 0.487E-03 ENERGY      -69.515187 DELTAE   -0.0482517
 ITERATION   5 PLS= 0.797E-04 0.765E-04 ENERGY      -69.489618 DELTAE    0.0255689
 CYCLE:    45 TIME:   0.328 TIME LEFT:  2.00W  GRAD.:    13.922 HEAT: -69.48977
 ITERATION   1 PLS= 0.576E-04 0.550E-04 ENERGY      -69.553192 DELTAE -169.5531919
 ITERATION   2 PLS= 0.924E-03 0.941E-03 ENERGY      -69.630419 DELTAE   -0.0772270
 ITERATION   3 PLS= 0.517E-03 0.519E-03 ENERGY      -69.645172 DELTAE   -0.0147533
 ITERATION   4 PLS= 0.293E-03 0.289E-03 ENERGY      -69.655913 DELTAE   -0.0107414
 CYCLE:    46 TIME:   0.203 TIME LEFT:  2.00W  GRAD.:     9.718 HEAT: -69.64982
 ITERATION   1 PLS= 0.578E-04 0.605E-04 ENERGY      -69.382957 DELTAE -169.3829569
 ITERATION   2 PLS= 0.141E-02 0.144E-02 ENERGY      -69.657020 DELTAE   -0.2740635
 ITERATION   3 PLS= 0.757E-03 0.762E-03 ENERGY      -69.708021 DELTAE   -0.0510010
 ITERATION   4 PLS= 0.402E-03 0.399E-03 ENERGY      -69.740282 DELTAE   -0.0322611
 ITERATION   5 PLS= 0.504E-04 0.496E-04 ENERGY      -69.722040 DELTAE    0.0182424
 CYCLE:    47 TIME:   0.227 TIME LEFT:  2.00W  GRAD.:     8.796 HEAT: -69.72215
 ITERATION   1 PLS= 0.387E-04 0.374E-04 ENERGY      -69.613499 DELTAE -169.6134986
 ITERATION   2 PLS= 0.106E-02 0.108E-02 ENERGY      -69.763061 DELTAE   -0.1495625
 ITERATION   3 PLS= 0.438E-03 0.442E-03 ENERGY      -69.790718 DELTAE   -0.0276565
 ITERATION   4 PLS= 0.233E-03 0.231E-03 ENERGY      -69.806271 DELTAE   -0.0155535
 CYCLE:    48 TIME:   0.180 TIME LEFT:  2.00W  GRAD.:    12.099 HEAT: -69.79856
 ITERATION   1 PLS= 0.668E-04 0.663E-04 ENERGY      -69.768743 DELTAE -169.7687430
 ITERATION   2 PLS= 0.142E-02 0.144E-02 ENERGY      -69.936861 DELTAE   -0.1681179
 ITERATION   3 PLS= 0.698E-03 0.702E-03 ENERGY      -69.970435 DELTAE   -0.0335738
 ITERATION   4 PLS= 0.370E-03 0.366E-03 ENERGY      -69.989314 DELTAE   -0.0188796
 CYCLE:    49 TIME:   0.180 TIME LEFT:  2.00W  GRAD.:     8.020 HEAT: -69.98055
 ITERATION   1 PLS= 0.521E-04 0.506E-04 ENERGY      -69.914345 DELTAE -169.9143450
 ITERATION   2 PLS= 0.116E-02 0.118E-02 ENERGY      -70.038402 DELTAE   -0.1240567
 ITERATION   3 PLS= 0.506E-03 0.505E-03 ENERGY      -70.063030 DELTAE   -0.0246285
 ITERATION   4 PLS= 0.238E-03 0.234E-03 ENERGY      -70.078149 DELTAE   -0.0151186
 CYCLE:    50 TIME:   0.180 TIME LEFT:  2.00W  GRAD.:     7.653 HEAT: -70.07050
 ITERATION   1 PLS= 0.549E-04 0.550E-04 ENERGY      -70.021130 DELTAE -170.0211302
 ITERATION   2 PLS= 0.127E-02 0.129E-02 ENERGY      -70.123323 DELTAE   -0.1021933
 ITERATION   3 PLS= 0.671E-03 0.674E-03 ENERGY      -70.144173 DELTAE   -0.0208493
 ITERATION   4 PLS= 0.349E-03 0.345E-03 ENERGY      -70.157712 DELTAE   -0.0135391
 CYCLE:    51 TIME:   0.203 TIME LEFT:  2.00W  GRAD.:     9.460 HEAT: -70.15077
 ITERATION   1 PLS= 0.228E-04 0.215E-04 ENERGY      -70.175084 DELTAE -170.1750842
 ITERATION   2 PLS= 0.832E-03 0.846E-03 ENERGY      -70.211408 DELTAE   -0.0363235
 ITERATION   3 PLS= 0.433E-03 0.435E-03 ENERGY      -70.218878 DELTAE   -0.0074706
 ITERATION   4 PLS= 0.226E-03 0.223E-03 ENERGY      -70.224202 DELTAE   -0.0053238
 CYCLE:    52 TIME:   0.141 TIME LEFT:  2.00W  GRAD.:     6.790 HEAT: -70.22120
 ITERATION   1 PLS= 0.224E-04 0.219E-04 ENERGY      -69.821721 DELTAE -169.8217212
 ITERATION   2 PLS= 0.170E-02 0.173E-02 ENERGY      -69.985862 DELTAE   -0.1641411
 ITERATION   3 PLS= 0.903E-03 0.909E-03 ENERGY      -70.020047 DELTAE   -0.0341846
 ITERATION   4 PLS= 0.470E-03 0.465E-03 ENERGY      -70.043721 DELTAE   -0.0236746
 ITERATION   5 PLS= 0.483E-04 0.504E-04 ENERGY      -70.030503 DELTAE    0.0132182
 CYCLE:    53 TIME:   0.148 TIME LEFT:  2.00W  GRAD.:     7.508 HEAT: -70.03054
 ITERATION   1 PLS= 0.252E-04 0.254E-04 ENERGY      -69.905495 DELTAE -169.9054946
 ITERATION   2 PLS= 0.104E-02 0.106E-02 ENERGY      -70.001405 DELTAE   -0.0959099
 ITERATION   3 PLS= 0.582E-03 0.585E-03 ENERGY      -70.018968 DELTAE   -0.0175638
 ITERATION   4 PLS= 0.318E-03 0.314E-03 ENERGY      -70.029846 DELTAE   -0.0108779
 CYCLE:    54 TIME:   0.117 TIME LEFT:  2.00W  GRAD.:    14.437 HEAT: -70.02434
 ITERATION   1 PLS= 0.625E-04 0.622E-04 ENERGY      -70.058529 DELTAE -170.0585293
 ITERATION   2 PLS= 0.724E-03 0.748E-03 ENERGY      -70.076203 DELTAE   -0.0176740
 ITERATION   3 PLS= 0.266E-03 0.273E-03 ENERGY      -70.078816 DELTAE   -0.0026129
 ITERATION   4 PLS= 0.135E-03 0.132E-03 ENERGY      -70.080320 DELTAE   -0.0015039
 CYCLE:    55 TIME:   0.133 TIME LEFT:  2.00W  GRAD.:     6.862 HEAT: -70.07960
 ITERATION   1 PLS= 0.288E-04 0.270E-04 ENERGY      -70.089990 DELTAE -170.0899898
 ITERATION   2 PLS= 0.138E-02 0.140E-02 ENERGY      -70.138839 DELTAE   -0.0488492
 ITERATION   3 PLS= 0.728E-03 0.732E-03 ENERGY      -70.148901 DELTAE   -0.0100617
 ITERATION   4 PLS= 0.380E-03 0.376E-03 ENERGY      -70.155336 DELTAE   -0.0064358
 CYCLE:    56 TIME:   0.172 TIME LEFT:  2.00W  GRAD.:     5.569 HEAT: -70.15217
 ITERATION   1 PLS= 0.416E-04 0.413E-04 ENERGY      -70.121211 DELTAE -170.1212112
 ITERATION   2 PLS= 0.919E-03 0.935E-03 ENERGY      -70.148948 DELTAE   -0.0277368
 ITERATION   3 PLS= 0.477E-03 0.478E-03 ENERGY      -70.154750 DELTAE   -0.0058017
 ITERATION   4 PLS= 0.247E-03 0.243E-03 ENERGY      -70.158494 DELTAE   -0.0037448
 CYCLE:    57 TIME:   0.117 TIME LEFT:  2.00W  GRAD.:     7.080 HEAT: -70.15660
 ITERATION   1 PLS= 0.241E-04 0.225E-04 ENERGY      -69.977498 DELTAE -169.9774981
 ITERATION   2 PLS= 0.303E-02 0.309E-02 ENERGY      -70.195112 DELTAE   -0.2176136
 ITERATION   3 PLS= 0.162E-02 0.163E-02 ENERGY      -70.241691 DELTAE   -0.0465795
 ITERATION   4 PLS= 0.848E-03 0.839E-03 ENERGY      -70.270732 DELTAE   -0.0290406
 ITERATION   5 PLS= 0.597E-04 0.577E-04 ENERGY      -70.256455 DELTAE    0.0142768
 CYCLE:    58 TIME:   0.156 TIME LEFT:  2.00W  GRAD.:     9.828 HEAT: -70.25648
 ITERATION   1 PLS= 0.320E-04 0.301E-04 ENERGY      -69.919897 DELTAE -169.9198969
 ITERATION   2 PLS= 0.336E-02 0.343E-02 ENERGY      -70.203312 DELTAE   -0.2834151
 ITERATION   3 PLS= 0.176E-02 0.177E-02 ENERGY      -70.259151 DELTAE   -0.0558394
 ITERATION   4 PLS= 0.910E-03 0.899E-03 ENERGY      -70.294174 DELTAE   -0.0350224
 ITERATION   5 PLS= 0.520E-04 0.534E-04 ENERGY      -70.276579 DELTAE    0.0175951
 CYCLE:    59 TIME:   0.148 TIME LEFT:  2.00W  GRAD.:    16.949 HEAT: -70.27663
 ITERATION   1 PLS= 0.344E-04 0.354E-04 ENERGY      -70.308281 DELTAE -170.3082809
 ITERATION   2 PLS= 0.153E-02 0.158E-02 ENERGY      -70.334448 DELTAE   -0.0261672
 ITERATION   3 PLS= 0.518E-03 0.532E-03 ENERGY      -70.336879 DELTAE   -0.0024312
 ITERATION   4 PLS= 0.233E-03 0.237E-03 ENERGY      -70.337970 DELTAE   -0.0010910
 CYCLE:    60 TIME:   0.141 TIME LEFT:  2.00W  GRAD.:     5.369 HEAT: -70.33751
 ITERATION   1 PLS= 0.286E-04 0.285E-04 ENERGY      -70.310368 DELTAE -170.3103684
 ITERATION   2 PLS= 0.186E-02 0.190E-02 ENERGY      -70.364521 DELTAE   -0.0541524
 ITERATION   3 PLS= 0.972E-03 0.978E-03 ENERGY      -70.376212 DELTAE   -0.0116911
 ITERATION   4 PLS= 0.502E-03 0.497E-03 ENERGY      -70.383833 DELTAE   -0.0076206
 CYCLE:    61 TIME:   0.125 TIME LEFT:  2.00W  GRAD.:     5.421 HEAT: -70.37994
 ITERATION   1 PLS= 0.164E-04 0.160E-04 ENERGY      -70.337604 DELTAE -170.3376038
 ITERATION   2 PLS= 0.230E-02 0.234E-02 ENERGY      -70.403887 DELTAE   -0.0662830
 ITERATION   3 PLS= 0.118E-02 0.119E-02 ENERGY      -70.419013 DELTAE   -0.0151262
 ITERATION   4 PLS= 0.606E-03 0.599E-03 ENERGY      -70.429518 DELTAE   -0.0105048
 CYCLE:    62 TIME:   0.133 TIME LEFT:  2.00W  GRAD.:     6.052 HEAT: -70.42402
 ITERATION   1 PLS= 0.284E-04 0.272E-04 ENERGY      -69.919880 DELTAE -169.9198796
 ITERATION   2 PLS= 0.556E-02 0.567E-02 ENERGY      -70.248997 DELTAE   -0.3291177
 ITERATION   3 PLS= 0.295E-02 0.300E-02 ENERGY      -70.323744 DELTAE   -0.0747466
 ITERATION   4 PLS= 0.154E-02 0.152E-02 ENERGY      -70.373917 DELTAE   -0.0501728
 ITERATION   5 PLS= 0.457E-04 0.485E-04 ENERGY      -70.348191 DELTAE    0.0257256
 CYCLE:    63 TIME:   0.156 TIME LEFT:  2.00W  GRAD.:    10.517 HEAT: -70.34823
 ITERATION   1 PLS= 0.284E-04 0.268E-04 ENERGY      -70.362530 DELTAE -170.3625305
 ITERATION   2 PLS= 0.922E-03 0.964E-03 ENERGY      -70.383555 DELTAE   -0.0210243
 ITERATION   3 PLS= 0.339E-03 0.350E-03 ENERGY      -70.385933 DELTAE   -0.0023777
 ITERATION   4 PLS= 0.164E-03 0.165E-03 ENERGY      -70.387174 DELTAE   -0.0012419
 CYCLE:    64 TIME:   0.125 TIME LEFT:  2.00W  GRAD.:     3.978 HEAT: -70.38658
 ITERATION   1 PLS= 0.312E-04 0.325E-04 ENERGY      -70.373472 DELTAE -170.3734721
 ITERATION   2 PLS= 0.929E-03 0.959E-03 ENERGY      -70.386276 DELTAE   -0.0128036
 ITERATION   3 PLS= 0.481E-03 0.487E-03 ENERGY      -70.388874 DELTAE   -0.0025982
 ITERATION   4 PLS= 0.248E-03 0.245E-03 ENERGY      -70.390432 DELTAE   -0.0015579
 CYCLE:    65 TIME:   0.125 TIME LEFT:  2.00W  GRAD.:     3.353 HEAT: -70.38967
 ITERATION   1 PLS= 0.141E-04 0.138E-04 ENERGY      -70.375531 DELTAE -170.3755307
 ITERATION   2 PLS= 0.942E-03 0.973E-03 ENERGY      -70.394288 DELTAE   -0.0187569
 ITERATION   3 PLS= 0.493E-03 0.499E-03 ENERGY      -70.397936 DELTAE   -0.0036484
 ITERATION   4 PLS= 0.256E-03 0.253E-03 ENERGY      -70.400207 DELTAE   -0.0022713
 CYCLE:    66 TIME:   0.125 TIME LEFT:  2.00W  GRAD.:     3.189 HEAT: -70.39905
 ITERATION   1 PLS= 0.219E-04 0.204E-04 ENERGY      -70.362249 DELTAE -170.3622490
 ITERATION   2 PLS= 0.137E-02 0.141E-02 ENERGY      -70.394496 DELTAE   -0.0322466
 ITERATION   3 PLS= 0.707E-03 0.712E-03 ENERGY      -70.400761 DELTAE   -0.0062652
 ITERATION   4 PLS= 0.364E-03 0.358E-03 ENERGY      -70.404757 DELTAE   -0.0039966
 CYCLE:    67 TIME:   0.156 TIME LEFT:  2.00W  GRAD.:     4.947 HEAT: -70.40273
 ITERATION   1 PLS= 0.288E-04 0.261E-04 ENERGY      -70.416290 DELTAE -170.4162899
 ITERATION   2 PLS= 0.868E-03 0.889E-03 ENERGY      -70.426059 DELTAE   -0.0097689
 ITERATION   3 PLS= 0.445E-03 0.447E-03 ENERGY      -70.427998 DELTAE   -0.0019391
 ITERATION   4 PLS= 0.229E-03 0.223E-03 ENERGY      -70.429223 DELTAE   -0.0012249
 CYCLE:    68 TIME:   0.148 TIME LEFT:  2.00W  GRAD.:     2.301 HEAT: -70.42860
 ITERATION   1 PLS= 0.937E-05 0.809E-05 ENERGY      -70.428591 DELTAE -170.4285906
 ITERATION   2 PLS= 0.595E-03 0.610E-03 ENERGY      -70.432687 DELTAE   -0.0040964
 ITERATION   3 PLS= 0.303E-03 0.304E-03 ENERGY      -70.433552 DELTAE   -0.0008647
 ITERATION   4 PLS= 0.155E-03 0.151E-03 ENERGY      -70.434112 DELTAE   -0.0005600
 CYCLE:    69 TIME:   0.109 TIME LEFT:  2.00W  GRAD.:     2.271 HEAT: -70.43383
 ITERATION   1 PLS= 0.834E-05 0.744E-05 ENERGY      -70.419286 DELTAE -170.4192865
 ITERATION   2 PLS= 0.107E-02 0.110E-02 ENERGY      -70.436062 DELTAE   -0.0167751
 ITERATION   3 PLS= 0.546E-03 0.550E-03 ENERGY      -70.439470 DELTAE   -0.0034085
 ITERATION   4 PLS= 0.280E-03 0.275E-03 ENERGY      -70.441607 DELTAE   -0.0021375
 CYCLE:    70 TIME:   0.133 TIME LEFT:  2.00W  GRAD.:     3.090 HEAT: -70.44053
 ITERATION   1 PLS= 0.181E-04 0.165E-04 ENERGY      -70.373387 DELTAE -170.3733866
 ITERATION   2 PLS= 0.165E-02 0.170E-02 ENERGY      -70.425918 DELTAE   -0.0525315
 ITERATION   3 PLS= 0.852E-03 0.858E-03 ENERGY      -70.435834 DELTAE   -0.0099160
 ITERATION   4 PLS= 0.439E-03 0.430E-03 ENERGY      -70.441876 DELTAE   -0.0060419
 ITERATION   5 PLS= 0.400E-04 0.379E-04 ENERGY      -70.438837 DELTAE    0.0030385
 CYCLE:    71 TIME:   0.141 TIME LEFT:  2.00W  GRAD.:     6.623 HEAT: -70.43885
 ITERATION   1 PLS= 0.246E-04 0.223E-04 ENERGY      -70.434172 DELTAE -170.4341719
 ITERATION   2 PLS= 0.226E-03 0.236E-03 ENERGY      -70.437317 DELTAE   -0.0031453
 ITERATION   3 PLS= 0.117E-03 0.120E-03 ENERGY      -70.437718 DELTAE   -0.0004011
 ITERATION   4 PLS= 0.603E-04 0.607E-04 ENERGY      -70.437911 DELTAE   -0.0001924
 CYCLE:    72 TIME:   0.156 TIME LEFT:  2.00W  GRAD.:     2.915 HEAT: -70.43782
 ITERATION   1 PLS= 0.605E-05 0.671E-05 ENERGY      -70.435270 DELTAE -170.4352702
 ITERATION   2 PLS= 0.188E-03 0.196E-03 ENERGY      -70.438959 DELTAE   -0.0036889
 ITERATION   3 PLS= 0.654E-04 0.666E-04 ENERGY      -70.439524 DELTAE   -0.0005644
 ITERATION   4 PLS= 0.303E-04 0.298E-04 ENERGY      -70.439821 DELTAE   -0.0002975
 CYCLE:    73 TIME:   0.070 TIME LEFT:  2.00W  GRAD.:     2.363 HEAT: -70.43967
 ITERATION   1 PLS= 0.546E-05 0.581E-05 ENERGY      -70.423199 DELTAE -170.4231986
 ITERATION   2 PLS= 0.412E-03 0.423E-03 ENERGY      -70.432487 DELTAE   -0.0092885
 ITERATION   3 PLS= 0.204E-03 0.205E-03 ENERGY      -70.434144 DELTAE   -0.0016572
 ITERATION   4 PLS= 0.103E-03 0.101E-03 ENERGY      -70.435121 DELTAE   -0.0009770
 CYCLE:    74 TIME:   0.070 TIME LEFT:  2.00W  GRAD.:     3.213 HEAT: -70.43461
 ITERATION   1 PLS= 0.119E-04 0.110E-04 ENERGY      -70.390150 DELTAE -170.3901497
 ITERATION   2 PLS= 0.145E-02 0.150E-02 ENERGY      -70.438393 DELTAE   -0.0482430
 ITERATION   3 PLS= 0.734E-03 0.741E-03 ENERGY      -70.447891 DELTAE   -0.0094986
 ITERATION   4 PLS= 0.376E-03 0.370E-03 ENERGY      -70.453787 DELTAE   -0.0058953
 CYCLE:    75 TIME:   0.125 TIME LEFT:  2.00W  GRAD.:     3.702 HEAT: -70.45072
 ITERATION   1 PLS= 0.299E-04 0.274E-04 ENERGY      -70.486289 DELTAE -170.4862892
 ITERATION   2 PLS= 0.261E-02 0.268E-02 ENERGY      -70.577368 DELTAE   -0.0910783
 ITERATION   3 PLS= 0.129E-02 0.129E-02 ENERGY      -70.596252 DELTAE   -0.0188840
 ITERATION   4 PLS= 0.645E-03 0.630E-03 ENERGY      -70.607981 DELTAE   -0.0117294
 ITERATION   5 PLS= 0.308E-04 0.277E-04 ENERGY      -70.602071 DELTAE    0.0059099
 CYCLE:    76 TIME:   0.141 TIME LEFT:  2.00W  GRAD.:     7.589 HEAT: -70.60209
 ITERATION   1 PLS= 0.202E-04 0.173E-04 ENERGY      -70.583031 DELTAE -170.5830313
 ITERATION   2 PLS= 0.135E-02 0.138E-02 ENERGY      -70.620854 DELTAE   -0.0378227
 ITERATION   3 PLS= 0.689E-03 0.693E-03 ENERGY      -70.627886 DELTAE   -0.0070325
 ITERATION   4 PLS= 0.352E-03 0.344E-03 ENERGY      -70.632287 DELTAE   -0.0044008
 CYCLE:    77 TIME:   0.109 TIME LEFT:  2.00W  GRAD.:     3.624 HEAT: -70.63002
 ITERATION   1 PLS= 0.281E-04 0.252E-04 ENERGY      -70.606050 DELTAE -170.6060503
 ITERATION   2 PLS= 0.181E-02 0.186E-02 ENERGY      -70.646061 DELTAE   -0.0400106
 ITERATION   3 PLS= 0.927E-03 0.933E-03 ENERGY      -70.654747 DELTAE   -0.0086862
 ITERATION   4 PLS= 0.476E-03 0.466E-03 ENERGY      -70.660277 DELTAE   -0.0055297
 CYCLE:    78 TIME:   0.102 TIME LEFT:  2.00W  GRAD.:     2.647 HEAT: -70.65748
 ITERATION   1 PLS= 0.210E-04 0.187E-04 ENERGY      -70.659401 DELTAE -170.6594006
 ITERATION   2 PLS= 0.861E-03 0.881E-03 ENERGY      -70.669511 DELTAE   -0.0101103
 ITERATION   3 PLS= 0.431E-03 0.432E-03 ENERGY      -70.671510 DELTAE   -0.0019995
 ITERATION   4 PLS= 0.218E-03 0.212E-03 ENERGY      -70.672780 DELTAE   -0.0012698
 CYCLE:    79 TIME:   0.148 TIME LEFT:  2.00W  GRAD.:     3.126 HEAT: -70.67215
 ITERATION   1 PLS= 0.116E-04 0.112E-04 ENERGY      -70.644213 DELTAE -170.6442128
 ITERATION   2 PLS= 0.175E-02 0.180E-02 ENERGY      -70.677372 DELTAE   -0.0331592
 ITERATION   3 PLS= 0.905E-03 0.911E-03 ENERGY      -70.684547 DELTAE   -0.0071749
 ITERATION   4 PLS= 0.467E-03 0.458E-03 ENERGY      -70.689080 DELTAE   -0.0045326
 CYCLE:    80 TIME:   0.141 TIME LEFT:  2.00W  GRAD.:     2.681 HEAT: -70.68683
 ITERATION   1 PLS= 0.176E-04 0.180E-04 ENERGY      -70.385898 DELTAE -170.3858978
 ITERATION   2 PLS= 0.279E-02 0.287E-02 ENERGY      -70.480373 DELTAE   -0.0944751
 ITERATION   3 PLS= 0.145E-02 0.146E-02 ENERGY      -70.500160 DELTAE   -0.0197866
 ITERATION   4 PLS= 0.756E-03 0.742E-03 ENERGY      -70.512628 DELTAE   -0.0124688
 ITERATION   5 PLS= 0.272E-04 0.284E-04 ENERGY      -70.506353 DELTAE    0.0062756
 CYCLE:    81 TIME:   0.148 TIME LEFT:  2.00W  GRAD.:     4.208 HEAT: -70.50637
 ITERATION   1 PLS= 0.177E-04 0.153E-04 ENERGY      -70.508591 DELTAE -170.5085914
 ITERATION   2 PLS= 0.398E-03 0.416E-03 ENERGY      -70.514262 DELTAE   -0.0056704
 ITERATION   3 PLS= 0.131E-03 0.135E-03 ENERGY      -70.515063 DELTAE   -0.0008012
 ITERATION   4 PLS= 0.597E-04 0.601E-04 ENERGY      -70.515493 DELTAE   -0.0004297
 CYCLE:    82 TIME:   0.164 TIME LEFT:  2.00W  GRAD.:     2.669 HEAT: -70.51529
 ITERATION   1 PLS= 0.130E-04 0.115E-04 ENERGY      -70.547815 DELTAE -170.5478146
 ITERATION   2 PLS= 0.301E-03 0.311E-03 ENERGY      -70.549170 DELTAE   -0.0013551
 ITERATION   3 PLS= 0.160E-03 0.162E-03 ENERGY      -70.549432 DELTAE   -0.0002628
 ITERATION   4 PLS= 0.842E-04 0.834E-04 ENERGY      -70.549592 DELTAE   -0.0001594
 CYCLE:    83 TIME:   0.133 TIME LEFT:  2.00W  GRAD.:     2.528 HEAT: -70.54951
 ITERATION   1 PLS= 0.763E-05 0.764E-05 ENERGY      -70.527685 DELTAE -170.5276846
 ITERATION   2 PLS= 0.372E-03 0.383E-03 ENERGY      -70.540854 DELTAE   -0.0131699
 ITERATION   3 PLS= 0.192E-03 0.194E-03 ENERGY      -70.543208 DELTAE   -0.0023534
 ITERATION   4 PLS= 0.100E-03 0.986E-04 ENERGY      -70.544653 DELTAE   -0.0014451
 CYCLE:    84 TIME:   0.148 TIME LEFT:  2.00W  GRAD.:     3.239 HEAT: -70.54387
 ITERATION   1 PLS= 0.111E-04 0.114E-04 ENERGY      -70.368792 DELTAE -170.3687924
 ITERATION   2 PLS= 0.243E-02 0.250E-02 ENERGY      -70.479641 DELTAE   -0.1108487
 ITERATION   3 PLS= 0.120E-02 0.121E-02 ENERGY      -70.501663 DELTAE   -0.0220221
 ITERATION   4 PLS= 0.603E-03 0.593E-03 ENERGY      -70.515045 DELTAE   -0.0133816
 ITERATION   5 PLS= 0.267E-04 0.322E-04 ENERGY      -70.508311 DELTAE    0.0067332
 CYCLE:    85 TIME:   0.148 TIME LEFT:  2.00W  GRAD.:     4.551 HEAT: -70.50833
 ITERATION   1 PLS= 0.190E-04 0.197E-04 ENERGY      -70.514152 DELTAE -170.5141517
 ITERATION   2 PLS= 0.182E-03 0.194E-03 ENERGY      -70.517473 DELTAE   -0.0033209
 ITERATION   3 PLS= 0.789E-04 0.804E-04 ENERGY      -70.517959 DELTAE   -0.0004861
 ITERATION   4 PLS= 0.396E-04 0.395E-04 ENERGY      -70.518238 DELTAE   -0.0002798
 CYCLE:    86 TIME:   0.172 TIME LEFT:  2.00W  GRAD.:     2.584 HEAT: -70.51810
 ITERATION   1 PLS= 0.171E-04 0.178E-04 ENERGY      -70.529814 DELTAE -170.5298137
 ITERATION   2 PLS= 0.325E-03 0.334E-03 ENERGY      -70.535888 DELTAE   -0.0060738
 ITERATION   3 PLS= 0.165E-03 0.166E-03 ENERGY      -70.536993 DELTAE   -0.0011058
 ITERATION   4 PLS= 0.843E-04 0.826E-04 ENERGY      -70.537680 DELTAE   -0.0006864
 CYCLE:    87 TIME:   0.125 TIME LEFT:  2.00W  GRAD.:     2.778 HEAT: -70.53732
 ITERATION   1 PLS= 0.487E-05 0.831E-05 ENERGY      -70.475961 DELTAE -170.4759609
 ITERATION   2 PLS= 0.151E-02 0.156E-02 ENERGY      -70.520997 DELTAE   -0.0450361
 ITERATION   3 PLS= 0.749E-03 0.752E-03 ENERGY      -70.529994 DELTAE   -0.0089971
 ITERATION   4 PLS= 0.383E-03 0.376E-03 ENERGY      -70.535550 DELTAE   -0.0055559
 ITERATION   5 PLS= 0.158E-04 0.273E-04 ENERGY      -70.532746 DELTAE    0.0028046
 CYCLE:    88 TIME:   0.203 TIME LEFT:  2.00W  GRAD.:     3.681 HEAT: -70.53276
 ITERATION   1 PLS= 0.984E-05 0.168E-04 ENERGY      -70.363620 DELTAE -170.3636195
 ITERATION   2 PLS= 0.177E-02 0.182E-02 ENERGY      -70.469399 DELTAE   -0.1057793
 ITERATION   3 PLS= 0.895E-03 0.898E-03 ENERGY      -70.489096 DELTAE   -0.0196969
 ITERATION   4 PLS= 0.453E-03 0.443E-03 ENERGY      -70.501266 DELTAE   -0.0121701
 ITERATION   5 PLS= 0.248E-04 0.443E-04 ENERGY      -70.495042 DELTAE    0.0062240
 CYCLE:    89 TIME:   0.094 TIME LEFT:  2.00W  GRAD.:     6.798 HEAT: -70.49507
 ITERATION   1 PLS= 0.159E-04 0.270E-04 ENERGY      -70.414708 DELTAE -170.4147083
 ITERATION   2 PLS= 0.141E-02 0.145E-02 ENERGY      -70.470967 DELTAE   -0.0562590
 ITERATION   3 PLS= 0.699E-03 0.700E-03 ENERGY      -70.481486 DELTAE   -0.0105185
 ITERATION   4 PLS= 0.348E-03 0.339E-03 ENERGY      -70.487892 DELTAE   -0.0064059
 CYCLE:    90 TIME:   0.125 TIME LEFT:  2.00W  GRAD.:     3.480 HEAT: -70.48467
 ITERATION   1 PLS= 0.199E-04 0.335E-04 ENERGY      -70.418405 DELTAE -170.4184051
 ITERATION   2 PLS= 0.913E-03 0.935E-03 ENERGY      -70.451166 DELTAE   -0.0327613
 ITERATION   3 PLS= 0.451E-03 0.451E-03 ENERGY      -70.457366 DELTAE   -0.0062000
 ITERATION   4 PLS= 0.224E-03 0.218E-03 ENERGY      -70.461313 DELTAE   -0.0039464
 CYCLE:    91 TIME:   0.094 TIME LEFT:  2.00W  GRAD.:     3.128 HEAT: -70.45925
 ITERATION   1 PLS= 0.153E-04 0.258E-04 ENERGY      -70.473586 DELTAE -170.4735862
 ITERATION   2 PLS= 0.168E-02 0.172E-02 ENERGY      -70.548506 DELTAE   -0.0749196
 ITERATION   3 PLS= 0.807E-03 0.808E-03 ENERGY      -70.562637 DELTAE   -0.0141312
 ITERATION   4 PLS= 0.395E-03 0.385E-03 ENERGY      -70.571163 DELTAE   -0.0085263
 ITERATION   5 PLS= 0.258E-04 0.405E-04 ENERGY      -70.566875 DELTAE    0.0042882
 CYCLE:    92 TIME:   0.109 TIME LEFT:  2.00W  GRAD.:     3.910 HEAT: -70.56690
 ITERATION   1 PLS= 0.163E-04 0.249E-04 ENERGY      -70.352346 DELTAE -170.3523464
 ITERATION   2 PLS= 0.288E-02 0.296E-02 ENERGY      -70.526423 DELTAE   -0.1740765
 ITERATION   3 PLS= 0.140E-02 0.140E-02 ENERGY      -70.560359 DELTAE   -0.0339362
 ITERATION   4 PLS= 0.708E-03 0.695E-03 ENERGY      -70.581240 DELTAE   -0.0208811
 ITERATION   5 PLS= 0.351E-04 0.547E-04 ENERGY      -70.570706 DELTAE    0.0105345
 CYCLE:    93 TIME:   0.102 TIME LEFT:  2.00W  GRAD.:     5.675 HEAT: -70.57075
 ITERATION   1 PLS= 0.223E-04 0.336E-04 ENERGY      -70.460581 DELTAE -170.4605805
 ITERATION   2 PLS= 0.171E-02 0.175E-02 ENERGY      -70.537883 DELTAE   -0.0773028
 ITERATION   3 PLS= 0.851E-03 0.853E-03 ENERGY      -70.552811 DELTAE   -0.0149282
 ITERATION   4 PLS= 0.426E-03 0.415E-03 ENERGY      -70.561963 DELTAE   -0.0091513
 CYCLE:    94 TIME:   0.109 TIME LEFT:  2.00W  GRAD.:     3.885 HEAT: -70.55736
 ITERATION   1 PLS= 0.239E-04 0.383E-04 ENERGY      -70.516961 DELTAE -170.5169613
 ITERATION   2 PLS= 0.666E-03 0.686E-03 ENERGY      -70.563033 DELTAE   -0.0460720
 ITERATION   3 PLS= 0.351E-03 0.355E-03 ENERGY      -70.571082 DELTAE   -0.0080483
 ITERATION   4 PLS= 0.184E-03 0.182E-03 ENERGY      -70.575943 DELTAE   -0.0048614
 CYCLE:    95 TIME:   0.125 TIME LEFT:  2.00W  GRAD.:     4.148 HEAT: -70.57337
 ITERATION   1 PLS= 0.210E-04 0.194E-04 ENERGY      -70.260325 DELTAE -170.2603245
 ITERATION   2 PLS= 0.340E-02 0.349E-02 ENERGY      -70.504252 DELTAE   -0.2439275
 ITERATION   3 PLS= 0.166E-02 0.166E-02 ENERGY      -70.551970 DELTAE   -0.0477175
 ITERATION   4 PLS= 0.823E-03 0.808E-03 ENERGY      -70.581446 DELTAE   -0.0294767
 ITERATION   5 PLS= 0.417E-04 0.607E-04 ENERGY      -70.566505 DELTAE    0.0149416
 CYCLE:    96 TIME:   0.156 TIME LEFT:  2.00W  GRAD.:     4.521 HEAT: -70.56657
 ITERATION   1 PLS= 0.246E-04 0.373E-04 ENERGY      -70.100359 DELTAE -170.1003595
 ITERATION   2 PLS= 0.353E-02 0.362E-02 ENERGY      -70.432105 DELTAE   -0.3317452
 ITERATION   3 PLS= 0.175E-02 0.175E-02 ENERGY      -70.495830 DELTAE   -0.0637257
 ITERATION   4 PLS= 0.869E-03 0.849E-03 ENERGY      -70.535403 DELTAE   -0.0395722
 ITERATION   5 PLS= 0.476E-04 0.709E-04 ENERGY      -70.515134 DELTAE    0.0202682
 CYCLE:    97 TIME:   0.172 TIME LEFT:  2.00W  GRAD.:     5.993 HEAT: -70.51523
 ITERATION   1 PLS= 0.289E-04 0.436E-04 ENERGY      -69.736656 DELTAE -169.7366560
 ITERATION   2 PLS= 0.359E-02 0.368E-02 ENERGY      -70.195746 DELTAE   -0.4590896
 ITERATION   3 PLS= 0.180E-02 0.181E-02 ENERGY      -70.282386 DELTAE   -0.0866405
 ITERATION   4 PLS= 0.906E-03 0.886E-03 ENERGY      -70.336452 DELTAE   -0.0540663
 ITERATION   5 PLS= 0.606E-04 0.807E-04 ENERGY      -70.308480 DELTAE    0.0279725
 CYCLE:    98 TIME:   0.094 TIME LEFT:  2.00W  GRAD.:     5.338 HEAT: -70.30862
 ITERATION   1 PLS= 0.381E-04 0.495E-04 ENERGY      -69.607327 DELTAE -169.6073274
 ITERATION   2 PLS= 0.369E-02 0.379E-02 ENERGY      -70.208097 DELTAE   -0.6007694
 ITERATION   3 PLS= 0.186E-02 0.187E-02 ENERGY      -70.319838 DELTAE   -0.1117412
 ITERATION   4 PLS= 0.940E-03 0.918E-03 ENERGY      -70.390096 DELTAE   -0.0702577
 ITERATION   5 PLS= 0.644E-04 0.897E-04 ENERGY      -70.353136 DELTAE    0.0369595
 CYCLE:    99 TIME:   0.109 TIME LEFT:  2.00W  GRAD.:     6.123 HEAT: -70.35333
 ITERATION   1 PLS= 0.398E-04 0.549E-04 ENERGY      -69.936236 DELTAE -169.9362363
 ITERATION   2 PLS= 0.188E-02 0.195E-02 ENERGY      -70.275926 DELTAE   -0.3396896
 ITERATION   3 PLS= 0.749E-03 0.766E-03 ENERGY      -70.330482 DELTAE   -0.0545558
 ITERATION   4 PLS= 0.389E-03 0.387E-03 ENERGY      -70.362422 DELTAE   -0.0319400
 ITERATION   5 PLS= 0.102E-03 0.944E-04 ENERGY      -70.345616 DELTAE    0.0168052
 CYCLE:   100 TIME:   0.102 TIME LEFT:  2.00W  GRAD.:    16.742 HEAT: -70.34573
 ITERATION   1 PLS= 0.616E-04 0.542E-04 ENERGY      -70.074202 DELTAE -170.0742016
 ITERATION   2 PLS= 0.277E-02 0.285E-02 ENERGY      -70.366309 DELTAE   -0.2921070
 ITERATION   3 PLS= 0.135E-02 0.135E-02 ENERGY      -70.420014 DELTAE   -0.0537054
 ITERATION   4 PLS= 0.676E-03 0.664E-03 ENERGY      -70.452617 DELTAE   -0.0326025
 ITERATION   5 PLS= 0.641E-04 0.762E-04 ENERGY      -70.436043 DELTAE    0.0165740
 CYCLE:   101 TIME:   0.109 TIME LEFT:  2.00W  GRAD.:     7.403 HEAT: -70.43613
 ITERATION   1 PLS= 0.340E-04 0.466E-04 ENERGY      -70.389678 DELTAE -170.3896784
 ITERATION   2 PLS= 0.103E-02 0.106E-02 ENERGY      -70.420394 DELTAE   -0.0307155
 ITERATION   3 PLS= 0.521E-03 0.527E-03 ENERGY      -70.425038 DELTAE   -0.0046438
 ITERATION   4 PLS= 0.264E-03 0.260E-03 ENERGY      -70.427645 DELTAE   -0.0026072
 CYCLE:   102 TIME:   0.109 TIME LEFT:  2.00W  GRAD.:     5.680 HEAT: -70.42640
 ITERATION   1 PLS= 0.264E-04 0.269E-04 ENERGY      -69.494109 DELTAE -169.4941086
 ITERATION   2 PLS= 0.445E-02 0.457E-02 ENERGY      -70.337416 DELTAE   -0.8433074
 ITERATION   3 PLS= 0.223E-02 0.225E-02 ENERGY      -70.494374 DELTAE   -0.1569578
 ITERATION   4 PLS= 0.116E-02 0.114E-02 ENERGY      -70.591740 DELTAE   -0.0973662
 ITERATION   5 PLS= 0.105E-03 0.111E-03 ENERGY      -70.540731 DELTAE    0.0510089
 CYCLE:   103 TIME:   0.109 TIME LEFT:  2.00W  GRAD.:     7.331 HEAT: -70.54099
 ITERATION   1 PLS= 0.569E-04 0.678E-04 ENERGY      -70.417257 DELTAE -170.4172573
 ITERATION   2 PLS= 0.739E-03 0.758E-03 ENERGY      -70.545538 DELTAE   -0.1282803
 ITERATION   3 PLS= 0.411E-03 0.415E-03 ENERGY      -70.567468 DELTAE   -0.0219302
 ITERATION   4 PLS= 0.237E-03 0.234E-03 ENERGY      -70.581815 DELTAE   -0.0143473
 CYCLE:   104 TIME:   0.086 TIME LEFT:  2.00W  GRAD.:     6.035 HEAT: -70.57348
 ITERATION   1 PLS= 0.228E-04 0.219E-04 ENERGY      -69.599386 DELTAE -169.5993862
 ITERATION   2 PLS= 0.195E-02 0.200E-02 ENERGY      -70.394099 DELTAE   -0.7947126
 ITERATION   3 PLS= 0.103E-02 0.104E-02 ENERGY      -70.532780 DELTAE   -0.1386816
 ITERATION   4 PLS= 0.585E-03 0.579E-03 ENERGY      -70.624172 DELTAE   -0.0913917
 ITERATION   5 PLS= 0.515E-04 0.703E-04 ENERGY      -70.571811 DELTAE    0.0523615
 CYCLE:   105 TIME:   0.125 TIME LEFT:  2.00W  GRAD.:     7.159 HEAT: -70.57214
 ITERATION   1 PLS= 0.361E-04 0.431E-04 ENERGY      -69.921989 DELTAE -169.9219889
 ITERATION   2 PLS= 0.246E-02 0.253E-02 ENERGY      -70.465127 DELTAE   -0.5431382
 ITERATION   3 PLS= 0.127E-02 0.127E-02 ENERGY      -70.562227 DELTAE   -0.0970994
 ITERATION   4 PLS= 0.658E-03 0.655E-03 ENERGY      -70.623624 DELTAE   -0.0613973
 ITERATION   5 PLS= 0.595E-04 0.859E-04 ENERGY      -70.590595 DELTAE    0.0330292
 CYCLE:   106 TIME:   0.133 TIME LEFT:  2.00W  GRAD.:     9.581 HEAT: -70.59078
 ITERATION   1 PLS= 0.375E-04 0.528E-04 ENERGY      -70.433220 DELTAE -170.4332196
 ITERATION   2 PLS= 0.132E-02 0.136E-02 ENERGY      -70.560894 DELTAE   -0.1276744
 ITERATION   3 PLS= 0.684E-03 0.691E-03 ENERGY      -70.583105 DELTAE   -0.0222112
 ITERATION   4 PLS= 0.354E-03 0.349E-03 ENERGY      -70.596505 DELTAE   -0.0134001
 CYCLE:   107 TIME:   0.086 TIME LEFT:  2.00W  GRAD.:     5.978 HEAT: -70.58932
 ITERATION   1 PLS= 0.559E-04 0.547E-04 ENERGY      -70.508722 DELTAE -170.5087216
 ITERATION   2 PLS= 0.103E-02 0.106E-02 ENERGY      -70.585612 DELTAE   -0.0768902
 ITERATION   3 PLS= 0.575E-03 0.582E-03 ENERGY      -70.598402 DELTAE   -0.0127905
 ITERATION   4 PLS= 0.330E-03 0.327E-03 ENERGY      -70.606381 DELTAE   -0.0079789
 CYCLE:   108 TIME:   0.094 TIME LEFT:  2.00W  GRAD.:     4.533 HEAT: -70.60180
 ITERATION   1 PLS= 0.278E-04 0.264E-04 ENERGY      -70.563704 DELTAE -170.5637038
 ITERATION   2 PLS= 0.845E-03 0.869E-03 ENERGY      -70.639192 DELTAE   -0.0754880
 ITERATION   3 PLS= 0.421E-03 0.423E-03 ENERGY      -70.652779 DELTAE   -0.0135867
 ITERATION   4 PLS= 0.211E-03 0.206E-03 ENERGY      -70.661746 DELTAE   -0.0089676
 CYCLE:   109 TIME:   0.102 TIME LEFT:  2.00W  GRAD.:     4.597 HEAT: -70.65676
 ITERATION   1 PLS= 0.196E-04 0.314E-04 ENERGY      -69.186858 DELTAE -169.1868583
 ITERATION   2 PLS= 0.338E-02 0.347E-02 ENERGY      -70.363312 DELTAE   -1.1764533
 ITERATION   3 PLS= 0.170E-02 0.171E-02 ENERGY      -70.578517 DELTAE   -0.2152052
 ITERATION   4 PLS= 0.874E-03 0.858E-03 ENERGY      -70.723383 DELTAE   -0.1448662
 ITERATION   5 PLS= 0.890E-04 0.125E-03 ENERGY      -70.642322 DELTAE    0.0810606
 CYCLE:   110 TIME:   0.125 TIME LEFT:  2.00W  GRAD.:    10.552 HEAT: -70.64278
 ITERATION   1 PLS= 0.502E-04 0.752E-04 ENERGY      -66.514490 DELTAE -166.5144898
 ITERATION   2 PLS= 0.622E-02 0.647E-02 ENERGY      -69.180493 DELTAE   -2.6660036
 ITERATION   3 PLS= 0.276E-02 0.275E-02 ENERGY      -69.605745 DELTAE   -0.4252512
 ITERATION   4 PLS= 0.148E-02 0.147E-02 ENERGY      -69.866775 DELTAE   -0.2610306
 ITERATION   5 PLS= 0.240E-03 0.236E-03 ENERGY      -69.728309 DELTAE    0.1384660
 ITERATION   6 PLS= 0.153E-03 0.149E-03 ENERGY      -69.729222 DELTAE   -0.0009129


           HEAT OF FORMATION IS ESSENTIALLY STATIONARY
 ITERATION   1 PLS= 0.105E-03 0.101E-03 ENERGY       58.437099 DELTAE  -41.5629006
 ITERATION   2 PLS= 0.392E-01 0.401E-01 ENERGY      -45.350520 DELTAE -103.7876192
 ITERATION   3 PLS= 0.204E-01 0.205E-01 ENERGY      -64.820774 DELTAE  -19.4702542
 ITERATION   4 PLS= 0.104E-01 0.102E-01 ENERGY      -76.917465 DELTAE  -12.0966913
 ITERATION   5 PLS= 0.113E-02 0.109E-02 ENERGY      -70.636208 DELTAE    6.2812574
 ITERATION   6 PLS= 0.507E-03 0.792E-03 ENERGY      -70.671323 DELTAE   -0.0351153
 ITERATION   7 PLS= 0.317E-03 0.492E-03 ENERGY      -70.710574 DELTAE   -0.0392508
 ITERATION   8 PLS= 0.458E-04 0.457E-04 ENERGY      -70.686639 DELTAE    0.0239349
 ITERATION   9 PLS= 0.322E-04 0.315E-04 ENERGY      -70.686782 DELTAE   -0.0001434


          CURRENT BEST VALUE OF HEAT OF FORMATION =    -70.686984

* ===============================
* Input file for Mopac
* ===============================
 PM7 CHARGE=0 DOUBLET AUX DUMP=30M ITRY=15000 eps=78.4 T=14D PL THREADS=40

 Mopac file generated by Gabedit
  C    -0.61264341 +1   1.01133798 +1   0.56695599 +1
  C     0.76951233 +1   0.96814102 +1   0.74522200 +1
  C     1.49328078 +1  -0.17895375 +1   0.40311269 +1
  C     0.83396294 +1  -1.28586115 +1  -0.12419390 +1
  C    -0.55461826 +1  -1.23366940 +1  -0.28502451 +1
  C    -1.28961101 +1  -0.09050779 +1   0.05500709 +1
  H    -1.16528236 +1   1.91721528 +1   0.83178091 +1
  H     1.28797548 +1   1.84197610 +1   1.15938756 +1
  H     1.38934526 +1  -2.18925237 +1  -0.40941480 +1
  H    -2.37718533 +1  -0.06079575 +1  -0.07962483 +1
  N    -1.23996530 +1  -2.39057307 +1  -0.80420476 +1
  O    -2.45796066 +1  -2.36363843 +1  -0.92171924 +1
  O    -0.58651516 +1  -3.37926610 +1  -1.11416807 +1
  C     2.98071600 +1  -0.19358278 +1   0.62428221 +1
  C     3.47325292 +1  -1.48618027 +1   1.26534066 +1
  H     4.54393743 +1  -1.44163877 +1   1.51614292 +1
  H     3.32730394 +1  -2.36948515 +1   0.62739834 +1
  H     2.93910179 +1  -1.67140959 +1   2.21220423 +1
  N     3.70026906 +1  -0.00126116 +1  -0.67825791 +1
  O     4.91209598 +1   0.15374683 +1  -0.64640926 +1
  O     3.07179226 +1   0.00614083 +1  -1.72226199 +1
  H     3.28604920 +1   0.68271041 +1   1.28688544 +1
  C     1.49815274 +1   0.16393178 +1   7.93527482 +1
  C     2.68250278 +1   0.63228655 +1   8.67270634 +1
  C     3.38032887 +1   1.82746823 +1   8.00532577 +1
  C     3.43515207 +1   1.62700592 +1   6.48245540 +1
  N     2.08003046 +1   1.48158362 +1   5.89927348 +1
  C     1.40530042 +1   0.28386796 +1   6.46363616 +1
  H     0.71205419 +1  -0.33654114 +1   8.46775613 +1
  H     2.42508944 +1   0.89090790 +1   9.72277895 +1
  H     3.40454315 +1  -0.21608921 +1   8.76157400 +1
  H     4.39912835 +1   1.95605929 +1   8.41379015 +1
  H     2.84082753 +1   2.76328782 +1   8.24569021 +1
  H     3.93482179 +1   2.48697795 +1   5.98749900 +1
  H     4.02886107 +1   0.72105507 +1   6.23099204 +1
  H     1.52301184 +1   2.31701562 +1   6.11325047 +1
  H     0.34463375 +1   0.28828626 +1   6.11834281 +1
  H     1.87028966 +1  -0.62143778 +1   5.99171742 +1
  H     2.49819539 +1   1.48303860 +1   3.96029073 +1
  H     2.21271103 +1   2.62157476 +1   2.98315059 +1
  O     2.71630573 +1   1.80842942 +1   3.06237338 +1



 -------------------------------------------------------------------------------
 PM7 CHARGE=0 DOUBLET AUX DUMP=30M ITRY=15000 eps=78.4 T=14D PL THREADS=40

 Mopac file generated by Gabedit


     HERBERTS TEST WAS SATISFIED IN BFGS                      
     SCF FIELD WAS ACHIEVED                                   


                              PM7 CALCULATION
                                                       MOPAC v22.1.0 Linux
                                                       Sat Mar 23 22:07:11 2024




          FINAL HEAT OF FORMATION =        -70.68698 KCAL/MOL =    -295.75434 KJ/MOL
          VAN DER WAALS AREA      =        338.85 SQUARE ANGSTROMS



          DIELECTRIC ENERGY       =         -0.96130 EV
          COSMO AREA              =        338.85 SQUARE ANGSTROMS
          COSMO VOLUME            =        368.70 CUBIC ANGSTROMS

          GRADIENT NORM           =          2.68125          =       0.41874 PER ATOM
          IONIZATION POTENTIAL    =          8.865382 EV
          ALPHA SOMO LUMO (EV)    =         -8.865 -1.527
          BETA  SOMO LUMO (EV)    =         -9.543 -1.527
          NO. OF ALPHA ELECTRONS  =         59
          NO. OF BETA  ELECTRONS  =         58
          MOLECULAR WEIGHT        =        298.3181         POINT GROUP:  C1  

          MOLECULAR DIMENSIONS (Angstroms)

            Atom       Atom       Distance
            H    32    O    12    12.36249
            H    29    O    20     9.04159
            H     7    H    17     5.63983


          SCF CALCULATIONS        =        113

          WALL-CLOCK TIME         =     15.438 SECONDS
          COMPUTATION TIME        =         13 MINUTES AND 35.435 SECONDS



       FINAL  POINT  AND  DERIVATIVES

   PARAMETER     ATOM    TYPE            VALUE        GRADIENT
      1          1  C    CARTESIAN X    -0.612643      0.026916  KCAL/ANGSTROM
      2          1  C    CARTESIAN Y     1.011338      0.378159  KCAL/ANGSTROM
      3          1  C    CARTESIAN Z     0.566956      0.096770  KCAL/ANGSTROM
      4          2  C    CARTESIAN X     0.769512      0.454855  KCAL/ANGSTROM
      5          2  C    CARTESIAN Y     0.968141      0.081370  KCAL/ANGSTROM
      6          2  C    CARTESIAN Z     0.745222      0.021677  KCAL/ANGSTROM
      7          3  C    CARTESIAN X     1.493281     -0.770144  KCAL/ANGSTROM
      8          3  C    CARTESIAN Y    -0.178954     -0.464823  KCAL/ANGSTROM
      9          3  C    CARTESIAN Z     0.403113      0.026199  KCAL/ANGSTROM
     10          4  C    CARTESIAN X     0.833963     -0.486867  KCAL/ANGSTROM
     11          4  C    CARTESIAN Y    -1.285861      0.477234  KCAL/ANGSTROM
     12          4  C    CARTESIAN Z    -0.124194     -0.096431  KCAL/ANGSTROM
     13          5  C    CARTESIAN X    -0.554618      0.820963  KCAL/ANGSTROM
     14          5  C    CARTESIAN Y    -1.233669     -0.425568  KCAL/ANGSTROM
     15          5  C    CARTESIAN Z    -0.285025     -0.333321  KCAL/ANGSTROM
     16          6  C    CARTESIAN X    -1.289611     -0.744128  KCAL/ANGSTROM
     17          6  C    CARTESIAN Y    -0.090508     -0.018839  KCAL/ANGSTROM
     18          6  C    CARTESIAN Z     0.055007     -0.012776  KCAL/ANGSTROM
     19          7  H    CARTESIAN X    -1.165282      0.244990  KCAL/ANGSTROM
     20          7  H    CARTESIAN Y     1.917215      0.282667  KCAL/ANGSTROM
     21          7  H    CARTESIAN Z     0.831781     -0.116060  KCAL/ANGSTROM
     22          8  H    CARTESIAN X     1.287975      0.172369  KCAL/ANGSTROM
     23          8  H    CARTESIAN Y     1.841976      0.060979  KCAL/ANGSTROM
     24          8  H    CARTESIAN Z     1.159388      0.219416  KCAL/ANGSTROM
     25          9  H    CARTESIAN X     1.389345     -0.153173  KCAL/ANGSTROM
     26          9  H    CARTESIAN Y    -2.189252     -0.255232  KCAL/ANGSTROM
     27          9  H    CARTESIAN Z    -0.409415     -0.152556  KCAL/ANGSTROM
     28         10  H    CARTESIAN X    -2.377185     -0.012280  KCAL/ANGSTROM
     29         10  H    CARTESIAN Y    -0.060796      0.087608  KCAL/ANGSTROM
     30         10  H    CARTESIAN Z    -0.079625      0.071979  KCAL/ANGSTROM
     31         11  N    CARTESIAN X    -1.239965     -0.542440  KCAL/ANGSTROM
     32         11  N    CARTESIAN Y    -2.390573      0.154075  KCAL/ANGSTROM
     33         11  N    CARTESIAN Z    -0.804205      0.416692  KCAL/ANGSTROM
     34         12  O    CARTESIAN X    -2.457961      0.160548  KCAL/ANGSTROM
     35         12  O    CARTESIAN Y    -2.363638     -0.109526  KCAL/ANGSTROM
     36         12  O    CARTESIAN Z    -0.921719     -0.030409  KCAL/ANGSTROM
     37         13  O    CARTESIAN X    -0.586515      0.681419  KCAL/ANGSTROM
     38         13  O    CARTESIAN Y    -3.379266     -0.207486  KCAL/ANGSTROM
     39         13  O    CARTESIAN Z    -1.114168     -0.019692  KCAL/ANGSTROM
     40         14  C    CARTESIAN X     2.980716      0.262626  KCAL/ANGSTROM
     41         14  C    CARTESIAN Y    -0.193583      0.016246  KCAL/ANGSTROM
     42         14  C    CARTESIAN Z     0.624282      0.170307  KCAL/ANGSTROM
     43         15  C    CARTESIAN X     3.473253     -0.146232  KCAL/ANGSTROM
     44         15  C    CARTESIAN Y    -1.486180     -0.083008  KCAL/ANGSTROM
     45         15  C    CARTESIAN Z     1.265341     -0.003578  KCAL/ANGSTROM
     46         16  H    CARTESIAN X     4.543937     -0.261196  KCAL/ANGSTROM
     47         16  H    CARTESIAN Y    -1.441639     -0.195781  KCAL/ANGSTROM
     48         16  H    CARTESIAN Z     1.516143     -0.011508  KCAL/ANGSTROM
     49         17  H    CARTESIAN X     3.327304      0.317847  KCAL/ANGSTROM
     50         17  H    CARTESIAN Y    -2.369485      0.050820  KCAL/ANGSTROM
     51         17  H    CARTESIAN Z     0.627398     -0.605868  KCAL/ANGSTROM
     52         18  H    CARTESIAN X     2.939102      0.128571  KCAL/ANGSTROM
     53         18  H    CARTESIAN Y    -1.671410      0.479351  KCAL/ANGSTROM
     54         18  H    CARTESIAN Z     2.212204      0.200355  KCAL/ANGSTROM
     55         19  N    CARTESIAN X     3.700269      0.000062  KCAL/ANGSTROM
     56         19  N    CARTESIAN Y    -0.001261     -0.107938  KCAL/ANGSTROM
     57         19  N    CARTESIAN Z    -0.678258     -0.531109  KCAL/ANGSTROM
     58         20  O    CARTESIAN X     4.912096     -0.045735  KCAL/ANGSTROM
     59         20  O    CARTESIAN Y     0.153747     -0.064433  KCAL/ANGSTROM
     60         20  O    CARTESIAN Z    -0.646409     -0.015196  KCAL/ANGSTROM
     61         21  O    CARTESIAN X     3.071792      0.236208  KCAL/ANGSTROM
     62         21  O    CARTESIAN Y     0.006141      0.197095  KCAL/ANGSTROM
     63         21  O    CARTESIAN Z    -1.722262      0.169871  KCAL/ANGSTROM
     64         22  H    CARTESIAN X     3.286049      0.175916  KCAL/ANGSTROM
     65         22  H    CARTESIAN Y     0.682710      0.108450  KCAL/ANGSTROM
     66         22  H    CARTESIAN Z     1.286885     -0.225424  KCAL/ANGSTROM
     67         23  C    CARTESIAN X     1.498153     -0.084457  KCAL/ANGSTROM
     68         23  C    CARTESIAN Y     0.163932      0.088980  KCAL/ANGSTROM
     69         23  C    CARTESIAN Z     7.935275     -0.055123  KCAL/ANGSTROM
     70         24  C    CARTESIAN X     2.682503     -0.022527  KCAL/ANGSTROM
     71         24  C    CARTESIAN Y     0.632287      0.013065  KCAL/ANGSTROM
     72         24  C    CARTESIAN Z     8.672706     -0.025166  KCAL/ANGSTROM
     73         25  C    CARTESIAN X     3.380329     -0.110874  KCAL/ANGSTROM
     74         25  C    CARTESIAN Y     1.827468      0.045764  KCAL/ANGSTROM
     75         25  C    CARTESIAN Z     8.005326     -0.037878  KCAL/ANGSTROM
     76         26  C    CARTESIAN X     3.435152     -0.028749  KCAL/ANGSTROM
     77         26  C    CARTESIAN Y     1.627006     -0.162996  KCAL/ANGSTROM
     78         26  C    CARTESIAN Z     6.482455      0.049688  KCAL/ANGSTROM
     79         27  N    CARTESIAN X     2.080030      0.022565  KCAL/ANGSTROM
     80         27  N    CARTESIAN Y     1.481584      0.037189  KCAL/ANGSTROM
     81         27  N    CARTESIAN Z     5.899273      0.133704  KCAL/ANGSTROM
     82         28  C    CARTESIAN X     1.405300     -0.163440  KCAL/ANGSTROM
     83         28  C    CARTESIAN Y     0.283868      0.040577  KCAL/ANGSTROM
     84         28  C    CARTESIAN Z     6.463636     -0.045032  KCAL/ANGSTROM
     85         29  H    CARTESIAN X     0.712054      0.118043  KCAL/ANGSTROM
     86         29  H    CARTESIAN Y    -0.336541      0.204228  KCAL/ANGSTROM
     87         29  H    CARTESIAN Z     8.467756      0.217890  KCAL/ANGSTROM
     88         30  H    CARTESIAN X     2.425089      0.140994  KCAL/ANGSTROM
     89         30  H    CARTESIAN Y     0.890908      0.085783  KCAL/ANGSTROM
     90         30  H    CARTESIAN Z     9.722779      0.075785  KCAL/ANGSTROM
     91         31  H    CARTESIAN X     3.404543      0.097052  KCAL/ANGSTROM
     92         31  H    CARTESIAN Y    -0.216089      0.120491  KCAL/ANGSTROM
     93         31  H    CARTESIAN Z     8.761574      0.127451  KCAL/ANGSTROM
     94         32  H    CARTESIAN X     4.399128     -0.136310  KCAL/ANGSTROM
     95         32  H    CARTESIAN Y     1.956059      0.096111  KCAL/ANGSTROM
     96         32  H    CARTESIAN Z     8.413790     -0.089742  KCAL/ANGSTROM
     97         33  H    CARTESIAN X     2.840828      0.030100  KCAL/ANGSTROM
     98         33  H    CARTESIAN Y     2.763288      0.134821  KCAL/ANGSTROM
     99         33  H    CARTESIAN Z     8.245690      0.109106  KCAL/ANGSTROM
    100         34  H    CARTESIAN X     3.934822     -0.016863  KCAL/ANGSTROM
    101         34  H    CARTESIAN Y     2.486978     -0.243932  KCAL/ANGSTROM
    102         34  H    CARTESIAN Z     5.987499     -0.103549  KCAL/ANGSTROM
    103         35  H    CARTESIAN X     4.028861     -0.212656  KCAL/ANGSTROM
    104         35  H    CARTESIAN Y     0.721055     -0.371216  KCAL/ANGSTROM
    105         35  H    CARTESIAN Z     6.230992      0.067576  KCAL/ANGSTROM
    106         36  H    CARTESIAN X     1.523012     -0.122004  KCAL/ANGSTROM
    107         36  H    CARTESIAN Y     2.317016     -0.032591  KCAL/ANGSTROM
    108         36  H    CARTESIAN Z     6.113250      0.331799  KCAL/ANGSTROM
    109         37  H    CARTESIAN X     0.344634     -0.003165  KCAL/ANGSTROM
    110         37  H    CARTESIAN Y     0.288286     -0.189727  KCAL/ANGSTROM
    111         37  H    CARTESIAN Z     6.118343      0.195529  KCAL/ANGSTROM
    112         38  H    CARTESIAN X     1.870290      0.144930  KCAL/ANGSTROM
    113         38  H    CARTESIAN Y    -0.621438     -0.009696  KCAL/ANGSTROM
    114         38  H    CARTESIAN Z     5.991717      0.117125  KCAL/ANGSTROM
    115         39  H    CARTESIAN X     2.498195     -0.031974  KCAL/ANGSTROM
    116         39  H    CARTESIAN Y     1.483039     -0.184604  KCAL/ANGSTROM
    117         39  H    CARTESIAN Z     3.960291      0.123112  KCAL/ANGSTROM
    118         40  H    CARTESIAN X     2.212711      0.030836  KCAL/ANGSTROM
    119         40  H    CARTESIAN Y     2.621575     -0.238220  KCAL/ANGSTROM
    120         40  H    CARTESIAN Z     2.983151     -0.131687  KCAL/ANGSTROM
    121         41  O    CARTESIAN X     2.716306     -0.172501  KCAL/ANGSTROM
    122         41  O    CARTESIAN Y     1.808429      0.124617  KCAL/ANGSTROM
    123         41  O    CARTESIAN Z     3.062373     -0.299924  KCAL/ANGSTROM




   ATOM   CHEMICAL          X               Y               Z
  NUMBER   SYMBOL      (ANGSTROMS)     (ANGSTROMS)     (ANGSTROMS)

     1       C         -0.61264341  *   1.01133798  *   0.56695599  *
     2       C          0.76951233  *   0.96814102  *   0.74522200  *
     3       C          1.49328078  *  -0.17895375  *   0.40311269  *
     4       C          0.83396294  *  -1.28586115  *  -0.12419390  *
     5       C         -0.55461826  *  -1.23366940  *  -0.28502451  *
     6       C         -1.28961101  *  -0.09050779  *   0.05500709  *
     7       H         -1.16528236  *   1.91721528  *   0.83178091  *
     8       H          1.28797548  *   1.84197610  *   1.15938756  *
     9       H          1.38934526  *  -2.18925237  *  -0.40941480  *
    10       H         -2.37718533  *  -0.06079575  *  -0.07962483  *
    11       N         -1.23996530  *  -2.39057307  *  -0.80420476  *
    12       O         -2.45796066  *  -2.36363843  *  -0.92171924  *
    13       O         -0.58651516  *  -3.37926610  *  -1.11416807  *
    14       C          2.98071600  *  -0.19358278  *   0.62428221  *
    15       C          3.47325292  *  -1.48618027  *   1.26534066  *
    16       H          4.54393743  *  -1.44163877  *   1.51614292  *
    17       H          3.32730394  *  -2.36948515  *   0.62739834  *
    18       H          2.93910179  *  -1.67140959  *   2.21220423  *
    19       N          3.70026906  *  -0.00126116  *  -0.67825791  *
    20       O          4.91209598  *   0.15374683  *  -0.64640926  *
    21       O          3.07179226  *   0.00614083  *  -1.72226199  *
    22       H          3.28604920  *   0.68271041  *   1.28688544  *
    23       C          1.49815274  *   0.16393178  *   7.93527482  *
    24       C          2.68250278  *   0.63228655  *   8.67270634  *
    25       C          3.38032887  *   1.82746823  *   8.00532577  *
    26       C          3.43515207  *   1.62700592  *   6.48245540  *
    27       N          2.08003046  *   1.48158362  *   5.89927348  *
    28       C          1.40530042  *   0.28386796  *   6.46363616  *
    29       H          0.71205419  *  -0.33654114  *   8.46775613  *
    30       H          2.42508944  *   0.89090790  *   9.72277895  *
    31       H          3.40454315  *  -0.21608921  *   8.76157400  *
    32       H          4.39912835  *   1.95605929  *   8.41379015  *
    33       H          2.84082753  *   2.76328782  *   8.24569021  *
    34       H          3.93482179  *   2.48697795  *   5.98749900  *
    35       H          4.02886107  *   0.72105507  *   6.23099204  *
    36       H          1.52301184  *   2.31701562  *   6.11325047  *
    37       H          0.34463375  *   0.28828626  *   6.11834281  *
    38       H          1.87028966  *  -0.62143778  *   5.99171742  *
    39       H          2.49819539  *   1.48303860  *   3.96029073  *
    40       H          2.21271103  *   2.62157476  *   2.98315059  *
    41       O          2.71630573  *   1.80842942  *   3.06237338  *

                             CARTESIAN COORDINATES

   1    C       -0.612643411     1.011337982     0.566955988
   2    C        0.769512334     0.968141016     0.745222001
   3    C        1.493280781    -0.178953750     0.403112690
   4    C        0.833962943    -1.285861149    -0.124193902
   5    C       -0.554618259    -1.233669397    -0.285024509
   6    C       -1.289611005    -0.090507790     0.055007087
   7    H       -1.165282364     1.917215275     0.831780906
   8    H        1.287975482     1.841976095     1.159387561
   9    H        1.389345259    -2.189252375    -0.409414801
  10    H       -2.377185326    -0.060795751    -0.079624830
  11    N       -1.239965297    -2.390573074    -0.804204756
  12    O       -2.457960665    -2.363638428    -0.921719239
  13    O       -0.586515161    -3.379266101    -1.114168074
  14    C        2.980716002    -0.193582777     0.624282211
  15    C        3.473252921    -1.486180271     1.265340660
  16    H        4.543937429    -1.441638770     1.516142925
  17    H        3.327303938    -2.369485154     0.627398339
  18    H        2.939101785    -1.671409589     2.212204230
  19    N        3.700269063    -0.001261161    -0.678257906
  20    O        4.912095984     0.153746833    -0.646409260
  21    O        3.071792255     0.006140829    -1.722261986
  22    H        3.286049204     0.682710407     1.286885436
  23    C        1.498152740     0.163931782     7.935274820
  24    C        2.682502783     0.632286555     8.672706345
  25    C        3.380328872     1.827468234     8.005325768
  26    C        3.435152068     1.627005916     6.482455398
  27    N        2.080030460     1.481583618     5.899273480
  28    C        1.405300416     0.283867956     6.463636158
  29    H        0.712054187    -0.336541141     8.467756133
  30    H        2.425089445     0.890907904     9.722778951
  31    H        3.404543153    -0.216089210     8.761573997
  32    H        4.399128355     1.956059294     8.413790153
  33    H        2.840827533     2.763287823     8.245690215
  34    H        3.934821790     2.486977949     5.987498999
  35    H        4.028861070     0.721055072     6.230992040
  36    H        1.523011843     2.317015615     6.113250470
  37    H        0.344633750     0.288286258     6.118342807
  38    H        1.870289660    -0.621437782     5.991717422
  39    H        2.498195394     1.483038604     3.960290734
  40    H        2.212711032     2.621574759     2.983150593
  41    O        2.716305726     1.808429420     3.062373379


           Empirical Formula: C13 H20 N3 O5  =    41 atoms



      MOLECULAR POINT GROUP   :   C1  


          ALPHA EIGENVALUES  
 -37.57393 -37.47298 -35.46024 -31.68620 -30.92177 -30.89799 -29.39711 -28.84534
 -28.03203 -27.74375 -26.24120 -25.95449 -25.13013 -24.91580 -22.76718 -22.66085
 -21.55877 -21.21316 -20.78965 -19.42289 -19.11547 -18.66417 -18.32748 -17.89875
 -17.70256 -17.55841 -17.37566 -17.06464 -16.86521 -16.21691 -15.72880 -15.37156
 -15.27822 -15.18694 -14.95070 -14.40858 -14.23574 -14.19366 -14.09250 -13.80049
 -13.42530 -13.40070 -13.06030 -12.81635 -12.71960 -12.27534 -12.06610 -12.02417
 -12.01778 -11.96067 -11.91511 -11.80558 -11.74721 -11.58544 -11.55711 -10.75974
 -10.59473  -9.59979  -8.86538  -1.52658  -0.75758  -0.50915   0.10981   0.38819
   0.47411   1.73498   2.51275   3.01830   3.10800   3.24693   3.51548   3.69680
   3.89190   3.97579   4.02021   4.13798   4.16814   4.22825   4.30868   4.40598
   4.50498   4.61937   4.75196   4.81075   4.91312   5.02005   5.21910   5.30579
   5.32319   5.38418   5.45655   5.47658   5.61791   5.64684   5.76500   5.79872
   6.05096   6.21800   6.28183   6.42516   6.46348   6.54701   6.66860   6.92208


           BETA EIGENVALUES 
 -37.57393 -37.47298 -35.42808 -31.68620 -30.92177 -30.89800 -29.39707 -28.84172
 -27.94207 -27.74363 -26.24121 -25.82863 -25.13012 -24.91579 -22.70251 -22.66086
 -21.55877 -21.11595 -20.78964 -19.42287 -18.94095 -18.66418 -18.32748 -17.89873
 -17.70256 -17.55116 -17.37546 -17.03845 -16.82686 -16.21688 -15.65909 -15.37135
 -15.27818 -15.10112 -14.71652 -14.40525 -14.19927 -14.09310 -13.99944 -13.80019
 -13.40352 -13.33119 -12.97267 -12.81003 -12.71941 -12.18767 -12.06455 -12.02414
 -12.01779 -11.96066 -11.91511 -11.74719 -11.69391 -11.58526 -11.49592 -10.75974
 -10.59474  -9.54310  -1.52655  -0.75757  -0.50915   0.10980   0.38819   0.47410
   0.67419   1.73498   2.51275   3.05697   3.11103   3.24713   3.51549   3.69695
   3.91082   3.97626   4.02026   4.16749   4.22819   4.23994   4.39227   4.46151
   4.51562   4.61986   4.81108   4.84485   5.01365   5.15792   5.21930   5.31025
   5.38326   5.39325   5.47529   5.52957   5.62471   5.71566   5.76522   5.82070
   6.07767   6.27213   6.41347   6.46347   6.48920   6.57408   6.68926   6.92358


              NET ATOMIC CHARGES AND DIPOLE CONTRIBUTIONS

  ATOM NO.   TYPE          CHARGE      No. of ELECS.   s-Pop       p-Pop       
    1          C          -0.178551        4.1786     1.08647     3.09208
    2          C          -0.051276        4.0513     1.10277     2.94851
    3          C          -0.077608        4.0776     1.06419     3.01342
    4          C          -0.055311        4.0553     1.09612     2.95919
    5          C          -0.101421        4.1014     1.06806     3.03336
    6          C          -0.052493        4.0525     1.09782     2.95467
    7          H           0.185111        0.8149     0.81489
    8          H           0.186858        0.8131     0.81314
    9          H           0.201378        0.7986     0.79862
   10          H           0.195056        0.8049     0.80494
   11          N           0.678398        4.3216     1.44578     2.87583
   12          O          -0.458852        6.4589     1.94069     4.51817
   13          O          -0.459929        6.4599     1.94092     4.51901
   14          C          -0.047540        4.0475     1.09576     2.95178
   15          C          -0.465587        4.4656     1.05830     3.40729
   16          H           0.180126        0.8199     0.81987
   17          H           0.177501        0.8225     0.82250
   18          H           0.188411        0.8116     0.81159
   19          N           0.626267        4.3737     1.47891     2.89482
   20          O          -0.461710        6.4617     1.93982     4.52189
   21          O          -0.441048        6.4410     1.93904     4.50201
   22          H           0.230452        0.7695     0.76955
   23          C          -0.233138        4.2331     1.11515     3.11799
   24          C          -0.275804        4.2758     1.04964     3.22617
   25          C          -0.308261        4.3083     1.06460     3.24366
   26          C          -0.121572        4.1216     1.06962     3.05196
   27          N          -0.548186        5.5482     1.67364     3.87455
   28          C          -0.129668        4.1297     1.06049     3.06918
   29          H           0.145308        0.8547     0.85469
   30          H           0.154136        0.8459     0.84586
   31          H           0.164604        0.8354     0.83540
   32          H           0.150457        0.8495     0.84954
   33          H           0.146719        0.8533     0.85328
   34          H           0.143686        0.8563     0.85631
   35          H           0.148080        0.8519     0.85192
   36          H           0.267554        0.7324     0.73245
   37          H           0.153958        0.8460     0.84604
   38          H           0.164068        0.8359     0.83593
   39          H           0.387155        0.6128     0.61284
   40          H           0.362452        0.6375     0.63755
   41          O          -0.769781        6.7698     1.81746     4.95233
 DIPOLE           X         Y         Z       TOTAL
 POINT-CHG.    -0.298     5.406    11.119    12.367
 HYBRID        -0.450    -0.002     0.248     0.514
 SUM           -0.748     5.404    11.367    12.608


          ATOMIC ORBITAL ELECTRON POPULATIONS

     Atom    s        px        py        pz   
    1  C   1.08647   1.01112   1.06586   1.01510
    2  C   1.10277   1.00462   1.03367   0.91022
    3  C   1.06419   0.96580   0.99619   1.05143
    4  C   1.09612   0.98119   1.05631   0.92170
    5  C   1.06806   0.97894   0.92398   1.13044
    6  C   1.09782   1.09513   0.95092   0.90862
    7  H   0.81489
    8  H   0.81314
    9  H   0.79862
   10  H   0.80494
   11  N   1.44578   0.96580   0.98771   0.92232
   12  O   1.94069   1.01590   1.88548   1.61678
   13  O   1.94092   1.64882   1.30168   1.56851
   14  C   1.09576   0.95215   1.11706   0.88258
   15  C   1.05830   1.19238   1.04268   1.17222
   16  H   0.81987
   17  H   0.82250
   18  H   0.81159
   19  N   1.47891   0.97198   0.90674   1.01609
   20  O   1.93982   1.03111   1.56389   1.92689
   21  O   1.93904   1.65807   1.56356   1.28037
   22  H   0.76955
   23  C   1.11515   1.04156   1.07014   1.00629
   24  C   1.04964   1.06000   1.07148   1.09469
   25  C   1.06460   1.14132   1.07653   1.02582
   26  C   1.06962   0.91651   1.15638   0.97907
   27  N   1.67364   1.12960   1.16418   1.58076
   28  C   1.06049   1.09524   0.98053   0.99340
   29  H   0.85469
   30  H   0.84586
   31  H   0.83540
   32  H   0.84954
   33  H   0.85328
   34  H   0.85631
   35  H   0.85192
   36  H   0.73245
   37  H   0.84604
   38  H   0.83593
   39  H   0.61284
   40  H   0.63755
   41  O   1.81746   1.80480   1.57863   1.56889


                    (SZ)    =    0.500000
                    (S**2)  =    0.753830


          ATOMIC ORBITAL SPIN POPULATIONS

    Atom   Total    s     px     py     pz   
         Atomic
    1  C -0.0000 -0.000 -0.000 -0.000 -0.000
    2  C  0.0000  0.000  0.000  0.000  0.000
    3  C -0.0000 -0.000 -0.000 -0.000 -0.000
    4  C  0.0000  0.000  0.000  0.000  0.000
    5  C -0.0000 -0.000 -0.000 -0.000 -0.000
    6  C  0.0000  0.000  0.000  0.000  0.000
    7  H  0.0000  0.000
    8  H -0.0000 -0.000
    9  H -0.0000 -0.000
   10  H -0.0000 -0.000
   11  N  0.0000 -0.000 -0.000 -0.000  0.000
   12  O  0.0000  0.000 -0.000 -0.000  0.000
   13  O -0.0000 -0.000 -0.000 -0.000 -0.000
   14  C  0.0000  0.000  0.000  0.000  0.000
   15  C  0.0000  0.000 -0.000  0.000 -0.000
   16  H  0.0000  0.000
   17  H  0.0000  0.000
   18  H -0.0000 -0.000
   19  N -0.0000 -0.000 -0.000  0.000 -0.000
   20  O -0.0000 -0.000 -0.000 -0.000 -0.000
   21  O  0.0000  0.000  0.000  0.000 -0.000
   22  H -0.0000 -0.000
   23  C  1.0014  0.027  0.220  0.707  0.047
   24  C -0.0440 -0.006 -0.019 -0.008 -0.011
   25  C  0.0124  0.002  0.002  0.006  0.003
   26  C -0.0023 -0.000 -0.001 -0.000 -0.001
   27  N  0.0125  0.000  0.002  0.005  0.005
   28  C -0.0465 -0.006 -0.001 -0.011 -0.028
   29  H -0.0285 -0.028
   30  H  0.0112  0.011
   31  H  0.0389  0.039
   32  H -0.0010 -0.001
   33  H -0.0005 -0.000
   34  H  0.0007  0.001
   35  H  0.0001  0.000
   36  H -0.0001 -0.000
   37  H  0.0107  0.011
   38  H  0.0348  0.035
   39  H -0.0000 -0.000
   40  H -0.0000 -0.000
   41  O  0.0001  0.000  0.000  0.000  0.000

 **********************
 *                    *
 * JOB ENDED NORMALLY *
 *                    *
 **********************



 TOTAL JOB TIME:            15.45 SECONDS

 == MOPAC DONE ==
