NEB log file generated by ORCA
All quantities are given in atomic units. Unless stated otherwise. 
iteration       : 0
climbing        : no
zoom on         : no
nim             : 8
barrier         :   0.14196857 (image:  4) 
distance        :   0.00000000    1.87461901    3.75077577    5.62686330    7.50038499    9.37324759   11.24334305   13.11108922 
energy          : -628.70701676  -628.68483979  -628.63624783  -628.59009118  -628.56504820  -628.57538874  -628.63040213  -628.68724358 
max(|Fr_perp|)   :   0.00000000    0.06933125    0.09418857    0.10465246    0.09307572    0.06586895    0.06282647    0.00000000 
Fr_paral         :   0.00000000   -0.01991837   -0.02731084   -0.02178898   -0.00565737    0.01787901    0.03723670    0.00000000 
max(|Fsp_paral|) :   0.00000000    0.01666434    0.02079971    0.01235087    0.00002027    0.00483016    0.02292990    0.00000000 
max(|Fsp_perp|)  :   0.00000000    0.00000000    0.00000000    0.00000000    0.00000000    0.00000000    0.00000000    0.00000000 
max(|FNEB|)      :   0.00000000    0.06434551    0.08737449    0.10157188    0.09324343    0.06757260    0.05561047    0.00000000 
max(|Force|)     :   0.00138772    0.07168649    0.09718471    0.10691194    0.09382943    0.06598143    0.06640824    0.00106797 
ksp              :   0.01179794    0.04759995    0.08158603    0.10000000    0.10000000    0.09235550    0.05185507 
max(|step|)      :   0.00000000    0.06334972    0.08602232    0.10000000    0.09180043    0.06652688    0.05474986    0.00000000 
angle (deg.)     :    8.7767  11.1635  11.3804  11.0062  8.8799  8.7603 
>
iteration       : 1
climbing        : no
zoom on         : no
nim             : 8
barrier         :   0.11167602 (image:  5) 
distance        :   0.00000000    1.94241670    3.81330502    5.66170425    7.50351995    9.36536598   11.17844197   13.12215483 
energy          : -628.70701676  -628.69844057  -628.67207907  -628.63579132  -628.60376834  -628.59534074  -628.64379738  -628.68724358 
max(|Fr_perp|)   :   0.00000000    0.03572952    0.06540986    0.07407368    0.07835137    0.06038277    0.04866806    0.00000000 
Fr_paral         :   0.00000000   -0.01047685   -0.02168660   -0.02457178   -0.01814220    0.01127760    0.03991284    0.00000000 
max(|Fsp_paral|) :   0.00000000    0.00672474    0.02167590    0.02042852    0.00569850    0.00159644    0.02382948    0.00000000 
max(|Fsp_perp|)  :   0.00000000    0.00000000    0.00000000    0.00000000    0.00000000    0.00000000    0.00000000    0.00000000 
max(|FNEB|)      :   0.00000000    0.03588917    0.06499895    0.07142902    0.07642855    0.06092265    0.04135443    0.00000000 
max(|Force|)     :   0.00138772    0.03567111    0.06554602    0.07668520    0.08037410    0.05911778    0.05242943    0.00106797 
ksp              :   0.01000000    0.02485053    0.06038695    0.09174689    0.10000000    0.10000000    0.05254665 
max(|step|)      :   0.00000000    0.05102433    0.08588427    0.09298730    0.10000000    0.07801438    0.05741878    0.00542856 
angle (deg.)     :    9.5458  11.8233  11.8160  11.7468  8.9862  14.0927 
>
iteration       : 2
climbing        : no
zoom on         : no
nim             : 8
barrier         :   0.09546248 (image:  5) 
distance        :   0.00000000    1.99343837    3.91001371    5.75194854    7.55253470    9.39298601   11.12315159   13.18276648 
energy          : -628.70701676  -628.70302880  -628.69203516  -628.66929349  -628.63573514  -628.61155429  -628.65617673  -628.68724358 
max(|Fr_perp|)   :   0.00000000    0.01166772    0.04238657    0.06817617    0.06570956    0.05243041    0.03629448    0.00000000 
Fr_paral         :   0.00000000   -0.00419147   -0.01116883   -0.02056714   -0.02573355    0.00372660    0.04379815    0.00000000 
max(|Fsp_paral|) :   0.00000000    0.00019715    0.01317422    0.02494034    0.01847301    0.00354010    0.02264726    0.00000000 
max(|Fsp_perp|)  :   0.00000000    0.00000000    0.00000000    0.00000000    0.00000000    0.00000000    0.00000000    0.00000000 
max(|FNEB|)      :   0.00000000    0.01165292    0.04230612    0.06667773    0.06229851    0.05388599    0.03712681    0.00000000 
max(|Force|)     :   0.00138772    0.01151727    0.04245657    0.06865382    0.06729737    0.05196947    0.04072528    0.00106797 
ksp              :   0.01000000    0.01000000    0.03139985    0.07129729    0.10000000    0.10000000    0.04695196 
max(|step|)      :   0.00000000    0.01747648    0.06344865    0.10000000    0.09343226    0.08081557    0.05568098    0.00000000 
angle (deg.)     :    10.1532  12.3606  12.4183  13.0951  10.1911  21.3359 
>
iteration       : 3
climbing        : no
zoom on         : no
nim             : 8
barrier         :   0.08158805 (image:  5) 
distance        :   0.00000000    1.99407924    3.97682444    5.87816886    7.67121290    9.41762319   11.06303237   13.26628818 
energy          : -628.70701676  -628.70390234  -628.69705313  -628.68711343  -628.66145053  -628.62542871  -628.66523798  -628.68724358 
max(|Fr_perp|)   :   0.00000000    0.00906405    0.02313295    0.04960744    0.06465033    0.04022736    0.03180646    0.00000000 
Fr_paral         :   0.00000000   -0.00260238   -0.00418582   -0.01050521   -0.03025385   -0.00573310    0.04535714    0.00000000 
max(|Fsp_paral|) :   0.00000000    0.00002980    0.00015696    0.02305324    0.02949237    0.00314472    0.02062940    0.00000000 
max(|Fsp_perp|)  :   0.00000000    0.00000000    0.00000000    0.00000000    0.00000000    0.00000000    0.00000000    0.00000000 
max(|FNEB|)      :   0.00000000    0.00906792    0.02311181    0.04794046    0.05661263    0.04170798    0.03371581    0.00000000 
max(|Force|)     :   0.00138772    0.00894378    0.02306363    0.04987454    0.06737450    0.04107146    0.04025018    0.00106797 
ksp              :   0.01000000    0.01000000    0.01018949    0.04755366    0.10000000    0.10000000    0.04203928 
max(|step|)      :   0.00000000    0.01678260    0.04986681    0.09209895    0.10000000    0.07768223    0.06033431    0.00418916 
angle (deg.)     :    10.4595  12.8789  12.8478  16.1340  12.9971  29.4912 
>
iteration       : 4
climbing        : no
zoom on         : no
nim             : 8
barrier         :   0.06822942 (image:  5) 
distance        :   0.00000000    1.99448504    4.00210925    6.00799452    7.84064269    9.44646165   11.00947336   13.37603006 
energy          : -628.70701676  -628.70439648  -628.69871035  -628.69290775  -628.68010362  -628.63878735  -628.67108117  -628.68724358 
max(|Fr_perp|)   :   0.00000000    0.00551965    0.01546065    0.02338014    0.05490895    0.03841297    0.02615812    0.00000000 
Fr_paral         :   0.00000000   -0.00212254   -0.00266177   -0.00288361   -0.02494903   -0.01704950    0.04295011    0.00000000 
max(|Fsp_paral|) :   0.00000000    0.00003496    0.00000567    0.00780045    0.03791614    0.00124871    0.01802337    0.00000000 
max(|Fsp_perp|)  :   0.00000000    0.00000000    0.00000000    0.00000000    0.00000000    0.00000000    0.00000000    0.00000000 
max(|FNEB|)      :   0.00000000    0.00554368    0.01548577    0.02293815    0.04459105    0.03920099    0.02676696    0.00000000 
max(|Force|)     :   0.00138772    0.00539463    0.01535595    0.02345348    0.05797442    0.04152586    0.03585260    0.00106797 
ksp              :   0.01000000    0.01000000    0.01000000    0.02328948    0.10000000    0.10000000    0.04000816 
max(|step|)      :   0.00000000    0.01243227    0.03472843    0.05144116    0.10000000    0.08791225    0.06002765    0.00000000 
angle (deg.)     :    10.3027  12.8501  13.4377  18.8032  20.0336  38.1352 
>
iteration       : 5
climbing        : no
zoom on         : no
nim             : 8
barrier         :   0.05396606 (image:  5) 
distance        :   0.00000000    1.99475445    4.00183137    6.05821596    8.12936515    9.47874181   10.94295588   13.48709400 
energy          : -628.70701676  -628.70467936  -628.69992279  -628.69577773  -628.68769080  -628.65305071  -628.67309728  -628.68724358 
max(|Fr_perp|)   :   0.00000000    0.00476073    0.01181346    0.01813414    0.04147318    0.03799921    0.01857767    0.00000000 
Fr_paral         :   0.00000000   -0.00210956   -0.00284773   -0.00352529   -0.02128871   -0.03036108    0.04252066    0.00000000 
max(|Fsp_paral|) :   0.00000000    0.00003297    0.00017199    0.00004975    0.03613518    0.00351279    0.00835145    0.00000000 
max(|Fsp_perp|)  :   0.00000000    0.00000000    0.00000000    0.00000000    0.00000000    0.00000000    0.00000000    0.00000000 
max(|FNEB|)      :   0.00000000    0.00475514    0.01182514    0.01818008    0.03883351    0.03499430    0.01422684    0.00000000 
max(|Force|)     :   0.00138772    0.00461102    0.01166184    0.01822828    0.04460805    0.04596414    0.03037046    0.00106797 
ksp              :   0.01000000    0.01000000    0.01000000    0.01000000    0.10000000    0.10000000    0.04723487 
max(|step|)      :   0.00000000    0.00938325    0.02400910    0.04810760    0.10000000    0.09065059    0.04741625    0.00179238 
angle (deg.)     :    10.4055  12.9350  14.3638  20.2557  29.2638  47.9345 
>
iteration       : 6
climbing        : no
zoom on         : no
nim             : 8
barrier         :   0.04076900 (image:  5) 
distance        :   0.00000000    1.99565680    4.00437553    6.08795782    8.44915963    9.55604434   10.96094227   13.65197280 
energy          : -628.70701676  -628.70491668  -628.70068974  -628.69796611  -628.69248345  -628.66624776  -628.67512782  -628.68724358 
max(|Fr_perp|)   :   0.00000000    0.00289232    0.00787904    0.01173306    0.02742742    0.03337184    0.01186906    0.00000000 
Fr_paral         :   0.00000000   -0.00178069   -0.00184449   -0.00146637   -0.01618074   -0.04630755    0.03793508    0.00000000 
max(|Fsp_paral|) :   0.00000000    0.00003513    0.00026161    0.00091759    0.02719262    0.01087953    0.01068242    0.00000000 
max(|Fsp_perp|)  :   0.00000000    0.00000000    0.00000000    0.00000000    0.00000000    0.00000000    0.00000000    0.00000000 
max(|FNEB|)      :   0.00000000    0.00289985    0.00788828    0.01187328    0.03110426    0.02253729    0.02048954    0.00000000 
max(|Force|)     :   0.00138772    0.00295488    0.00790223    0.01172991    0.03014593    0.05026401    0.02435504    0.00106797 
ksp              :   0.01000000    0.01000000    0.01000000    0.01000000    0.10000000    0.10000000    0.06195298 
max(|step|)      :   0.00000000    0.00932301    0.02536077    0.03817252    0.10000000    0.07245722    0.06587373    0.00000000 
angle (deg.)     :    10.6747  13.0317  15.0648  19.7017  38.3049  59.3912 
>
iteration       : 7
climbing        : no
zoom on         : no
nim             : 8
barrier         :   0.03288341 (image:  5) 
distance        :   0.00000000    1.99633145    4.00655733    6.09833306    8.75209046    9.73428368   11.16640278   13.85856492 
energy          : -628.70701676  -628.70506197  -628.70087718  -628.69845349  -628.69468175  -628.67413335  -628.67912207  -628.68724358 
max(|Fr_perp|)   :   0.00000000    0.00294089    0.01218346    0.01757713    0.02498741    0.02234507    0.01349224    0.00000000 
Fr_paral         :   0.00000000   -0.00160976   -0.00164777   -0.00031698   -0.01343664   -0.05387763    0.00056861    0.00000000 
max(|Fsp_paral|) :   0.00000000    0.00003770    0.00028452    0.00181022    0.02201368    0.02028516    0.01642034    0.00000000 
max(|Fsp_perp|)  :   0.00000000    0.00000000    0.00000000    0.00000000    0.00000000    0.00000000    0.00000000    0.00000000 
max(|FNEB|)      :   0.00000000    0.00292882    0.01222034    0.01650418    0.02651149    0.02297665    0.02102965    0.00000000 
max(|Force|)     :   0.00138772    0.00291354    0.01207684    0.01764747    0.02709872    0.04663610    0.01331142    0.00106797 
ksp              :   0.01000000    0.01000000    0.01000000    0.01000000    0.10000000    0.10000000    0.06575309 
max(|step|)      :   0.00000000    0.00831218    0.01337951    0.02008590    0.10000000    0.07353405    0.06456531    0.00152141 
angle (deg.)     :    10.7731  13.0346  15.7351  21.8182  45.3639  69.1591 
>
iteration       : 8
climbing        : no
zoom on         : no
nim             : 8
barrier         :   0.02921517 (image:  6) 
distance        :   0.00000000    1.99720008    4.00924780    6.11284376    9.05305674    9.94187319   11.41276084   14.08214577 
energy          : -628.70701676  -628.70519675  -628.70115979  -628.69899942  -628.69616643  -628.67837067  -628.67780160  -628.68724358 
max(|Fr_perp|)   :   0.00000000    0.00245289    0.01133264    0.01621918    0.01887290    0.01109640    0.03461874    0.00000000 
Fr_paral         :   0.00000000   -0.00157949   -0.00172515   -0.00037834   -0.01217118   -0.05799709   -0.04867198    0.00000000 
max(|Fsp_paral|) :   0.00000000    0.00004064    0.00031860    0.00264015    0.01723356    0.03399918    0.06076461    0.00000000 
max(|Fsp_perp|)  :   0.00000000    0.00000000    0.00000000    0.00000000    0.00000000    0.00000000    0.00000000    0.00000000 
max(|FNEB|)      :   0.00000000    0.00244909    0.01148372    0.01622238    0.02205870    0.02356859    0.06012688    0.00000000 
max(|Force|)     :   0.00138772    0.00272349    0.01120888    0.01630792    0.02092389    0.04232023    0.04869513    0.00106797 
ksp              :   0.01000000    0.01000000    0.01000000    0.01000000    0.09448682    0.10000000    0.10000000 
max(|step|)      :   0.00000000    0.00407321    0.01909915    0.02698026    0.03668692    0.03919810    0.10000000    0.00000000 
angle (deg.)     :    10.6797  12.9962  16.1678  26.4435  40.8382  71.6494 
>
iteration       : 9
climbing        : no
zoom on         : no
nim             : 8
barrier         :   0.03387833 (image:  6) 
distance        :   0.00000000    1.99764427    4.01111995    6.12747002    9.15127095   10.05749669   11.62097295   14.16057959 
energy          : -628.70701676  -628.70526244  -628.70157598  -628.69957092  -628.69656866  -628.67393422  -628.67313843  -628.68724358 
max(|Fr_perp|)   :   0.00000000    0.00254899    0.00543282    0.00774321    0.01347894    0.01184884    0.05968656    0.00000000 
Fr_paral         :   0.00000000   -0.00155525   -0.00169812   -0.00057047   -0.01372161   -0.05893022   -0.09597993    0.00000000 
max(|Fsp_paral|) :   0.00000000    0.00004346    0.00035746    0.00286940    0.01839608    0.03698706    0.04874577    0.00000000 
max(|Fsp_perp|)  :   0.00000000    0.00000000    0.00000000    0.00000000    0.00000000    0.00000000    0.00000000    0.00000000 
max(|FNEB|)      :   0.00000000    0.00251711    0.00542069    0.00812503    0.01977528    0.02909283    0.06576098    0.00000000 
max(|Force|)     :   0.00138772    0.00271590    0.00542813    0.00771988    0.01655087    0.04284220    0.08418820    0.00106797 
ksp              :   0.01000000    0.01000000    0.01000000    0.01000000    0.09492236    0.10000000    0.10000000 
max(|step|)      :   0.00000000    0.00356529    0.01529746    0.02158538    0.03567641    0.04047695    0.10000000    0.00196805 
angle (deg.)     :    10.6875  13.0689  16.6280  31.0767  37.2580  74.6480 
>
iteration       : 10
climbing        : no
zoom on         : no
nim             : 8
barrier         :   0.04184943 (image:  6) 
distance        :   0.00000000    1.99815035    4.01356624    6.14290767    9.25014598   10.18210625   11.83697699   14.25978362 
energy          : -628.70701676  -628.70527773  -628.70093745  -628.69855424  -628.69670234  -628.66942704  -628.66516733  -628.68724358 
max(|Fr_perp|)   :   0.00000000    0.00292526    0.01651834    0.02004944    0.01086318    0.01164309    0.08908602    0.00000000 
Fr_paral         :   0.00000000   -0.00159748   -0.00174821    0.00023564   -0.01445601   -0.05475481   -0.11989465    0.00000000 
max(|Fsp_paral|) :   0.00000000    0.00004754    0.00039553    0.00310930    0.01556605    0.04530923    0.03252638    0.00000000 
max(|Fsp_perp|)  :   0.00000000    0.00000000    0.00000000    0.00000000    0.00000000    0.00000000    0.00000000    0.00000000 
max(|FNEB|)      :   0.00000000    0.00291241    0.01652553    0.02053514    0.01604464    0.03735780    0.07405289    0.00000000 
max(|Force|)     :   0.00138772    0.00307010    0.01667630    0.02012126    0.01300086    0.03960198    0.11904296    0.00106797 
ksp              :   0.01000000    0.01000000    0.01000000    0.01000000    0.08225045    0.10000000    0.10000000 
max(|step|)      :   0.00000000    0.00347474    0.01971625    0.02450002    0.01914250    0.04457076    0.08835085    0.00000000 
angle (deg.)     :    10.7837  13.1049  16.4610  33.1438  35.8098  72.5141 
>
iteration       : 11
climbing        : no
zoom on         : no
nim             : 8
barrier         :   0.04172365 (image:  5) 
distance        :   0.00000000    1.99855756    4.01456078    6.15263172    9.30744057   10.29142837   11.91637992   14.20736791 
energy          : -628.70701676  -628.70534264  -628.70177830  -628.69983885  -628.69665626  -628.66529312  -628.67847418  -628.68724358 
max(|Fr_perp|)   :   0.00000000    0.00251163    0.00392952    0.00469157    0.01198295    0.01277655    0.02261228    0.00000000 
Fr_paral         :   0.00000000   -0.00146523   -0.00152194   -0.00042516   -0.01776512   -0.04296617   -0.03240708    0.00000000 
max(|Fsp_paral|) :   0.00000000    0.00004822    0.00042396    0.00323591    0.02386589    0.02868240    0.02681214    0.00000000 
max(|Fsp_perp|)  :   0.00000000    0.00000000    0.00000000    0.00000000    0.00000000    0.00000000    0.00000000    0.00000000 
max(|FNEB|)      :   0.00000000    0.00247826    0.00391883    0.00529198    0.02305112    0.03078484    0.03284081    0.00000000 
max(|Force|)     :   0.00138772    0.00266730    0.00392402    0.00467382    0.01723836    0.03200342    0.02489880    0.00106797 
ksp              :   0.01000000    0.01000000    0.01000000    0.01000000    0.10000000    0.10000000    0.04595578 
max(|step|)      :   0.00000000    0.00455421    0.01064734    0.01555847    0.03706453    0.05833784    0.05106687    0.00098700 
angle (deg.)     :    10.8996  13.1744  16.6791  34.7357  37.1020  71.0967 
>
iteration       : 12
climbing        : no
zoom on         : no
nim             : 8
barrier         :   0.04450158 (image:  5) 
distance        :   0.00000000    1.99907497    4.01662225    6.16983206    9.41940956   10.43348696   11.90754589   14.15152205 
energy          : -628.70701676  -628.70538460  -628.70175448  -628.69976705  -628.69568460  -628.66251518  -628.67903984  -628.68724358 
max(|Fr_perp|)   :   0.00000000    0.00231669    0.00690790    0.00920298    0.01595332    0.01103069    0.03627186    0.00000000 
Fr_paral         :   0.00000000   -0.00146161   -0.00168147   -0.00031195   -0.02365783   -0.03216797    0.00970138    0.00000000 
max(|Fsp_paral|) :   0.00000000    0.00005127    0.00047080    0.00349770    0.02574884    0.02010105    0.02647533    0.00000000 
max(|Fsp_perp|)  :   0.00000000    0.00000000    0.00000000    0.00000000    0.00000000    0.00000000    0.00000000    0.00000000 
max(|FNEB|)      :   0.00000000    0.00228264    0.00698065    0.01057997    0.02524619    0.02442437    0.04393965    0.00000000 
max(|Force|)     :   0.00138772    0.00246950    0.00691620    0.00927640    0.02333905    0.02378238    0.03742063    0.00106797 
ksp              :   0.01000000    0.01000000    0.01000000    0.01000000    0.10000000    0.10000000    0.03985784 
max(|step|)      :   0.00000000    0.00829837    0.01182617    0.01796864    0.07510619    0.10000000    0.05997329    0.00108506 
angle (deg.)     :    11.0461  13.3091  17.2638  38.4597  38.9570  69.9500 
>
iteration       : 13
climbing        : no
zoom on         : no
nim             : 8
barrier         :   0.04617981 (image:  5) 
distance        :   0.00000000    2.00026100    4.02159055    6.20546457    9.64359172   10.68380203   11.92064136   14.10463034 
energy          : -628.70701676  -628.70546234  -628.70178141  -628.69973904  -628.69334914  -628.66083695  -628.67614080  -628.68724358 
max(|Fr_perp|)   :   0.00000000    0.00218323    0.00938197    0.01367156    0.01862554    0.01380601    0.05197360    0.00000000 
Fr_paral         :   0.00000000   -0.00143516   -0.00177820   -0.00013022   -0.03250554   -0.01677417    0.02294595    0.00000000 
max(|Fsp_paral|) :   0.00000000    0.00005892    0.00056350    0.00402512    0.02773086    0.00863485    0.00838925    0.00000000 
max(|Fsp_perp|)  :   0.00000000    0.00000000    0.00000000    0.00000000    0.00000000    0.00000000    0.00000000    0.00000000 
max(|FNEB|)      :   0.00000000    0.00214590    0.00960995    0.01438130    0.02702270    0.01649787    0.05050506    0.00000000 
max(|Force|)     :   0.00138772    0.00233041    0.00925453    0.01376117    0.02985779    0.01608566    0.05409114    0.00106797 
ksp              :   0.01000000    0.01000000    0.01000000    0.01000000    0.10000000    0.10000000    0.04803974 
max(|step|)      :   0.00000000    0.00424889    0.01902770    0.02847497    0.05350493    0.03266577    0.10000000    0.00000000 
angle (deg.)     :    11.0242  13.3547  17.8767  41.4427  35.6805  71.4369 
>
iteration       : 14
climbing        : yes
zoom on         : no
nim             : 8
barrier         :   0.04498473 (image:  5) 
distance        :   0.00000000    2.00102782    4.02564554    6.23112642    9.79190400   10.75647168   11.93785427   14.13826239 
energy          : -628.70701676  -628.70551089  -628.70200403  -628.70001836  -628.69141792  -628.66203203  -628.68441757  -628.68724358 
max(|Fr_perp|)   :   0.00000000    0.00243599    0.00668463    0.00846662    0.01691602    0.01477375    0.00521157    0.00000000 
Fr_paral         :   0.00000000   -0.00143545   -0.00175341   -0.00077776   -0.03649011   -0.00910212   -0.00382955    0.00000000 
max(|Fsp_paral|) :   0.00000000    0.00006616    0.00062605    0.00437052    0.02470577    0.01025320    0.03705965    0.00000000 
max(|Fsp_perp|)  :   0.00000000    0.00000000    0.00000000    0.00000000    0.00000000    0.00000000    0.00000000    0.00000000 
max(|FNEB|)      :   0.00000000    0.00239720    0.00664031    0.00862104    0.02367382    0.01917475    0.03961689    0.00000000 
max(|Force|)     :   0.00138772    0.00258743    0.00683900    0.00866335    0.03051337    0.01313069    0.00521744    0.00106797 
ksp              :   0.01000000    0.01000000    0.01000000    0.01000000    0.10000000    0.10000000    0.02010364 
max(|step|)      :   0.00000000    0.00094239    0.00261045    0.00338912    0.00930669    0.00753801    0.01557426    0.00000000 
angle (deg.)     :    11.0489  13.3805  17.9270  41.9547  36.1291  70.9001 
>
iteration       : 15
climbing        : yes
zoom on         : no
nim             : 8
barrier         :   0.04474273 (image:  5) 
distance        :   0.00000000    2.00119787    4.02644690    6.23656342    9.81861207   10.77093182   11.91736993   14.12583626 
energy          : -628.70701676  -628.70552170  -628.70207498  -628.70012714  -628.69106045  -628.66227403  -628.68451405  -628.68724358 
max(|Fr_perp|)   :   0.00000000    0.00240652    0.00457278    0.00628282    0.01674682    0.01485860    0.00499407    0.00000000 
Fr_paral         :   0.00000000   -0.00141570   -0.00171783   -0.00073673   -0.03727199   -0.00814171    0.00250658    0.00000000 
max(|Fsp_paral|) :   0.00000000    0.00006748    0.00063955    0.00442443    0.02422775    0.00922955    0.03552022    0.00000000 
max(|Fsp_perp|)  :   0.00000000    0.00000000    0.00000000    0.00000000    0.00000000    0.00000000    0.00000000    0.00000000 
max(|FNEB|)      :   0.00000000    0.00236659    0.00456389    0.00679117    0.02347980    0.01651126    0.03437820    0.00000000 
max(|Force|)     :   0.00138772    0.00255449    0.00463968    0.00625606    0.03083169    0.01320593    0.00483953    0.00106797 
ksp              :   0.01000000    0.01000000    0.01000000    0.01000000    0.10000000    0.10000000    0.01983828 
max(|step|)      :   0.00000000    0.00689971    0.01323007    0.01951068    0.06973930    0.04796071    0.10000000    0.00059126 
angle (deg.)     :    11.2370  13.5817  18.4104  46.4525  39.9969  67.6952 
>
iteration       : 16
climbing        : yes
zoom on         : no
nim             : 8
barrier         :   0.04282295 (image:  5) 
distance        :   0.00000000    2.00248751    4.03278159    6.27857394   10.01694052   10.84286870   11.78244273   14.06502214 
energy          : -628.70701676  -628.70558013  -628.70215299  -628.70018990  -628.68813489  -628.66419382  -628.68205789  -628.68724358 
max(|Fr_perp|)   :   0.00000000    0.00223336    0.00588469    0.00825071    0.01517678    0.01354526    0.02502816    0.00000000 
Fr_paral         :   0.00000000   -0.00132853   -0.00168290   -0.00009086   -0.04206561   -0.00514168    0.02442326    0.00000000 
max(|Fsp_paral|) :   0.00000000    0.00007853    0.00074495    0.00482639    0.01902082    0.00567176    0.01251557    0.00000000 
max(|Fsp_perp|)  :   0.00000000    0.00000000    0.00000000    0.00000000    0.00000000    0.00000000    0.00000000    0.00000000 
max(|FNEB|)      :   0.00000000    0.00219007    0.00606993    0.01020168    0.02064674    0.01462011    0.02582280    0.00000000 
max(|Force|)     :   0.00138772    0.00236891    0.00584307    0.00835163    0.03261898    0.01249194    0.02772441    0.00106797 
ksp              :   0.01000000    0.01000000    0.01000000    0.01000000    0.10000000    0.10000000    0.03031628 
max(|step|)      :   0.00000000    0.00848114    0.02350610    0.03950648    0.07995545    0.05661706    0.10000000    0.00000000 
angle (deg.)     :    11.3335  13.7423  19.2034  54.3738  35.1810  70.2116 
>
iteration       : 17
climbing        : yes
zoom on         : no
nim             : 8
barrier         :   0.04118954 (image:  5) 
distance        :   0.00000000    2.00414662    4.04234250    6.33681578   10.22174423   10.92898778   11.78461581   14.13081868 
energy          : -628.70701676  -628.70562063  -628.70192204  -628.69969576  -628.68501728  -628.66582723  -628.68187136  -628.68724358 
max(|Fr_perp|)   :   0.00000000    0.00368835    0.01474840    0.01669435    0.01630876    0.01032397    0.03044915    0.00000000 
Fr_paral         :   0.00000000   -0.00145653   -0.00215017   -0.00173441   -0.04414898   -0.00054049   -0.01267978    0.00000000 
max(|Fsp_paral|) :   0.00000000    0.00009661    0.00088136    0.01697088    0.00209396    0.00814962    0.00514346    0.00000000 
max(|Fsp_perp|)  :   0.00000000    0.00000000    0.00000000    0.00000000    0.00000000    0.00000000    0.00000000    0.00000000 
max(|FNEB|)      :   0.00000000    0.00369962    0.01461983    0.02698795    0.01579758    0.01046275    0.03001240    0.00000000 
max(|Force|)     :   0.00138772    0.00357712    0.01486845    0.01704401    0.03235865    0.01018519    0.02984995    0.00106797 
ksp              :   0.01000000    0.01000000    0.01000000    0.01935579    0.10000000    0.10000000    0.03257620 
max(|step|)      :   0.00000000    0.00666387    0.01239406    0.03407170    0.04254559    0.03774314    0.03291359    0.00090757 
angle (deg.)     :    11.5110  14.2314  18.8826  60.5663  37.7417  70.8873 
>
iteration       : 18
climbing        : yes
zoom on         : no
nim             : 8
barrier         :   0.03996432 (image:  5) 
distance        :   0.00000000    2.00593005    4.05131744    6.43727852   10.32894815   11.01316126   11.83421857   14.20141843 
energy          : -628.70701676  -628.70570973  -628.70239508  -628.70032870  -628.68532577  -628.66705244  -628.68297629  -628.68724358 
max(|Fr_perp|)   :   0.00000000    0.00223424    0.00443052    0.00854813    0.00671482    0.00861922    0.01715212    0.00000000 
Fr_paral         :   0.00000000   -0.00125291   -0.00160110   -0.00164496   -0.04262016    0.00155786   -0.00480603    0.00000000 
max(|Fsp_paral|) :   0.00000000    0.00011264    0.00116741    0.01575548    0.00188976    0.00779230    0.00759923    0.00000000 
max(|Fsp_perp|)  :   0.00000000    0.00000000    0.00000000    0.00000000    0.00000000    0.00000000    0.00000000    0.00000000 
max(|FNEB|)      :   0.00000000    0.00217977    0.00437626    0.01712016    0.00860201    0.00821650    0.01875909    0.00000000 
max(|Force|)     :   0.00138772    0.00236142    0.00452288    0.00889052    0.02811737    0.00902193    0.01772835    0.00106797 
ksp              :   0.01000000    0.01000000    0.01000000    0.01854846    0.10000000    0.10000000    0.02902103 
max(|step|)      :   0.00000000    0.01813800    0.02427676    0.09405946    0.09508722    0.10000000    0.05952282    0.00107995 
angle (deg.)     :    12.0249  15.3215  18.8833  78.0844  48.6913  73.8496 
>
iteration       : 19
climbing        : yes
zoom on         : no
nim             : 8
barrier         :   0.03781056 (image:  5) 
distance        :   0.00000000    2.01095889    4.07712005    6.71526563   10.61365815   11.27657620   12.01087938   14.44880430 
energy          : -628.70701676  -628.70582629  -628.70254821  -628.70056716  -628.68436380  -628.66920620  -628.68190424  -628.68724358 
max(|Fr_perp|)   :   0.00000000    0.00286186    0.00920756    0.00925870    0.01062788    0.00589042    0.02709112    0.00000000 
Fr_paral         :   0.00000000   -0.00103115   -0.00136538   -0.00077590   -0.03388608    0.00741476    0.00147621    0.00000000 
max(|Fsp_paral|) :   0.00000000    0.00016000    0.00193879    0.02280831    0.01618781    0.00438233    0.00908519    0.00000000 
max(|Fsp_perp|)  :   0.00000000    0.00000000    0.00000000    0.00000000    0.00000000    0.00000000    0.00000000    0.00000000 
max(|FNEB|)      :   0.00000000    0.00287130    0.00961001    0.02211887    0.01606211    0.00666902    0.02742118    0.00000000 
max(|Force|)     :   0.00138772    0.00298342    0.00921609    0.00956055    0.01876228    0.00716151    0.02741816    0.00106797 
ksp              :   0.01000000    0.01000000    0.01000000    0.02445604    0.10000000    0.10000000    0.03676091 
max(|step|)      :   0.00000000    0.00682089    0.02282896    0.05254427    0.03815619    0.01584252    0.06514013    0.00000000 
angle (deg.)     :    12.0643  15.5649  18.6528  78.2830  50.3501  74.8371 
>
iteration       : 20
climbing        : yes
zoom on         : no
nim             : 8
barrier         :   0.03753686 (image:  5) 
distance        :   0.00000000    2.01225863    4.08959956    6.87457099   10.58801223   11.30840234   12.10891731   14.52911570 
energy          : -628.70701676  -628.70582013  -628.70248886  -628.70035668  -628.68711242  -628.66947990  -628.68136825  -628.68724358 
max(|Fr_perp|)   :   0.00000000    0.00563513    0.01094455    0.01385618    0.01458771    0.00990094    0.04430844    0.00000000 
Fr_paral         :   0.00000000   -0.00145655   -0.00281657   -0.00282727   -0.03145630    0.00611092   -0.00571427    0.00000000 
max(|Fsp_paral|) :   0.00000000    0.00018898    0.00237646    0.00396077    0.01790880    0.00480625    0.00879333    0.00000000 
max(|Fsp_perp|)  :   0.00000000    0.00000000    0.00000000    0.00000000    0.00000000    0.00000000    0.00000000    0.00000000 
max(|FNEB|)      :   0.00000000    0.00567156    0.01060142    0.01687913    0.01846411    0.00937948    0.04496437    0.00000000 
max(|Force|)     :   0.00138772    0.00552221    0.01108642    0.01312925    0.01681471    0.01042240    0.04407623    0.00106797 
ksp              :   0.01000000    0.01000000    0.01000000    0.01066450    0.10000000    0.10000000    0.03976745 
max(|step|)      :   0.00000000    0.00443818    0.00781445    0.01807054    0.01289846    0.00732100    0.03527153    0.00000359 
angle (deg.)     :    12.1790  15.6796  18.8012  77.4493  52.3771  75.0873 
>
iteration       : 21
climbing        : yes
zoom on         : no
nim             : 8
barrier         :   0.03725104 (image:  5) 
distance        :   0.00000000    2.01358449    4.09961446    6.91024079   10.59774924   11.29302171   12.12590516   14.53512593 
energy          : -628.70701676  -628.70589697  -628.70272802  -628.70078060  -628.68718547  -628.66976572  -628.68362313  -628.68724358 
max(|Fr_perp|)   :   0.00000000    0.00194455    0.00465727    0.00590868    0.00375988    0.00452398    0.01829615    0.00000000 
Fr_paral         :   0.00000000   -0.00121625   -0.00202354   -0.00122552   -0.03671728    0.00559378    0.00233137    0.00000000 
max(|Fsp_paral|) :   0.00000000    0.00021094    0.00243722    0.00334252    0.01721543    0.00822769    0.00763783    0.00000000 
max(|Fsp_perp|)  :   0.00000000    0.00000000    0.00000000    0.00000000    0.00000000    0.00000000    0.00000000    0.00000000 
max(|FNEB|)      :   0.00000000    0.00194773    0.00429444    0.00506175    0.01856175    0.00437793    0.01706482    0.00000000 
max(|Force|)     :   0.00138772    0.00206313    0.00476226    0.00617399    0.01987695    0.00508353    0.01849685    0.00106797 
ksp              :   0.01000000    0.01000000    0.01000000    0.01029923    0.10000000    0.10000000    0.02864304 
max(|step|)      :   0.00000000    0.00407223    0.00775762    0.01481029    0.02997961    0.00974052    0.03568964    0.00126971 
angle (deg.)     :    12.3448  15.7825  19.2530  75.8547  54.4246  74.7930 
>
iteration       : 22
climbing        : yes
zoom on         : no
nim             : 8
barrier         :   0.03703814 (image:  5) 
distance        :   0.00000000    2.01565436    4.11566144    6.94970838   10.61487805   11.25488617   12.09531343   14.50213790 
energy          : -628.70701676  -628.70591924  -628.70276792  -628.70090395  -628.68536988  -628.66997863  -628.68366691  -628.68724358 
max(|Fr_perp|)   :   0.00000000    0.00191046    0.00273187    0.00631846    0.00637024    0.00425655    0.01923459    0.00000000 
Fr_paral         :   0.00000000   -0.00107738   -0.00165831   -0.00000202   -0.04117472    0.00497492    0.00942580    0.00000000 
max(|Fsp_paral|) :   0.00000000    0.00024653    0.00247090    0.01499422    0.00453100    0.01187057    0.00792169    0.00000000 
max(|Fsp_perp|)  :   0.00000000    0.00000000    0.00000000    0.00000000    0.00000000    0.00000000    0.00000000    0.00000000 
max(|FNEB|)      :   0.00000000    0.00181536    0.00447673    0.01579754    0.00707808    0.00389983    0.02130570    0.00000000 
max(|Force|)     :   0.00138772    0.00201470    0.00303744    0.00631898    0.02400580    0.00475267    0.01794299    0.00106797 
ksp              :   0.01000000    0.01000000    0.01000000    0.01976736    0.10000000    0.10000000    0.02864474 
max(|step|)      :   0.00000000    0.00809680    0.01446314    0.04728059    0.03565177    0.02154009    0.02929028    0.00110430 
angle (deg.)     :    12.6608  16.1360  19.8808  73.4525  58.1600  74.9931 
>
iteration       : 23
climbing        : yes
zoom on         : no
nim             : 8
barrier         :   0.03669732 (image:  5) 
distance        :   0.00000000    2.01993241    4.14860231    7.08837935   10.63402441   11.21952746   12.10208040   14.50065904 
energy          : -628.70701676  -628.70595871  -628.70276244  -628.70095373  -628.68348244  -628.67031944  -628.68220523  -628.68724358 
max(|Fr_perp|)   :   0.00000000    0.00281605    0.00702550    0.01172835    0.01361472    0.00578440    0.04614593    0.00000000 
Fr_paral         :   0.00000000   -0.00096116   -0.00148059    0.00121472   -0.04325120    0.00350624    0.01123984    0.00000000 
max(|Fsp_paral|) :   0.00000000    0.00032012    0.00272270    0.02651965    0.02461731    0.01712208    0.00000197    0.00000000 
max(|Fsp_perp|)  :   0.00000000    0.00000000    0.00000000    0.00000000    0.00000000    0.00000000    0.00000000    0.00000000 
max(|FNEB|)      :   0.00000000    0.00274157    0.00745355    0.02966017    0.02936545    0.00600890    0.04614901    0.00000000 
max(|Force|)     :   0.00138772    0.00289345    0.00694522    0.01141351    0.02701130    0.00555989    0.04409698    0.00106797 
ksp              :   0.01000000    0.01000000    0.01000000    0.03000119    0.10000000    0.10000000    0.03679320 
max(|step|)      :   0.00000000    0.00000000    0.00000000    0.00000000    0.00000000    0.00000000    0.00000000    0.00000000 
angle (deg.)     :    12.6608  16.1359  19.8804  73.4527  58.1600  74.9931 
>
iteration       : 24
climbing        : yes
zoom on         : no
nim             : 8
barrier         :   0.03669604 (image:  5) 
distance        :   0.00000000    2.01993241    4.14860231    7.08837935   10.63402441   11.21952746   12.10208040   14.50065904 
energy          : -628.70701676  -628.70595920  -628.70276396  -628.70095707  -628.68350625  -628.67032073  -628.68224452  -628.68724358 
max(|Fr_perp|)   :   0.00000000    0.00278699    0.00697038    0.01161760    0.01356546    0.00573733    0.04566650    0.00000000 
Fr_paral         :   0.00000000   -0.00096299   -0.00148615    0.00119307   -0.04325365    0.00350605    0.01126919    0.00000000 
max(|Fsp_paral|) :   0.00000000    0.00032025    0.00272412    0.02651075    0.02458802    0.01710450    0.00000443    0.00000000 
max(|Fsp_perp|)  :   0.00000000    0.00000000    0.00000000    0.00000000    0.00000000    0.00000000    0.00000000    0.00000000 
max(|FNEB|)      :   0.00000000    0.00274222    0.00745375    0.02966011    0.02936988    0.00601002    0.04614899    0.00000000 
max(|Force|)     :   0.00138772    0.00289411    0.00694542    0.01141338    0.02701969    0.00556099    0.04409691    0.00106797 
ksp              :   0.01000000    0.01000000    0.01000000    0.03000107    0.10000000    0.10000000    0.03679313 
max(|step|)      :   0.00000000    0.00513567    0.01395945    0.05554775    0.05500421    0.01125563    0.08642831    0.00000000 
angle (deg.)     :    12.7048  16.6199  18.7655  75.2820  53.8615  75.6779 
>
iteration       : 25
climbing        : yes
zoom on         : no
nim             : 8
barrier         :   0.03655981 (image:  5) 
distance        :   0.00000000    2.02198946    4.16297010    7.22146127   10.60547290   11.28251877   12.18418243   14.58391671 
energy          : -628.70701676  -628.70597598  -628.70279595  -628.70072803  -628.68764457  -628.67045696  -628.68207505  -628.68724358 
max(|Fr_perp|)   :   0.00000000    0.00362169    0.00567913    0.01217340    0.00770231    0.00517424    0.04532261    0.00000000 
Fr_paral         :   0.00000000   -0.00132706   -0.00271240   -0.00291959   -0.03498181    0.00279509   -0.00600074    0.00000000 
max(|Fsp_paral|) :   0.00000000    0.00035128    0.00304323    0.00112614    0.01776508    0.01304628    0.00017280    0.00000000 
max(|Fsp_perp|)  :   0.00000000    0.00000000    0.00000000    0.00000000    0.00000000    0.00000000    0.00000000    0.00000000 
max(|FNEB|)      :   0.00000000    0.00370248    0.00649807    0.01303427    0.01838092    0.00496335    0.04534934    0.00000000 
max(|Force|)     :   0.00138772    0.00351689    0.00556477    0.01140226    0.01776178    0.00538512    0.04479511    0.00106797 
ksp              :   0.01000000    0.01000000    0.01000000    0.01000000    0.10000000    0.10000000    0.03771062 
max(|step|)      :   0.00000000    0.00309697    0.00541411    0.00972374    0.01641305    0.00444654    0.03892837    0.00031698 
angle (deg.)     :    12.7875  16.5971  19.1951  74.5773  55.0877  75.4987 
>
iteration       : 26
climbing        : yes
zoom on         : no
nim             : 8
barrier         :   0.03648262 (image:  5) 
distance        :   0.00000000    2.02327419    4.17111752    7.22468956   10.62056821   11.26811455   12.17394646   14.56956395 
energy          : -628.70701676  -628.70600821  -628.70287249  -628.70112824  -628.68674912  -628.67053415  -628.68436035  -628.68724358 
max(|Fr_perp|)   :   0.00000000    0.00179298    0.00284919    0.00353782    0.00342045    0.00353685    0.01053949    0.00000000 
Fr_paral         :   0.00000000   -0.00113629   -0.00206827   -0.00096243   -0.03858946    0.00292189    0.00439701    0.00000000 
max(|Fsp_paral|) :   0.00000000    0.00036827    0.00300780    0.00432068    0.01133796    0.01500465    0.01524001    0.00000000 
max(|Fsp_perp|)  :   0.00000000    0.00000000    0.00000000    0.00000000    0.00000000    0.00000000    0.00000000    0.00000000 
max(|FNEB|)      :   0.00000000    0.00174368    0.00408773    0.00530091    0.01081689    0.00323961    0.01633031    0.00000000 
max(|Force|)     :   0.00138772    0.00190163    0.00324701    0.00375526    0.02065133    0.00383408    0.01111706    0.00106797 
ksp              :   0.01000000    0.01000000    0.01000000    0.01266327    0.10000000    0.10000000    0.02552960 
max(|step|)      :   0.00000000    0.00302110    0.00639982    0.00894671    0.01890915    0.00544692    0.02495397    0.00079178 
angle (deg.)     :    12.9166  16.6449  19.6847  73.7103  55.8030  74.7595 
>
iteration       : 27
climbing        : yes
zoom on         : no
nim             : 8
barrier         :   0.03639192 (image:  5) 
distance        :   0.00000000    2.02580170    4.18720231    7.24833009   10.63926098   11.24995524   12.13054881   14.53225808 
energy          : -628.70701676  -628.70602103  -628.70287925  -628.70116679  -628.68538480  -628.67062485  -628.68382328  -628.68724358 
max(|Fr_perp|)   :   0.00000000    0.00176877    0.00275894    0.00705678    0.00507942    0.00346827    0.02362006    0.00000000 
Fr_paral         :   0.00000000   -0.00103829   -0.00180177    0.00022328   -0.04035105    0.00274277    0.01006278    0.00000000 
max(|Fsp_paral|) :   0.00000000    0.00040199    0.00298729    0.01298341    0.00361407    0.01557586    0.00999845    0.00000000 
max(|Fsp_perp|)  :   0.00000000    0.00000000    0.00000000    0.00000000    0.00000000    0.00000000    0.00000000    0.00000000 
max(|FNEB|)      :   0.00000000    0.00162668    0.00484080    0.01471443    0.00568267    0.00319829    0.02686363    0.00000000 
max(|Force|)     :   0.00138772    0.00186781    0.00310782    0.00699804    0.02279179    0.00373825    0.02195162    0.00106797 
ksp              :   0.01000000    0.01000000    0.01000000    0.02006638    0.10000000    0.10000000    0.02852288 
max(|step|)      :   0.00000000    0.00447316    0.01029622    0.02130771    0.01209822    0.00818195    0.01563975    0.00069077 
angle (deg.)     :    13.0991  16.8470  20.0133  73.1247  55.5440  74.1774 
>
iteration       : 28
climbing        : yes
zoom on         : no
nim             : 8
barrier         :   0.03625559 (image:  5) 
distance        :   0.00000000    2.02975394    4.21203424    7.31607998   10.65533138   11.24598959   12.10573417   14.51451857 
energy          : -628.70701676  -628.70604331  -628.70289055  -628.70120331  -628.68477934  -628.67076117  -628.68311849  -628.68724358 
max(|Fr_perp|)   :   0.00000000    0.00180752    0.00273845    0.00951364    0.00484448    0.00333194    0.03534145    0.00000000 
Fr_paral         :   0.00000000   -0.00099096   -0.00172118    0.00064422   -0.03996295    0.00240861    0.01084084    0.00000000 
max(|Fsp_paral|) :   0.00000000    0.00045410    0.00305100    0.01644169    0.00994800    0.01543626    0.00388309    0.00000000 
max(|Fsp_perp|)  :   0.00000000    0.00000000    0.00000000    0.00000000    0.00000000    0.00000000    0.00000000    0.00000000 
max(|FNEB|)      :   0.00000000    0.00190193    0.00517152    0.01903912    0.01201574    0.00310556    0.03670541    0.00000000 
max(|Force|)     :   0.00138772    0.00188741    0.00307595    0.00934287    0.02270991    0.00355832    0.03340435    0.00106797 
ksp              :   0.01000000    0.01000000    0.01000000    0.02345568    0.10000000    0.10000000    0.03252451 
max(|step|)      :   0.00000000    0.01995445    0.04671451    0.10000000    0.04737269    0.03712029    0.06191271    0.00331983 
angle (deg.)     :    13.9124  17.7887  21.6730  70.7776  53.8701  72.2420 
>
iteration       : 29
climbing        : yes
zoom on         : no
nim             : 8
barrier         :   0.03577602 (image:  5) 
distance        :   0.00000000    2.04801999    4.32423617    7.63746683   10.72735034   11.24872261   12.03283483   14.47559055 
energy          : -628.70701676  -628.70613629  -628.70292752  -628.70125203  -628.68262383  -628.67124074  -628.67976152  -628.68724358 
max(|Fr_perp|)   :   0.00000000    0.00333117    0.00532228    0.01678397    0.00710269    0.00504051    0.06778985    0.00000000 
Fr_paral         :   0.00000000   -0.00081632   -0.00144367    0.00207112   -0.03603840    0.00118864    0.00837637    0.00000000 
max(|Fsp_paral|) :   0.00000000    0.00069171    0.00338359    0.02755254    0.03008931    0.01457855    0.02479626    0.00000000 
max(|Fsp_perp|)  :   0.00000000    0.00000000    0.00000000    0.00000000    0.00000000    0.00000000    0.00000000    0.00000000 
max(|FNEB|)      :   0.00000000    0.00318113    0.00632709    0.03362872    0.03265281    0.00514940    0.05739751    0.00000000 
max(|Force|)     :   0.00138772    0.00342318    0.00548955    0.01632793    0.02083175    0.00499586    0.06656749    0.00106797 
ksp              :   0.01000000    0.01000000    0.01000000    0.03607435    0.10000000    0.10000000    0.05245616 
max(|step|)      :   0.00000000    0.00436197    0.00867572    0.04611174    0.04477358    0.00706086    0.07870355    0.00000000 
angle (deg.)     :    13.9375  18.1312  20.4734  72.3740  51.5215  74.2971 
>
iteration       : 30
climbing        : yes
zoom on         : no
nim             : 8
barrier         :   0.03569473 (image:  5) 
distance        :   0.00000000    2.05108117    4.33737498    7.73252830   10.69065502   11.29251281   12.15729352   14.57893076 
energy          : -628.70701676  -628.70616204  -628.70297282  -628.70137436  -628.68569310  -628.67132203  -628.68247143  -628.68724358 
max(|Fr_perp|)   :   0.00000000    0.00211249    0.00329331    0.00911325    0.00712470    0.00244083    0.03991973    0.00000000 
Fr_paral         :   0.00000000   -0.00117469   -0.00261223   -0.00253735   -0.03154175    0.00089904   -0.00445707    0.00000000 
max(|Fsp_paral|) :   0.00000000    0.00071436    0.00359324    0.00761980    0.00240048    0.01485231    0.00157613    0.00000000 
max(|Fsp_perp|)  :   0.00000000    0.00000000    0.00000000    0.00000000    0.00000000    0.00000000    0.00000000    0.00000000 
max(|FNEB|)      :   0.00000000    0.00229087    0.00500730    0.01440768    0.00768796    0.00236632    0.04025895    0.00000000 
max(|Force|)     :   0.00138772    0.00201779    0.00345914    0.00904097    0.01552207    0.00251534    0.03942695    0.00106797 
ksp              :   0.01000000    0.01000000    0.01000000    0.01876443    0.10000000    0.10000000    0.03697562 
max(|step|)      :   0.00000000    0.00178518    0.00453181    0.01318816    0.00612454    0.00235558    0.03071005    0.00006596 
angle (deg.)     :    14.0191  18.1755  20.6509  72.1099  52.7026  74.3366 
>
iteration       : 31
climbing        : yes
zoom on         : no
nim             : 8
barrier         :   0.03565541 (image:  5) 
distance        :   0.00000000    2.05376798    4.34931861    7.76197862   10.69406823   11.29661936   12.17182506   14.58749454 
energy          : -628.70701676  -628.70617522  -628.70298885  -628.70162299  -628.68592799  -628.67136135  -628.68418032  -628.68724358 
max(|Fr_perp|)   :   0.00000000    0.00151411    0.00269716    0.00361748    0.00441614    0.00243141    0.01267861    0.00000000 
Fr_paral         :   0.00000000   -0.00106127   -0.00227729   -0.00137143   -0.03322480    0.00083083    0.00388722    0.00000000 
max(|Fsp_paral|) :   0.00000000    0.00073537    0.00361551    0.00606612    0.00463917    0.01534523    0.01084711    0.00000000 
max(|Fsp_perp|)  :   0.00000000    0.00000000    0.00000000    0.00000000    0.00000000    0.00000000    0.00000000    0.00000000 
max(|FNEB|)      :   0.00000000    0.00165559    0.00456722    0.00613078    0.00542207    0.00235878    0.01435197    0.00000000 
max(|Force|)     :   0.00138772    0.00161372    0.00317185    0.00395986    0.01632095    0.00250405    0.01323786    0.00106797 
ksp              :   0.01000000    0.01000000    0.01000000    0.01745505    0.10000000    0.10000000    0.02735859 
max(|step|)      :   0.00000000    0.00331187    0.00877400    0.01395026    0.01057269    0.00491452    0.02699581    0.00077243 
angle (deg.)     :    14.1593  18.2597  20.9671  71.4240  54.3259  73.7553 
>
iteration       : 32
climbing        : yes
zoom on         : no
nim             : 8
barrier         :   0.03559151 (image:  5) 
distance        :   0.00000000    2.05913968    4.37293704    7.80660905   10.70308380   11.29436513   12.14783762   14.56735704 
energy          : -628.70701676  -628.70618662  -628.70298835  -628.70166445  -628.68572202  -628.67142526  -628.68380202  -628.68724358 
max(|Fr_perp|)   :   0.00000000    0.00149022    0.00270831    0.00569691    0.00296009    0.00250243    0.02326322    0.00000000 
Fr_paral         :   0.00000000   -0.00098071   -0.00205586   -0.00039882   -0.03610980    0.00061645    0.01121318    0.00000000 
max(|Fsp_paral|) :   0.00000000    0.00077673    0.00361828    0.00705673    0.00257870    0.01461945    0.00683519    0.00000000 
max(|Fsp_perp|)  :   0.00000000    0.00000000    0.00000000    0.00000000    0.00000000    0.00000000    0.00000000    0.00000000 
max(|FNEB|)      :   0.00000000    0.00145453    0.00518750    0.00870880    0.00330015    0.00244744    0.02571551    0.00000000 
max(|Force|)     :   0.00138772    0.00158227    0.00313870    0.00580738    0.01866701    0.00255743    0.02126562    0.00106797 
ksp              :   0.01000000    0.01000000    0.01000000    0.01865705    0.10000000    0.10000000    0.02958112 
max(|step|)      :   0.00000000    0.00354936    0.01048695    0.01634306    0.00666054    0.00522160    0.00792337    0.00020923 
angle (deg.)     :    14.3037  18.3877  21.1757  70.9733  54.7283  73.5649 
>
iteration       : 33
climbing        : yes
zoom on         : no
nim             : 8
barrier         :   0.03552439 (image:  5) 
distance        :   0.00000000    2.06524733    4.39925859    7.85971368   10.71024149   11.29588368   12.13825019   14.56056238 
energy          : -628.70701676  -628.70619968  -628.70298573  -628.70170200  -628.68560386  -628.67149237  -628.68371572  -628.68724358 
max(|Fr_perp|)   :   0.00000000    0.00146605    0.00269518    0.00659568    0.00359372    0.00250386    0.02366778    0.00000000 
Fr_paral         :   0.00000000   -0.00096851   -0.00205551   -0.00027376   -0.03741281    0.00039055    0.01242857    0.00000000 
max(|Fsp_paral|) :   0.00000000    0.00082237    0.00363046    0.00742534    0.00168811    0.01429096    0.00554057    0.00000000 
max(|Fsp_perp|)  :   0.00000000    0.00000000    0.00000000    0.00000000    0.00000000    0.00000000    0.00000000    0.00000000 
max(|FNEB|)      :   0.00000000    0.00154163    0.00525512    0.00961654    0.00329742    0.00246898    0.02563425    0.00000000 
max(|Force|)     :   0.00138772    0.00155695    0.00312843    0.00667146    0.01987782    0.00253875    0.02148065    0.00106797 
ksp              :   0.01000000    0.01000000    0.01000000    0.01936908    0.10000000    0.10000000    0.03015762 
max(|step|)      :   0.00000000    0.02053094    0.06167470    0.10000000    0.03359647    0.02983431    0.04113907    0.00202174 
angle (deg.)     :    15.1216  19.1744  22.5240  69.1381  55.1289  72.9475 
>
iteration       : 34
climbing        : yes
zoom on         : no
nim             : 8
barrier         :   0.03518408 (image:  5) 
distance        :   0.00000000    2.10197082    4.55373190    8.17249192   10.75640506   11.32170853   12.10812018   14.54883674 
energy          : -628.70701676  -628.70627195  -628.70296609  -628.70189646  -628.68471601  -628.67183268  -628.68317827  -628.68724358 
max(|Fr_perp|)   :   0.00000000    0.00132492    0.00262668    0.00658094    0.01108839    0.00239511    0.02465541    0.00000000 
Fr_paral         :   0.00000000   -0.00093872   -0.00207905   -0.00043442   -0.03931307   -0.00079873    0.01513525    0.00000000 
max(|Fsp_paral|) :   0.00000000    0.00108932    0.00370300    0.01040887    0.00372926    0.01226665    0.00204514    0.00000000 
max(|Fsp_perp|)  :   0.00000000    0.00000000    0.00000000    0.00000000    0.00000000    0.00000000    0.00000000    0.00000000 
max(|FNEB|)      :   0.00000000    0.00165404    0.00533407    0.01372891    0.01167720    0.00246789    0.02446276    0.00000000 
max(|Force|)     :   0.00138772    0.00141274    0.00308174    0.00678750    0.02311596    0.00232812    0.02268992    0.00106797 
ksp              :   0.01000000    0.01000000    0.01000000    0.02484484    0.10000000    0.10000000    0.03389923 
max(|step|)      :   0.00000000    0.00300513    0.00969112    0.02494316    0.02121554    0.00448376    0.04444478    0.00000000 
angle (deg.)     :    15.2101  19.3578  22.1311  69.9521  50.9747  73.6590 
>
iteration       : 35
climbing        : yes
zoom on         : no
nim             : 8
barrier         :   0.03512682 (image:  5) 
distance        :   0.00000000    2.10867348    4.57537499    8.21948069   10.75550494   11.33957019   12.13663090   14.57857410 
energy          : -628.70701676  -628.70627753  -628.70295207  -628.70186120  -628.68588239  -628.67188994  -628.68371786  -628.68724358 
max(|Fr_perp|)   :   0.00000000    0.00136871    0.00253984    0.00581470    0.00340391    0.00214349    0.02138735    0.00000000 
Fr_paral         :   0.00000000   -0.00105330   -0.00256412   -0.00227729   -0.03636659   -0.00089365    0.00425846    0.00000000 
max(|Fsp_paral|) :   0.00000000    0.00111761    0.00371578    0.00338583    0.00636159    0.01203104    0.00252164    0.00000000 
max(|Fsp_perp|)  :   0.00000000    0.00000000    0.00000000    0.00000000    0.00000000    0.00000000    0.00000000    0.00000000 
max(|FNEB|)      :   0.00000000    0.00160168    0.00434025    0.00602340    0.00672044    0.00221884    0.02089523    0.00000000 
max(|Force|)     :   0.00138772    0.00141076    0.00310469    0.00576440    0.01890348    0.00206813    0.02182494    0.00106797 
ksp              :   0.01000000    0.01000000    0.01000000    0.01797903    0.10000000    0.10000000    0.03066708 
max(|step|)      :   0.00000000    0.00194379    0.00566316    0.00566028    0.00645580    0.00288631    0.01238205    0.00004977 
angle (deg.)     :    15.2853  19.3935  22.3656  69.8499  50.4570  73.6569 
>
iteration       : 36
climbing        : yes
zoom on         : no
nim             : 8
barrier         :   0.03509606 (image:  5) 
distance        :   0.00000000    2.11353903    4.59128321    8.23964149   10.76598342   11.34278946   12.13746968   14.57953801 
energy          : -628.70701676  -628.70628281  -628.70295096  -628.70194814  -628.68565372  -628.67192070  -628.68414545  -628.68724358 
max(|Fr_perp|)   :   0.00000000    0.00130100    0.00256546    0.00301125    0.00235858    0.00216248    0.00864834    0.00000000 
Fr_paral         :   0.00000000   -0.00100421   -0.00239042   -0.00178861   -0.03596539   -0.00083294    0.00583294    0.00000000 
max(|Fsp_paral|) :   0.00000000    0.00113836    0.00368720    0.00457408    0.00439255    0.01231254    0.00556179    0.00000000 
max(|Fsp_perp|)  :   0.00000000    0.00000000    0.00000000    0.00000000    0.00000000    0.00000000    0.00000000    0.00000000 
max(|FNEB|)      :   0.00000000    0.00151413    0.00465655    0.00446062    0.00477824    0.00223207    0.00754553    0.00000000 
max(|Force|)     :   0.00138772    0.00139544    0.00309310    0.00349589    0.01848887    0.00209288    0.00933991    0.00106797 
ksp              :   0.01000000    0.01000000    0.01000000    0.01933816    0.10000000    0.10000000    0.02819708 
max(|step|)      :   0.00000000    0.00904894    0.02821014    0.03416034    0.02572210    0.01338864    0.02759236    0.00093674 
angle (deg.)     :    15.6232  19.6255  23.2608  69.7720  48.2596  73.5582 
>
iteration       : 37
climbing        : yes
zoom on         : no
nim             : 8
barrier         :   0.03497962 (image:  5) 
distance        :   0.00000000    2.13685196    4.66644546    8.34053164   10.80836501   11.36296594   12.13206300   14.58159074 
energy          : -628.70701676  -628.70630042  -628.70291727  -628.70195163  -628.68450921  -628.67203715  -628.68345071  -628.68724358 
max(|Fr_perp|)   :   0.00000000    0.00124984    0.00259205    0.00741656    0.00439859    0.00212465    0.02421274    0.00000000 
Fr_paral         :   0.00000000   -0.00091235   -0.00208689   -0.00100714   -0.03216387   -0.00052344    0.00623220    0.00000000 
max(|Fsp_paral|) :   0.00000000    0.00123549    0.00357165    0.01026453    0.00458333    0.01212912    0.00136355    0.00000000 
max(|Fsp_perp|)  :   0.00000000    0.00000000    0.00000000    0.00000000    0.00000000    0.00000000    0.00000000    0.00000000 
max(|FNEB|)      :   0.00000000    0.00185927    0.00531164    0.01286020    0.00507643    0.00216763    0.02381641    0.00000000 
max(|Force|)     :   0.00138772    0.00133592    0.00305769    0.00751860    0.01659224    0.00208167    0.02335895    0.00106797 
ksp              :   0.01000000    0.01000000    0.01000000    0.02618350    0.10000000    0.10000000    0.03244828 
max(|step|)      :   0.00000000    0.01329141    0.04232319    0.05867086    0.03352022    0.02015169    0.02879482    0.00152582 
angle (deg.)     :    16.1049  20.0363  24.5426  70.6654  45.3698  74.1631 
>
iteration       : 38
climbing        : yes
zoom on         : no
nim             : 8
barrier         :   0.03486727 (image:  5) 
distance        :   0.00000000    2.17172383    4.77757237    8.50415221   10.86452540   11.41186051   12.16838282   14.62430854 
energy          : -628.70701676  -628.70632332  -628.70285615  -628.70180972  -628.68259950  -628.67214950  -628.68208514  -628.68724358 
max(|Fr_perp|)   :   0.00000000    0.00157020    0.00331878    0.01337137    0.01138443    0.00343727    0.03890415    0.00000000 
Fr_paral         :   0.00000000   -0.00083845   -0.00184096   -0.00073474   -0.02236455    0.00008586   -0.00079261    0.00000000 
max(|Fsp_paral|) :   0.00000000    0.00137829    0.00344790    0.01892482    0.01708826    0.01185227    0.01323946    0.00000000 
max(|Fsp_perp|)  :   0.00000000    0.00000000    0.00000000    0.00000000    0.00000000    0.00000000    0.00000000    0.00000000 
max(|FNEB|)      :   0.00000000    0.00240575    0.00566525    0.02308808    0.01887804    0.00343584    0.04028599    0.00000000 
max(|Force|)     :   0.00138772    0.00164008    0.00348460    0.01344229    0.01426546    0.00343870    0.03885954    0.00106797 
ksp              :   0.01000000    0.01000000    0.01000000    0.03769081    0.10000000    0.10000000    0.04075771 
max(|step|)      :   0.00000000    0.00000000    0.00000000    0.00000000    0.00000000    0.00000000    0.00000000    0.00000000 
angle (deg.)     :    16.1049  20.0361  24.5422  70.6654  45.3698  74.1630 
>
iteration       : 39
climbing        : yes
zoom on         : no
nim             : 8
barrier         :   0.03486664 (image:  5) 
distance        :   0.00000000    2.17172383    4.77757237    8.50415221   10.86452540   11.41186051   12.16838282   14.62430854 
energy          : -628.70701676  -628.70632343  -628.70285643  -628.70181511  -628.68261697  -628.67215012  -628.68212817  -628.68724358 
max(|Fr_perp|)   :   0.00000000    0.00155160    0.00328209    0.01323469    0.01138032    0.00342735    0.03840425    0.00000000 
Fr_paral         :   0.00000000   -0.00083985   -0.00184637   -0.00075582   -0.02238574    0.00008481   -0.00072551    0.00000000 
max(|Fsp_paral|) :   0.00000000    0.00137837    0.00344868    0.01891562    0.01706049    0.01184749    0.01322471    0.00000000 
max(|Fsp_perp|)  :   0.00000000    0.00000000    0.00000000    0.00000000    0.00000000    0.00000000    0.00000000    0.00000000 
max(|FNEB|)      :   0.00000000    0.00240535    0.00566554    0.02308836    0.01887856    0.00343666    0.04028698    0.00000000 
max(|Force|)     :   0.00138772    0.00163879    0.00348499    0.01344207    0.01426631    0.00343955    0.03886052    0.00106797 
ksp              :   0.01000000    0.01000000    0.01000000    0.03769080    0.10000000    0.10000000    0.04075769 
max(|step|)      :   0.00000000    0.00366271    0.00862711    0.03515745    0.02874705    0.00523312    0.06134640    0.00000000 
angle (deg.)     :    16.1536  20.2230  23.5572  70.8312  46.5490  74.9619 
>
iteration       : 40
climbing        : yes
zoom on         : no
nim             : 8
barrier         :   0.03478940 (image:  5) 
distance        :   0.00000000    2.17843913    4.79411465    8.57381965   10.82965395   11.42946530   12.22908398   14.67002867 
energy          : -628.70701676  -628.70632692  -628.70284691  -628.70175294  -628.68514824  -628.67222737  -628.68320305  -628.68724358 
max(|Fr_perp|)   :   0.00000000    0.00127175    0.00281377    0.01035938    0.01068937    0.00186527    0.03528873    0.00000000 
Fr_paral         :   0.00000000   -0.00107277   -0.00275001   -0.00350806   -0.02391492    0.00003913   -0.00632827    0.00000000 
max(|Fsp_paral|) :   0.00000000    0.00139123    0.00357184    0.00484093    0.00455606    0.01134275    0.00191662    0.00000000 
max(|Fsp_perp|)  :   0.00000000    0.00000000    0.00000000    0.00000000    0.00000000    0.00000000    0.00000000    0.00000000 
max(|FNEB|)      :   0.00000000    0.00188634    0.00473581    0.01056115    0.01192622    0.00186214    0.03561164    0.00000000 
max(|Force|)     :   0.00138772    0.00127343    0.00304357    0.01030812    0.01550309    0.00186840    0.03472266    0.00106797 
ksp              :   0.01000000    0.01000000    0.01000000    0.02255847    0.10000000    0.10000000    0.03421702 
max(|step|)      :   0.00000000    0.00196484    0.00474562    0.00978767    0.01231829    0.00248228    0.02457604    0.00006623 
angle (deg.)     :    16.2147  20.2189  23.7052  70.0934  48.7272  74.9553 
>
