 *******************************************************************************
 **                                                                           **
 **                              MOPAC v22.0.6                                **
 **                                                                           **
 *******************************************************************************
 **          Digital Object Identifier (DOI): 10.5281/zenodo.6511958          **
 **    Visit the DOI location for information on how to cite this program.    **
 *******************************************************************************

                              PM7 CALCULATION RESULTS

 *******************************************************************************
 *  CALCULATION DONE:                                Sun Mar 24 02:19:27 2024  *
 *  PM7        - The PM7 Hamiltonian to be used
 *  SINGLET    - SPIN STATE DEFINED AS A SINGLET
 *
 *
 *
 *                 CHARGE ON SYSTEM = -1
 *
 *
 *
 *  EPS=78.4   - USE ANDREAS KLAMT'S COSMO IMPLICIT SOLVATION MODEL
 *  THREADS    - USE A MAXIMUM OF 30 THREADS
 *  T=         - A TIME OF 14.0 DAYS REQUESTED
 *  DUMP=N     - RESTART FILE WRITTEN EVERY 30.0 MINUTES REQUESTED
 *  RELSCF     - DEFAULT SCF CRITERION MULTIPLIED BY 1.0000
 *              (DEFAULT SCF CRITERION = 0.00010)
 *  ITRY=      - DO A MAXIMUM OF 15000 ITERATIONS FOR SCF
 *  AUX        - OUTPUT AUXILIARY INFORMATION
 *  BONDS      - FINAL BOND-ORDER MATRIX TO BE PRINTED
 *******************************************************************************
PM7 BONDS AUX DUMP=30M ITRY=15000 T=14D THREADS=30 CHARGE=-1 SINGLET eps=78.4 RELSCF=1
 Title: ASE calculation

   ATOM   CHEMICAL          X               Y               Z
  NUMBER   SYMBOL      (ANGSTROMS)     (ANGSTROMS)     (ANGSTROMS)

     1       C          0.10476684  *   1.08514155  *   0.93458532  *
     2       C          0.24125472  *   1.31995820  *  -0.42176991  *
     3       C          0.17284728  *   0.26694580  *  -1.35685982  *
     4       C          0.02194785  *  -1.05005137  *  -0.86701479  *
     5       C         -0.11579280  *  -1.30064115  *   0.48469577  *
     6       C         -0.09170552  *  -0.22778936  *   1.39177432  *
     7       H          0.15013988  *   1.91497836  *   1.64891122  *
     8       H          0.40953180  *   2.34405220  *  -0.76605644  *
     9       H         -0.00377948  *  -1.88853086  *  -1.56593430  *
    10       C          0.25474582      0.48662231     -2.77760063   
    11       H          2.22074381      1.18240971  *  -2.92668165  *
    12       C          0.63273263  *  -0.64505698  *  -3.67967529  *
    13       H          0.95739369  *  -0.30308181  *  -4.67478886  *
    14       H         -0.20646947  *  -1.33631346  *  -3.84714218  *
    15       H          1.46493332  *  -1.23520042  *  -3.26634175  *
    16       N         -0.16370330  *   1.63702247  *  -3.35919169  *
    17       O         -0.18440176  *   1.76024014  *  -4.60744547  *
    18       O         -0.51540035  *   2.63055427  *  -2.68395358  *
    19       O          5.30740724  *   2.80426041  *  -3.05476454  *
    20       H          6.01272777  *   2.18385190  *  -2.84408576  *
    21       H         -0.25151287  *  -2.32469037  *   0.84783661  *
    22       N         -0.26622693  *  -0.47514661  *   2.78599990  *
    23       O         -0.39236160  *  -1.62885002  *   3.18838539  *
    24       O         -0.29364307  *   0.46910254  *   3.57146441  *
    25       H          3.37838861  *   0.54178739  *  -2.17672530  *
    26       H          4.50097469  *   2.26919919  *  -3.01127664  *
    27       O          3.21498461      1.12929153     -2.92490555   



          CARTESIAN COORDINATES 

    NO.       ATOM           X           Y           Z

     1         C          0.1048      1.0851      0.9346
     2         C          0.2413      1.3200     -0.4218
     3         C          0.1728      0.2669     -1.3569
     4         C          0.0219     -1.0501     -0.8670
     5         C         -0.1158     -1.3006      0.4847
     6         C         -0.0917     -0.2278      1.3918
     7         H          0.1501      1.9150      1.6489
     8         H          0.4095      2.3441     -0.7661
     9         H         -0.0038     -1.8885     -1.5659
    10         C          0.2547      0.4866     -2.7776
    11         H          2.2207      1.1824     -2.9267
    12         C          0.6327     -0.6451     -3.6797
    13         H          0.9574     -0.3031     -4.6748
    14         H         -0.2065     -1.3363     -3.8471
    15         H          1.4649     -1.2352     -3.2663
    16         N         -0.1637      1.6370     -3.3592
    17         O         -0.1844      1.7602     -4.6074
    18         O         -0.5154      2.6306     -2.6840
    19         O          5.3074      2.8043     -3.0548
    20         H          6.0127      2.1839     -2.8441
    21         H         -0.2515     -2.3247      0.8478
    22         N         -0.2662     -0.4751      2.7860
    23         O         -0.3924     -1.6289      3.1884
    24         O         -0.2936      0.4691      3.5715
    25         H          3.3784      0.5418     -2.1767
    26         H          4.5010      2.2692     -3.0113
    27         O          3.2150      1.1293     -2.9249

 General Reference for PM7:
 "Optimization of Parameters for Semiempirical Methods VI: More Modifications to the 
 NDDO Approximations and Re-optimization of Parameters", J. J. P. Stewart, J. Mol. Mod., 1:32, 19 (2013)
 https://link.springer.com/article/10.1007/s00894-012-1667-x

           Empirical Formula: C8 H11 N2 O6  =    27 atoms



      MOLECULAR POINT GROUP   :   C1  


 SINGLET STATE CALCULATION


      RHF CALCULATION, NO. OF DOUBLY OCCUPIED LEVELS = 45


          Geometry optimization using EF
  SCF CRITERION =    0.1000E-03

          DIAGONAL MATRIX USED AS START HESSIAN

 CYCLE:     1 TIME:   0.313 TIME LEFT:  2.00W  GRAD.:     7.868 HEAT: -251.0293
 CYCLE:     2 TIME:   0.127 TIME LEFT:  2.00W  GRAD.:     9.068 HEAT: -251.0537
 CYCLE:     3 TIME:   0.529 TIME LEFT:  2.00W  GRAD.:     5.321 HEAT: -251.0673
 CYCLE:     4 TIME:   0.113 TIME LEFT:  2.00W  GRAD.:     3.915 HEAT: -251.0990
 CYCLE:     5 TIME:   0.105 TIME LEFT:  2.00W  GRAD.:     4.422 HEAT: -251.1113
 CYCLE:     6 TIME:   0.188 TIME LEFT:  2.00W  GRAD.:     3.040 HEAT: -251.1227
 CYCLE:     7 TIME:   0.143 TIME LEFT:  2.00W  GRAD.:     4.789 HEAT: -251.1289
 CYCLE:     8 TIME:   0.134 TIME LEFT:  2.00W  GRAD.:     3.575 HEAT: -251.1456
 CYCLE:     9 TIME:   0.158 TIME LEFT:  2.00W  GRAD.:     8.427 HEAT: -251.1568
 CYCLE:    10 TIME:   0.306 TIME LEFT:  2.00W  GRAD.:     3.189 HEAT: -251.1691
 CYCLE:    11 TIME:   0.081 TIME LEFT:  2.00W  GRAD.:     4.799 HEAT: -251.1731
 CYCLE:    12 TIME:   0.070 TIME LEFT:  2.00W  GRAD.:     5.643 HEAT: -251.1756
 CYCLE:    13 TIME:   0.324 TIME LEFT:  2.00W  GRAD.:     5.536 HEAT: -251.1786
 CYCLE:    14 TIME:   0.175 TIME LEFT:  2.00W  GRAD.:     1.908 HEAT: -251.1819
 CYCLE:    15 TIME:   0.074 TIME LEFT:  2.00W  GRAD.:     1.667 HEAT: -251.1834
 CYCLE:    16 TIME:   0.080 TIME LEFT:  2.00W  GRAD.:     5.741 HEAT: -251.2313
 CYCLE:    17 TIME:   0.264 TIME LEFT:  2.00W  GRAD.:     3.767 HEAT: -251.2360
 CYCLE:    18 TIME:   0.075 TIME LEFT:  2.00W  GRAD.:     3.739 HEAT: -251.2273
 CYCLE:    19 TIME:   0.075 TIME LEFT:  2.00W  GRAD.:     4.899 HEAT: -251.2236
 CYCLE:    20 TIME:   0.076 TIME LEFT:  2.00W  GRAD.:     6.574 HEAT: -251.2155
 CYCLE:    21 TIME:   0.075 TIME LEFT:  2.00W  GRAD.:     7.615 HEAT: -251.2236
 CYCLE:    22 TIME:   0.150 TIME LEFT:  2.00W  GRAD.:     6.348 HEAT: -251.2424
 CYCLE:    23 TIME:   0.200 TIME LEFT:  2.00W  GRAD.:     3.668 HEAT: -251.2499
 CYCLE:    24 TIME:   0.252 TIME LEFT:  2.00W  GRAD.:     1.928 HEAT: -251.2520
 CYCLE:    25 TIME:   0.399 TIME LEFT:  2.00W  GRAD.:     1.046 HEAT: -251.2531
 CYCLE:    26 TIME:   0.157 TIME LEFT:  2.00W  GRAD.:     1.652 HEAT: -251.2516
 CYCLE:    27 TIME:   0.254 TIME LEFT:  2.00W  GRAD.:     2.641 HEAT: -251.2479
 CYCLE:    28 TIME:   0.400 TIME LEFT:  2.00W  GRAD.:     1.792 HEAT: -251.2485
 CYCLE:    29 TIME:   0.291 TIME LEFT:  2.00W  GRAD.:     1.611 HEAT: -251.2710
 CYCLE:    30 TIME:   0.080 TIME LEFT:  2.00W  GRAD.:     0.951 HEAT: -251.2755

     GRADIENT =  0.95075 IS LESS THAN CUTOFF =  1.00000



 -------------------------------------------------------------------------------
 PM7 BONDS AUX DUMP=30M ITRY=15000 T=14D THREADS=30 CHARGE=-1 SINGLET eps=78.4 RELSCF=1
 Title: ASE calculation



     GEOMETRY OPTIMISED USING EIGENVECTOR FOLLOWING (EF).     
     SCF FIELD WAS ACHIEVED                                   


                              PM7 CALCULATION
                                                       MOPAC v22.0.6 Linux
                                                       Sun Mar 24 02:19:32 2024




          FINAL HEAT OF FORMATION =       -251.27545 KCAL/MOL =   -1051.33650 KJ/MOL
          VAN DER WAALS AREA      =        255.53 SQUARE ANGSTROMS



          DIELECTRIC ENERGY       =         -2.99796 EV
          COSMO AREA              =        255.53 SQUARE ANGSTROMS
          COSMO VOLUME            =        261.95 CUBIC ANGSTROMS

          GRADIENT NORM           =          0.95075          =       0.18297 PER ATOM
          IONIZATION POTENTIAL    =          8.567160 EV
          HOMO LUMO ENERGIES (EV) =         -8.567 -1.337
          NO. OF FILLED LEVELS    =         45
          MOLECULAR WEIGHT        =        231.1847         POINT GROUP:  C1  

          MOLECULAR DIMENSIONS (Angstroms)

            Atom       Atom       Distance
            O    23    H    20     9.58312
            O    24    H    14     6.51481
            H    21    O    18     4.55335


          SCF CALCULATIONS        =         63

          WALL-CLOCK TIME         =      5.754 SECONDS
          COMPUTATION TIME        =          4 MINUTES AND  9.304 SECONDS




   ATOM   CHEMICAL          X               Y               Z
  NUMBER   SYMBOL      (ANGSTROMS)     (ANGSTROMS)     (ANGSTROMS)

     1       C          0.11074488  *   1.08699691  *   0.93447071  *
     2       C          0.24184246  *   1.32304384  *  -0.42210820  *
     3       C          0.17433369  *   0.26954058  *  -1.35678942  *
     4       C          0.02121526  *  -1.04727202  *  -0.86739211  *
     5       C         -0.11033757  *  -1.29847407  *   0.48473775  *
     6       C         -0.08108680  *  -0.22643094  *   1.39205274  *
     7       H          0.15505114  *   1.91719090  *   1.64868299  *
     8       H          0.40317712  *   2.34776324  *  -0.76670332  *
     9       H         -0.01333116  *  -1.88479026  *  -1.56734652  *
    10       C          0.25474582      0.48662231     -2.77760063   
    11       H          2.22074381      1.25416778  *  -2.92701163  *
    12       C          0.63707961  *  -0.64492232  *  -3.67675936  *
    13       H          0.96618405  *  -0.30373933  *  -4.67038010  *
    14       H         -0.20298346  *  -1.33528241  *  -3.84572941  *
    15       H          1.46778325  *  -1.23393683  *  -3.25961569  *
    16       N         -0.14560781  *   1.64113157  *  -3.36022978  *
    17       O         -0.15579168  *   1.76803408  *  -4.60846898  *
    18       O         -0.50713448  *   2.63304698  *  -2.68628480  *
    19       O          5.27971354  *   2.83812679  *  -3.03361545  *
    20       H          6.00007656  *   2.23211838  *  -2.83293154  *
    21       H         -0.24657886  *  -2.32261631  *   0.84726088  *
    22       N         -0.25033238  *  -0.47457828  *   2.78667255  *
    23       O         -0.37744215  *  -1.62827345  *   3.18876286  *
    24       O         -0.27340658  *   0.46888522  *   3.57296043  *
    25       H          3.37063192  *   0.52693758  *  -2.18525352  *
    26       H          4.48616784  *   2.28309658  *  -2.98874755  *
    27       O          3.21498461      1.12929153     -2.92490555   

                             CARTESIAN COORDINATES

   1    C        0.110744877     1.086996906     0.934470715
   2    C        0.241842457     1.323043836    -0.422108196
   3    C        0.174333694     0.269540584    -1.356789425
   4    C        0.021215259    -1.047272017    -0.867392108
   5    C       -0.110337567    -1.298474068     0.484737749
   6    C       -0.081086803    -0.226430942     1.392052737
   7    H        0.155051137     1.917190896     1.648682987
   8    H        0.403177117     2.347763237    -0.766703316
   9    H       -0.013331155    -1.884790258    -1.567346516
  10    C        0.254745820     0.486622310    -2.777600630
  11    H        2.220743810     1.254167779    -2.927011627
  12    C        0.637079607    -0.644922317    -3.676759358
  13    H        0.966184051    -0.303739327    -4.670380096
  14    H       -0.202983455    -1.335282412    -3.845729409
  15    H        1.467783252    -1.233936828    -3.259615691
  16    N       -0.145607815     1.641131571    -3.360229783
  17    O       -0.155791676     1.768034082    -4.608468979
  18    O       -0.507134475     2.633046985    -2.686284795
  19    O        5.279713538     2.838126793    -3.033615453
  20    H        6.000076561     2.232118381    -2.832931536
  21    H       -0.246578860    -2.322616311     0.847260879
  22    N       -0.250332381    -0.474578276     2.786672553
  23    O       -0.377442146    -1.628273448     3.188762862
  24    O       -0.273406579     0.468885221     3.572960428
  25    H        3.370631923     0.526937578    -2.185253520
  26    H        4.486167844     2.283096584    -2.988747553
  27    O        3.214984610     1.129291530    -2.924905550


           Empirical Formula: C8 H11 N2 O6  =    27 atoms



      MOLECULAR POINT GROUP   :   C1  


                  EIGENVALUES  
 -37.25059 -36.24690 -31.12793 -30.48570 -29.45380 -28.86598 -28.72802 -28.28155
 -26.83795 -26.38837 -24.65437 -24.26806 -21.48319 -21.35651 -19.68569 -19.05586
 -18.10567 -17.90490 -17.76846 -17.55320 -17.43367 -17.06668 -16.57965 -15.59285
 -15.14965 -14.95285 -14.70126 -14.52241 -14.12401 -13.90594 -13.59008 -13.32486
 -12.75472 -12.46052 -12.28458 -12.26353 -11.83599 -11.70303 -11.58131 -11.23349
 -11.02210 -10.85001 -10.76482 -10.38486  -8.56716  -1.33671  -0.09917   0.23811
   0.75944   1.05202   1.70975   2.23300   3.41686   3.53885   3.59723   3.90289
   4.16302   4.34587   4.55885   4.65174   4.69856   4.96520   4.97758   5.30515
   5.52771   5.61119   5.66805   5.75736   5.80934   5.90262   6.06603   6.21664
   6.27072   6.90596   7.00900


              NET ATOMIC CHARGES AND DIPOLE CONTRIBUTIONS

  ATOM NO.   TYPE          CHARGE      No. of ELECS.   s-Pop       p-Pop       
    1          C          -0.031680        4.0317     1.09448     2.93720
    2          C          -0.247234        4.2472     1.08289     3.16434
    3          C           0.180992        3.8190     1.07114     2.74787
    4          C          -0.244960        4.2450     1.08190     3.16306
    5          C          -0.039622        4.0396     1.09390     2.94572
    6          C          -0.164929        4.1649     1.05917     3.10576
    7          H           0.185526        0.8145     0.81447
    8          H           0.194265        0.8057     0.80574
    9          H           0.181325        0.8187     0.81868
   10          C          -0.338757        4.3388     1.03543     3.30333
   11          H           0.378953        0.6210     0.62105
   12          C          -0.407951        4.4080     1.04396     3.36399
   13          H           0.164752        0.8352     0.83525
   14          H           0.153622        0.8464     0.84638
   15          H           0.158309        0.8417     0.84169
   16          N           0.699673        4.3003     1.42384     2.87649
   17          O          -0.657880        6.6579     1.94467     4.71321
   18          O          -0.652149        6.6521     1.94410     4.70805
   19          O          -0.773915        6.7739     1.81566     4.95826
   20          H           0.372953        0.6270     0.62705
   21          H           0.179997        0.8200     0.82000
   22          N           0.690040        4.3100     1.44367     2.86629
   23          O          -0.494482        6.4945     1.94126     4.55323
   24          O          -0.491526        6.4915     1.94123     4.55030
   25          H           0.379325        0.6207     0.62068
   26          H           0.380360        0.6196     0.61964
   27          O          -0.755006        6.7550     1.82001     4.93500
 DIPOLE           X         Y         Z       TOTAL
 POINT-CHG.     3.385    -8.855     4.423    10.461
 HYBRID        -0.561    -0.220     0.748     0.961
 SUM            2.824    -9.074     5.171    10.819


          ATOMIC ORBITAL ELECTRON POPULATIONS

     Atom    s        px        py        pz   
    1  C   1.09448   0.89278   1.00997   1.03446
    2  C   1.08289   1.08171   1.10101   0.98163
    3  C   1.07114   0.83563   0.96602   0.94622
    4  C   1.08190   1.08009   1.05789   1.02508
    5  C   1.09390   0.89808   1.06104   0.98660
    6  C   1.05917   1.24003   1.02575   0.83998
    7  H   0.81447
    8  H   0.80574
    9  H   0.81868
   10  C   1.03543   1.39110   0.93788   0.97435
   11  H   0.62105
   12  C   1.04396   1.16866   1.07497   1.12037
   13  H   0.83525
   14  H   0.84638
   15  H   0.84169
   16  N   1.42384   0.95286   0.98207   0.94155
   17  O   1.94467   1.75527   1.91636   1.04158
   18  O   1.94410   1.68001   1.36666   1.66138
   19  O   1.81566   1.42406   1.56049   1.97370
   20  H   0.62705
   21  H   0.82000
   22  N   1.44367   0.90416   0.94714   1.01499
   23  O   1.94126   1.59181   1.11442   1.84700
   24  O   1.94123   1.59981   1.37233   1.57816
   25  H   0.62068
   26  H   0.61964
   27  O   1.82001   1.47252   1.78225   1.68023

          BONDING CONTRIBUTION OF EACH M.O.

  1.3551  1.4046  1.8894  0.9949  1.1589  1.2036  1.0386  1.5168  1.2714  1.8396
  1.1469  1.5665  1.3479  1.7657  1.4629  1.5829  1.2969  1.6033  1.4086  1.6043
  1.5147  1.4694  1.3739  1.9197  1.9226  0.8027  1.9584  1.7183  1.1733  1.3001
  1.8431  1.8745  1.8983  0.0788  0.0004  1.9286  0.8105  0.2892  0.6354  0.5519
  0.5519  0.5011  1.5258  1.9738  1.2597 -2.1527 -1.9715 -2.3000 -2.1135 -2.3922
 -2.1299 -2.0405 -1.9520 -1.9531 -1.7434 -1.9570 -1.9564 -2.0426 -1.9784 -1.9918
 -1.9750 -1.8349 -1.8847 -1.9708 -1.9545 -1.9498 -1.9733 -1.9561 -1.9730 -1.9543
 -1.9490 -1.9442 -1.7168 -1.7216 -1.9021





            (VALENCIES)   BOND ORDERS

     1  C     (3.949)     2  C 1.507     6  C 1.336     7  H 0.951     4  C 0.082    23  O 0.019    24  O 0.012
                         10  C 0.010

     2  C     (3.956)     1  C 1.507     3  C 1.341     8  H 0.946     5  C 0.081    10  C 0.016    16  N 0.012

     3  C     (3.964)     2  C 1.341     4  C 1.330    10  C 1.120     6  C 0.089    17  O 0.015

     4  C     (3.960)     5  C 1.519     3  C 1.330     9  H 0.952     1  C 0.082    10  C 0.015    16  N 0.014

     5  C     (3.953)     4  C 1.519     6  C 1.329    21  H 0.953     2  C 0.081    24  O 0.018    23  O 0.011
                         10  C 0.011

     6  C     (3.892)     1  C 1.336     5  C 1.329    22  N 0.941     3  C 0.089    24  O 0.070    23  O 0.070
                         10  C 0.010

     7  H     (0.966)     1  C 0.951

     8  H     (0.962)     2  C 0.946

     9  H     (0.967)     4  C 0.952

    10  C     (3.750)    16  N 1.266     3  C 1.120    12  C 1.000    18  O 0.135    17  O 0.135    11  H 0.018
                          2  C 0.016     4  C 0.015     5  C 0.011     6  C 0.010     1  C 0.010

    11  H     (0.856)    27  O 0.828    10  C 0.018

    12  C     (3.919)    10  C 1.000    14  H 0.963    15  H 0.963    13  H 0.961    18  O 0.012

    13  H     (0.973)    12  C 0.961

    14  H     (0.976)    12  C 0.963

    15  H     (0.975)    12  C 0.963

    16  N     (3.808)    10  C 1.266    18  O 1.240    17  O 1.238     4  C 0.014     2  C 0.012

    17  O     (1.583)    16  N 1.238    18  O 0.172    10  C 0.135     3  C 0.015

    18  O     (1.593)    16  N 1.240    17  O 0.172    10  C 0.135    12  C 0.012

    19  O     (1.699)    20  H 0.859    26  H 0.820    27  O 0.013

    20  H     (0.861)    19  O 0.859

    21  H     (0.968)     5  C 0.953

    22  N     (3.783)    24  O 1.402    23  O 1.402     6  C 0.941

    23  O     (1.785)    22  N 1.402    24  O 0.269     6  C 0.070     1  C 0.019     5  C 0.011

    24  O     (1.786)    22  N 1.402    23  O 0.269     6  C 0.070     5  C 0.018     1  C 0.012

    25  H     (0.856)    27  O 0.852

    26  H     (0.855)    19  O 0.820    27  O 0.034

    27  O     (1.740)    25  H 0.852    11  H 0.828    26  H 0.034    19  O 0.013


 **********************
 *                    *
 * JOB ENDED NORMALLY *
 *                    *
 **********************



 TOTAL JOB TIME:             5.76 SECONDS

 == MOPAC DONE ==
