 *******************************************************************************
 **                                                                           **
 **                              MOPAC v22.0.6                                **
 **                                                                           **
 *******************************************************************************
 **          Digital Object Identifier (DOI): 10.5281/zenodo.6511958          **
 **    Visit the DOI location for information on how to cite this program.    **
 *******************************************************************************

                              PM7 CALCULATION RESULTS

 *******************************************************************************
 *  CALCULATION DONE:                                Sun Mar 24 22:23:31 2024  *
 *  PM7        - The PM7 Hamiltonian to be used
 *  SINGLET    - SPIN STATE DEFINED AS A SINGLET
 *
 *
 *
 *                 CHARGE ON SYSTEM = -1
 *
 *
 *
 *  EPS=78.4   - USE ANDREAS KLAMT'S COSMO IMPLICIT SOLVATION MODEL
 *  LET        - OVERRIDE SOME SAFETY CHECKS
 *  THREADS    - USE A MAXIMUM OF 30 THREADS
 *  T=         - A TIME OF 14.0 DAYS REQUESTED
 *  DUMP=N     - RESTART FILE WRITTEN EVERY 30.0 MINUTES REQUESTED
 *  RELSCF     - DEFAULT SCF CRITERION MULTIPLIED BY 1.0000
 *              (DEFAULT SCF CRITERION = 0.00010)
 *  ITRY=      - DO A MAXIMUM OF 15000 ITERATIONS FOR SCF
 *  AUX        - OUTPUT AUXILIARY INFORMATION
 *  ISOTOPE    - SAVE THE FORCE MATRIX FOR USE LATER
 *  BONDS      - FINAL BOND-ORDER MATRIX TO BE PRINTED
 *  LARGE      - EXPANDED OUTPUT TO BE PRINTED
 *  THERMO     - THERMODYNAMIC QUANTITIES TO BE CALCULATED
 *******************************************************************************
PM7 AUX LARGE THERMO(298,298) LET ISOTOPE BONDS DUMP=30M ITRY=15000 T=14D THREADS=30 CHARGE=-1 SINGLET eps=78.4 RELSCF=1
 Title: ASE calculation

   ATOM   CHEMICAL          X               Y               Z
  NUMBER   SYMBOL      (ANGSTROMS)     (ANGSTROMS)     (ANGSTROMS)

     1       C          0.45717925  *   1.28750790  *   0.33156407  *
     2       C          0.90181300  *   0.68719945  *  -0.85002342  *
     3       C          0.49432624  *  -0.61754556  *  -1.17225623  *
     4       C         -0.35586147  *  -1.29365798  *  -0.28389377  *
     5       C         -0.77855530  *  -0.67280980  *   0.89403997  *
     6       C         -0.38577156  *   0.62687533  *   1.22469219  *
     7       H          1.57825820  *   1.23417398  *  -1.52269686  *
     8       H         -0.69477640  *  -2.31331782  *  -0.51759062  *
     9       H         -0.72501206  *   1.10693626  *   2.15400954  *
    10       N         -1.64891964  *  -1.38989118  *   1.79987394  *
    11       O         -2.07910328  *  -0.81398568  *   2.79013680  *
    12       O         -1.93391257  *  -2.55468157  *   1.55629005  *
    13       C          0.95309523  *  -1.28657897  *  -2.36919673  *
    14       H          4.16146589  *  -1.23585432  *  -2.34138475  *
    15       C          1.13122116  *  -2.76663165  *  -2.33398091  *
    16       H          1.79298466  *  -3.13409152  *  -3.13226242  *
    17       H          0.17365008  *  -3.29663450  *  -2.45175577  *
    18       H          1.57490872  *  -3.09708771  *  -1.38178410  *
    19       N          1.21254521  *  -0.62105711  *  -3.50313631  *
    20       O          1.63966815  *  -1.21033323  *  -4.52969289  *
    21       O          1.02680164  *   0.62138285  *  -3.59828947  *
    22       O          8.02515616  *  -0.71000223  *  -2.93318549  *
    23       H          8.48078168  *  -1.08830693  *  -2.17193386  *
    24       N          0.89025882  *   2.63350949  *   0.64313631  *
    25       O          0.51483239  *   3.15088538  *   1.68587317  *
    26       O          1.61903732  *   3.22074297  *  -0.14444034  *
    27       H          5.55865427  *  -1.33443687  *  -1.39605390  *
    28       H          7.09631559  *  -0.89625685  *  -2.77869254  *
    29       O          5.44980078  *  -1.23569003  *  -2.34553690  *



          CARTESIAN COORDINATES 

    NO.       ATOM           X           Y           Z

     1         C          0.4572      1.2875      0.3316
     2         C          0.9018      0.6872     -0.8500
     3         C          0.4943     -0.6175     -1.1723
     4         C         -0.3559     -1.2937     -0.2839
     5         C         -0.7786     -0.6728      0.8940
     6         C         -0.3858      0.6269      1.2247
     7         H          1.5783      1.2342     -1.5227
     8         H         -0.6948     -2.3133     -0.5176
     9         H         -0.7250      1.1069      2.1540
    10         N         -1.6489     -1.3899      1.7999
    11         O         -2.0791     -0.8140      2.7901
    12         O         -1.9339     -2.5547      1.5563
    13         C          0.9531     -1.2866     -2.3692
    14         H          4.1615     -1.2359     -2.3414
    15         C          1.1312     -2.7666     -2.3340
    16         H          1.7930     -3.1341     -3.1323
    17         H          0.1737     -3.2966     -2.4518
    18         H          1.5749     -3.0971     -1.3818
    19         N          1.2125     -0.6211     -3.5031
    20         O          1.6397     -1.2103     -4.5297
    21         O          1.0268      0.6214     -3.5983
    22         O          8.0252     -0.7100     -2.9332
    23         H          8.4808     -1.0883     -2.1719
    24         N          0.8903      2.6335      0.6431
    25         O          0.5148      3.1509      1.6859
    26         O          1.6190      3.2207     -0.1444
    27         H          5.5587     -1.3344     -1.3961
    28         H          7.0963     -0.8963     -2.7787
    29         O          5.4498     -1.2357     -2.3455

 General Reference for PM7:
 "Optimization of Parameters for Semiempirical Methods VI: More Modifications to the 
 NDDO Approximations and Re-optimization of Parameters", J. J. P. Stewart, J. Mol. Mod., 1:32, 19 (2013)
 https://link.springer.com/article/10.1007/s00894-012-1667-x

           Empirical Formula: C8 H10 N3 O8  =    29 atoms



      MOLECULAR POINT GROUP   :   C1  


 SINGLET STATE CALCULATION


      RHF CALCULATION, NO. OF DOUBLY OCCUPIED LEVELS = 53

  SCF CRITERION =    0.1000E-03


          HEAT OF FORMATION =    -226.894619 KCALS/MOLE


          CARTESIAN COORDINATE DERIVATIVES

   NUMBER  ATOM         X            Y            Z

     1       C     -0.311142     1.341245    -0.213562
     2       C     -0.752999    -0.655424     0.071870
     3       C     -0.180271     2.496068    -0.101010
     4       C     -0.115121    -1.830643     0.266868
     5       C      1.125473     1.218914    -0.108925
     6       C      0.756213    -1.751889     0.106027
     7       H     -0.115696    -0.179091    -0.075289
     8       H      0.162208     0.452281    -0.028421
     9       H     -0.432314    -0.119773    -0.080480
    10       N      0.301018    -0.180932    -0.133921
    11       O     -0.523535    -0.378717     0.133516
    12       O      0.023136     0.486678    -0.065968
    13       C      0.480251     0.079143     0.875550
    14       H    -41.502165    67.026991   101.649582
    15       C      0.156500    -0.395086     0.398313
    16       H     -0.068395     0.358979     0.163638
    17       H     -0.179094     0.026333     0.081559
    18       H     -0.399256     0.050130     0.050982
    19       N     -0.081048     0.698226     0.147653
    20       O     -0.721071    -0.011276    -0.234061
    21       O      0.563987     0.049494     0.378940
    22       O      0.073440    -0.684598    -0.242781
    23       H     -0.182948     0.107721    -1.117580
    24       N     -0.324057    -0.052934    -0.214574
    25       O     -0.119576     0.166467     0.116795
    26       O      0.146641    -0.291345     0.091878
    27       H      0.763322    -0.671501     0.271285
    28       H      0.598004     0.010674    -0.426907
    29       O     40.859324   -67.364329  -101.759775

 DIPOLE           X         Y         Z       TOTAL
 POINT-CHG.   -16.948     4.561    -3.622    17.921
 HYBRID        -0.901     0.072     0.122     0.912
 SUM          -17.848     4.633    -3.500    18.769


          GRADIENT NORM = 182.03739



 ** GRADIENT IS VERY LARGE, BUT SINCE "LET" IS USED, CALCULATION WILL CONTINUE


                              **** WARNING ****

           GRADIENT IS VERY LARGE FOR A THERMO CALCULATION
           RESULTS ARE LIKELY TO BE INACCURATE IF THERE ARE
           ANY LOW-LYING VIBRATIONS (LESS THAN ABOUT 400CM-1)
           GRADIENT NORM SHOULD BE LESS THAN ABOUT 1.1 FOR THERMO
           TO GIVE ACCURATE RESULTS


          TIME FOR SCF CALCULATION =    0.32

          TIME FOR DERIVATIVES     =    0.04

          MOLECULAR WEIGHT =  276.18



          ROTATIONAL CONSTANTS IN CM(-1)

          A =    0.01217355   B =    0.00581955   C =    0.00494108



           PRINCIPAL MOMENTS OF INERTIA IN UNITS OF 10**(-40)*GRAM-CM**2

          A =     2299.4726   B =     4810.1225   C =     5665.3049


          ORIENTATION OF MOLECULE IN FORCE CALCULATION

    NO.       ATOM         X         Y         Z

     1          C      -1.7262   -0.6470    0.4914
     2          C      -0.3283   -0.6470    0.4914
     3          C       0.3747    0.5688    0.4914
     4          C      -0.3562    1.7666    0.4862
     5          C      -1.7529    1.7374    0.4781
     6          C      -2.4656    0.5354    0.4838
     7          H       0.2205   -1.5998    0.4823
     8          H       0.1714    2.7314    0.4936
     9          H      -3.5651    0.5235    0.4784
    10          N      -2.4875    2.9835    0.4654
    11          O      -3.7086    2.9533    0.5378
    12          O      -1.8720    4.0377    0.3815
    13          C       1.8196    0.6147    0.4623
    14          H       2.7948   -1.0865   -2.0778
    15          C       2.4821    1.7510   -0.2402
    16          H       3.5251    1.5319   -0.5128
    17          H       2.5047    2.6589    0.3818
    18          H       1.9603    2.0063   -1.1757
    19          N       2.5748   -0.3227    1.0515
    20          O       3.8314   -0.2880    0.9942
    21          O       2.0626   -1.2725    1.7017
    22          O       4.2981   -3.6584   -4.6624
    23          H       3.9621   -3.4125   -5.5323
    24          N      -2.4299   -1.9124    0.4914
    25          O      -3.6528   -1.9110    0.4734
    26          O      -1.7845   -2.9513    0.5113
    27          H       2.4825   -1.5189   -3.6812
    28          H       3.9521   -2.9880   -4.0690
    29          O       3.2080   -1.7563   -3.0977


    FIRST DERIVATIVES WILL BE USED IN THE CALCULATION OF SECOND DERIVATIVES

          ESTIMATED TIME TO COMPLETE CALCULATION =       62.53 SECONDS

    FOR POINT-GROUP C1   THERE ARE   1 UNIQUE SYMMETRY FUNCTIONS.

 STEP:   1 TIME =     0.12 SECS, INTEGRAL =      0.12 TIME LEFT:1209599.52
 STEP:   2 TIME =     0.22 SECS, INTEGRAL =      0.34 TIME LEFT:1209599.30
 STEP:   3 TIME =     0.16 SECS, INTEGRAL =      0.50 TIME LEFT:1209599.14
 STEP:   4 TIME =     0.19 SECS, INTEGRAL =      0.69 TIME LEFT:1209598.95
 STEP:   5 TIME =     0.13 SECS, INTEGRAL =      0.82 TIME LEFT:1209598.82
 STEP:   6 TIME =     0.12 SECS, INTEGRAL =      0.95 TIME LEFT:1209598.70
 STEP:   7 TIME =     0.13 SECS, INTEGRAL =      1.08 TIME LEFT:1209598.56
 STEP:   8 TIME =     0.12 SECS, INTEGRAL =      1.20 TIME LEFT:1209598.44
 STEP:   9 TIME =     0.21 SECS, INTEGRAL =      1.41 TIME LEFT:1209598.23
 STEP:  10 TIME =     0.18 SECS, INTEGRAL =      1.59 TIME LEFT:1209598.05
 STEP:  11 TIME =     0.22 SECS, INTEGRAL =      1.81 TIME LEFT:1209597.83
 STEP:  12 TIME =     0.13 SECS, INTEGRAL =      1.95 TIME LEFT:1209597.70
 STEP:  13 TIME =     0.40 SECS, INTEGRAL =      2.34 TIME LEFT:1209597.30
 STEP:  14 TIME =     0.38 SECS, INTEGRAL =      2.72 TIME LEFT:1209596.92
 STEP:  15 TIME =     0.20 SECS, INTEGRAL =      2.92 TIME LEFT:1209596.72
 STEP:  16 TIME =     0.38 SECS, INTEGRAL =      3.30 TIME LEFT:1209596.34
 STEP:  17 TIME =     0.30 SECS, INTEGRAL =      3.60 TIME LEFT:1209596.04
 STEP:  18 TIME =     0.26 SECS, INTEGRAL =      3.86 TIME LEFT:1209595.78
 STEP:  19 TIME =     0.19 SECS, INTEGRAL =      4.05 TIME LEFT:1209595.59
 STEP:  20 TIME =     0.37 SECS, INTEGRAL =      4.41 TIME LEFT:1209595.23
 STEP:  21 TIME =     0.38 SECS, INTEGRAL =      4.79 TIME LEFT:1209594.85
 STEP:  22 TIME =     0.30 SECS, INTEGRAL =      5.09 TIME LEFT:1209594.55
 STEP:  23 TIME =     0.23 SECS, INTEGRAL =      5.33 TIME LEFT:1209594.31
 STEP:  24 TIME =     0.27 SECS, INTEGRAL =      5.59 TIME LEFT:1209594.05
 STEP:  25 TIME =     0.16 SECS, INTEGRAL =      5.76 TIME LEFT:1209593.88
 STEP:  26 TIME =     0.13 SECS, INTEGRAL =      5.89 TIME LEFT:1209593.75
 STEP:  27 TIME =     0.25 SECS, INTEGRAL =      6.14 TIME LEFT:1209593.50
 STEP:  28 TIME =     0.28 SECS, INTEGRAL =      6.42 TIME LEFT:1209593.22
 STEP:  29 TIME =     0.12 SECS, INTEGRAL =      6.55 TIME LEFT:1209593.09
 STEP:  30 TIME =     0.25 SECS, INTEGRAL =      6.80 TIME LEFT:1209592.84
 STEP:  31 TIME =     0.12 SECS, INTEGRAL =      6.92 TIME LEFT:1209592.72
 STEP:  32 TIME =     0.23 SECS, INTEGRAL =      7.16 TIME LEFT:1209592.48
 STEP:  33 TIME =     0.12 SECS, INTEGRAL =      7.28 TIME LEFT:1209592.36
 STEP:  34 TIME =     0.17 SECS, INTEGRAL =      7.45 TIME LEFT:1209592.19
 STEP:  35 TIME =     0.16 SECS, INTEGRAL =      7.62 TIME LEFT:1209592.02
 STEP:  36 TIME =     0.18 SECS, INTEGRAL =      7.80 TIME LEFT:1209591.84
 STEP:  37 TIME =     0.13 SECS, INTEGRAL =      7.93 TIME LEFT:1209591.71
 STEP:  38 TIME =     0.31 SECS, INTEGRAL =      8.24 TIME LEFT:1209591.40
 STEP:  39 TIME =     0.48 SECS, INTEGRAL =      8.72 TIME LEFT:1209590.92
 STEP:  40 TIME =     0.16 SECS, INTEGRAL =      8.88 TIME LEFT:1209590.76
 STEP:  41 TIME =     0.17 SECS, INTEGRAL =      9.05 TIME LEFT:1209590.59
 STEP:  42 TIME =     0.26 SECS, INTEGRAL =      9.31 TIME LEFT:1209590.33
 STEP:  43 TIME =     0.23 SECS, INTEGRAL =      9.54 TIME LEFT:1209590.10
 STEP:  44 TIME =     0.26 SECS, INTEGRAL =      9.80 TIME LEFT:1209589.84
 STEP:  45 TIME =     0.28 SECS, INTEGRAL =     10.08 TIME LEFT:1209589.56
 STEP:  46 TIME =     0.16 SECS, INTEGRAL =     10.23 TIME LEFT:1209589.41
 STEP:  47 TIME =     0.51 SECS, INTEGRAL =     10.74 TIME LEFT:1209588.90
 STEP:  48 TIME =     0.35 SECS, INTEGRAL =     11.09 TIME LEFT:1209588.55
 STEP:  49 TIME =     0.45 SECS, INTEGRAL =     11.54 TIME LEFT:1209588.10
 STEP:  50 TIME =     0.20 SECS, INTEGRAL =     11.74 TIME LEFT:1209587.90
 STEP:  51 TIME =     0.38 SECS, INTEGRAL =     12.12 TIME LEFT:1209587.52
 STEP:  52 TIME =     0.19 SECS, INTEGRAL =     12.31 TIME LEFT:1209587.33
 STEP:  53 TIME =     0.20 SECS, INTEGRAL =     12.52 TIME LEFT:1209587.12
 STEP:  54 TIME =     0.27 SECS, INTEGRAL =     12.78 TIME LEFT:1209586.86
 STEP:  55 TIME =     0.16 SECS, INTEGRAL =     12.95 TIME LEFT:1209586.70
 STEP:  56 TIME =     0.48 SECS, INTEGRAL =     13.43 TIME LEFT:1209586.21
 STEP:  57 TIME =     0.18 SECS, INTEGRAL =     13.61 TIME LEFT:1209586.03
 STEP:  58 TIME =     0.34 SECS, INTEGRAL =     13.95 TIME LEFT:1209585.70
 STEP:  59 TIME =     0.30 SECS, INTEGRAL =     14.24 TIME LEFT:1209585.40
 STEP:  60 TIME =     0.39 SECS, INTEGRAL =     14.63 TIME LEFT:1209585.01
 STEP:  61 TIME =     0.30 SECS, INTEGRAL =     14.93 TIME LEFT:1209584.71
 STEP:  62 TIME =     0.30 SECS, INTEGRAL =     15.23 TIME LEFT:1209584.41
 STEP:  63 TIME =     0.33 SECS, INTEGRAL =     15.56 TIME LEFT:1209584.08
 STEP:  64 TIME =     0.34 SECS, INTEGRAL =     15.91 TIME LEFT:1209583.73
 STEP:  65 TIME =     0.48 SECS, INTEGRAL =     16.38 TIME LEFT:1209583.26
 STEP:  66 TIME =     0.49 SECS, INTEGRAL =     16.88 TIME LEFT:1209582.77
 STEP:  67 TIME =     0.30 SECS, INTEGRAL =     17.17 TIME LEFT:1209582.47
 STEP:  68 TIME =     0.14 SECS, INTEGRAL =     17.31 TIME LEFT:1209582.33
 STEP:  69 TIME =     0.27 SECS, INTEGRAL =     17.58 TIME LEFT:1209582.06
 STEP:  70 TIME =     0.61 SECS, INTEGRAL =     18.19 TIME LEFT:1209581.45
 STEP:  71 TIME =     0.55 SECS, INTEGRAL =     18.74 TIME LEFT:1209580.90
