 *******************************************************************************
 **                                                                           **
 **                              MOPAC v22.0.6                                **
 **                                                                           **
 *******************************************************************************
 **          Digital Object Identifier (DOI): 10.5281/zenodo.6511958          **
 **    Visit the DOI location for information on how to cite this program.    **
 *******************************************************************************

                              PM7 CALCULATION RESULTS

 *******************************************************************************
 *  CALCULATION DONE:                                Mon Mar 25 23:11:48 2024  *
 *  PM7        - The PM7 Hamiltonian to be used
 *  SINGLET    - SPIN STATE DEFINED AS A SINGLET
 *
 *
 *
 *                 CHARGE ON SYSTEM = -1
 *
 *
 *
 *  EPS=78.4   - USE ANDREAS KLAMT'S COSMO IMPLICIT SOLVATION MODEL
 *  T=         - A TIME OF 14.0 DAYS REQUESTED
 *  DUMP=N     - RESTART FILE WRITTEN EVERY 30.0 MINUTES REQUESTED
 *  RELSCF     - DEFAULT SCF CRITERION MULTIPLIED BY 1.0000
 *              (DEFAULT SCF CRITERION = 0.00010)
 *  ITRY=      - DO A MAXIMUM OF 15000 ITERATIONS FOR SCF
 *  AUX        - OUTPUT AUXILIARY INFORMATION
 *  BONDS      - FINAL BOND-ORDER MATRIX TO BE PRINTED
 *******************************************************************************
PM7 BONDS AUX DUMP=30M ITRY=15000 T=14D CHARGE=-1 SINGLET eps=78.4 RELSCF=1
 Title: ASE calculation

   ATOM   CHEMICAL          X               Y               Z
  NUMBER   SYMBOL      (ANGSTROMS)     (ANGSTROMS)     (ANGSTROMS)

     1       C          0.11074000  *   1.08700000  *   0.93447000  *
     2       C          0.24184000  *   1.32304000  *  -0.42211000  *
     3       C          0.17433000  *   0.26954000  *  -1.35679000  *
     4       C          0.02122000  *  -1.04727000  *  -0.86739000  *
     5       C         -0.11034000  *  -1.29847000  *   0.48474000  *
     6       C         -0.08109000  *  -0.22643000  *   1.39205000  *
     7       H          0.15505000  *   1.91719000  *   1.64868000  *
     8       H          0.40318000  *   2.34776000  *  -0.76670000  *
     9       H         -0.01333000  *  -1.88479000  *  -1.56735000  *
    10       C          0.25475000  *   0.48662000  *  -2.77760000  *
    11       H          2.22074000  *   1.25417000  *  -2.92701000  *
    12       C          0.63708000  *  -0.64492000  *  -3.67676000  *
    13       H          0.96618000  *  -0.30374000  *  -4.67038000  *
    14       H         -0.20298000  *  -1.33528000  *  -3.84573000  *
    15       H          1.46778000  *  -1.23394000  *  -3.25962000  *
    16       N         -0.14561000  *   1.64113000  *  -3.36023000  *
    17       O         -0.15579000  *   1.76803000  *  -4.60847000  *
    18       O         -0.50713000  *   2.63305000  *  -2.68628000  *
    19       O          5.27971000  *   2.83813000  *  -3.03362000  *
    20       H          6.00008000  *   2.23212000  *  -2.83293000  *
    21       H         -0.24658000  *  -2.32262000  *   0.84726000  *
    22       N         -0.25033000  *  -0.47458000  *   2.78667000  *
    23       O         -0.37744000  *  -1.62827000  *   3.18876000  *
    24       O         -0.27341000  *   0.46889000  *   3.57296000  *
    25       H          3.37063000  *   0.52694000  *  -2.18525000  *
    26       H          4.48617000  *   2.28310000  *  -2.98875000  *
    27       O          3.21498000  *   1.12929000  *  -2.92491000  *



          CARTESIAN COORDINATES 

    NO.       ATOM           X           Y           Z

     1         C          0.1107      1.0870      0.9345
     2         C          0.2418      1.3230     -0.4221
     3         C          0.1743      0.2695     -1.3568
     4         C          0.0212     -1.0473     -0.8674
     5         C         -0.1103     -1.2985      0.4847
     6         C         -0.0811     -0.2264      1.3921
     7         H          0.1551      1.9172      1.6487
     8         H          0.4032      2.3478     -0.7667
     9         H         -0.0133     -1.8848     -1.5674
    10         C          0.2547      0.4866     -2.7776
    11         H          2.2207      1.2542     -2.9270
    12         C          0.6371     -0.6449     -3.6768
    13         H          0.9662     -0.3037     -4.6704
    14         H         -0.2030     -1.3353     -3.8457
    15         H          1.4678     -1.2339     -3.2596
    16         N         -0.1456      1.6411     -3.3602
    17         O         -0.1558      1.7680     -4.6085
    18         O         -0.5071      2.6330     -2.6863
    19         O          5.2797      2.8381     -3.0336
    20         H          6.0001      2.2321     -2.8329
    21         H         -0.2466     -2.3226      0.8473
    22         N         -0.2503     -0.4746      2.7867
    23         O         -0.3774     -1.6283      3.1888
    24         O         -0.2734      0.4689      3.5730
    25         H          3.3706      0.5269     -2.1852
    26         H          4.4862      2.2831     -2.9888
    27         O          3.2150      1.1293     -2.9249

 General Reference for PM7:
 "Optimization of Parameters for Semiempirical Methods VI: More Modifications to the 
 NDDO Approximations and Re-optimization of Parameters", J. J. P. Stewart, J. Mol. Mod., 1:32, 19 (2013)
 https://link.springer.com/article/10.1007/s00894-012-1667-x

           Empirical Formula: C8 H11 N2 O6  =    27 atoms



      MOLECULAR POINT GROUP   :   C1  


 SINGLET STATE CALCULATION


      RHF CALCULATION, NO. OF DOUBLY OCCUPIED LEVELS = 45


          Geometry optimization using EF
  SCF CRITERION =    0.1000E-03

          DIAGONAL MATRIX USED AS START HESSIAN

 CYCLE:     1 TIME:   0.344 TIME LEFT:  2.00W  GRAD.:    30.625 HEAT: -251.2753
 CYCLE:     2 TIME:   0.117 TIME LEFT:  2.00W  GRAD.:    13.517 HEAT: -251.6271
 CYCLE:     3 TIME:   0.258 TIME LEFT:  2.00W  GRAD.:     9.250 HEAT: -251.6625
 CYCLE:     4 TIME:   0.148 TIME LEFT:  2.00W  GRAD.:     7.700 HEAT: -251.6886
 CYCLE:     5 TIME:   0.344 TIME LEFT:  2.00W  GRAD.:     7.550 HEAT: -251.6912
 CYCLE:     6 TIME:   0.172 TIME LEFT:  2.00W  GRAD.:     7.480 HEAT: -251.6925

     TRUST RADIUS NOW LESS THAN  0.00010 OPTIMIZATION TERMINATING
      THE GEOMETRY MAY NOT BE COMPLETELY OPTIMIZED
      (TO CONTINUE, ADD 'LET DDMIN=0.0' TO THE KEYWORD LINE)

 -------------------------------------------------------------------------------
 PM7 BONDS AUX DUMP=30M ITRY=15000 T=14D CHARGE=-1 SINGLET eps=78.4 RELSCF=1
 Title: ASE calculation



     GEOMETRY OPTIMISED USING EIGENVECTOR FOLLOWING (EF).     
     SCF FIELD WAS ACHIEVED                                   


                              PM7 CALCULATION
                                                       MOPAC v22.0.6 Linux
                                                       Mon Mar 25 23:11:50 2024




          FINAL HEAT OF FORMATION =       -251.69247 KCAL/MOL =   -1053.08131 KJ/MOL
          VAN DER WAALS AREA      =        255.34 SQUARE ANGSTROMS



          DIELECTRIC ENERGY       =         -3.01397 EV
          COSMO AREA              =        255.34 SQUARE ANGSTROMS
          COSMO VOLUME            =        261.84 CUBIC ANGSTROMS

          GRADIENT NORM           =          7.48044          =       1.43961 PER ATOM
          IONIZATION POTENTIAL    =          8.552683 EV
          HOMO LUMO ENERGIES (EV) =         -8.553 -1.335
          NO. OF FILLED LEVELS    =         45
          MOLECULAR WEIGHT        =        231.1847         POINT GROUP:  C1  

          MOLECULAR DIMENSIONS (Angstroms)

            Atom       Atom       Distance
            O    23    H    20     9.58195
            O    24    H    14     6.51591
            H    21    O    18     4.55270


          SCF CALCULATIONS        =         20

          WALL-CLOCK TIME         =      1.594 SECONDS
          COMPUTATION TIME        =          1 MINUTE AND 44.720 SECONDS



       FINAL  POINT  AND  DERIVATIVES

   PARAMETER     ATOM    TYPE            VALUE        GRADIENT
      1          1  C    CARTESIAN X     0.111758     -0.069162  KCAL/ANGSTROM
      2          1  C    CARTESIAN Y     1.087180      0.114540  KCAL/ANGSTROM
      3          1  C    CARTESIAN Z     0.934180      0.156222  KCAL/ANGSTROM
      4          2  C    CARTESIAN X     0.242940      0.001954  KCAL/ANGSTROM
      5          2  C    CARTESIAN Y     1.322942      0.022990  KCAL/ANGSTROM
      6          2  C    CARTESIAN Z    -0.422665      0.048922  KCAL/ANGSTROM
      7          3  C    CARTESIAN X     0.175064      0.789586  KCAL/ANGSTROM
      8          3  C    CARTESIAN Y     0.269734      0.151017  KCAL/ANGSTROM
      9          3  C    CARTESIAN Z    -1.357617      0.341390  KCAL/ANGSTROM
     10          4  C    CARTESIAN X     0.022203      0.011266  KCAL/ANGSTROM
     11          4  C    CARTESIAN Y    -1.047332      0.004413  KCAL/ANGSTROM
     12          4  C    CARTESIAN Z    -0.867752     -0.187722  KCAL/ANGSTROM
     13          5  C    CARTESIAN X    -0.109482     -0.036730  KCAL/ANGSTROM
     14          5  C    CARTESIAN Y    -1.298301      0.014160  KCAL/ANGSTROM
     15          5  C    CARTESIAN Z     0.484121     -0.349540  KCAL/ANGSTROM
     16          6  C    CARTESIAN X    -0.080284     -0.038282  KCAL/ANGSTROM
     17          6  C    CARTESIAN Y    -0.226147      0.015557  KCAL/ANGSTROM
     18          6  C    CARTESIAN Z     1.391902      0.245185  KCAL/ANGSTROM
     19          7  H    CARTESIAN X     0.155513     -0.135663  KCAL/ANGSTROM
     20          7  H    CARTESIAN Y     1.917204      0.004193  KCAL/ANGSTROM
     21          7  H    CARTESIAN Z     1.648592      0.081126  KCAL/ANGSTROM
     22          8  H    CARTESIAN X     0.403461      0.019746  KCAL/ANGSTROM
     23          8  H    CARTESIAN Y     2.347936     -0.007079  KCAL/ANGSTROM
     24          8  H    CARTESIAN Z    -0.766949      0.083623  KCAL/ANGSTROM
     25          9  H    CARTESIAN X    -0.013146      0.032250  KCAL/ANGSTROM
     26          9  H    CARTESIAN Y    -1.884630      0.095299  KCAL/ANGSTROM
     27          9  H    CARTESIAN Z    -1.566975      0.162650  KCAL/ANGSTROM
     28         10  C    CARTESIAN X     0.246733      3.985998  KCAL/ANGSTROM
     29         10  C    CARTESIAN Y     0.484058      0.774108  KCAL/ANGSTROM
     30         10  C    CARTESIAN Z    -2.779565     -0.833533  KCAL/ANGSTROM
     31         11  H    CARTESIAN X     2.246449     -2.843922  KCAL/ANGSTROM
     32         11  H    CARTESIAN Y     1.255643     -2.369152  KCAL/ANGSTROM
     33         11  H    CARTESIAN Z    -2.927518      0.283818  KCAL/ANGSTROM
     34         12  C    CARTESIAN X     0.637768      0.900310  KCAL/ANGSTROM
     35         12  C    CARTESIAN Y    -0.645334      0.229358  KCAL/ANGSTROM
     36         12  C    CARTESIAN Z    -3.676719      0.351218  KCAL/ANGSTROM
     37         13  H    CARTESIAN X     0.966817     -0.152757  KCAL/ANGSTROM
     38         13  H    CARTESIAN Y    -0.303805     -0.031945  KCAL/ANGSTROM
     39         13  H    CARTESIAN Z    -4.670500     -0.150945  KCAL/ANGSTROM
     40         14  H    CARTESIAN X    -0.202439     -0.141798  KCAL/ANGSTROM
     41         14  H    CARTESIAN Y    -1.335489      0.494734  KCAL/ANGSTROM
     42         14  H    CARTESIAN Z    -3.846065      0.310179  KCAL/ANGSTROM
     43         15  H    CARTESIAN X     1.468287     -0.021890  KCAL/ANGSTROM
     44         15  H    CARTESIAN Y    -1.233822     -0.276321  KCAL/ANGSTROM
     45         15  H    CARTESIAN Z    -3.259180     -0.199901  KCAL/ANGSTROM
     46         16  N    CARTESIAN X    -0.144212      0.402717  KCAL/ANGSTROM
     47         16  N    CARTESIAN Y     1.640923      0.061882  KCAL/ANGSTROM
     48         16  N    CARTESIAN Z    -3.360822      0.227312  KCAL/ANGSTROM
     49         17  O    CARTESIAN X    -0.153757     -0.241310  KCAL/ANGSTROM
     50         17  O    CARTESIAN Y     1.768472     -0.225523  KCAL/ANGSTROM
     51         17  O    CARTESIAN Z    -4.609347      0.133992  KCAL/ANGSTROM
     52         18  O    CARTESIAN X    -0.505375     -0.191361  KCAL/ANGSTROM
     53         18  O    CARTESIAN Y     2.633465     -0.117312  KCAL/ANGSTROM
     54         18  O    CARTESIAN Z    -2.686749      0.064136  KCAL/ANGSTROM
     55         19  O    CARTESIAN X     5.278648      1.681723  KCAL/ANGSTROM
     56         19  O    CARTESIAN Y     2.836475      0.644656  KCAL/ANGSTROM
     57         19  O    CARTESIAN Z    -3.030756     -0.078359  KCAL/ANGSTROM
     58         20  H    CARTESIAN X     6.000589      0.110549  KCAL/ANGSTROM
     59         20  H    CARTESIAN Y     2.232616     -0.103613  KCAL/ANGSTROM
     60         20  H    CARTESIAN Z    -2.831708     -0.174106  KCAL/ANGSTROM
     61         21  H    CARTESIAN X    -0.246222     -0.104030  KCAL/ANGSTROM
     62         21  H    CARTESIAN Y    -2.322501     -0.124087  KCAL/ANGSTROM
     63         21  H    CARTESIAN Z     0.847247      0.077566  KCAL/ANGSTROM
     64         22  N    CARTESIAN X    -0.249395     -0.114571  KCAL/ANGSTROM
     65         22  N    CARTESIAN Y    -0.474257     -0.042604  KCAL/ANGSTROM
     66         22  N    CARTESIAN Z     2.786365     -0.043895  KCAL/ANGSTROM
     67         23  O    CARTESIAN X    -0.376440     -0.198368  KCAL/ANGSTROM
     68         23  O    CARTESIAN Y    -1.627966     -0.035669  KCAL/ANGSTROM
     69         23  O    CARTESIAN Z     3.188524     -0.051463  KCAL/ANGSTROM
     70         24  O    CARTESIAN X    -0.272196     -0.259940  KCAL/ANGSTROM
     71         24  O    CARTESIAN Y     0.469330      0.075871  KCAL/ANGSTROM
     72         24  O    CARTESIAN Z     3.572724      0.018873  KCAL/ANGSTROM
     73         25  H    CARTESIAN X     3.370917     -0.068194  KCAL/ANGSTROM
     74         25  H    CARTESIAN Y     0.526582      0.261344  KCAL/ANGSTROM
     75         25  H    CARTESIAN Z    -2.185338      0.068890  KCAL/ANGSTROM
     76         26  H    CARTESIAN X     4.486199      0.837110  KCAL/ANGSTROM
     77         26  H    CARTESIAN Y     2.283405      0.431732  KCAL/ANGSTROM
     78         26  H    CARTESIAN Z    -2.988398     -0.039343  KCAL/ANGSTROM
     79         27  O    CARTESIAN X     3.202038     -4.153004  KCAL/ANGSTROM
     80         27  O    CARTESIAN Y     1.130678     -0.060799  KCAL/ANGSTROM
     81         27  O    CARTESIAN Z    -2.921270     -0.545841  KCAL/ANGSTROM




   ATOM   CHEMICAL          X               Y               Z
  NUMBER   SYMBOL      (ANGSTROMS)     (ANGSTROMS)     (ANGSTROMS)

     1       C          0.11175832  *   1.08718009  *   0.93417962  *
     2       C          0.24293951  *   1.32294199  *  -0.42266506  *
     3       C          0.17506409  *   0.26973435  *  -1.35761678  *
     4       C          0.02220333  *  -1.04733242  *  -0.86775228  *
     5       C         -0.10948161  *  -1.29830062  *   0.48412144  *
     6       C         -0.08028398  *  -0.22614694  *   1.39190241  *
     7       H          0.15551304  *   1.91720390  *   1.64859207  *
     8       H          0.40346087  *   2.34793650  *  -0.76694910  *
     9       H         -0.01314582  *  -1.88463015  *  -1.56697483  *
    10       C          0.24673260  *   0.48405769  *  -2.77956527  *
    11       H          2.24644911  *   1.25564328  *  -2.92751848  *
    12       C          0.63776805  *  -0.64533444  *  -3.67671897  *
    13       H          0.96681657  *  -0.30380525  *  -4.67049986  *
    14       H         -0.20243896  *  -1.33548897  *  -3.84606453  *
    15       H          1.46828700  *  -1.23382166  *  -3.25918048  *
    16       N         -0.14421173  *   1.64092332  *  -3.36082237  *
    17       O         -0.15375724  *   1.76847218  *  -4.60934693  *
    18       O         -0.50537527  *   2.63346471  *  -2.68674929  *
    19       O          5.27864751  *   2.83647514  *  -3.03075641  *
    20       H          6.00058933  *   2.23261582  *  -2.83170762  *
    21       H         -0.24622217  *  -2.32250148  *   0.84724683  *
    22       N         -0.24939549  *  -0.47425743  *   2.78636538  *
    23       O         -0.37643981  *  -1.62796617  *   3.18852407  *
    24       O         -0.27219602  *   0.46933002  *   3.57272370  *
    25       H          3.37091739  *   0.52658175  *  -2.18533791  *
    26       H          4.48619923  *   2.28340503  *  -2.98839786  *
    27       O          3.20203785  *   1.13067803  *  -2.92127008  *

                             CARTESIAN COORDINATES

   1    C        0.111758320     1.087180091     0.934179616
   2    C        0.242939512     1.322941989    -0.422665060
   3    C        0.175064088     0.269734347    -1.357616781
   4    C        0.022203325    -1.047332423    -0.867752282
   5    C       -0.109481615    -1.298300618     0.484121439
   6    C       -0.080283979    -0.226146939     1.391902412
   7    H        0.155513042     1.917203898     1.648592067
   8    H        0.403460867     2.347936496    -0.766949099
   9    H       -0.013145823    -1.884630151    -1.566974834
  10    C        0.246732600     0.484057685    -2.779565266
  11    H        2.246449111     1.255643275    -2.927518479
  12    C        0.637768055    -0.645334442    -3.676718968
  13    H        0.966816569    -0.303805253    -4.670499864
  14    H       -0.202438959    -1.335488972    -3.846064528
  15    H        1.468286995    -1.233821664    -3.259180483
  16    N       -0.144211732     1.640923319    -3.360822370
  17    O       -0.153757236     1.768472180    -4.609346930
  18    O       -0.505375271     2.633464711    -2.686749286
  19    O        5.278647515     2.836475143    -3.030756406
  20    H        6.000589326     2.232615817    -2.831707621
  21    H       -0.246222168    -2.322501478     0.847246829
  22    N       -0.249395490    -0.474257430     2.786365378
  23    O       -0.376439813    -1.627966170     3.188524072
  24    O       -0.272196021     0.469330018     3.572723700
  25    H        3.370917389     0.526581752    -2.185337907
  26    H        4.486199234     2.283405031    -2.988397856
  27    O        3.202037851     1.130678031    -2.921270083


           Empirical Formula: C8 H11 N2 O6  =    27 atoms



      MOLECULAR POINT GROUP   :   C1  


                  EIGENVALUES  
 -37.24695 -36.23176 -31.12311 -30.48157 -29.68251 -28.94528 -28.70553 -28.31691
 -26.83321 -26.38382 -24.64725 -24.26353 -21.47641 -21.35260 -19.67765 -19.05225
 -18.13519 -18.05924 -17.76016 -17.61408 -17.43255 -17.05617 -16.59364 -15.58629
 -15.14652 -14.93354 -14.69677 -14.51070 -14.12409 -13.91377 -13.59358 -13.31926
 -12.74874 -12.54292 -12.29433 -12.26046 -11.83462 -11.70158 -11.57999 -11.22167
 -11.01071 -10.83846 -10.75657 -10.38280  -8.55268  -1.33503  -0.09564   0.24296
   0.76205   1.07031   1.72542   2.23858   3.41938   3.54505   3.70505   3.90830
   4.16555   4.34890   4.56344   4.65466   4.70155   4.97424   4.99766   5.31006
   5.53936   5.61387   5.67983   5.75785   5.81140   5.91263   6.07094   6.22330
   6.41441   6.92106   7.01210


              NET ATOMIC CHARGES AND DIPOLE CONTRIBUTIONS

  ATOM NO.   TYPE          CHARGE      No. of ELECS.   s-Pop       p-Pop       
    1          C          -0.031129        4.0311     1.09457     2.93656
    2          C          -0.247836        4.2478     1.08280     3.16503
    3          C           0.181746        3.8183     1.07133     2.74693
    4          C          -0.245474        4.2455     1.08180     3.16367
    5          C          -0.039582        4.0396     1.09395     2.94564
    6          C          -0.165839        4.1658     1.05909     3.10675
    7          H           0.185455        0.8145     0.81454
    8          H           0.194251        0.8057     0.80575
    9          H           0.181062        0.8189     0.81894
   10          C          -0.335346        4.3353     1.03461     3.30074
   11          H           0.371591        0.6284     0.62841
   12          C          -0.407687        4.4077     1.04387     3.36382
   13          H           0.164798        0.8352     0.83520
   14          H           0.153605        0.8464     0.84639
   15          H           0.157884        0.8421     0.84212
   16          N           0.699340        4.3007     1.42342     2.87724
   17          O          -0.660135        6.6601     1.94470     4.71543
   18          O          -0.654277        6.6543     1.94417     4.71011
   19          O          -0.773258        6.7733     1.81429     4.95896
   20          H           0.373265        0.6267     0.62673
   21          H           0.179952        0.8200     0.82005
   22          N           0.690202        4.3098     1.44363     2.86617
   23          O          -0.494754        6.4948     1.94126     4.55350
   24          O          -0.491912        6.4919     1.94126     4.55065
   25          H           0.384266        0.6157     0.61573
   26          H           0.380208        0.6198     0.61979
   27          O          -0.750398        6.7504     1.80578     4.94462
 DIPOLE           X         Y         Z       TOTAL
 POINT-CHG.     3.588    -8.878     4.408    10.542
 HYBRID        -0.551    -0.213     0.748     0.953
 SUM            3.038    -9.090     5.156    10.883


          ATOMIC ORBITAL ELECTRON POPULATIONS

     Atom    s        px        py        pz   
    1  C   1.09457   0.89232   1.00996   1.03428
    2  C   1.08280   1.08237   1.10112   0.98154
    3  C   1.07133   0.83486   0.96586   0.94620
    4  C   1.08180   1.08060   1.05796   1.02511
    5  C   1.09395   0.89815   1.06095   0.98653
    6  C   1.05909   1.24091   1.02582   0.84001
    7  H   0.81454
    8  H   0.80575
    9  H   0.81894
   10  C   1.03461   1.39096   0.93569   0.97408
   11  H   0.62841
   12  C   1.04387   1.16766   1.07547   1.12069
   13  H   0.83520
   14  H   0.84639
   15  H   0.84212
   16  N   1.42342   0.95435   0.98164   0.94125
   17  O   1.94470   1.75649   1.91698   1.04197
   18  O   1.94417   1.68150   1.36705   1.66156
   19  O   1.81429   1.42290   1.56181   1.97425
   20  H   0.62673
   21  H   0.82005
   22  N   1.44363   0.90411   0.94708   1.01498
   23  O   1.94126   1.59200   1.11445   1.84704
   24  O   1.94126   1.60011   1.37229   1.57825
   25  H   0.61573
   26  H   0.61979
   27  O   1.80578   1.47380   1.78332   1.68750

          BONDING CONTRIBUTION OF EACH M.O.

  1.3552  1.4056  1.8881  0.9948  1.1829  1.1709  1.0318  1.5811  1.2719  1.8395
  1.1485  1.5648  1.3458  1.7694  1.4630  1.5813  1.4621  1.4506  1.4112  1.6062
  1.5140  1.4691  1.3747  1.9184  1.9227  0.7654  1.9588  1.7339  1.1663  1.2691
  1.8468  1.8728  1.8979  0.0814  0.0002  1.9291  0.8100  0.2893  0.6349  0.5483
  0.5518  0.5106  1.5160  1.9719  1.2597 -2.1524 -1.9718 -2.2984 -2.1136 -2.3933
 -2.1301 -2.0429 -1.9531 -1.9556 -1.7405 -1.9569 -1.9567 -2.0429 -1.9785 -1.9919
 -1.9749 -1.9749 -1.7418 -1.9707 -1.9541 -1.9502 -1.9739 -1.9561 -1.9736 -1.9555
 -1.9494 -1.9450 -1.7142 -1.7245 -1.9001





            (VALENCIES)   BOND ORDERS

     1  C     (3.949)     2  C 1.506     6  C 1.336     7  H 0.951     4  C 0.082    23  O 0.019    24  O 0.012
                         10  C 0.010     3  C 0.010

     2  C     (3.956)     1  C 1.506     3  C 1.341     8  H 0.946     5  C 0.080    10  C 0.017    16  N 0.013

     3  C     (3.963)     2  C 1.341     4  C 1.329    10  C 1.121     6  C 0.089    17  O 0.015     1  C 0.010

     4  C     (3.960)     5  C 1.520     3  C 1.329     9  H 0.952     1  C 0.082    10  C 0.015    16  N 0.014

     5  C     (3.953)     4  C 1.520     6  C 1.327    21  H 0.953     2  C 0.080    24  O 0.018    23  O 0.011
                         10  C 0.011

     6  C     (3.892)     1  C 1.336     5  C 1.327    22  N 0.941     3  C 0.089    24  O 0.070    23  O 0.070
                         10  C 0.011

     7  H     (0.966)     1  C 0.951

     8  H     (0.962)     2  C 0.946

     9  H     (0.967)     4  C 0.952

    10  C     (3.754)    16  N 1.272     3  C 1.121    12  C 1.000    18  O 0.135    17  O 0.135     2  C 0.017
                          4  C 0.015    11  H 0.014     5  C 0.011     6  C 0.011     1  C 0.010

    11  H     (0.862)    27  O 0.838    10  C 0.014

    12  C     (3.919)    10  C 1.000    14  H 0.963    15  H 0.963    13  H 0.961    18  O 0.012

    13  H     (0.973)    12  C 0.961

    14  H     (0.976)    12  C 0.963

    15  H     (0.975)    12  C 0.963

    16  N     (3.809)    10  C 1.272    18  O 1.238    17  O 1.236     4  C 0.014     2  C 0.013

    17  O     (1.580)    16  N 1.236    18  O 0.171    10  C 0.135     3  C 0.015

    18  O     (1.590)    16  N 1.238    17  O 0.171    10  C 0.135    12  C 0.012

    19  O     (1.699)    20  H 0.859    26  H 0.822    27  O 0.013

    20  H     (0.861)    19  O 0.859

    21  H     (0.968)     5  C 0.953

    22  N     (3.783)    24  O 1.402    23  O 1.402     6  C 0.941

    23  O     (1.784)    22  N 1.402    24  O 0.269     6  C 0.070     1  C 0.019     5  C 0.011

    24  O     (1.785)    22  N 1.402    23  O 0.269     6  C 0.070     5  C 0.018     1  C 0.012

    25  H     (0.852)    27  O 0.849

    26  H     (0.855)    19  O 0.822    27  O 0.032

    27  O     (1.743)    25  H 0.849    11  H 0.838    26  H 0.032    19  O 0.013


 **********************
 *                    *
 * JOB ENDED NORMALLY *
 *                    *
 **********************



 TOTAL JOB TIME:             1.61 SECONDS

 == MOPAC DONE ==
