NEB log file generated by ORCA
All quantities are given in atomic units. Unless stated otherwise. 
iteration       : 0
climbing        : no
zoom on         : no
nim             : 8
barrier         :   0.04158398 (image:  3) 
distance        :   0.00000000    3.15550858    6.31178270    9.46159997   12.60152494   15.73644010   18.86240726   21.98220342 
energy          : -843.64377071  -843.63397983  -843.61605220  -843.60218673  -843.60303722  -843.61758139  -843.63287812  -843.64120243 
max(|Fr_perp|)   :   0.00000000    0.02128651    0.03442151    0.05121921    0.05098655    0.04800854    0.03205080    0.00000000 
Fr_paral         :   0.00000000   -0.00570165   -0.00652520   -0.01249348    0.02317122    0.00646231    0.00485330    0.00000000 
max(|Fsp_paral|) :   0.00000000    0.03768384    0.02971389    0.00068106    0.00481534    0.02555462    0.03205848    0.00000000 
max(|Fsp_perp|)  :   0.00000000    0.00000000    0.00000000    0.00000000    0.00000000    0.00000000    0.00000000    0.00000000 
max(|FNEB|)      :   0.00000000    0.03618149    0.04036851    0.05125216    0.05077839    0.04906888    0.03530828    0.00000000 
max(|Force|)     :   0.00075428    0.02181317    0.03492528    0.05064371    0.05215252    0.04938912    0.03296211    0.00048132 
ksp              :   0.02665670    0.06801146    0.10000000    0.10000000    0.09803490    0.06448481    0.02919991 
max(|step|)      :   0.00000000    0.07059505    0.07876450    0.10000000    0.09907561    0.09574011    0.06889130    0.00000000 
angle (deg.)     :    14.3373  17.4655  73.8124  71.3366  19.6152  12.4963 
>
iteration       : 1
climbing        : no
zoom on         : no
nim             : 8
barrier         :   0.02824147 (image:  4) 
distance        :   0.00000000    3.40590419    6.49831794    9.45709213   12.58664059   15.53428471   18.64391524   21.97755637 
energy          : -843.64377071  -843.63553820  -843.62406681  -843.61632309  -843.61552925  -843.62361295  -843.63456365  -843.64120243 
max(|Fr_perp|)   :   0.00000000    0.02247689    0.03761559    0.04366034    0.04230651    0.04599117    0.02956981    0.00000000 
Fr_paral         :   0.00000000   -0.00494033   -0.00603507   -0.01571054    0.02658027    0.00669716    0.00416630    0.00000000 
max(|Fsp_paral|) :   0.00000000    0.03352144    0.02104584    0.01822900    0.01289337    0.01762760    0.03212964    0.00000000 
max(|Fsp_perp|)  :   0.00000000    0.00000000    0.00000000    0.00000000    0.00000000    0.00000000    0.00000000    0.00000000 
max(|FNEB|)      :   0.00000000    0.04044365    0.04941238    0.04558561    0.04059602    0.03914072    0.03499594    0.00000000 
max(|Force|)     :   0.00075428    0.02325275    0.03905880    0.04246164    0.04480283    0.04749339    0.03030775    0.00048132 
ksp              :   0.02985654    0.07007068    0.09721712    0.10000000    0.10000000    0.07166173    0.03327292 
max(|step|)      :   0.00000000    0.08503427    0.09950682    0.07530306    0.08061380    0.10000000    0.08329354    0.00509635 
angle (deg.)     :    14.4002  16.7040  73.3420  70.9119  19.1635  12.7086 
>
iteration       : 2
climbing        : no
zoom on         : no
nim             : 8
barrier         :   0.02225422 (image:  4) 
distance        :   0.00000000    3.68070126    6.69122362    9.47471405   12.55331014   15.33601203   18.39562450   21.97919783 
energy          : -843.64377071  -843.63601203  -843.62779320  -843.62254231  -843.62151649  -843.62697399  -843.63527112  -843.64120243 
max(|Fr_perp|)   :   0.00000000    0.01515212    0.02237199    0.02850281    0.03060200    0.02802833    0.02201784    0.00000000 
Fr_paral         :   0.00000000   -0.00419149   -0.00406156   -0.02592314    0.02829357    0.00554327    0.00374864    0.00000000 
max(|Fsp_paral|) :   0.00000000    0.02655302    0.01504880    0.03065451    0.02062212    0.01228554    0.02749127    0.00000000 
max(|Fsp_perp|)  :   0.00000000    0.00000000    0.00000000    0.00000000    0.00000000    0.00000000    0.00000000    0.00000000 
max(|FNEB|)      :   0.00000000    0.03302392    0.03155669    0.02888220    0.03203551    0.03039240    0.03077443    0.00000000 
max(|Force|)     :   0.00075428    0.01582012    0.02228882    0.02896427    0.02943410    0.02937503    0.02274382    0.00048132 
ksp              :   0.03372215    0.07130531    0.09530513    0.10000000    0.10000000    0.07505514    0.03711381 
max(|step|)      :   0.00000000    0.07862351    0.07513032    0.06876288    0.07627030    0.07235838    0.07326792    0.00000000 
angle (deg.)     :    14.4349  17.1006  71.9171  70.3470  20.0079  12.7318 
>
iteration       : 3
climbing        : no
zoom on         : no
nim             : 8
barrier         :   0.01979168 (image:  4) 
distance        :   0.00000000    3.89605791    6.81559403    9.53050815   12.44614188   15.18988653   18.14111446   21.95602664 
energy          : -843.64377071  -843.63681733  -843.63040206  -843.62414205  -843.62397904  -843.62849273  -843.63541111  -843.64120243 
max(|Fr_perp|)   :   0.00000000    0.02307385    0.03194284    0.04700667    0.04921033    0.05315393    0.03900006    0.00000000 
Fr_paral         :   0.00000000   -0.00319726   -0.00243474   -0.03921579    0.02707344    0.00238516    0.00313173    0.00000000 
max(|Fsp_paral|) :   0.00000000    0.01927290    0.02247988    0.01623677    0.01241660    0.01247752    0.02049060    0.00000000 
max(|Fsp_perp|)  :   0.00000000    0.00000000    0.00000000    0.00000000    0.00000000    0.00000000    0.00000000    0.00000000 
max(|FNEB|)      :   0.00000000    0.02250703    0.04154376    0.04780215    0.04849748    0.04430609    0.02687740    0.00000000 
max(|Force|)     :   0.00075428    0.02331887    0.03213989    0.04560698    0.05032996    0.05358602    0.03952803    0.00048132 
ksp              :   0.03291413    0.06643679    0.09914820    0.10000000    0.10000000    0.07641393    0.04026222 
max(|step|)      :   0.00000000    0.06514573    0.06231753    0.06134679    0.04834804    0.06556175    0.07661299    0.00423645 
angle (deg.)     :    14.7648  17.5920  70.9572  70.0405  20.5782  12.9981 
>
iteration       : 4
climbing        : no
zoom on         : no
nim             : 8
barrier         :   0.01659911 (image:  3) 
distance        :   0.00000000    4.10520458    6.98271362    9.58931129   12.36261537   15.04764162   17.90532812   21.94715960 
energy          : -843.64377071  -843.63771132  -843.63277294  -843.62717160  -843.62774958  -843.63157438  -843.63660504  -843.64120243 
max(|Fr_perp|)   :   0.00000000    0.01409135    0.02502369    0.03150477    0.03432618    0.03799982    0.02827574    0.00000000 
Fr_paral         :   0.00000000   -0.00268077   -0.00223822   -0.03012936    0.02093713    0.00189851    0.00245359    0.00000000 
max(|Fsp_paral|) :   0.00000000    0.01513885    0.02311591    0.01197660    0.01379837    0.01361111    0.01290963    0.00000000 
max(|Fsp_perp|)  :   0.00000000    0.00000000    0.00000000    0.00000000    0.00000000    0.00000000    0.00000000    0.00000000 
max(|FNEB|)      :   0.00000000    0.01828747    0.03210472    0.03227654    0.03372241    0.02852223    0.02075918    0.00000000 
max(|Force|)     :   0.00075428    0.01429286    0.02512751    0.03069212    0.03499645    0.03833635    0.02868155    0.00048132 
ksp              :   0.03239351    0.06407048    0.10000000    0.10000000    0.09629257    0.07175861    0.03948968 
max(|step|)      :   0.00000000    0.08110886    0.10000000    0.06682268    0.06462570    0.08745683    0.07980238    0.00697892 
angle (deg.)     :    15.4535  18.2071  70.0904  69.1924  21.2673  13.7549 
>
iteration       : 5
climbing        : no
zoom on         : no
nim             : 8
barrier         :   0.01341625 (image:  3) 
distance        :   0.00000000    4.34082582    7.21643004    9.67003642   12.27137064   14.85382981   17.67799844   21.94450914 
energy          : -843.64377071  -843.63881341  -843.63535698  -843.63035447  -843.63104094  -843.63404537  -843.63753810  -843.64120243 
max(|Fr_perp|)   :   0.00000000    0.01792847    0.02530181    0.03043337    0.03009262    0.03374722    0.02631172    0.00000000 
Fr_paral         :   0.00000000   -0.00193083   -0.00148142   -0.03133802    0.02778914    0.00148859    0.00182836    0.00000000 
max(|Fsp_paral|) :   0.00000000    0.01154051    0.02455468    0.01064137    0.01229629    0.01211239    0.00664864    0.00000000 
max(|Fsp_perp|)  :   0.00000000    0.00000000    0.00000000    0.00000000    0.00000000    0.00000000    0.00000000    0.00000000 
max(|FNEB|)      :   0.00000000    0.01604595    0.03364876    0.03126903    0.02976495    0.02686761    0.02256028    0.00000000 
max(|Force|)     :   0.00075428    0.01815941    0.02555378    0.03453454    0.03101609    0.03416009    0.02673219    0.00048132 
ksp              :   0.02981554    0.05850852    0.10000000    0.10000000    0.09430733    0.06938631    0.04039883 
max(|step|)      :   0.00000000    0.02819833    0.05913260    0.05495060    0.05230739    0.04721577    0.03964627    0.00000000 
angle (deg.)     :    15.9279  18.3364  70.3802  69.1525  21.5127  14.2239 
>
iteration       : 6
climbing        : no
zoom on         : no
nim             : 8
barrier         :   0.01057671 (image:  3) 
distance        :   0.00000000    4.40904147    7.34738290    9.70006313   12.25002106   14.78237074   17.64492875   21.95457446 
energy          : -843.64377071  -843.63930517  -843.63652016  -843.63319401  -843.63333524  -843.63528003  -843.63808545  -843.64120243 
max(|Fr_perp|)   :   0.00000000    0.01239476    0.01814919    0.02050514    0.02098343    0.02288157    0.01685339    0.00000000 
Fr_paral         :   0.00000000   -0.00204168   -0.00230056   -0.01544456    0.01579774    0.00281668    0.00172713    0.00000000 
max(|Fsp_paral|) :   0.00000000    0.01372491    0.01675099    0.01463080    0.00431962    0.00754125    0.00701985    0.00000000 
max(|Fsp_perp|)  :   0.00000000    0.00000000    0.00000000    0.00000000    0.00000000    0.00000000    0.00000000    0.00000000 
max(|FNEB|)      :   0.00000000    0.02232892    0.03257475    0.02171751    0.02114521    0.02809285    0.01990095    0.00000000 
max(|Force|)     :   0.00075428    0.01272346    0.01750164    0.01955373    0.02054629    0.02239328    0.01716699    0.00048132 
ksp              :   0.03132172    0.06262014    0.10000000    0.10000000    0.09841278    0.07655685    0.04502914 
max(|step|)      :   0.00000000    0.02585552    0.03891790    0.02458596    0.01693591    0.02588514    0.01616730    0.00067999 
angle (deg.)     :    16.2074  18.5994  70.0226  68.8946  21.7914  14.5051 
>
iteration       : 7
climbing        : yes
zoom on         : no
nim             : 8
barrier         :   0.00905809 (image:  3) 
distance        :   0.00000000    4.47281950    7.43437352    9.72293023   12.23418157   14.73478890   17.61403515   21.96094243 
energy          : -843.64377071  -843.63967939  -843.63737196  -843.63471263  -843.63480460  -843.63624646  -843.63864569  -843.64120243 
max(|Fr_perp|)   :   0.00000000    0.00739836    0.00973482    0.01249827    0.01062963    0.01138246    0.01010730    0.00000000 
Fr_paral         :   0.00000000   -0.00177048   -0.00186226   -0.01616534    0.01281547    0.00236827    0.00153403    0.00000000 
max(|Fsp_paral|) :   0.00000000    0.01431587    0.01397227    0.01656042    0.00311429    0.00506627    0.00811452    0.00000000 
max(|Fsp_perp|)  :   0.00000000    0.00000000    0.00000000    0.00000000    0.00000000    0.00000000    0.00000000    0.00000000 
max(|FNEB|)      :   0.00000000    0.01965152    0.02150837    0.01516991    0.01087771    0.01501316    0.01310320    0.00000000 
max(|Force|)     :   0.00075428    0.00772927    0.00928281    0.01473976    0.01280157    0.01191872    0.01046427    0.00048132 
ksp              :   0.03112298    0.06313276    0.10000000    0.10000000    0.09875522    0.07873534    0.04545157 
max(|step|)      :   0.00000000    0.01208240    0.01322406    0.00932696    0.00668797    0.00923059    0.00805628    0.00000000 
angle (deg.)     :    16.2610  18.7868  69.7159  68.7714  21.9084  14.5529 
>
iteration       : 8
climbing        : yes
zoom on         : no
nim             : 8
barrier         :   0.00848971 (image:  3) 
distance        :   0.00000000    4.50190396    7.45979947    9.73180179   12.22694321   14.72073423   17.59521618   21.96027289 
energy          : -843.64377071  -843.63982586  -843.63776097  -843.63528100  -843.63550253  -843.63670261  -843.63885148  -843.64120243 
max(|Fr_perp|)   :   0.00000000    0.00464429    0.00521373    0.01290537    0.00941829    0.00601847    0.00493212    0.00000000 
Fr_paral         :   0.00000000   -0.00163335   -0.00162688   -0.01813306    0.01308617    0.00195874    0.00143026    0.00000000 
max(|Fsp_paral|) :   0.00000000    0.01352506    0.01443220    0.01641334    0.00638203    0.00391213    0.00716417    0.00000000 
max(|Fsp_perp|)  :   0.00000000    0.00000000    0.00000000    0.00000000    0.00000000    0.00000000    0.00000000    0.00000000 
max(|FNEB|)      :   0.00000000    0.01674221    0.01717381    0.01677356    0.00970857    0.00993550    0.01020295    0.00000000 
max(|Force|)     :   0.00075428    0.00476961    0.00516019    0.01792230    0.01154889    0.00552863    0.00519182    0.00048132 
ksp              :   0.03092241    0.06230692    0.10000000    0.10000000    0.09663303    0.07839292    0.04573220 
max(|step|)      :   0.00000000    0.07360872    0.07564309    0.07274169    0.04408485    0.04392545    0.04534523    0.00424430 
angle (deg.)     :    16.7402  20.1669  68.4412  67.8340  23.0233  14.8723 
>
iteration       : 9
climbing        : yes
zoom on         : no
nim             : 8
barrier         :   0.00776451 (image:  4) 
distance        :   0.00000000    4.69814370    7.64480098    9.80044940   12.18236700   14.65502090   17.49012890   21.97047753 
energy          : -843.64377071  -843.64003175  -843.63797712  -843.63609634  -843.63600620  -843.63675773  -843.63888948  -843.64120243 
max(|Fr_perp|)   :   0.00000000    0.01094134    0.01339194    0.01682264    0.01662218    0.01915293    0.01562086    0.00000000 
Fr_paral         :   0.00000000   -0.00131274   -0.00108075   -0.01613558    0.01351668    0.00031442    0.00121794    0.00000000 
max(|Fsp_paral|) :   0.00000000    0.01561225    0.00642332    0.01954356    0.00674373    0.00016689    0.00618703    0.00000000 
max(|Fsp_perp|)  :   0.00000000    0.00000000    0.00000000    0.00000000    0.00000000    0.00000000    0.00000000    0.00000000 
max(|FNEB|)      :   0.00000000    0.01463341    0.01550486    0.01719788    0.01700083    0.01904368    0.01197782    0.00000000 
max(|Force|)     :   0.00075428    0.01104479    0.01349375    0.01721897    0.01772403    0.01920570    0.01581962    0.00048132 
ksp              :   0.03027640    0.06586322    0.09843877    0.10000000    0.10000000    0.08698330    0.05006090 
max(|step|)      :   0.00000000    0.10000000    0.07916746    0.09626491    0.06152700    0.04967240    0.05995581    0.00584826 
angle (deg.)     :    17.2057  22.8815  66.1295  67.8254  23.9123  15.2300 
>
iteration       : 10
climbing        : yes
zoom on         : no
nim             : 8
barrier         :   0.00741521 (image:  4) 
distance        :   0.00000000    4.98466361    7.84763508    9.89658180   12.16432856   14.61456190   17.37466140   22.01326189 
energy          : -843.64377071  -843.64018310  -843.63805964  -843.63654047  -843.63635551  -843.63663595  -843.63885151  -843.64120243 
max(|Fr_perp|)   :   0.00000000    0.01318662    0.01732535    0.02125006    0.02249107    0.02531173    0.01979214    0.00000000 
Fr_paral         :   0.00000000   -0.00104942   -0.00050169   -0.01284496   -0.00248062   -0.00068332    0.00103606    0.00000000 
max(|Fsp_paral|) :   0.00000000    0.01559885    0.00081345    0.02186221    0.01199374    0.00429045    0.00351373    0.00000000 
max(|Fsp_perp|)  :   0.00000000    0.00000000    0.00000000    0.00000000    0.00000000    0.00000000    0.00000000    0.00000000 
max(|FNEB|)      :   0.00000000    0.01576285    0.01711920    0.02182783    0.02272905    0.02804656    0.01769944    0.00000000 
max(|Force|)     :   0.00075428    0.01327262    0.01737442    0.02099352    0.02225309    0.02519930    0.01996192    0.00048132 
ksp              :   0.02892727    0.06835688    0.09656553    0.10000000    0.10000000    0.09479258    0.05365296 
max(|step|)      :   0.00000000    0.09571680    0.06146684    0.10000000    0.04257130    0.03435419    0.05079282    0.00590645 
angle (deg.)     :    17.6114  26.5675  63.1394  66.4361  24.7970  15.4373 
>
iteration       : 11
climbing        : yes
zoom on         : no
nim             : 8
barrier         :   0.00767774 (image:  4) 
distance        :   0.00000000    5.26740845    8.01013068   10.01351107   12.11834141   14.55900156   17.22967500   22.00506961 
energy          : -843.64377071  -843.64033351  -843.63840278  -843.63710324  -843.63609298  -843.63687317  -843.63896264  -843.64120243 
max(|Fr_perp|)   :   0.00000000    0.01256445    0.01567496    0.01983465    0.02257186    0.02405111    0.01890491    0.00000000 
Fr_paral         :   0.00000000   -0.00076244   -0.00017132   -0.00986300    0.00253958   -0.00159251    0.00080203    0.00000000 
max(|Fsp_paral|) :   0.00000000    0.00889691    0.00079382    0.03501531    0.01862996    0.00380773    0.00155396    0.00000000 
max(|Fsp_perp|)  :   0.00000000    0.00000000    0.00000000    0.00000000    0.00000000    0.00000000    0.00000000    0.00000000 
max(|FNEB|)      :   0.00000000    0.01190349    0.01560380    0.02987469    0.02277775    0.02194435    0.01997564    0.00000000 
max(|Force|)     :   0.00075428    0.01272040    0.01581308    0.01980975    0.02278410    0.02396865    0.01917859    0.00048132 
ksp              :   0.02529903    0.05926109    0.08211604    0.10000000    0.10000000    0.08612724    0.04935741 
max(|step|)      :   0.00000000    0.01563315    0.02049284    0.03923515    0.02991457    0.02882005    0.02623449    0.00000000 
angle (deg.)     :    17.5554  27.7453  62.1648  66.9772  24.3327  15.6112 
>
iteration       : 12
climbing        : yes
zoom on         : no
nim             : 8
barrier         :   0.00581444 (image:  4) 
distance        :   0.00000000    5.30448429    8.01013608   10.04567546   12.09333156   14.52271086   17.21446623   21.98302745 
energy          : -843.64377071  -843.64064642  -843.63936315  -843.63838365  -843.63795627  -843.63812830  -843.63948891  -843.64120243 
max(|Fr_perp|)   :   0.00000000    0.00442521    0.00572371    0.01307101    0.01080569    0.00848913    0.00642966    0.00000000 
Fr_paral         :   0.00000000   -0.00081557   -0.00047333   -0.01005779   -0.00064012    0.00055673    0.00070224    0.00000000 
max(|Fsp_paral|) :   0.00000000    0.00919635    0.00571542    0.01941276    0.01709622    0.00356730    0.00488681    0.00000000 
max(|Fsp_perp|)  :   0.00000000    0.00000000    0.00000000    0.00000000    0.00000000    0.00000000    0.00000000    0.00000000 
max(|FNEB|)      :   0.00000000    0.01249299    0.00824860    0.01758143    0.01091523    0.00804534    0.00762063    0.00000000 
max(|Force|)     :   0.00075428    0.00420724    0.00572028    0.01167999    0.01069616    0.00839756    0.00631631    0.00048132 
ksp              :   0.02541522    0.06099402    0.08815084    0.10000000    0.10000000    0.09523065    0.05750738 
max(|step|)      :   0.00000000    0.01268329    0.00587276    0.02103649    0.00721891    0.00356876    0.00509709    0.00004500 
angle (deg.)     :    17.5886  28.3627  61.7603  66.5334  24.3934  15.6340 
>
iteration       : 13
climbing        : yes
zoom on         : no
nim             : 8
barrier         :   0.00556006 (image:  5) 
distance        :   0.00000000    5.33812964    8.02160312   10.06634261   12.07544267   14.51320157   17.21407106   21.96544238 
energy          : -843.64377071  -843.64067478  -843.63942098  -843.63852061  -843.63821656  -843.63821066  -843.63954744  -843.64120243 
max(|Fr_perp|)   :   0.00000000    0.00328773    0.00360155    0.00968331    0.00530856    0.00560158    0.00422624    0.00000000 
Fr_paral         :   0.00000000   -0.00076614   -0.00062289   -0.00767865    0.00076761    0.00024027    0.00065212    0.00000000 
max(|Fsp_paral|) :   0.00000000    0.00990008    0.00587125    0.01164775    0.01157393    0.00701895    0.00381914    0.00000000 
max(|Fsp_perp|)  :   0.00000000    0.00000000    0.00000000    0.00000000    0.00000000    0.00000000    0.00000000    0.00000000 
max(|FNEB|)      :   0.00000000    0.01196364    0.00634561    0.01221984    0.00543495    0.00850057    0.00511754    0.00000000 
max(|Force|)     :   0.00075428    0.00308322    0.00369666    0.00839800    0.00518218    0.00556200    0.00412080    0.00048132 
ksp              :   0.02587304    0.06359027    0.09067565    0.09982233    0.10000000    0.10000000    0.05978620 
max(|step|)      :   0.00000000    0.06958711    0.03093298    0.10000000    0.02323818    0.02618516    0.02521935    0.00079220 
angle (deg.)     :    17.8278  31.0809  60.6844  64.8793  25.0540  15.4935 
>
iteration       : 14
climbing        : yes
zoom on         : no
nim             : 8
barrier         :   0.00583560 (image:  4) 
distance        :   0.00000000    5.53160769    8.08778015   10.16777846   12.00660307   14.54287869   17.24518276   21.91128008 
energy          : -843.64377071  -843.64066028  -843.63935070  -843.63810370  -843.63793512  -843.63818141  -843.63964455  -843.64120243 
max(|Fr_perp|)   :   0.00000000    0.00488964    0.00505058    0.01390694    0.01574148    0.00635422    0.00357069    0.00000000 
Fr_paral         :   0.00000000   -0.00064823   -0.00118265    0.00533903    0.00334165   -0.00153478    0.00050553    0.00000000 
max(|Fsp_paral|) :   0.00000000    0.00543168    0.01709107    0.01113473    0.04409876    0.00064298    0.00139375    0.00000000 
max(|Fsp_perp|)  :   0.00000000    0.00000000    0.00000000    0.00000000    0.00000000    0.00000000    0.00000000    0.00000000 
max(|FNEB|)      :   0.00000000    0.00591578    0.01735957    0.01416674    0.01604404    0.00706714    0.00457239    0.00000000 
max(|Force|)     :   0.00075428    0.00500031    0.00522056    0.01394183    0.01596811    0.00685004    0.00363917    0.00048132 
ksp              :   0.02490697    0.06088436    0.09530169    0.10000000    0.10000000    0.09298542    0.05276083 
max(|step|)      :   0.00000000    0.01034771    0.03036488    0.02478007    0.02806378    0.01236165    0.00799790    0.00000000 
angle (deg.)     :    18.2406  29.6906  60.7819  65.9209  24.7901  15.4804 
>
iteration       : 15
climbing        : yes
zoom on         : no
nim             : 8
barrier         :   0.00568195 (image:  4) 
distance        :   0.00000000    5.56192675    8.15209026   10.13802886   12.00508488   14.55045848   17.24402852   21.91840351 
energy          : -843.64377071  -843.64069571  -843.63943638  -843.63875981  -843.63808876  -843.63830204  -843.63965776  -843.64120243 
max(|Fr_perp|)   :   0.00000000    0.00321511    0.00341483    0.00412292    0.01600681    0.00539878    0.00309792    0.00000000 
Fr_paral         :   0.00000000   -0.00073587   -0.00119065   -0.00236408   -0.00018372    0.00098727    0.00063267    0.00000000 
max(|Fsp_paral|) :   0.00000000    0.00638995    0.00079332    0.02072016    0.02715389    0.00047526    0.00073988    0.00000000 
max(|Fsp_perp|)  :   0.00000000    0.00000000    0.00000000    0.00000000    0.00000000    0.00000000    0.00000000    0.00000000 
max(|FNEB|)      :   0.00000000    0.00872274    0.00368658    0.02056641    0.01601278    0.00543391    0.00313183    0.00000000 
max(|Force|)     :   0.00075428    0.00302226    0.00341862    0.00415063    0.01600085    0.00537943    0.00310558    0.00048132 
ksp              :   0.02464664    0.06104713    0.08060352    0.10000000    0.10000000    0.09383506    0.05464843 
max(|step|)      :   0.00000000    0.00758984    0.00375293    0.01567072    0.01096049    0.00373638    0.00215723    0.00003270 
angle (deg.)     :    18.2512  30.0217  60.2482  65.6188  24.8193  15.4860 
>
iteration       : 16
climbing        : yes
zoom on         : no
nim             : 8
barrier         :   0.00534989 (image:  5) 
distance        :   0.00000000    5.58073463    8.15839399   10.14806530   11.99085878   14.53429296   17.23149626   21.90443042 
energy          : -843.64377071  -843.64073043  -843.63952566  -843.63879115  -843.63847961  -843.63842083  -843.63971507  -843.64120243 
max(|Fr_perp|)   :   0.00000000    0.00206414    0.00189858    0.00811706    0.00407668    0.00209933    0.00110684    0.00000000 
Fr_paral         :   0.00000000   -0.00067886   -0.00092959   -0.00577963    0.00012979    0.00046759    0.00059509    0.00000000 
max(|Fsp_paral|) :   0.00000000    0.00747009    0.00386794    0.00439265    0.01968056    0.00396429    0.00051838    0.00000000 
max(|Fsp_perp|)  :   0.00000000    0.00000000    0.00000000    0.00000000    0.00000000    0.00000000    0.00000000    0.00000000 
max(|FNEB|)      :   0.00000000    0.00849612    0.00433335    0.00888242    0.00407147    0.00474393    0.00129933    0.00000000 
max(|Force|)     :   0.00075428    0.00188637    0.00214120    0.00733567    0.00408189    0.00214543    0.00107105    0.00048132 
ksp              :   0.02527169    0.06425257    0.08801798    0.09809791    0.10000000    0.10000000    0.05812425 
max(|step|)      :   0.00000000    0.02102992    0.01498205    0.02092045    0.01347782    0.00551863    0.00325856    0.00016051 
angle (deg.)     :    18.3760  30.3855  59.6176  65.2392  24.9939  15.3998 
>
iteration       : 17
climbing        : yes
zoom on         : no
nim             : 8
barrier         :   0.00544954 (image:  4) 
distance        :   0.00000000    5.63849333    8.18881611   10.16230990   11.97117588   14.53159239   17.21861507   21.88933163 
energy          : -843.64377071  -843.64072474  -843.63952003  -843.63866319  -843.63832117  -843.63840419  -843.63970739  -843.64120243 
max(|Fr_perp|)   :   0.00000000    0.00230276    0.00295333    0.01357996    0.01077661    0.00446956    0.00287616    0.00000000 
Fr_paral         :   0.00000000   -0.00062899   -0.00050490   -0.00885305   -0.00019169   -0.00045384    0.00057114    0.00000000 
max(|Fsp_paral|) :   0.00000000    0.00577905    0.00683956    0.00359439    0.02798791    0.00153676    0.00084798    0.00000000 
max(|Fsp_perp|)  :   0.00000000    0.00000000    0.00000000    0.00000000    0.00000000    0.00000000    0.00000000    0.00000000 
max(|FNEB|)      :   0.00000000    0.00575340    0.00755723    0.01417007    0.01077151    0.00453594    0.00283769    0.00000000 
max(|Force|)     :   0.00075428    0.00235864    0.00294773    0.01245277    0.01078170    0.00446422    0.00286929    0.00048132 
ksp              :   0.02492115    0.06255200    0.08931653    0.10000000    0.10000000    0.09740682    0.05669963 
max(|step|)      :   0.00000000    0.04511131    0.03956585    0.05033652    0.01158437    0.00827263    0.00804891    0.00071578 
angle (deg.)     :    18.8225  31.3047  58.2393  64.7958  25.1106  15.3274 
>
iteration       : 18
climbing        : yes
zoom on         : no
nim             : 8
barrier         :   0.00598514 (image:  4) 
distance        :   0.00000000    5.76536803    8.26904107   10.20176340   11.93639956   14.51780284   17.19961444   21.86311775 
energy          : -843.64377071  -843.64069347  -843.63945158  -843.63835120  -843.63778557  -843.63832070  -843.63968198  -843.64120243 
max(|Fr_perp|)   :   0.00000000    0.00452423    0.00526142    0.01964277    0.02260453    0.00802057    0.00492788    0.00000000 
Fr_paral         :   0.00000000   -0.00056416    0.00001353   -0.01153023    0.00265571   -0.00109811    0.00056405    0.00000000 
max(|Fsp_paral|) :   0.00000000    0.00171845    0.00986322    0.00699873    0.04649960    0.00751902    0.00082662    0.00000000 
max(|Fsp_perp|)  :   0.00000000    0.00000000    0.00000000    0.00000000    0.00000000    0.00000000    0.00000000    0.00000000 
max(|FNEB|)      :   0.00000000    0.00402342    0.01063193    0.02065316    0.02263259    0.01316449    0.00489027    0.00000000 
max(|Force|)     :   0.00075428    0.00457536    0.00526165    0.01834821    0.02257646    0.00801118    0.00492107    0.00048132 
ksp              :   0.02340586    0.05611739    0.08510130    0.10000000    0.10000000    0.08590481    0.05004845 
max(|step|)      :   0.00000000    0.08458147    0.08196726    0.10000000    0.01354211    0.01415493    0.01574382    0.00194958 
angle (deg.)     :    20.0152  33.4502  55.8839  64.1660  25.0189  15.3976 
>
iteration       : 19
climbing        : yes
zoom on         : no
nim             : 8
barrier         :   0.00661623 (image:  4) 
distance        :   0.00000000    6.00523250    8.43820913   10.29544735   11.88200673   14.47830540   17.18000487   21.82965846 
energy          : -843.64377071  -843.64062497  -843.63932236  -843.63814127  -843.63715448  -843.63826545  -843.63967682  -843.64120243 
max(|Fr_perp|)   :   0.00000000    0.00642728    0.00739680    0.01867104    0.03148321    0.00931364    0.00620879    0.00000000 
Fr_paral         :   0.00000000   -0.00042365    0.00101986   -0.00915430    0.00330730   -0.00106133    0.00057262    0.00000000 
max(|Fsp_paral|) :   0.00000000    0.00365690    0.00784921    0.01101641    0.05668567    0.01546062    0.00022215    0.00000000 
max(|Fsp_perp|)  :   0.00000000    0.00000000    0.00000000    0.00000000    0.00000000    0.00000000    0.00000000    0.00000000 
max(|FNEB|)      :   0.00000000    0.00755654    0.00925420    0.01994726    0.03190962    0.02095225    0.00626979    0.00000000 
max(|Force|)     :   0.00075428    0.00652527    0.00749230    0.01819886    0.03182231    0.00942782    0.00627415    0.00048132 
ksp              :   0.02279715    0.05161231    0.07783040    0.10000000    0.10000000    0.07495094    0.04373376 
max(|step|)      :   0.00000000    0.00956111    0.01170911    0.02523878    0.04037446    0.02651037    0.00793301    0.00000000 
angle (deg.)     :    20.2553  33.5200  56.1905  64.9166  24.2613  15.8320 
>
iteration       : 20
climbing        : yes
zoom on         : no
nim             : 8
barrier         :   0.00542161 (image:  4) 
distance        :   0.00000000    5.99140792    8.45656323   10.30996766   11.88570856   14.42099165   17.18762618   21.83635490 
energy          : -843.64377071  -843.64074276  -843.63960849  -843.63895074  -843.63834911  -843.63843774  -843.63980724  -843.64120243 
max(|Fr_perp|)   :   0.00000000    0.00235055    0.00362583    0.00449684    0.01579492    0.00785474    0.00360755    0.00000000 
Fr_paral         :   0.00000000   -0.00054875   -0.00092968   -0.00003450    0.00116342    0.00199294    0.00065313    0.00000000 
max(|Fsp_paral|) :   0.00000000    0.00058670    0.00064771    0.00582167    0.03096163    0.00407012    0.00484457    0.00000000 
max(|Fsp_perp|)  :   0.00000000    0.00000000    0.00000000    0.00000000    0.00000000    0.00000000    0.00000000    0.00000000 
max(|FNEB|)      :   0.00000000    0.00229270    0.00365281    0.00552490    0.01574755    0.01192464    0.00513924    0.00000000 
max(|Force|)     :   0.00075428    0.00237394    0.00361281    0.00449656    0.01584228    0.00838144    0.00361534    0.00048132 
ksp              :   0.02449883    0.06027622    0.08102300    0.10000000    0.10000000    0.09720431    0.05400721 
max(|step|)      :   0.00000000    0.00171255    0.00269047    0.00345606    0.01185542    0.00877848    0.00347393    0.00016889 
angle (deg.)     :    20.2534  33.6147  56.0596  64.5572  24.5042  15.7106 
>
iteration       : 21
climbing        : yes
zoom on         : no
nim             : 8
barrier         :   0.00514653 (image:  5) 
distance        :   0.00000000    5.99302411    8.45716396   10.31193492   11.87825955   14.42635038   17.17086520   21.83136197 
energy          : -843.64377071  -843.64077301  -843.63968380  -843.63903537  -843.63870756  -843.63862418  -843.63986025  -843.64120243 
max(|Fr_perp|)   :   0.00000000    0.00071916    0.00106994    0.00149573    0.00288207    0.00202887    0.00090491    0.00000000 
Fr_paral         :   0.00000000   -0.00050306   -0.00059802   -0.00093516    0.00029574    0.00073130    0.00063733    0.00000000 
max(|Fsp_paral|) :   0.00000000    0.00178663    0.00147021    0.00532934    0.02753860    0.00498862    0.00257695    0.00000000 
max(|Fsp_perp|)  :   0.00000000    0.00000000    0.00000000    0.00000000    0.00000000    0.00000000    0.00000000    0.00000000 
max(|FNEB|)      :   0.00000000    0.00209249    0.00196999    0.00594344    0.00287082    0.00679935    0.00287559    0.00000000 
max(|Force|)     :   0.00075428    0.00080073    0.00114907    0.00142005    0.00289331    0.00199690    0.00086702    0.00048132 
ksp              :   0.02498993    0.06301145    0.08564641    0.09708964    0.10000000    0.10000000    0.05685202 
max(|step|)      :   0.00000000    0.00287958    0.00227894    0.00540990    0.00767689    0.01043189    0.00402243    0.00008819 
angle (deg.)     :    20.2577  33.4970  56.2235  64.3136  24.8117  15.5328 
>
iteration       : 22
climbing        : yes
zoom on         : no
nim             : 8
barrier         :   0.00514655 (image:  5) 
distance        :   0.00000000    5.99925844    8.45966762   10.30745859   11.87688910   14.45144221   17.15957622   21.83330426 
energy          : -843.64377071  -843.64077231  -843.63968562  -843.63904111  -843.63867445  -843.63862417  -843.63985050  -843.64120243 
max(|Fr_perp|)   :   0.00000000    0.00095961    0.00151852    0.00183521    0.00557366    0.00363613    0.00148050    0.00000000 
Fr_paral         :   0.00000000   -0.00049373   -0.00034972   -0.00005226   -0.00064008   -0.00029110    0.00061692    0.00000000 
max(|Fsp_paral|) :   0.00000000    0.00156258    0.00123413    0.00290678    0.02792593    0.00349533    0.00095565    0.00000000 
max(|Fsp_perp|)  :   0.00000000    0.00000000    0.00000000    0.00000000    0.00000000    0.00000000    0.00000000    0.00000000 
max(|FNEB|)      :   0.00000000    0.00154326    0.00152938    0.00321163    0.00555165    0.00485124    0.00152156    0.00000000 
max(|Force|)     :   0.00075428    0.00100649    0.00151680    0.00183456    0.00559566    0.00363276    0.00147311    0.00048132 
ksp              :   0.02501415    0.06294743    0.08544572    0.09824470    0.10000000    0.10000000    0.05719216 
max(|step|)      :   0.00000000    0.00323134    0.00310758    0.00183617    0.00185267    0.00976484    0.00453658    0.00012944 
angle (deg.)     :    20.2748  33.3848  56.1144  64.2939  25.0513  15.3548 
>
iteration       : 23
climbing        : yes
zoom on         : no
nim             : 8
barrier         :   0.00511978 (image:  5) 
distance        :   0.00000000    6.00736818    8.46332797   10.30350588   11.87515376   14.47886877   17.14557105   21.83365993 
energy          : -843.64377071  -843.64077897  -843.63969824  -843.63905828  -843.63869893  -843.63865094  -843.63985290  -843.64120243 
max(|Fr_perp|)   :   0.00000000    0.00088685    0.00132746    0.00162142    0.00495368    0.00348052    0.00127698    0.00000000 
Fr_paral         :   0.00000000   -0.00049998   -0.00026595   -0.00049183   -0.00068783   -0.00054466    0.00059557    0.00000000 
max(|Fsp_paral|) :   0.00000000    0.00164725    0.00110993    0.00241616    0.02862758    0.00165030    0.00092068    0.00000000 
max(|Fsp_perp|)  :   0.00000000    0.00000000    0.00000000    0.00000000    0.00000000    0.00000000    0.00000000    0.00000000 
max(|FNEB|)      :   0.00000000    0.00160252    0.00133682    0.00286136    0.00492955    0.00362318    0.00132116    0.00000000 
max(|Force|)     :   0.00075428    0.00093448    0.00132616    0.00161529    0.00497781    0.00347386    0.00126977    0.00048132 
ksp              :   0.02493662    0.06305796    0.08563146    0.09830714    0.10000000    0.10000000    0.05760240 
max(|step|)      :   0.00000000    0.00904336    0.00739925    0.00630115    0.00392680    0.01683831    0.00413404    0.00018581 
angle (deg.)     :    20.3136  33.1346  56.0513  64.4124  25.2041  15.2304 
>
iteration       : 24
climbing        : yes
zoom on         : no
nim             : 8
barrier         :   0.00505582 (image:  5) 
distance        :   0.00000000    6.03180213    8.47307028   10.29492514   11.87411658   14.51850479   17.14501845   21.83438882 
energy          : -843.64377071  -843.64079330  -843.63972664  -843.63907613  -843.63874592  -843.63871489  -843.63987613  -843.64120243 
max(|Fr_perp|)   :   0.00000000    0.00057560    0.00104276    0.00428389    0.00287747    0.00206019    0.00084202    0.00000000 
Fr_paral         :   0.00000000   -0.00051508   -0.00047288    0.00128340   -0.00045000    0.00029410    0.00051578    0.00000000 
max(|Fsp_paral|) :   0.00000000    0.00168416    0.00147446    0.00175387    0.02903066    0.00046935    0.00253761    0.00000000 
max(|Fsp_perp|)  :   0.00000000    0.00000000    0.00000000    0.00000000    0.00000000    0.00000000    0.00000000    0.00000000 
max(|FNEB|)      :   0.00000000    0.00158812    0.00194280    0.00430207    0.00299265    0.00188828    0.00285537    0.00000000 
max(|Force|)     :   0.00075428    0.00059030    0.00098043    0.00427378    0.00280249    0.00208935    0.00083568    0.00048132 
ksp              :   0.02480234    0.06339446    0.08693019    0.09887764    0.10000000    0.10000000    0.05798601 
max(|step|)      :   0.00000000    0.01456728    0.01388395    0.00932043    0.00710573    0.01550835    0.00879646    0.00055117 
angle (deg.)     :    20.4049  32.5345  55.7140  64.4775  25.4863  15.1448 
>
