NEB log file generated by ORCA
All quantities are given in atomic units. Unless stated otherwise. 
iteration       : 0
climbing        : no
zoom on         : no
nim             : 8
barrier         :   0.01939038 (image:  3) 
distance        :   0.00000000    4.17944351    8.36184092   12.54555295   16.72859618   20.91464771   25.10036505   29.28417063 
energy          : -859.67635899  -859.67063261  -859.66169632  -859.65696861  -859.65894934  -859.66520565  -859.67261284  -859.67695584 
max(|Fr_perp|)   :   0.00000000    0.01397972    0.02327133    0.03094711    0.03298180    0.02781728    0.01618530    0.00000000 
Fr_paral         :   0.00000000   -0.00236319   -0.00201290   -0.00032426    0.00137584    0.00215880    0.00193178    0.00000000 
max(|Fsp_paral|) :   0.00000000    0.04475019    0.02349157    0.00001269    0.00976613    0.03114770    0.03691395    0.00000000 
max(|Fsp_perp|)  :   0.00000000    0.00000000    0.00000000    0.00000000    0.00000000    0.00000000    0.00000000    0.00000000 
max(|FNEB|)      :   0.00000000    0.04515140    0.02691783    0.03101109    0.03365517    0.03219280    0.03665763    0.00000000 
max(|Force|)     :   0.00015430    0.01414011    0.02336459    0.03102218    0.03303588    0.02785930    0.01621156    0.00045638 
ksp              :   0.03657525    0.07805486    0.10000000    0.10000000    0.09081061    0.06177350    0.02739075 
max(|step|)      :   0.00000000    0.10000000    0.05961683    0.06868245    0.07453849    0.07129967    0.08118824    0.00000000 
angle (deg.)     :    7.5054  8.5446  9.4748  8.9764  8.2215  7.2723 
>
iteration       : 1
climbing        : yes
zoom on         : no
nim             : 8
barrier         :   0.01403152 (image:  3) 
distance        :   0.00000000    4.56210607    8.56229685   12.54276841   16.64166723   20.64355863   24.77908226   29.28115260 
energy          : -859.67635899  -859.67125840  -859.66515037  -859.66232747  -859.66374230  -859.66788213  -859.67332640  -859.67695584 
max(|Fr_perp|)   :   0.00000000    0.01492689    0.01799601    0.01776635    0.01624264    0.01493623    0.01027100    0.00000000 
Fr_paral         :   0.00000000   -0.00224438   -0.00188099   -0.00034492    0.00148574    0.00198636    0.00181052    0.00000000 
max(|Fsp_paral|) :   0.00000000    0.03420681    0.01797943    0.00303314    0.01174587    0.02498134    0.03423822    0.00000000 
max(|Fsp_perp|)  :   0.00000000    0.00000000    0.00000000    0.00000000    0.00000000    0.00000000    0.00000000    0.00000000 
max(|FNEB|)      :   0.00000000    0.03280861    0.02044366    0.01689871    0.02074658    0.02810086    0.03337246    0.00000000 
max(|Force|)     :   0.00015430    0.01490548    0.01796240    0.01787231    0.01634937    0.01502853    0.01030970    0.00045638 
ksp              :   0.04271626    0.08189900    0.10000000    0.10000000    0.09093007    0.06438326    0.02945860 
max(|step|)      :   0.00000000    0.04191053    0.02611524    0.02158683    0.02650219    0.03589673    0.04263080    0.00000000 
angle (deg.)     :    7.4916  8.3987  9.4275  8.8353  8.1452  7.3163 
>
iteration       : 2
climbing        : yes
zoom on         : no
nim             : 8
barrier         :   0.01106512 (image:  3) 
distance        :   0.00000000    4.73189078    8.65319282   12.55978536   16.58534780   20.52249377   24.61278426   29.28577833 
energy          : -859.67635899  -859.67210753  -859.66740553  -859.66529387  -859.66650624  -859.66979727  -859.67400012  -859.67695584 
max(|Fr_perp|)   :   0.00000000    0.01073735    0.01521227    0.01527782    0.01377197    0.01219728    0.00800262    0.00000000 
Fr_paral         :   0.00000000   -0.00173215   -0.00136945   -0.00016595    0.00108230    0.00148808    0.00139846    0.00000000 
max(|Fsp_paral|) :   0.00000000    0.02936131    0.01685203    0.00305304    0.01219479    0.02451855    0.03145997    0.00000000 
max(|Fsp_perp|)  :   0.00000000    0.00000000    0.00000000    0.00000000    0.00000000    0.00000000    0.00000000    0.00000000 
max(|FNEB|)      :   0.00000000    0.02940083    0.01784516    0.01526144    0.01993952    0.02647516    0.03030601    0.00000000 
max(|Force|)     :   0.00015430    0.01083324    0.01532271    0.01529421    0.01365471    0.01222390    0.00799893    0.00045638 
ksp              :   0.04458000    0.08282450    0.10000000    0.10000000    0.09013901    0.06337084    0.02918625 
max(|step|)      :   0.00000000    0.09218194    0.05698032    0.04264626    0.06299009    0.08500614    0.10000000    0.00699366 
angle (deg.)     :    7.5561  8.0072  9.3282  8.4915  7.9598  7.4957 
>
iteration       : 3
climbing        : yes
zoom on         : no
nim             : 8
barrier         :   0.00975424 (image:  3) 
distance        :   0.00000000    5.11381343    8.86595850   12.58290747   16.44626992   20.23183931   24.22601289   29.29578058 
energy          : -859.67635899  -859.67186498  -859.66792952  -859.66660475  -859.66730739  -859.66972386  -859.67364602  -859.67695584 
max(|Fr_perp|)   :   0.00000000    0.02009754    0.02799260    0.02834196    0.03071376    0.02710641    0.01722626    0.00000000 
Fr_paral         :   0.00000000   -0.00143099   -0.00089208   -0.00008506    0.00064180    0.00103338    0.00121836    0.00000000 
max(|Fsp_paral|) :   0.00000000    0.01709803    0.01085028    0.00376401    0.00826614    0.01782313    0.02735121    0.00000000 
max(|Fsp_perp|)  :   0.00000000    0.00000000    0.00000000    0.00000000    0.00000000    0.00000000    0.00000000    0.00000000 
max(|FNEB|)      :   0.00000000    0.02108349    0.02646591    0.02845606    0.03134033    0.02963833    0.02915270    0.00000000 
max(|Force|)     :   0.00015430    0.02026309    0.02818398    0.02847296    0.03083068    0.02720734    0.01729719    0.00045638 
ksp              :   0.05145815    0.08778041    0.10000000    0.10000000    0.09353147    0.07124927    0.03504759 
max(|step|)      :   0.00000000    0.03505984    0.04401031    0.04731973    0.05211600    0.04928574    0.04847818    0.00000000 
angle (deg.)     :    7.6182  7.8571  9.2742  8.3721  7.8530  7.5361 
>
iteration       : 4
climbing        : yes
zoom on         : no
nim             : 8
barrier         :   0.00836687 (image:  3) 
distance        :   0.00000000    5.22429047    8.93652066   12.58364786   16.39346604   20.11731169   24.04906355   29.29642915 
energy          : -859.67635899  -859.67228536  -859.66891385  -859.66799212  -859.66865323  -859.67064767  -859.67393524  -859.67695584 
max(|Fr_perp|)   :   0.00000000    0.02018392    0.02803447    0.02824476    0.02569348    0.02259728    0.01545056    0.00000000 
Fr_paral         :   0.00000000   -0.00164443   -0.00121290   -0.00011507    0.00108252    0.00132922    0.00137717    0.00000000 
max(|Fsp_paral|) :   0.00000000    0.01376082    0.00774758    0.00416969    0.00895613    0.01663805    0.02342543    0.00000000 
max(|Fsp_perp|)  :   0.00000000    0.00000000    0.00000000    0.00000000    0.00000000    0.00000000    0.00000000    0.00000000 
max(|FNEB|)      :   0.00000000    0.02026959    0.02578341    0.02823418    0.02921727    0.02864993    0.02570501    0.00000000 
max(|Force|)     :   0.00015430    0.02028309    0.02812993    0.02825533    0.02558474    0.02261820    0.01545060    0.00045638 
ksp              :   0.05381891    0.09008528    0.10000000    0.10000000    0.09288863    0.07143504    0.03607154 
max(|step|)      :   0.00000000    0.02219632    0.01685520    0.01264973    0.02208710    0.02988532    0.03614726    0.00074522 
angle (deg.)     :    7.6999  7.7663  9.2330  8.2663  7.7873  7.6118 
>
iteration       : 5
climbing        : yes
zoom on         : no
nim             : 8
barrier         :   0.00665570 (image:  3) 
distance        :   0.00000000    5.31380406    8.99171285   12.58652671   16.34598975   20.02109482   23.90649280   29.30182515 
energy          : -859.67635899  -859.67302738  -859.67045732  -859.66970329  -859.67013538  -859.67168762  -859.67433177  -859.67695584 
max(|Fr_perp|)   :   0.00000000    0.01271116    0.01672764    0.01797232    0.02001579    0.01829741    0.01118434    0.00000000 
Fr_paral         :   0.00000000   -0.00138093   -0.00104875   -0.00018002    0.00092377    0.00114300    0.00120072    0.00000000 
max(|Fsp_paral|) :   0.00000000    0.00976365    0.00746550    0.00421703    0.00763132    0.01578884    0.02107524    0.00000000 
max(|Fsp_perp|)  :   0.00000000    0.00000000    0.00000000    0.00000000    0.00000000    0.00000000    0.00000000    0.00000000 
max(|FNEB|)      :   0.00000000    0.01364960    0.01722009    0.01797482    0.01958648    0.01986278    0.02110063    0.00000000 
max(|Force|)     :   0.00015430    0.01279347    0.01681008    0.01796981    0.02002903    0.01831541    0.01120332    0.00045638 
ksp              :   0.05505087    0.08980379    0.10000000    0.10000000    0.09415718    0.07316745    0.03741256 
max(|step|)      :   0.00000000    0.04901300    0.04351169    0.03154462    0.05782458    0.08343591    0.10000000    0.00713770 
angle (deg.)     :    8.0062  7.5186  9.1194  7.9942  7.5812  7.8968 
>
iteration       : 6
climbing        : yes
zoom on         : no
nim             : 8
barrier         :   0.00422196 (image:  3) 
distance        :   0.00000000    5.51541718    9.14329007   12.59551550   16.22611518   19.75713530   23.53247101   29.31795884 
energy          : -859.67635899  -859.67403528  -859.67241876  -859.67213703  -859.67244746  -859.67339269  -859.67500098  -859.67695584 
max(|Fr_perp|)   :   0.00000000    0.00845369    0.01339918    0.01343013    0.01204695    0.00967999    0.00610297    0.00000000 
Fr_paral         :   0.00000000   -0.00100490   -0.00073581    0.00005500    0.00069552    0.00081612    0.00086472    0.00000000 
max(|Fsp_paral|) :   0.00000000    0.00332249    0.00107742    0.00456232    0.00849065    0.01359305    0.01307367    0.00000000 
max(|Fsp_perp|)  :   0.00000000    0.00000000    0.00000000    0.00000000    0.00000000    0.00000000    0.00000000    0.00000000 
max(|FNEB|)      :   0.00000000    0.00801716    0.01327180    0.01357078    0.01507791    0.01517930    0.01297555    0.00000000 
max(|Force|)     :   0.00015430    0.00858028    0.01358303    0.01356254    0.01210457    0.00979334    0.00616264    0.00045638 
ksp              :   0.05950075    0.09399847    0.10000000    0.10000000    0.09337905    0.07322899    0.03893316 
max(|step|)      :   0.00000000    0.01549145    0.02564492    0.02622264    0.02913485    0.02933075    0.02507248    0.00000000 
angle (deg.)     :    8.0857  7.5507  9.0787  7.8676  7.5498  8.0551 
>
iteration       : 7
climbing        : yes
zoom on         : no
nim             : 8
barrier         :   0.00431732 (image:  3) 
distance        :   0.00000000    5.54194130    9.15475182   12.59964871   16.16689024   19.66071760   23.44100305   29.32639310 
energy          : -859.67635899  -859.67403325  -859.67227801  -859.67204167  -859.67236881  -859.67333239  -859.67500862  -859.67695584 
max(|Fr_perp|)   :   0.00000000    0.01052629    0.01633765    0.01617525    0.01445727    0.01202198    0.00774421    0.00000000 
Fr_paral         :   0.00000000   -0.00082986   -0.00046463    0.00008717    0.00045173    0.00061821    0.00073705    0.00000000 
max(|Fsp_paral|) :   0.00000000    0.00501921    0.00025821    0.00313617    0.00794332    0.01257256    0.01321507    0.00000000 
max(|Fsp_perp|)  :   0.00000000    0.00000000    0.00000000    0.00000000    0.00000000    0.00000000    0.00000000    0.00000000 
max(|FNEB|)      :   0.00000000    0.01058407    0.01629410    0.01617919    0.01725303    0.01767813    0.01467520    0.00000000 
max(|Force|)     :   0.00015430    0.01057411    0.01635484    0.01617132    0.01443213    0.01203430    0.00774462    0.00045638 
ksp              :   0.05848290    0.09507317    0.10000000    0.10000000    0.09318022    0.07309335    0.03815013 
max(|step|)      :   0.00000000    0.00963257    0.00903488    0.00966445    0.02442986    0.03236852    0.02933941    0.00232233 
angle (deg.)     :    8.1533  7.5686  9.0271  7.7223  7.5086  8.2221 
>
iteration       : 8
climbing        : yes
zoom on         : no
nim             : 8
barrier         :   0.00411008 (image:  3) 
distance        :   0.00000000    5.57715414    9.16389224   12.60310927   16.10078113   19.55400503   23.33549273   29.33356658 
energy          : -859.67635899  -859.67416800  -859.67249368  -859.67224891  -859.67251966  -859.67342254  -859.67506134  -859.67695584 
max(|Fr_perp|)   :   0.00000000    0.01077851    0.01600537    0.01595214    0.01410981    0.01299174    0.00838942    0.00000000 
Fr_paral         :   0.00000000   -0.00076493   -0.00041013    0.00005679    0.00038509    0.00056276    0.00069263    0.00000000 
max(|Fsp_paral|) :   0.00000000    0.00417348    0.00114522    0.00149754    0.00634554    0.01119638    0.01289166    0.00000000 
max(|Fsp_perp|)  :   0.00000000    0.00000000    0.00000000    0.00000000    0.00000000    0.00000000    0.00000000    0.00000000 
max(|FNEB|)      :   0.00000000    0.01017788    0.01628660    0.01594791    0.01679878    0.01715684    0.01459752    0.00000000 
max(|Force|)     :   0.00015430    0.01082254    0.01598015    0.01595636    0.01412516    0.01300323    0.00839026    0.00045638 
ksp              :   0.05797705    0.09464014    0.10000000    0.10000000    0.09407136    0.07430061    0.03841516 
max(|step|)      :   0.00000000    0.02801200    0.02934925    0.02802967    0.06816444    0.09912582    0.10000000    0.00897747 
angle (deg.)     :    8.4771  7.5316  8.8612  7.3603  7.3389  8.6827 
>
iteration       : 9
climbing        : yes
zoom on         : no
nim             : 8
barrier         :   0.00379509 (image:  3) 
distance        :   0.00000000    5.66688230    9.23076639   12.61434037   15.92920179   19.22968279   22.97384221   29.35616880 
energy          : -859.67635899  -859.67441144  -859.67274108  -859.67256390  -859.67272753  -859.67347721  -859.67512433  -859.67695584 
max(|Fr_perp|)   :   0.00000000    0.01365504    0.02270306    0.02282835    0.02092971    0.01647579    0.00856263    0.00000000 
Fr_paral         :   0.00000000   -0.00064805   -0.00028851    0.00003774    0.00027900    0.00047053    0.00063141    0.00000000 
max(|Fsp_paral|) :   0.00000000    0.00607469    0.00079770    0.00175977    0.00361238    0.00607692    0.01089456    0.00000000 
max(|Fsp_perp|)  :   0.00000000    0.00000000    0.00000000    0.00000000    0.00000000    0.00000000    0.00000000    0.00000000 
max(|FNEB|)      :   0.00000000    0.01510699    0.02267196    0.02303540    0.01973634    0.01631787    0.01317842    0.00000000 
max(|Force|)     :   0.00015430    0.01374574    0.02288904    0.02304229    0.02115258    0.01668707    0.00873305    0.00045638 
ksp              :   0.05612348    0.09582142    0.10000000    0.10000000    0.09612403    0.07835383    0.03925127 
max(|step|)      :   0.00000000    0.01568989    0.02354676    0.02392422    0.02049786    0.01694749    0.01368691    0.00000000 
angle (deg.)     :    8.4569  7.5306  8.8422  7.3329  7.3265  8.7045 
>
iteration       : 10
climbing        : yes
zoom on         : no
nim             : 8
barrier         :   0.00244642 (image:  3) 
distance        :   0.00000000    5.69123931    9.22747509   12.61440612   15.91466696   19.20528407   22.92983898   29.35672169 
energy          : -859.67635899  -859.67493913  -859.67404936  -859.67391257  -859.67403930  -859.67451118  -859.67547565  -859.67695584 
max(|Fr_perp|)   :   0.00000000    0.00430665    0.00668050    0.00661921    0.00632096    0.00533149    0.00392011    0.00000000 
Fr_paral         :   0.00000000   -0.00059952   -0.00041936    0.00004539    0.00037487    0.00047405    0.00055347    0.00000000 
max(|Fsp_paral|) :   0.00000000    0.00476283    0.00073236    0.00221386    0.00413680    0.00591964    0.00440342    0.00000000 
max(|Fsp_perp|)  :   0.00000000    0.00000000    0.00000000    0.00000000    0.00000000    0.00000000    0.00000000    0.00000000 
max(|FNEB|)      :   0.00000000    0.00540209    0.00644942    0.00662330    0.00796277    0.00794665    0.00535353    0.00000000 
max(|Force|)     :   0.00015430    0.00434224    0.00671338    0.00661512    0.00628323    0.00531752    0.00389750    0.00045638 
ksp              :   0.06223469    0.09496789    0.10000000    0.10000000    0.09533802    0.07797825    0.04249674 
max(|step|)      :   0.00000000    0.00325207    0.00340215    0.00367423    0.00471954    0.00508864    0.00411989    0.00001163 
angle (deg.)     :    8.5013  7.5321  8.8291  7.3107  7.3247  8.7430 
>
iteration       : 11
climbing        : yes
zoom on         : no
nim             : 8
barrier         :   0.00233118 (image:  3) 
distance        :   0.00000000    5.67983441    9.23019456   12.61539345   15.90288789   19.18800441   22.91593525   29.35883998 
energy          : -859.67635899  -859.67500571  -859.67416687  -859.67402781  -859.67415152  -859.67461160  -859.67552039  -859.67695584 
max(|Fr_perp|)   :   0.00000000    0.00199926    0.00303094    0.00300941    0.00294028    0.00247240    0.00157542    0.00000000 
Fr_paral         :   0.00000000   -0.00055725   -0.00038808    0.00003980    0.00034609    0.00044700    0.00052152    0.00000000 
max(|Fsp_paral|) :   0.00000000    0.00455757    0.00065052    0.00249561    0.00404088    0.00611303    0.00400455    0.00000000 
max(|Fsp_perp|)  :   0.00000000    0.00000000    0.00000000    0.00000000    0.00000000    0.00000000    0.00000000    0.00000000 
max(|FNEB|)      :   0.00000000    0.00460266    0.00282500    0.00301301    0.00471955    0.00642397    0.00426598    0.00000000 
max(|Force|)     :   0.00015430    0.00203218    0.00306138    0.00300582    0.00290544    0.00241985    0.00157327    0.00045638 
ksp              :   0.06224606    0.09463154    0.10000000    0.10000000    0.09522397    0.07746168    0.04237587 
max(|step|)      :   0.00000000    0.02476237    0.01306454    0.01508788    0.03210308    0.04341038    0.03435241    0.00536651 
angle (deg.)     :    8.8426  7.5453  8.7230  7.1336  7.3077  9.0575 
>
iteration       : 12
climbing        : yes
zoom on         : no
nim             : 8
barrier         :   0.00241270 (image:  3) 
distance        :   0.00000000    5.59195726    9.25032976   12.62290050   15.80985639   19.04654092   22.81011852   29.37488988 
energy          : -859.67635899  -859.67508286  -859.67412412  -859.67394629  -859.67402230  -859.67446293  -859.67550474  -859.67695584 
max(|Fr_perp|)   :   0.00000000    0.00590713    0.00972730    0.00995036    0.01047191    0.00908325    0.00578878    0.00000000 
Fr_paral         :   0.00000000   -0.00043558   -0.00027105   -0.00000096    0.00020557    0.00033010    0.00044419    0.00000000 
max(|Fsp_paral|) :   0.00000000    0.00504814    0.00110328    0.00473009    0.00106562    0.00270739    0.00735909    0.00000000 
max(|Fsp_perp|)  :   0.00000000    0.00000000    0.00000000    0.00000000    0.00000000    0.00000000    0.00000000    0.00000000 
max(|FNEB|)      :   0.00000000    0.00645295    0.01007293    0.00995026    0.01054087    0.00925372    0.00863056    0.00000000 
max(|Force|)     :   0.00015430    0.00593207    0.00974942    0.00995046    0.01046859    0.00907802    0.00580705    0.00045638 
ksp              :   0.05760293    0.09336671    0.10000000    0.10000000    0.09716474    0.08072804    0.04186567 
max(|step|)      :   0.00000000    0.00985456    0.00786677    0.00803044    0.02038227    0.02792542    0.03003530    0.00322595 
angle (deg.)     :    8.9901  7.5800  8.6407  7.0328  7.3018  9.2179 
>
iteration       : 13
climbing        : yes
zoom on         : no
nim             : 8
barrier         :   0.00225112 (image:  3) 
distance        :   0.00000000    5.57295171    9.25580846   12.62783479   15.75369573   18.95757429   22.70657545   29.38571112 
energy          : -859.67635899  -859.67518654  -859.67425295  -859.67410787  -859.67421310  -859.67463917  -859.67558328  -859.67695584 
max(|Fr_perp|)   :   0.00000000    0.00580079    0.00963725    0.00966177    0.00903855    0.00721662    0.00485657    0.00000000 
Fr_paral         :   0.00000000   -0.00039406   -0.00023007    0.00003359    0.00018540    0.00029443    0.00039321    0.00000000 
max(|Fsp_paral|) :   0.00000000    0.00777386    0.00248634    0.00627827    0.00143762    0.00295175    0.00540956    0.00000000 
max(|Fsp_perp|)  :   0.00000000    0.00000000    0.00000000    0.00000000    0.00000000    0.00000000    0.00000000    0.00000000 
max(|FNEB|)      :   0.00000000    0.00851439    0.01042371    0.00966502    0.00965319    0.00871718    0.00716486    0.00000000 
max(|Force|)     :   0.00015430    0.00582328    0.00965601    0.00965852    0.00901851    0.00717871    0.00487260    0.00045638 
ksp              :   0.05687494    0.09419993    0.10000000    0.10000000    0.09579293    0.07875859    0.04101288 
max(|step|)      :   0.00000000    0.02194892    0.03362846    0.02801871    0.07228318    0.10000000    0.09881741    0.01382218 
angle (deg.)     :    9.2938  7.7908  8.3505  6.6572  7.3056  9.8543 
>
iteration       : 14
climbing        : yes
zoom on         : no
nim             : 8
barrier         :   0.00181059 (image:  3) 
distance        :   0.00000000    5.58925971    9.23389035   12.64437043   15.54307242   18.63047425   22.37430011   29.42396933 
energy          : -859.67635899  -859.67543910  -859.67473338  -859.67454840  -859.67457612  -859.67480404  -859.67563285  -859.67695584 
max(|Fr_perp|)   :   0.00000000    0.00368942    0.00556821    0.00605644    0.00667890    0.01237161    0.00767388    0.00000000 
Fr_paral         :   0.00000000   -0.00026008   -0.00014315    0.00002781    0.00005621    0.00011971    0.00023855    0.00000000 
max(|Fsp_paral|) :   0.00000000    0.00502767    0.00260093    0.01294951    0.00378396    0.00587882    0.00054392    0.00000000 
max(|Fsp_perp|)  :   0.00000000    0.00000000    0.00000000    0.00000000    0.00000000    0.00000000    0.00000000    0.00000000 
max(|FNEB|)      :   0.00000000    0.00516625    0.00649704    0.00619132    0.00753125    0.01325810    0.00777793    0.00000000 
max(|Force|)     :   0.00015430    0.00375553    0.00568216    0.00619677    0.00684194    0.01268649    0.00787485    0.00045638 
ksp              :   0.05572276    0.09078220    0.10000000    0.10000000    0.09874695    0.08766823    0.04624601 
max(|step|)      :   0.00000000    0.00652156    0.00820147    0.00781555    0.00950700    0.01673623    0.00981839    0.00000000 
angle (deg.)     :    9.2676  7.7600  8.3467  6.7024  7.3233  9.7888 
>
iteration       : 15
climbing        : yes
zoom on         : no
nim             : 8
barrier         :   0.00172000 (image:  3) 
distance        :   0.00000000    5.61327068    9.24600120   12.64358349   15.56128086   18.65936547   22.37110452   29.42344115 
energy          : -859.67635899  -859.67547771  -859.67480181  -859.67463899  -859.67470141  -859.67496252  -859.67569982  -859.67695584 
max(|Fr_perp|)   :   0.00000000    0.00231814    0.00328324    0.00363954    0.00441434    0.00837493    0.00530672    0.00000000 
Fr_paral         :   0.00000000   -0.00031648   -0.00019522    0.00001869    0.00011072    0.00016705    0.00026879    0.00000000 
max(|Fsp_paral|) :   0.00000000    0.00449699    0.00189945    0.01218711    0.00199937    0.00218287    0.00137135    0.00000000 
max(|Fsp_perp|)  :   0.00000000    0.00000000    0.00000000    0.00000000    0.00000000    0.00000000    0.00000000    0.00000000 
max(|FNEB|)      :   0.00000000    0.00420354    0.00359019    0.00364128    0.00432048    0.00813874    0.00509364    0.00000000 
max(|Force|)     :   0.00015430    0.00229741    0.00329857    0.00363779    0.00441294    0.00837043    0.00529626    0.00045638 
ksp              :   0.05611353    0.09148045    0.10000000    0.10000000    0.09673391    0.08307117    0.04449177 
max(|step|)      :   0.00000000    0.00440525    0.00301424    0.00139490    0.00324993    0.00371157    0.00216977    0.00000858 
angle (deg.)     :    9.2520  7.7416  8.3452  6.7297  7.3234  9.7714 
>
