 *******************************************************************************
 **                                                                           **
 **                              MOPAC v22.0.6                                **
 **                                                                           **
 *******************************************************************************
 **          Digital Object Identifier (DOI): 10.5281/zenodo.6511958          **
 **    Visit the DOI location for information on how to cite this program.    **
 *******************************************************************************

                              PM7 CALCULATION RESULTS

 *******************************************************************************
 *  CALCULATION DONE:                                Mon Mar 25 22:40:45 2024  *
 *  PM7        - The PM7 Hamiltonian to be used
 *  SINGLET    - SPIN STATE DEFINED AS A SINGLET
 *
 *
 *
 *                 CHARGE ON SYSTEM = 0
 *
 *
 *
 *  EPS=78.4   - USE ANDREAS KLAMT'S COSMO IMPLICIT SOLVATION MODEL
 *  T=         - A TIME OF 14.0 DAYS REQUESTED
 *  DUMP=N     - RESTART FILE WRITTEN EVERY 30.0 MINUTES REQUESTED
 *  RELSCF     - DEFAULT SCF CRITERION MULTIPLIED BY 1.0000
 *              (DEFAULT SCF CRITERION = 0.00010)
 *  ITRY=      - DO A MAXIMUM OF 15000 ITERATIONS FOR SCF
 *  AUX        - OUTPUT AUXILIARY INFORMATION
 *  BONDS      - FINAL BOND-ORDER MATRIX TO BE PRINTED
 *******************************************************************************
PM7 BONDS AUX DUMP=30M ITRY=15000 T=14D CHARGE=0 SINGLET eps=78.4 RELSCF=1
 Title: ASE calculation

   ATOM   CHEMICAL          X               Y               Z
  NUMBER   SYMBOL      (ANGSTROMS)     (ANGSTROMS)     (ANGSTROMS)

     1       C          1.31229000  *   3.00108000  *   2.05717000  *
     2       C          1.68832000  *   1.67759000  *   1.83338000  *
     3       C          0.72277000  *   0.70811000  *   1.55688000  *
     4       C         -0.62856000  *   1.05868000  *   1.49581000  *
     5       C         -0.96783000  *   2.38393000  *   1.72042000  *
     6       C         -0.03114000  *   3.36882000  *   2.00383000  *
     7       H          2.07375000  *   3.75371000  *   2.27743000  *
     8       H          2.74592000  *   1.40172000  *   1.87873000  *
     9       H         -1.38939000  *   0.30344000  *   1.27473000  *
    10      Cl         -2.62631000  *   2.82243000  *   1.64653000  *
    11       H         -0.32732000  *   4.40531000  *   2.18290000  *
    12       C          1.15763000  *  -0.71845000  *   1.35286000  *
    13       C          0.45850000  *  -1.67465000  *   2.31071000  *
    14       H          0.79899000  *  -2.71278000  *   2.18394000  *
    15       H         -0.63483000  *  -1.66552000  *   2.20322000  *
    16       H          0.68703000  *  -1.39598000  *   3.35387000  *
    17       N          0.83908000  *  -1.11407000  *  -0.06187000  *
    18       O          1.77003000  *  -1.34854000  *  -0.81633000  *
    19       O         -0.32516000  *  -1.17964000  *  -0.42077000  *
    20       N          6.15831000  *  -0.38960000  *   3.30505000  *
    21       C          6.61368000  *  -1.61521000  *   2.60383000  *
    22       C          8.10296000  *  -1.55805000  *   2.21608000  *
    23       C          8.37917000  *  -0.31279000  *   1.36384000  *
    24       C          7.89650000  *   0.95447000  *   2.08102000  *
    25       C          6.41405000  *   0.80994000  *   2.47006000  *
    26       H          2.28288000  *  -0.81760000  *   1.48344000  *
    27       H          6.41673000  *  -2.48699000  *   3.26377000  *
    28       H          5.98558000  *  -1.75201000  *   1.69621000  *
    29       H          8.38749000  *  -2.47320000  *   1.66485000  *
    30       H          8.73228000  *  -1.54579000  *   3.12559000  *
    31       H          9.46009000  *  -0.23580000  *   1.14152000  *
    32       H          7.87391000  *  -0.40635000  *   0.38313000  *
    33       H          8.03548000  *   1.84048000  *   1.43490000  *
    34       H          8.50977000  *   1.14016000  *   2.98250000  *
    35       H          6.06933000  *   1.70385000  *   3.03256000  *
    36       H          5.78234000  *   0.74193000  *   1.55687000  *
    37       H          6.65326000  *  -0.30002000  *   4.19936000  *
    38       H          2.97963000  *   0.21336000  *   3.97159000  *
    39       H          4.20747000  *  -0.49632000  *   3.38051000  *
    40       O          3.23114000  *  -0.54147000  *   3.43850000  *



          CARTESIAN COORDINATES 

    NO.       ATOM           X           Y           Z

     1         C          1.3123      3.0011      2.0572
     2         C          1.6883      1.6776      1.8334
     3         C          0.7228      0.7081      1.5569
     4         C         -0.6286      1.0587      1.4958
     5         C         -0.9678      2.3839      1.7204
     6         C         -0.0311      3.3688      2.0038
     7         H          2.0737      3.7537      2.2774
     8         H          2.7459      1.4017      1.8787
     9         H         -1.3894      0.3034      1.2747
    10        Cl         -2.6263      2.8224      1.6465
    11         H         -0.3273      4.4053      2.1829
    12         C          1.1576     -0.7185      1.3529
    13         C          0.4585     -1.6747      2.3107
    14         H          0.7990     -2.7128      2.1839
    15         H         -0.6348     -1.6655      2.2032
    16         H          0.6870     -1.3960      3.3539
    17         N          0.8391     -1.1141     -0.0619
    18         O          1.7700     -1.3485     -0.8163
    19         O         -0.3252     -1.1796     -0.4208
    20         N          6.1583     -0.3896      3.3051
    21         C          6.6137     -1.6152      2.6038
    22         C          8.1030     -1.5581      2.2161
    23         C          8.3792     -0.3128      1.3638
    24         C          7.8965      0.9545      2.0810
    25         C          6.4140      0.8099      2.4701
    26         H          2.2829     -0.8176      1.4834
    27         H          6.4167     -2.4870      3.2638
    28         H          5.9856     -1.7520      1.6962
    29         H          8.3875     -2.4732      1.6649
    30         H          8.7323     -1.5458      3.1256
    31         H          9.4601     -0.2358      1.1415
    32         H          7.8739     -0.4064      0.3831
    33         H          8.0355      1.8405      1.4349
    34         H          8.5098      1.1402      2.9825
    35         H          6.0693      1.7039      3.0326
    36         H          5.7823      0.7419      1.5569
    37         H          6.6533     -0.3000      4.1994
    38         H          2.9796      0.2134      3.9716
    39         H          4.2075     -0.4963      3.3805
    40         O          3.2311     -0.5415      3.4385

 General Reference for PM7:
 "Optimization of Parameters for Semiempirical Methods VI: More Modifications to the 
 NDDO Approximations and Re-optimization of Parameters", J. J. P. Stewart, J. Mol. Mod., 1:32, 19 (2013)
 https://link.springer.com/article/10.1007/s00894-012-1667-x

           Empirical Formula: C13 H21 N2 O3 Cl  =    40 atoms



      MOLECULAR POINT GROUP   :   C1  


 SINGLET STATE CALCULATION


      RHF CALCULATION, NO. OF DOUBLY OCCUPIED LEVELS = 54


          Geometry optimization using L-BFGS
  SCF CRITERION =    0.1000E-03
 CYCLE:     1 TIME:   0.211 TIME LEFT:  2.00W  GRAD.:     2.413 HEAT: -101.7207
 CYCLE:     2 TIME:   0.062 TIME LEFT:  2.00W  GRAD.:     2.363 HEAT: -101.7208
 CYCLE:     3 TIME:   0.070 TIME LEFT:  2.00W  GRAD.:     1.427 HEAT: -101.7239
 CYCLE:     4 TIME:   0.062 TIME LEFT:  2.00W  GRAD.:     2.362 HEAT: -101.7208
 CYCLE:     5 TIME:   0.062 TIME LEFT:  2.00W  GRAD.:     1.427 HEAT: -101.7239
 CYCLE:     6 TIME:   0.062 TIME LEFT:  2.00W  GRAD.:     1.311 HEAT: -101.7240
 CYCLE:     7 TIME:   0.070 TIME LEFT:  2.00W  GRAD.:     1.684 HEAT: -101.7057
 CYCLE:     8 TIME:   0.062 TIME LEFT:  2.00W  GRAD.:     3.448 HEAT: -101.6397
 CYCLE:     9 TIME:   0.070 TIME LEFT:  2.00W  GRAD.:     1.522 HEAT: -101.6424
 CYCLE:    10 TIME:   0.062 TIME LEFT:  2.00W  GRAD.:     1.021 HEAT: -101.6437
 CYCLE:    11 TIME:   0.070 TIME LEFT:  2.00W  GRAD.:     1.246 HEAT: -101.6427
 CYCLE:    12 TIME:   0.086 TIME LEFT:  2.00W  GRAD.:     1.370 HEAT: -101.6458
 CYCLE:    13 TIME:   0.078 TIME LEFT:  2.00W  GRAD.:     1.988 HEAT: -101.6427
 CYCLE:    14 TIME:   0.070 TIME LEFT:  2.00W  GRAD.:     1.271 HEAT: -101.6424
 CYCLE:    15 TIME:   0.062 TIME LEFT:  2.00W  GRAD.:     1.463 HEAT: -101.6771
 CYCLE:    16 TIME:   0.062 TIME LEFT:  2.00W  GRAD.:     2.217 HEAT: -101.6777
 CYCLE:    17 TIME:   0.078 TIME LEFT:  2.00W  GRAD.:     1.906 HEAT: -101.6911
 CYCLE:    18 TIME:   0.078 TIME LEFT:  2.00W  GRAD.:     1.671 HEAT: -101.6988
 CYCLE:    19 TIME:   0.086 TIME LEFT:  2.00W  GRAD.:     1.972 HEAT: -101.7006
 CYCLE:    20 TIME:   0.078 TIME LEFT:  2.00W  GRAD.:     3.160 HEAT: -101.6819
 CYCLE:    21 TIME:   0.094 TIME LEFT:  2.00W  GRAD.:     1.671 HEAT: -101.6793
 CYCLE:    22 TIME:   0.367 TIME LEFT:  2.00W  GRAD.:     1.335 HEAT: -101.6775
 CYCLE:    23 TIME:   0.250 TIME LEFT:  2.00W  GRAD.:     1.697 HEAT: -101.7045
 CYCLE:    24 TIME:   0.172 TIME LEFT:  2.00W  GRAD.:     3.345 HEAT: -101.7142
 CYCLE:    25 TIME:   0.125 TIME LEFT:  2.00W  GRAD.:     1.708 HEAT: -101.7151
 CYCLE:    26 TIME:   0.086 TIME LEFT:  2.00W  GRAD.:     1.381 HEAT: -101.7166
 CYCLE:    27 TIME:   0.086 TIME LEFT:  2.00W  GRAD.:     1.551 HEAT: -101.7115
 CYCLE:    28 TIME:   0.133 TIME LEFT:  2.00W  GRAD.:     3.458 HEAT: -101.7166
 CYCLE:    29 TIME:   0.094 TIME LEFT:  2.00W  GRAD.:     1.734 HEAT: -101.7180
 CYCLE:    30 TIME:   0.070 TIME LEFT:  2.00W  GRAD.:     1.444 HEAT: -101.7107
 CYCLE:    31 TIME:   0.164 TIME LEFT:  2.00W  GRAD.:     1.828 HEAT: -101.7066
 CYCLE:    32 TIME:   0.203 TIME LEFT:  2.00W  GRAD.:     2.222 HEAT: -101.7024
 CYCLE:    33 TIME:   0.148 TIME LEFT:  2.00W  GRAD.:     4.824 HEAT: -101.7401
 CYCLE:    34 TIME:   0.156 TIME LEFT:  2.00W  GRAD.:     1.807 HEAT: -101.7451
 CYCLE:    35 TIME:   0.180 TIME LEFT:  2.00W  GRAD.:     1.370 HEAT: -101.7391
 CYCLE:    36 TIME:   0.375 TIME LEFT:  2.00W  GRAD.:     1.672 HEAT: -101.7381
 CYCLE:    37 TIME:   0.211 TIME LEFT:  2.00W  GRAD.:     2.318 HEAT: -101.7443
 CYCLE:    38 TIME:   0.203 TIME LEFT:  2.00W  GRAD.:     2.644 HEAT: -101.7824
 CYCLE:    39 TIME:   0.398 TIME LEFT:  2.00W  GRAD.:     1.873 HEAT: -101.8136
 CYCLE:    40 TIME:   0.250 TIME LEFT:  2.00W  GRAD.:     2.166 HEAT: -101.8046
 CYCLE:    41 TIME:   0.242 TIME LEFT:  2.00W  GRAD.:     2.142 HEAT: -101.8100
 CYCLE:    42 TIME:   0.555 TIME LEFT:  2.00W  GRAD.:     1.839 HEAT: -101.8165
 CYCLE:    43 TIME:   0.680 TIME LEFT:  2.00W  GRAD.:     3.522 HEAT: -101.7772
 CYCLE:    44 TIME:   0.469 TIME LEFT:  2.00W  GRAD.:     2.129 HEAT: -101.7828
 CYCLE:    45 TIME:   0.453 TIME LEFT:  2.00W  GRAD.:     2.332 HEAT: -101.7978
 CYCLE:    46 TIME:   0.227 TIME LEFT:  2.00W  GRAD.:     2.600 HEAT: -101.8181
 CYCLE:    47 TIME:   0.289 TIME LEFT:  2.00W  GRAD.:     3.130 HEAT: -101.8052
 CYCLE:    48 TIME:   0.422 TIME LEFT:  2.00W  GRAD.:     2.625 HEAT: -101.8067
 CYCLE:    49 TIME:   0.383 TIME LEFT:  2.00W  GRAD.:     4.011 HEAT: -101.8146
 CYCLE:    50 TIME:   0.297 TIME LEFT:  2.00W  GRAD.:     6.127 HEAT: -101.7445
 CYCLE:    51 TIME:   0.188 TIME LEFT:  2.00W  GRAD.:     3.104 HEAT: -101.8190
 CYCLE:    52 TIME:   0.078 TIME LEFT:  2.00W  GRAD.:     1.834 HEAT: -101.8200
 CYCLE:    53 TIME:   0.250 TIME LEFT:  2.00W  GRAD.:     2.721 HEAT: -101.8289
 CYCLE:    54 TIME:   0.172 TIME LEFT:  2.00W  GRAD.:     1.660 HEAT: -101.7586
 CYCLE:    55 TIME:   0.141 TIME LEFT:  2.00W  GRAD.:     2.134 HEAT: -101.8304
 CYCLE:    56 TIME:   0.328 TIME LEFT:  2.00W  GRAD.:     1.399 HEAT: -101.7605
 CYCLE:    57 TIME:   0.859 TIME LEFT:  2.00W  GRAD.:     1.583 HEAT: -101.7638
 CYCLE:    58 TIME:   1.094 TIME LEFT:  2.00W  GRAD.:     2.073 HEAT: -101.7691
 CYCLE:    59 TIME:   0.977 TIME LEFT:  2.00W  GRAD.:     2.116 HEAT: -101.8029
 CYCLE:    60 TIME:   1.328 TIME LEFT:  2.00W  GRAD.:     2.327 HEAT: -101.8140
 CYCLE:    61 TIME:   0.891 TIME LEFT:  2.00W  GRAD.:     2.371 HEAT: -101.8347
 CYCLE:    62 TIME:   1.391 TIME LEFT:  2.00W  GRAD.:     2.244 HEAT: -101.8267
 CYCLE:    63 TIME:   0.938 TIME LEFT:  2.00W  GRAD.:     2.253 HEAT: -101.8319
 CYCLE:    64 TIME:   0.156 TIME LEFT:  2.00W  GRAD.:     3.449 HEAT: -101.9096
 CYCLE:    65 TIME:   0.078 TIME LEFT:  2.00W  GRAD.:     2.010 HEAT: -101.9446
 CYCLE:    66 TIME:   0.086 TIME LEFT:  2.00W  GRAD.:     2.094 HEAT: -101.9464
 CYCLE:    67 TIME:   0.094 TIME LEFT:  2.00W  GRAD.:     2.203 HEAT: -101.9455
 CYCLE:    68 TIME:   0.078 TIME LEFT:  2.00W  GRAD.:     3.473 HEAT: -101.9554
 CYCLE:    69 TIME:   0.070 TIME LEFT:  2.00W  GRAD.:     1.793 HEAT: -101.9858
 CYCLE:    70 TIME:   0.062 TIME LEFT:  2.00W  GRAD.:     1.923 HEAT: -101.9629
 CYCLE:    71 TIME:   0.070 TIME LEFT:  2.00W  GRAD.:     2.006 HEAT: -101.9920
 CYCLE:    72 TIME:   0.070 TIME LEFT:  2.00W  GRAD.:     5.294 HEAT: -101.8746
 CYCLE:    73 TIME:   0.062 TIME LEFT:  2.00W  GRAD.:     1.795 HEAT: -101.8894
 CYCLE:    74 TIME:   0.070 TIME LEFT:  2.00W  GRAD.:     1.475 HEAT: -101.8910
 CYCLE:    75 TIME:   0.078 TIME LEFT:  2.00W  GRAD.:     2.245 HEAT: -101.8996
 CYCLE:    76 TIME:   0.086 TIME LEFT:  2.00W  GRAD.:     4.243 HEAT: -101.8832
 CYCLE:    77 TIME:   0.078 TIME LEFT:  2.00W  GRAD.:     2.692 HEAT: -101.9175
 CYCLE:    78 TIME:   0.102 TIME LEFT:  2.00W  GRAD.:     2.632 HEAT: -101.9169
 CYCLE:    79 TIME:   0.070 TIME LEFT:  2.00W  GRAD.:     3.548 HEAT: -101.8436
 CYCLE:    80 TIME:   0.094 TIME LEFT:  2.00W  GRAD.:     4.857 HEAT: -101.8772
 CYCLE:    81 TIME:   0.070 TIME LEFT:  2.00W  GRAD.:     3.201 HEAT: -101.9810
 CYCLE:    82 TIME:   0.062 TIME LEFT:  2.00W  GRAD.:     3.158 HEAT: -101.9851
 CYCLE:    83 TIME:   0.070 TIME LEFT:  2.00W  GRAD.:     3.696 HEAT: -101.9719
 CYCLE:    84 TIME:   0.070 TIME LEFT:  2.00W  GRAD.:     6.591 HEAT: -102.0234
 CYCLE:    85 TIME:   0.078 TIME LEFT:  2.00W  GRAD.:     2.365 HEAT: -102.0263
 CYCLE:    86 TIME:   0.070 TIME LEFT:  2.00W  GRAD.:     1.918 HEAT: -101.9993
 CYCLE:    87 TIME:   0.086 TIME LEFT:  2.00W  GRAD.:     2.248 HEAT: -102.0004
 CYCLE:    88 TIME:   0.086 TIME LEFT:  2.00W  GRAD.:     4.693 HEAT: -102.0318
 CYCLE:    89 TIME:   0.078 TIME LEFT:  2.00W  GRAD.:     2.473 HEAT: -102.0551
 CYCLE:    90 TIME:   0.078 TIME LEFT:  2.00W  GRAD.:     1.882 HEAT: -102.0546
 CYCLE:    91 TIME:   0.102 TIME LEFT:  2.00W  GRAD.:     4.130 HEAT: -102.0802
 CYCLE:    92 TIME:   0.078 TIME LEFT:  2.00W  GRAD.:     2.446 HEAT: -101.9865
 CYCLE:    93 TIME:   0.086 TIME LEFT:  2.00W  GRAD.:     1.832 HEAT: -101.9832
 CYCLE:    94 TIME:   0.070 TIME LEFT:  2.00W  GRAD.:     2.064 HEAT: -101.9771
 CYCLE:    95 TIME:   0.086 TIME LEFT:  2.00W  GRAD.:     2.127 HEAT: -101.9826
 CYCLE:    96 TIME:   0.086 TIME LEFT:  2.00W  GRAD.:     5.174 HEAT: -101.9644
 CYCLE:    97 TIME:   0.086 TIME LEFT:  2.00W  GRAD.:     2.555 HEAT: -101.9722
 CYCLE:    98 TIME:   0.078 TIME LEFT:  2.00W  GRAD.:     1.978 HEAT: -101.9938
 CYCLE:    99 TIME:   0.070 TIME LEFT:  2.00W  GRAD.:     2.259 HEAT: -102.0269
 CYCLE:   100 TIME:   0.062 TIME LEFT:  2.00W  GRAD.:     3.609 HEAT: -102.0056
 CYCLE:   101 TIME:   0.086 TIME LEFT:  2.00W  GRAD.:     4.129 HEAT: -102.0377
 CYCLE:   102 TIME:   0.086 TIME LEFT:  2.00W  GRAD.:     2.481 HEAT: -102.0403
 CYCLE:   103 TIME:   0.172 TIME LEFT:  2.00W  GRAD.:     2.324 HEAT: -102.0367
 CYCLE:   104 TIME:   0.164 TIME LEFT:  2.00W  GRAD.:     2.804 HEAT: -102.0460
 CYCLE:   105 TIME:   0.117 TIME LEFT:  2.00W  GRAD.:     3.305 HEAT: -102.0028
 CYCLE:   106 TIME:   0.078 TIME LEFT:  2.00W  GRAD.:     4.513 HEAT: -102.0016
 CYCLE:   107 TIME:   0.109 TIME LEFT:  2.00W  GRAD.:     5.387 HEAT: -101.9975
 CYCLE:   108 TIME:   0.172 TIME LEFT:  2.00W  GRAD.:    11.628 HEAT: -101.9839
 CYCLE:   109 TIME:   0.141 TIME LEFT:  2.00W  GRAD.:     8.148 HEAT: -102.0095
 CYCLE:   110 TIME:   0.125 TIME LEFT:  2.00W  GRAD.:     6.162 HEAT: -102.0015
 CYCLE:   111 TIME:   0.141 TIME LEFT:  2.00W  GRAD.:     3.002 HEAT: -102.0231
 CYCLE:   112 TIME:   0.109 TIME LEFT:  2.00W  GRAD.:     4.315 HEAT: -102.0255
 CYCLE:   113 TIME:   0.086 TIME LEFT:  2.00W  GRAD.:     4.288 HEAT: -102.0090
 CYCLE:   114 TIME:   0.094 TIME LEFT:  2.00W  GRAD.:     6.671 HEAT: -102.0670
 CYCLE:   115 TIME:   0.156 TIME LEFT:  2.00W  GRAD.:     5.034 HEAT: -102.0611
 CYCLE:   116 TIME:   0.180 TIME LEFT:  2.00W  GRAD.:     5.315 HEAT: -102.0581
 CYCLE:   117 TIME:   0.117 TIME LEFT:  2.00W  GRAD.:     5.449 HEAT: -102.0738
 CYCLE:   118 TIME:   0.070 TIME LEFT:  2.00W  GRAD.:     5.409 HEAT: -102.1113
 CYCLE:   119 TIME:   0.117 TIME LEFT:  2.00W  GRAD.:     3.466 HEAT: -102.1100
 CYCLE:   120 TIME:   0.172 TIME LEFT:  2.00W  GRAD.:     3.917 HEAT: -102.1009
 CYCLE:   121 TIME:   0.141 TIME LEFT:  2.00W  GRAD.:     4.385 HEAT: -102.0882
 CYCLE:   122 TIME:   0.086 TIME LEFT:  2.00W  GRAD.:    10.475 HEAT: -102.1137
 CYCLE:   123 TIME:   0.094 TIME LEFT:  2.00W  GRAD.:     3.784 HEAT: -102.1365
 CYCLE:   124 TIME:   0.078 TIME LEFT:  2.00W  GRAD.:     2.573 HEAT: -102.1248
 CYCLE:   125 TIME:   0.109 TIME LEFT:  2.00W  GRAD.:     2.120 HEAT: -102.1343
 CYCLE:   126 TIME:   0.180 TIME LEFT:  2.00W  GRAD.:     3.489 HEAT: -102.1516
 CYCLE:   127 TIME:   0.195 TIME LEFT:  2.00W  GRAD.:     3.634 HEAT: -102.1560
 CYCLE:   128 TIME:   0.180 TIME LEFT:  2.00W  GRAD.:     2.094 HEAT: -102.1603
 CYCLE:   129 TIME:   0.164 TIME LEFT:  2.00W  GRAD.:     2.207 HEAT: -102.1636
 CYCLE:   130 TIME:   0.141 TIME LEFT:  2.00W  GRAD.:     2.773 HEAT: -102.1656
 CYCLE:   131 TIME:   0.117 TIME LEFT:  2.00W  GRAD.:     4.148 HEAT: -102.1750
 CYCLE:   132 TIME:   0.094 TIME LEFT:  2.00W  GRAD.:     2.137 HEAT: -102.1704
 CYCLE:   133 TIME:   0.242 TIME LEFT:  2.00W  GRAD.:     2.659 HEAT: -102.1595
 CYCLE:   134 TIME:   0.086 TIME LEFT:  2.00W  GRAD.:     2.909 HEAT: -102.1701
 CYCLE:   135 TIME:   0.195 TIME LEFT:  2.00W  GRAD.:     2.885 HEAT: -102.1684
 CYCLE:   136 TIME:   0.195 TIME LEFT:  2.00W  GRAD.:     2.132 HEAT: -102.1744
 CYCLE:   137 TIME:   0.367 TIME LEFT:  2.00W  GRAD.:     1.613 HEAT: -102.1732
 CYCLE:   138 TIME:   0.383 TIME LEFT:  2.00W  GRAD.:     1.497 HEAT: -102.1568
 CYCLE:   139 TIME:   0.234 TIME LEFT:  2.00W  GRAD.:     5.314 HEAT: -102.1696
 CYCLE:   140 TIME:   0.078 TIME LEFT:  2.00W  GRAD.:     1.540 HEAT: -102.1770
 CYCLE:   141 TIME:   0.164 TIME LEFT:  2.00W  GRAD.:     1.077 HEAT: -102.1784
 CYCLE:   142 TIME:   0.156 TIME LEFT:  2.00W  GRAD.:     1.521 HEAT: -102.1808
 CYCLE:   143 TIME:   0.117 TIME LEFT:  2.00W  GRAD.:     2.068 HEAT: -102.1823
 CYCLE:   144 TIME:   0.141 TIME LEFT:  2.00W  GRAD.:     3.899 HEAT: -102.1814
 CYCLE:   145 TIME:   0.094 TIME LEFT:  2.00W  GRAD.:     1.515 HEAT: -102.1845
 CYCLE:   146 TIME:   0.086 TIME LEFT:  2.00W  GRAD.:     1.505 HEAT: -102.1747
 CYCLE:   147 TIME:   0.094 TIME LEFT:  2.00W  GRAD.:     1.961 HEAT: -102.1754
 CYCLE:   148 TIME:   0.109 TIME LEFT:  2.00W  GRAD.:     2.401 HEAT: -102.2017
 CYCLE:   149 TIME:   0.102 TIME LEFT:  2.00W  GRAD.:     5.671 HEAT: -102.1968
 CYCLE:   150 TIME:   0.086 TIME LEFT:  2.00W  GRAD.:     1.505 HEAT: -102.2044
 CYCLE:   151 TIME:   0.141 TIME LEFT:  2.00W  GRAD.:     1.047 HEAT: -102.2059
 CYCLE:   152 TIME:   0.148 TIME LEFT:  2.00W  GRAD.:     1.279 HEAT: -102.2189
 CYCLE:   153 TIME:   0.219 TIME LEFT:  2.00W  GRAD.:     1.725 HEAT: -102.2074
 CYCLE:   154 TIME:   0.117 TIME LEFT:  2.00W  GRAD.:     1.703 HEAT: -102.2118
 CYCLE:   155 TIME:   0.312 TIME LEFT:  2.00W  GRAD.:     2.087 HEAT: -102.2226
 CYCLE:   156 TIME:   0.172 TIME LEFT:  2.00W  GRAD.:     1.459 HEAT: -102.2306
 CYCLE:   157 TIME:   0.242 TIME LEFT:  2.00W  GRAD.:     1.472 HEAT: -102.2653
 CYCLE:   158 TIME:   0.234 TIME LEFT:  2.00W  GRAD.:     2.125 HEAT: -102.2636
 CYCLE:   159 TIME:   0.320 TIME LEFT:  2.00W  GRAD.:     0.982 HEAT: -102.2654

 -------------------------------------------------------------------------------
 PM7 BONDS AUX DUMP=30M ITRY=15000 T=14D CHARGE=0 SINGLET eps=78.4 RELSCF=1
 Title: ASE calculation



     HERBERTS TEST WAS SATISFIED IN BFGS                      
     SCF FIELD WAS ACHIEVED                                   


                              PM7 CALCULATION
                                                       MOPAC v22.0.6 Linux
                                                       Mon Mar 25 22:41:15 2024




          FINAL HEAT OF FORMATION =       -102.26539 KCAL/MOL =    -427.87841 KJ/MOL
          VAN DER WAALS AREA      =        315.44 SQUARE ANGSTROMS



          DIELECTRIC ENERGY       =         -0.64047 EV
          COSMO AREA              =        315.44 SQUARE ANGSTROMS
          COSMO VOLUME            =        363.26 CUBIC ANGSTROMS

          GRADIENT NORM           =          0.98159          =       0.15520 PER ATOM
          IONIZATION POTENTIAL    =          9.513225 EV
          HOMO LUMO ENERGIES (EV) =         -9.513 -0.791
          NO. OF FILLED LEVELS    =         54
          MOLECULAR WEIGHT        =        288.7735         POINT GROUP:  C1  

          MOLECULAR DIMENSIONS (Angstroms)

            Atom       Atom       Distance
            H    31   Cl    10    11.25765
            H    14    H    11     6.94199
            H    38    O    18     4.94729


          SCF CALCULATIONS        =        161

          WALL-CLOCK TIME         =     30.094 SECONDS
          COMPUTATION TIME        =         34 MINUTES AND 6.528 SECONDS




   ATOM   CHEMICAL          X               Y               Z
  NUMBER   SYMBOL      (ANGSTROMS)     (ANGSTROMS)     (ANGSTROMS)

     1       C          1.99166212  *   2.64948521  *   2.19207050  *
     2       C          2.20482700  *   1.28470641  *   2.00297386  *
     3       C          1.14812813  *   0.44631417  *   1.64201395  *
     4       C         -0.13085538  *   0.97489115  *   1.45381704  *
     5       C         -0.30963471  *   2.33617237  *   1.64776830  *
     6       C          0.71955357  *   3.19188644  *   2.01650875  *
     7       H          2.82438194  *   3.29733246  *   2.47984229  *
     8       H          3.20989243  *   0.87426445  *   2.14041780  *
     9       H         -0.96253418  *   0.32759412  *   1.15933715  *
    10      Cl         -1.88174070  *   2.98717368  *   1.41784840  *
    11       H          0.55117238  *   4.26106133  *   2.16615722  *
    12       C          1.40466645  *  -1.02877953  *   1.47778345  *
    13       C          0.44365582  *  -1.88397369  *   2.29332204  *
    14       H          0.64349267  *  -2.95918875  *   2.17693432  *
    15       H         -0.61070777  *  -1.71504644  *   2.03479531  *
    16       H          0.55673650  *  -1.65808785  *   3.36753338  *
    17       N          1.25358148  *  -1.36816984  *   0.02073952  *
    18       O          2.25192188  *  -1.69567241  *  -0.60054777  *
    19       O          0.15225556  *  -1.29941230  *  -0.49873094  *
    20       N          5.74974523  *  -0.00721541  *   3.22343402  *
    21       C          6.24449034  *  -1.28586284  *   2.65587255  *
    22       C          7.71659634  *  -1.21005867  *   2.21341074  *
    23       C          7.90279482  *  -0.06744940  *   1.20750200  *
    24       C          7.38916293  *   1.25338850  *   1.79402082  *
    25       C          5.92524793  *   1.09317807  *   2.24468541  *
    26       H          2.46990561  *  -1.28597762  *   1.77588494  *
    27       H          6.10791651  *  -2.07996576  *   3.42043072  *
    28       H          5.59894006  *  -1.55633832  *   1.79113745  *
    29       H          8.03069360  *  -2.17235162  *   1.76984131  *
    30       H          8.37003818  *  -1.05405723  *   3.09152543  *
    31       H          8.96867423  *   0.02659596  *   0.92986225  *
    32       H          7.36373305  *  -0.29853584  *   0.26861665  *
    33       H          7.47091076  *   2.06608218  *   1.04952840  *
    34       H          8.01949818  *   1.56153076  *   2.64829916  *
    35       H          5.55580390  *   2.03302830  *   2.70805601  *
    36       H          5.28093064  *   0.88675932  *   1.36150234  *
    37       H          6.26235262  *   0.21214302  *   4.08485364  *
    38       H          2.60878223  *  -0.13246503  *   4.33239022  *
    39       H          3.94725146  *  -0.56883844  *   3.71718987  *
    40       O          3.05217194  *  -0.88962496  *   3.94839666  *

                             CARTESIAN COORDINATES

   1    C        1.991662117     2.649485209     2.192070503
   2    C        2.204827004     1.284706410     2.002973861
   3    C        1.148128131     0.446314172     1.642013949
   4    C       -0.130855381     0.974891151     1.453817035
   5    C       -0.309634708     2.336172371     1.647768300
   6    C        0.719553570     3.191886436     2.016508751
   7    H        2.824381944     3.297332463     2.479842285
   8    H        3.209892433     0.874264446     2.140417795
   9    H       -0.962534178     0.327594117     1.159337155
  10   Cl       -1.881740698     2.987173681     1.417848404
  11    H        0.551172376     4.261061334     2.166157222
  12    C        1.404666449    -1.028779533     1.477783455
  13    C        0.443655820    -1.883973688     2.293322039
  14    H        0.643492667    -2.959188747     2.176934319
  15    H       -0.610707773    -1.715046444     2.034795310
  16    H        0.556736503    -1.658087848     3.367533380
  17    N        1.253581476    -1.368169840     0.020739521
  18    O        2.251921878    -1.695672410    -0.600547772
  19    O        0.152255561    -1.299412302    -0.498730945
  20    N        5.749745234    -0.007215413     3.223434021
  21    C        6.244490335    -1.285862842     2.655872552
  22    C        7.716596342    -1.210058666     2.213410744
  23    C        7.902794825    -0.067449400     1.207502002
  24    C        7.389162934     1.253388504     1.794020825
  25    C        5.925247932     1.093178072     2.244685409
  26    H        2.469905606    -1.285977619     1.775884938
  27    H        6.107916509    -2.079965761     3.420430722
  28    H        5.598940063    -1.556338323     1.791137445
  29    H        8.030693595    -2.172351622     1.769841315
  30    H        8.370038181    -1.054057234     3.091525426
  31    H        8.968674228     0.026595962     0.929862252
  32    H        7.363733053    -0.298535836     0.268616646
  33    H        7.470910757     2.066082184     1.049528395
  34    H        8.019498182     1.561530761     2.648299156
  35    H        5.555803895     2.033028304     2.708056010
  36    H        5.280930635     0.886759324     1.361502338
  37    H        6.262352618     0.212143017     4.084853642
  38    H        2.608782229    -0.132465035     4.332390220
  39    H        3.947251462    -0.568838440     3.717189875
  40    O        3.052171942    -0.889624961     3.948396659


           Empirical Formula: C13 H21 N2 O3 Cl  =    40 atoms



      MOLECULAR POINT GROUP   :   C1  


                  EIGENVALUES  
 -37.44549 -35.47281 -31.62610 -30.92322 -29.37974 -28.84602 -28.18402 -27.50920
 -26.14828 -26.10329 -25.04452 -24.96848 -22.54016 -22.35337 -21.29328 -21.20511
 -20.50958 -19.75600 -18.57693 -18.47585 -17.69030 -17.55007 -17.28370 -16.79906
 -16.42147 -15.70268 -15.52410 -15.46263 -15.17846 -15.00571 -14.81877 -14.57712
 -14.19116 -14.10557 -14.03475 -13.79763 -13.17393 -13.09296 -13.00591 -12.75907
 -12.58412 -12.23966 -12.12459 -12.06922 -12.03427 -11.99101 -11.86894 -11.59958
 -11.48867 -11.37156 -11.31893 -10.44882 -10.13496  -9.51322  -0.79143  -0.49879
  -0.45955   0.45838   0.61745   1.82052   2.79380   3.04167   3.16835   3.64416
   3.79576   3.90858   4.01073   4.02310   4.21733   4.25383   4.31508   4.37420
   4.45387   4.61485   4.72827   4.75110   5.00844   5.05921   5.37322   5.38900
   5.42007   5.48896   5.55721   5.64938   5.65661   5.71037   5.82144   5.86272
   5.96678   6.13850   6.30246   6.50142   6.55244   6.61161   6.64762   6.72044
   6.94242  69.36620  69.37925  69.41187  69.65784  69.67309


              NET ATOMIC CHARGES AND DIPOLE CONTRIBUTIONS

  ATOM NO.   TYPE          CHARGE      No. of ELECS.   s-Pop       p-Pop       d-Pop       
    1          C          -0.121268        4.1213     1.08880     3.03247
    2          C          -0.143385        4.1434     1.09120     3.05218
    3          C          -0.036705        4.0367     1.06793     2.96877
    4          C          -0.164618        4.1646     1.08792     3.07670
    5          C           0.013405        3.9866     1.09486     2.89174
    6          C          -0.158172        4.1582     1.08908     3.06909
    7          H           0.179735        0.8203     0.82026
    8          H           0.177183        0.8228     0.82282
    9          H           0.195321        0.8047     0.80468
   10         Cl          -0.112200        7.1122     1.98055     5.12523     0.00642
   11          H           0.186750        0.8132     0.81325
   12          C          -0.032787        4.0328     1.09674     2.93604
   13          C          -0.462778        4.4628     1.05797     3.40481
   14          H           0.176810        0.8232     0.82319
   15          H           0.174474        0.8255     0.82553
   16          H           0.187618        0.8124     0.81238
   17          N           0.618214        4.3818     1.48150     2.90029
   18          O          -0.447968        6.4480     1.93978     4.50818
   19          O          -0.447131        6.4471     1.93916     4.50798
   20          N          -0.560353        5.5604     1.67074     3.88961
   21          C          -0.115146        4.1151     1.06989     3.04526
   22          C          -0.317274        4.3173     1.06482     3.25245
   23          C          -0.264451        4.2645     1.05781     3.20664
   24          C          -0.316170        4.3162     1.06494     3.25123
   25          C          -0.112228        4.1122     1.06996     3.04227
   26          H           0.216260        0.7837     0.78374
   27          H           0.139247        0.8608     0.86075
   28          H           0.149286        0.8507     0.85071
   29          H           0.147422        0.8526     0.85258
   30          H           0.143947        0.8561     0.85605
   31          H           0.138022        0.8620     0.86198
   32          H           0.144479        0.8555     0.85552
   33          H           0.147127        0.8529     0.85287
   34          H           0.143023        0.8570     0.85698
   35          H           0.141361        0.8586     0.85864
   36          H           0.146768        0.8532     0.85323
   37          H           0.271083        0.7289     0.72892
   38          H           0.362164        0.6378     0.63784
   39          H           0.382689        0.6173     0.61731
   40          O          -0.769756        6.7698     1.81581     4.95394
 DIPOLE           X         Y         Z       TOTAL
 POINT-CHG.     5.310     2.536     5.464     8.030
 HYBRID         0.848     0.332    -0.264     0.948
 SUM            6.158     2.868     5.201     8.555


          ATOMIC ORBITAL ELECTRON POPULATIONS

     Atom    s        px        py        pz      x^2-y^2     xz        z^2       yz        xy
    1  C   1.08880   1.03975   1.01611   0.97660
    2  C   1.09120   1.07106   0.99801   0.98311
    3  C   1.06793   0.98369   0.95421   1.03087
    4  C   1.08792   1.05653   1.01002   1.01015
    5  C   1.09486   0.87275   0.97482   1.04416
    6  C   1.08908   0.98493   1.09187   0.99229
    7  H   0.82026
    8  H   0.82282
    9  H   0.80468
   10 Cl   1.98055   1.29576   1.87342   1.95605   0.00210   0.00083   0.00115   0.00016   0.00218
   11  H   0.81325
   12  C   1.09674   1.14598   0.98912   0.80094
   13  C   1.05797   1.11942   1.13561   1.14978
   14  H   0.82319
   15  H   0.82553
   16  H   0.81238
   17  N   1.48150   0.95189   0.91458   1.03381
   18  O   1.93978   1.28283   1.52558   1.69977
   19  O   1.93916   1.15978   1.58547   1.76272
   20  N   1.67074   1.60342   1.11171   1.17448
   21  C   1.06989   1.00104   0.93162   1.11260
   22  C   1.06482   1.05099   1.09130   1.11016
   23  C   1.05781   1.14153   0.99334   1.07177
   24  C   1.06494   1.04584   1.06022   1.14516
   25  C   1.06996   1.01972   0.99051   1.03203
   26  H   0.78374
   27  H   0.86075
   28  H   0.85071
   29  H   0.85258
   30  H   0.85605
   31  H   0.86198
   32  H   0.85552
   33  H   0.85287
   34  H   0.85698
   35  H   0.85864
   36  H   0.85323
   37  H   0.72892
   38  H   0.63784
   39  H   0.61731
   40  O   1.81581   1.50360   1.55807   1.89228

          BONDING CONTRIBUTION OF EACH M.O.

  1.3112  1.3604  1.8742  0.9907  1.6460  1.2255  1.8532  1.2845  1.6636  1.9473
  1.3628  1.0414  1.7287  1.8873  1.8467  1.8903  1.5739  1.9437  1.3377  1.5811
  1.6237  1.6817  1.7245  1.9206  1.9329  1.8199  1.8651  1.9260  1.9308  1.8652
  1.8532  1.7912  1.2905  1.8008  1.5827  1.7578  1.9575  1.9119  1.8806  1.7058
  1.7039  0.8479  1.8285  1.7958  0.3490  0.8838  0.4001  0.3458  0.7677  2.0037
  1.9767  1.9444  1.5333  1.0760 -2.0959 -2.0677 -2.2770 -2.0517 -1.9792 -2.0103
 -1.9606 -1.9348 -1.9629 -1.9605 -1.9705 -1.9853 -1.9954 -2.0047 -1.9729 -1.9999
 -1.9771 -1.9629 -2.0067 -1.8686 -1.9524 -1.9257 -1.8928 -1.9794 -1.9644 -1.9490
 -1.9538 -1.9413 -1.9558 -1.9683 -1.9482 -1.9512 -1.9470 -1.9605 -1.9883 -1.9607
 -1.9618 -1.9581 -1.8901 -1.9416 -1.9413 -1.8815 -1.7508 -0.0061 -0.0106 -0.0025
 -0.0001 -0.0013





            (VALENCIES)   BOND ORDERS

     1  C     (3.966)     6  C 1.440     2  C 1.439     7  H 0.955     4  C 0.110    10 Cl 0.011

     2  C     (3.967)     1  C 1.439     3  C 1.425     8  H 0.951     5  C 0.108

     3  C     (3.992)     2  C 1.425     4  C 1.418    12  C 0.990     6  C 0.111    10 Cl 0.010

     4  C     (3.962)     5  C 1.432     3  C 1.418     9  H 0.945     1  C 0.110    10 Cl 0.025

     5  C     (3.962)     4  C 1.432     6  C 1.419    10 Cl 0.983     2  C 0.108

     6  C     (3.965)     1  C 1.440     5  C 1.419    11  H 0.951     3  C 0.111    10 Cl 0.024

     7  H     (0.968)     1  C 0.955

     8  H     (0.969)     2  C 0.951

     9  H     (0.962)     4  C 0.945

    10 Cl     (1.066)     5  C 0.983     4  C 0.025     6  C 0.024     1  C 0.011     3  C 0.010

    11  H     (0.965)     6  C 0.951

    12  C     (3.896)    13  C 0.994     3  C 0.990    26  H 0.933    17  N 0.816    19  O 0.068    18  O 0.066

    13  C     (3.897)    12  C 0.994    15  H 0.959    14  H 0.959    16  H 0.949

    14  H     (0.969)    13  C 0.959

    15  H     (0.970)    13  C 0.959

    16  H     (0.965)    13  C 0.949

    17  N     (3.740)    19  O 1.446    18  O 1.443    12  C 0.816

    18  O     (1.837)    17  N 1.443    19  O 0.303    12  C 0.066

    19  O     (1.841)    17  N 1.446    18  O 0.303    12  C 0.068

    20  N     (2.936)    21  C 0.972    25  C 0.970    37  H 0.902    39  H 0.034    22  C 0.014    40  O 0.014
                         24  C 0.013

    21  C     (3.931)    22  C 0.995    20  N 0.972    27  H 0.966    28  H 0.965

    22  C     (3.957)    23  C 1.002    21  C 0.995    30  H 0.969    29  H 0.966    20  N 0.014

    23  C     (3.960)    22  C 1.002    24  C 1.002    31  H 0.970    32  H 0.969

    24  C     (3.957)    23  C 1.002    25  C 0.994    34  H 0.969    33  H 0.966    20  N 0.013

    25  C     (3.931)    24  C 0.994    20  N 0.970    35  H 0.965    36  H 0.965

    26  H     (0.953)    12  C 0.933

    27  H     (0.981)    21  C 0.966

    28  H     (0.978)    21  C 0.965

    29  H     (0.978)    22  C 0.966

    30  H     (0.979)    22  C 0.969

    31  H     (0.981)    23  C 0.970

    32  H     (0.979)    23  C 0.969

    33  H     (0.978)    24  C 0.966

    34  H     (0.980)    24  C 0.969

    35  H     (0.980)    25  C 0.965

    36  H     (0.978)    25  C 0.965

    37  H     (0.927)    20  N 0.902

    38  H     (0.869)    40  O 0.865

    39  H     (0.854)    40  O 0.815    20  N 0.034

    40  O     (1.705)    38  H 0.865    39  H 0.815    20  N 0.014


 **********************
 *                    *
 * JOB ENDED NORMALLY *
 *                    *
 **********************



 TOTAL JOB TIME:            30.11 SECONDS

 == MOPAC DONE ==
