NEB log file generated by ORCA
All quantities are given in atomic units. Unless stated otherwise. 
iteration       : 0
climbing        : no
zoom on         : no
nim             : 8
barrier         :   0.10371493 (image:  4) 
distance        :   0.00000000    1.69663927    3.39472312    5.09418574    6.79510959    8.49802438   10.20199901   11.90615062 
energy          : -550.09001686  -550.07217461  -550.03775743  -550.00489649  -549.98630193  -549.99656309  -550.03721982  -550.07443776 
max(|Fr_perp|)   :   0.00000000    0.05606987    0.08499007    0.10078896    0.09489818    0.06169633    0.04197306    0.00000000 
Fr_paral         :   0.00000000   -0.01680442   -0.02051215   -0.01574907   -0.00354924    0.01556035    0.02733860    0.00000000 
max(|Fsp_paral|) :   0.00000000    0.02695728    0.02796879    0.01590147    0.00009250    0.00775150    0.02488269    0.00000000 
max(|Fsp_perp|)  :   0.00000000    0.00000000    0.00000000    0.00000000    0.00000000    0.00000000    0.00000000    0.00000000 
max(|FNEB|)      :   0.00000000    0.06279375    0.08670842    0.10163032    0.09496263    0.06371113    0.04607405    0.00000000 
max(|Force|)     :   0.00042864    0.05426036    0.08703341    0.10256454    0.09536175    0.06001554    0.04519188    0.00117625 
ksp              :   0.01234843    0.04750738    0.08104971    0.10000000    0.10000000    0.08948894    0.04799384 
max(|step|)      :   0.00000000    0.06178643    0.08531747    0.10000000    0.09343927    0.06268909    0.04533495    0.00000000 
angle (deg.)     :    11.1207  10.3947  9.5221  8.9710  8.6090  8.1373 
>
iteration       : 1
climbing        : no
zoom on         : no
nim             : 8
barrier         :   0.08075519 (image:  5) 
distance        :   0.00000000    1.75655143    3.45014908    5.12330051    6.79236424    8.47948127   10.13301183   11.90621982 
energy          : -550.09001686  -550.08363916  -550.06405271  -550.03652206  -550.01236903  -550.00926167  -550.04548504  -550.07443776 
max(|Fr_perp|)   :   0.00000000    0.02720150    0.05208544    0.06727461    0.06716259    0.04672403    0.03911994    0.00000000 
Fr_paral         :   0.00000000   -0.00857983   -0.01665761   -0.01894239   -0.01332475    0.01123904    0.02913594    0.00000000 
max(|Fsp_paral|) :   0.00000000    0.01071292    0.03089073    0.02709278    0.00386902    0.00142968    0.02702842    0.00000000 
max(|Fsp_perp|)  :   0.00000000    0.00000000    0.00000000    0.00000000    0.00000000    0.00000000    0.00000000    0.00000000 
max(|FNEB|)      :   0.00000000    0.02764255    0.05905366    0.07304436    0.06820145    0.04716195    0.04181029    0.00000000 
max(|Force|)     :   0.00042864    0.02761029    0.05251639    0.06529729    0.06826643    0.04577161    0.04200008    0.00117625 
ksp              :   0.01000000    0.02434046    0.06235683    0.09570912    0.10000000    0.10000000    0.04998007 
max(|step|)      :   0.00000000    0.04881683    0.08707057    0.10000000    0.09810335    0.06934701    0.05685177    0.00705639 
angle (deg.)     :    11.5453  10.6274  9.5664  9.5712  9.1162  12.3762 
>
iteration       : 2
climbing        : no
zoom on         : no
nim             : 8
barrier         :   0.06972923 (image:  5) 
distance        :   0.00000000    1.80679957    3.54364802    5.20405899    6.82039892    8.49401938   10.06286217   11.94690027 
energy          : -550.09001686  -550.08759176  -550.07924408  -550.06023976  -550.03449724  -550.02028763  -550.05368567  -550.07443776 
max(|Fr_perp|)   :   0.00000000    0.01217568    0.03159317    0.05423857    0.05970245    0.03968770    0.03731250    0.00000000 
Fr_paral         :   0.00000000   -0.00240210   -0.00892511   -0.01687909   -0.01964187    0.00588188    0.03234946    0.00000000 
max(|Fsp_paral|) :   0.00000000    0.00031835    0.01896563    0.03295083    0.01855154    0.00421807    0.02525099    0.00000000 
max(|Fsp_perp|)  :   0.00000000    0.00000000    0.00000000    0.00000000    0.00000000    0.00000000    0.00000000    0.00000000 
max(|FNEB|)      :   0.00000000    0.01226590    0.03064689    0.05380150    0.05911454    0.04125337    0.03549640    0.00000000 
max(|Force|)     :   0.00042864    0.01237573    0.03184510    0.05439049    0.05997209    0.04030839    0.03948899    0.00117625 
ksp              :   0.01000000    0.01000000    0.03366052    0.07643614    0.10000000    0.10000000    0.04450367 
max(|step|)      :   0.00000000    0.02074937    0.05184323    0.09101231    0.10000000    0.06978550    0.06004682    0.00000000 
angle (deg.)     :    11.5636  10.9813  10.1869  11.2760  11.0944  19.5422 
>
iteration       : 3
climbing        : no
zoom on         : no
nim             : 8
barrier         :   0.05930766 (image:  5) 
distance        :   0.00000000    1.80584578    3.61352006    5.33063486    6.91847772    8.50621593    9.98134143   12.01199188 
energy          : -550.09001686  -550.08840357  -550.08420172  -550.07419612  -550.05322407  -550.03070920  -550.06043035  -550.07443776 
max(|Fr_perp|)   :   0.00000000    0.01178824    0.01946348    0.03392141    0.05244756    0.03565720    0.02770143    0.00000000 
Fr_paral         :   0.00000000   -0.00119224   -0.00277052   -0.01023000   -0.02234887   -0.00123371    0.03327951    0.00000000 
max(|Fsp_paral|) :   0.00000000    0.00000839    0.00002560    0.03260856    0.03049651    0.00431664    0.02298558    0.00000000 
max(|Fsp_perp|)  :   0.00000000    0.00000000    0.00000000    0.00000000    0.00000000    0.00000000    0.00000000    0.00000000 
max(|FNEB|)      :   0.00000000    0.01178629    0.01947828    0.03380808    0.04946498    0.03758689    0.02927800    0.00000000 
max(|Force|)     :   0.00042864    0.01183587    0.01942764    0.03393769    0.05335139    0.03586775    0.03464360    0.00117625 
ksp              :   0.01000000    0.01000000    0.01049734    0.05366100    0.10000000    0.10000000    0.03882938 
max(|step|)      :   0.00000000    0.01767846    0.04380358    0.07955868    0.10000000    0.07380379    0.05969976    0.00880811 
angle (deg.)     :    11.8039  11.3448  11.0637  14.3088  14.4971  27.7140 
>
iteration       : 4
climbing        : no
zoom on         : no
nim             : 8
barrier         :   0.05034181 (image:  5) 
distance        :   0.00000000    1.80535516    3.64846544    5.46693255    7.05690150    8.52300895    9.91031637   12.10365635 
energy          : -550.09001686  -550.08880099  -550.08573624  -550.08040717  -550.06545437  -550.03967506  -550.06425883  -550.07443776 
max(|Fr_perp|)   :   0.00000000    0.00854149    0.01754062    0.02375249    0.03278907    0.03393058    0.01661385    0.00000000 
Fr_paral         :   0.00000000   -0.00094003   -0.00045193   -0.00502785   -0.01867043   -0.00865308    0.02876492    0.00000000 
max(|Fsp_paral|) :   0.00000000    0.00017301    0.00012101    0.01662507    0.03784819    0.00288530    0.02093745    0.00000000 
max(|Fsp_perp|)  :   0.00000000    0.00000000    0.00000000    0.00000000    0.00000000    0.00000000    0.00000000    0.00000000 
max(|FNEB|)      :   0.00000000    0.00856503    0.01762131    0.02424455    0.03858084    0.03485118    0.02629962    0.00000000 
max(|Force|)     :   0.00042864    0.00861376    0.01760067    0.02435977    0.03406210    0.03494701    0.02683116    0.00117625 
ksp              :   0.01000000    0.01000000    0.01000000    0.03328408    0.10000000    0.10000000    0.03633645 
max(|step|)      :   0.00000000    0.02220022    0.04567375    0.06284092    0.10000000    0.09033287    0.06816757    0.00000000 
angle (deg.)     :    11.9902  11.2953  12.7551  16.6716  22.4520  35.3457 
>
iteration       : 5
climbing        : no
zoom on         : no
nim             : 8
barrier         :   0.04149205 (image:  5) 
distance        :   0.00000000    1.80610462    3.64313557    5.55256752    7.30961655    8.52878711    9.80627326   12.17682226 
energy          : -550.09001686  -550.08885057  -550.08633417  -550.08276409  -550.06921906  -550.04852482  -550.06413215  -550.07443776 
max(|Fr_perp|)   :   0.00000000    0.01767806    0.02764537    0.03041391    0.03160186    0.03208115    0.01205083    0.00000000 
Fr_paral         :   0.00000000   -0.00109373   -0.00332844   -0.00570725   -0.02053821   -0.01706484    0.02885364    0.00000000 
max(|Fsp_paral|) :   0.00000000    0.00014105    0.00035479    0.01412182    0.02859936    0.00215192    0.00792266    0.00000000 
max(|Fsp_perp|)  :   0.00000000    0.00000000    0.00000000    0.00000000    0.00000000    0.00000000    0.00000000    0.00000000 
max(|FNEB|)      :   0.00000000    0.01766053    0.02764182    0.03137807    0.04884489    0.03109250    0.01157017    0.00000000 
max(|Force|)     :   0.00042864    0.01773545    0.02775695    0.03058396    0.03208975    0.03496271    0.02329938    0.00117625 
ksp              :   0.01000000    0.01000000    0.01000000    0.02812545    0.10000000    0.10000000    0.04579313 
max(|step|)      :   0.00000000    0.01297681    0.02294547    0.04251291    0.10000000    0.08271305    0.04436399    0.00243907 
angle (deg.)     :    11.9416  12.0807  14.0392  20.2129  31.8171  43.3846 
>
iteration       : 6
climbing        : no
zoom on         : no
nim             : 8
barrier         :   0.03444236 (image:  5) 
distance        :   0.00000000    1.80746432    3.64559395    5.64348972    7.55065716    8.58298375    9.80126910   12.30374906 
energy          : -550.09001686  -550.08910179  -550.08704081  -550.08441971  -550.07257402  -550.05557450  -550.06437783  -550.07443776 
max(|Fr_perp|)   :   0.00000000    0.01076559    0.01717065    0.02814592    0.02161891    0.02378089    0.01017146    0.00000000 
Fr_paral         :   0.00000000   -0.00067746   -0.00207294   -0.00232348   -0.01967669   -0.02293977    0.02565576    0.00000000 
max(|Fsp_paral|) :   0.00000000    0.00013980    0.00078150    0.00741254    0.02495692    0.00792476    0.01085727    0.00000000 
max(|Fsp_perp|)  :   0.00000000    0.00000000    0.00000000    0.00000000    0.00000000    0.00000000    0.00000000    0.00000000 
max(|FNEB|)      :   0.00000000    0.01085066    0.01729530    0.03091731    0.04171625    0.01937904    0.01811140    0.00000000 
max(|Force|)     :   0.00042864    0.01090014    0.01738822    0.02796575    0.02091086    0.02925445    0.01922318    0.00117625 
ksp              :   0.01000000    0.01000000    0.01000000    0.01894840    0.10000000    0.10000000    0.05800595 
max(|step|)      :   0.00000000    0.02449836    0.03904890    0.06980435    0.09418592    0.04375352    0.04089147    0.00000000 
angle (deg.)     :    11.6605  12.2876  13.7582  21.9856  35.3186  49.7816 
>
iteration       : 7
climbing        : no
zoom on         : no
nim             : 8
barrier         :   0.03184173 (image:  5) 
distance        :   0.00000000    1.80831892    3.65448747    5.69162790    7.73537496    8.67906848    9.92405674   12.41375193 
energy          : -550.09001686  -550.08900783  -550.08699210  -550.08453792  -550.07268889  -550.05817513  -550.06601298  -550.07443776 
max(|Fr_perp|)   :   0.00000000    0.01602230    0.02456231    0.03365642    0.02542021    0.01931131    0.00814295    0.00000000 
Fr_paral         :   0.00000000   -0.00024570    0.00096774    0.00006029   -0.01734778   -0.02409753    0.00681532    0.00000000 
max(|Fsp_paral|) :   0.00000000    0.00017299    0.00094263    0.00904024    0.01906960    0.01370564    0.00826438    0.00000000 
max(|Fsp_perp|)  :   0.00000000    0.00000000    0.00000000    0.00000000    0.00000000    0.00000000    0.00000000    0.00000000 
max(|FNEB|)      :   0.00000000    0.01603908    0.02459963    0.03067787    0.02791096    0.02144588    0.01037568    0.00000000 
max(|Force|)     :   0.00042864    0.01601228    0.02459053    0.03364731    0.02501191    0.02408896    0.00809674    0.00117625 
ksp              :   0.01000000    0.01000000    0.01000000    0.01967857    0.10000000    0.10000000    0.05662410 
max(|step|)      :   0.00000000    0.00735581    0.01321526    0.01885923    0.05522228    0.04179889    0.03068064    0.00344614 
angle (deg.)     :    11.6573  12.0990  14.0232  24.2020  39.4323  54.6616 
>
iteration       : 8
climbing        : no
zoom on         : no
nim             : 8
barrier         :   0.02980275 (image:  5) 
distance        :   0.00000000    1.80854120    3.65704021    5.72973680    7.88359444    8.76779191   10.02285132   12.49369959 
energy          : -550.09001686  -550.08923309  -550.08748074  -550.08541686  -550.07359912  -550.06021412  -550.06647775  -550.07443776 
max(|Fr_perp|)   :   0.00000000    0.01012085    0.01442788    0.03308361    0.01654516    0.01523820    0.01414724    0.00000000 
Fr_paral         :   0.00000000   -0.00037820    0.00057984   -0.00042803   -0.01800230   -0.02465593   -0.00864774    0.00000000 
max(|Fsp_paral|) :   0.00000000    0.00018250    0.00110478    0.00551630    0.01866039    0.01792186    0.01244500    0.00000000 
max(|Fsp_perp|)  :   0.00000000    0.00000000    0.00000000    0.00000000    0.00000000    0.00000000    0.00000000    0.00000000 
max(|FNEB|)      :   0.00000000    0.01020138    0.01447602    0.03121674    0.02513198    0.02023862    0.01371963    0.00000000 
max(|Force|)     :   0.00042864    0.01005886    0.01444528    0.03314962    0.02037806    0.02117372    0.01600621    0.00117625 
ksp              :   0.01000000    0.01000000    0.01000000    0.01530653    0.10000000    0.10000000    0.06036691 
max(|step|)      :   0.00000000    0.01193629    0.02048315    0.02840967    0.10000000    0.06982232    0.05426460    0.00103353 
angle (deg.)     :    11.6492  11.9667  14.8077  28.8452  46.2464  62.3159 
>
iteration       : 9
climbing        : no
zoom on         : no
nim             : 8
barrier         :   0.02774982 (image:  5) 
distance        :   0.00000000    1.80951520    3.66328544    5.79075528    8.14173673    8.93331786   10.21660018   12.64647911 
energy          : -550.09001686  -550.08937174  -550.08775662  -550.08620742  -550.07422720  -550.06226704  -550.06570587  -550.07443776 
max(|Fr_perp|)   :   0.00000000    0.00993529    0.01274627    0.02973851    0.01658243    0.01246522    0.02651150    0.00000000 
Fr_paral         :   0.00000000   -0.00055876    0.00032192   -0.00062097   -0.01929733   -0.02402262   -0.04063080    0.00000000 
max(|Fsp_paral|) :   0.00000000    0.00020205    0.00134578    0.00266578    0.01644597    0.02617164    0.02956964    0.00000000 
max(|Fsp_perp|)  :   0.00000000    0.00000000    0.00000000    0.00000000    0.00000000    0.00000000    0.00000000    0.00000000 
max(|FNEB|)      :   0.00000000    0.01008903    0.01293993    0.02902808    0.02358768    0.02352003    0.02956779    0.00000000 
max(|Force|)     :   0.00042864    0.00991318    0.01283543    0.03005706    0.01982507    0.01631527    0.03469875    0.00117625 
ksp              :   0.01000000    0.01000000    0.01000000    0.01160566    0.10000000    0.10000000    0.07466642 
max(|step|)      :   0.00000000    0.03412168    0.04376361    0.09817467    0.07977491    0.07954612    0.10000000    0.00000000 
angle (deg.)     :    12.3052  12.3687  16.6208  31.8296  45.1829  65.2849 
>
iteration       : 10
climbing        : no
zoom on         : no
nim             : 8
barrier         :   0.03140954 (image:  5) 
distance        :   0.00000000    1.81206881    3.67146852    5.80843706    8.32927107    9.10180300   10.41570406   12.68905490 
energy          : -550.09001686  -550.08895506  -550.08647780  -550.08236727  -550.07148300  -550.05860732  -550.06867837  -550.07443776 
max(|Fr_perp|)   :   0.00000000    0.02084435    0.02405716    0.05846871    0.04108860    0.02524771    0.02170070    0.00000000 
Fr_paral         :   0.00000000    0.00024541   -0.00300574   -0.00169567   -0.02317976   -0.02637415   -0.02622844    0.00000000 
max(|Fsp_paral|) :   0.00000000    0.00021563    0.00134933    0.02008742    0.00311524    0.02704581    0.01862179    0.00000000 
max(|Fsp_perp|)  :   0.00000000    0.00000000    0.00000000    0.00000000    0.00000000    0.00000000    0.00000000    0.00000000 
max(|FNEB|)      :   0.00000000    0.02077223    0.02440957    0.06639202    0.04247384    0.04090796    0.03093653    0.00000000 
max(|Force|)     :   0.00042864    0.02081406    0.02367308    0.05817706    0.03778193    0.02545854    0.02658852    0.00117625 
ksp              :   0.01000000    0.01000000    0.01000000    0.02679859    0.10000000    0.10000000    0.04274357 
max(|step|)      :   0.00000000    0.01221549    0.01871993    0.04166644    0.04611895    0.05366268    0.03760579    0.00107805 
angle (deg.)     :    11.7835  12.7428  16.1919  34.5070  44.7138  66.1886 
>
iteration       : 11
climbing        : no
zoom on         : no
nim             : 8
barrier         :   0.03180314 (image:  5) 
distance        :   0.00000000    1.81211418    3.67849306    5.86303415    8.40777371    9.22758862   10.47477296   12.71255195 
energy          : -550.09001686  -550.08946104  -550.08790372  -550.08633754  -550.07416067  -550.05821372  -550.07053316  -550.07443776 
max(|Fr_perp|)   :   0.00000000    0.00969981    0.01310972    0.02974337    0.02103472    0.01239286    0.00919572    0.00000000 
Fr_paral         :   0.00000000   -0.00017331   -0.00060903   -0.00114133   -0.02493072   -0.02602158    0.00227350    0.00000000 
max(|Fsp_paral|) :   0.00000000    0.00024766    0.00155347    0.00326802    0.01733772    0.02124755    0.02866979    0.00000000 
max(|Fsp_perp|)  :   0.00000000    0.00000000    0.00000000    0.00000000    0.00000000    0.00000000    0.00000000    0.00000000 
max(|FNEB|)      :   0.00000000    0.00961166    0.01295178    0.03098151    0.02725947    0.02124068    0.03276147    0.00000000 
max(|Force|)     :   0.00042864    0.00972371    0.01314336    0.02955264    0.01869003    0.02049179    0.00903558    0.00117625 
ksp              :   0.01000000    0.01000000    0.01000000    0.01153711    0.10000000    0.10000000    0.03166007 
max(|step|)      :   0.00000000    0.01992142    0.02532143    0.07016275    0.10000000    0.09689301    0.05824786    0.00465852 
angle (deg.)     :    11.4615  12.9093  16.5589  39.2824  46.8220  69.8513 
>
iteration       : 12
climbing        : no
zoom on         : no
nim             : 8
barrier         :   0.03404230 (image:  5) 
distance        :   0.00000000    1.81330658    3.69392343    5.94078414    8.64302979    9.50863439   10.56981001   12.77444962 
energy          : -550.09001686  -550.08948356  -550.08819949  -550.08707512  -550.07358205  -550.05597456  -550.06715962  -550.07443776 
max(|Fr_perp|)   :   0.00000000    0.00868053    0.01639083    0.02571700    0.02273707    0.01257428    0.03785634    0.00000000 
Fr_paral         :   0.00000000   -0.00017226    0.00088514    0.00068192   -0.02343920   -0.01840045    0.02514954    0.00000000 
max(|Fsp_paral|) :   0.00000000    0.00030774    0.00179642    0.00685105    0.01841719    0.00966826    0.00272814    0.00000000 
max(|Fsp_perp|)  :   0.00000000    0.00000000    0.00000000    0.00000000    0.00000000    0.00000000    0.00000000    0.00000000 
max(|FNEB|)      :   0.00000000    0.00879549    0.01663850    0.02343287    0.02409116    0.01449437    0.03793853    0.00000000 
max(|Force|)     :   0.00042864    0.00876034    0.01657417    0.02581101    0.02238455    0.01375652    0.03830329    0.00117625 
ksp              :   0.01000000    0.01000000    0.01000000    0.01420180    0.10000000    0.10000000    0.04563481 
max(|step|)      :   0.00000000    0.01661842    0.03143721    0.04427468    0.04551846    0.02738605    0.07168205    0.00000000 
angle (deg.)     :    11.7363  12.1300  16.8848  40.4179  46.2617  72.2288 
>
iteration       : 13
climbing        : no
zoom on         : no
nim             : 8
barrier         :   0.03377019 (image:  5) 
distance        :   0.00000000    1.81397167    3.69556789    5.96094412    8.72531196    9.54547248   10.57424260   12.78907992 
energy          : -550.09001686  -550.08950463  -550.08824825  -550.08723600  -550.07225664  -550.05624668  -550.07149237  -550.07443776 
max(|Fr_perp|)   :   0.00000000    0.01010460    0.01893235    0.02237014    0.02308180    0.01734278    0.00649185    0.00000000 
Fr_paral         :   0.00000000   -0.00063390   -0.00222514   -0.00326472   -0.02670972   -0.01458103    0.00551891    0.00000000 
max(|Fsp_paral|) :   0.00000000    0.00030891    0.00186823    0.01486592    0.00943075    0.01035815    0.02485232    0.00000000 
max(|Fsp_perp|)  :   0.00000000    0.00000000    0.00000000    0.00000000    0.00000000    0.00000000    0.00000000    0.00000000 
max(|FNEB|)      :   0.00000000    0.01007062    0.01882721    0.02479498    0.02966881    0.01874893    0.02540888    0.00000000 
max(|Force|)     :   0.00042864    0.01013437    0.01900465    0.02246417    0.02308184    0.01740094    0.00645618    0.00117625 
ksp              :   0.01000000    0.01000000    0.01000000    0.02079105    0.10000000    0.10000000    0.02457229 
max(|step|)      :   0.00000000    0.00415200    0.00738922    0.02303808    0.03232158    0.01631346    0.02678207    0.00063448 
angle (deg.)     :    11.7087  12.3317  16.9430  41.7856  46.7263  72.9178 
>
iteration       : 14
climbing        : yes
zoom on         : no
nim             : 8
barrier         :   0.03339929 (image:  5) 
distance        :   0.00000000    1.81511309    3.70257591    6.00427540    8.78892426    9.59712403   10.56280321   12.79518395 
energy          : -550.09001686  -550.08959952  -550.08852966  -550.08767850  -550.07240550  -550.05661758  -550.07146692  -550.07443776 
max(|Fr_perp|)   :   0.00000000    0.00539731    0.00979231    0.01600704    0.01419353    0.01146956    0.00499868    0.00000000 
Fr_paral         :   0.00000000   -0.00044554   -0.00146917   -0.00272491   -0.02748023   -0.01244944    0.00199412    0.00000000 
max(|Fsp_paral|) :   0.00000000    0.00033105    0.00201901    0.01428829    0.00950984    0.00785792    0.02094695    0.00000000 
max(|Fsp_perp|)  :   0.00000000    0.00000000    0.00000000    0.00000000    0.00000000    0.00000000    0.00000000    0.00000000 
max(|FNEB|)      :   0.00000000    0.00543372    0.00981392    0.02168432    0.01939583    0.01291578    0.02197425    0.00000000 
max(|Force|)     :   0.00042864    0.00548864    0.00997459    0.01573440    0.01736102    0.01165457    0.00501891    0.00117625 
ksp              :   0.01000000    0.01000000    0.01000000    0.02028684    0.10000000    0.10000000    0.02500537 
max(|step|)      :   0.00000000    0.00547179    0.00988267    0.02183623    0.01953171    0.01300626    0.02212819    0.00000000 
angle (deg.)     :    11.5778  12.6718  17.0372  42.7369  47.5099  72.6051 
>
iteration       : 15
climbing        : yes
zoom on         : no
nim             : 8
barrier         :   0.03310082 (image:  5) 
distance        :   0.00000000    1.81594771    3.70863121    6.04207128    8.82819976    9.63248676   10.54747082   12.79062146 
energy          : -550.09001686  -550.08965945  -550.08869810  -550.08806918  -550.07257167  -550.05691605  -550.07128527  -550.07443776 
max(|Fr_perp|)   :   0.00000000    0.00114754    0.00176349    0.00443997    0.00765345    0.00592845    0.00684111    0.00000000 
Fr_paral         :   0.00000000   -0.00037310   -0.00039595   -0.00163978   -0.02691079   -0.01127737    0.01136951    0.00000000 
max(|Fsp_paral|) :   0.00000000    0.00035114    0.00214886    0.01331014    0.01028709    0.00556640    0.01675104    0.00000000 
max(|Fsp_perp|)  :   0.00000000    0.00000000    0.00000000    0.00000000    0.00000000    0.00000000    0.00000000    0.00000000 
max(|FNEB|)      :   0.00000000    0.00121825    0.00256672    0.01433363    0.01236062    0.00676668    0.01629687    0.00000000 
max(|Force|)     :   0.00042864    0.00111204    0.00173935    0.00447884    0.01510208    0.00959102    0.00925939    0.00117625 
ksp              :   0.01000000    0.01000000    0.01000000    0.01958515    0.10000000    0.10000000    0.02619275 
max(|step|)      :   0.00000000    0.00766081    0.01481868    0.06491911    0.05424344    0.03019638    0.07236887    0.00317484 
angle (deg.)     :    11.4811  13.3569  17.5842  46.5740  50.6471  72.9401 
>
iteration       : 16
climbing        : yes
zoom on         : no
nim             : 8
barrier         :   0.03266777 (image:  5) 
distance        :   0.00000000    1.81923285    3.72902537    6.17890903    8.97422788    9.74882715   10.49363704   12.78455957 
energy          : -550.09001686  -550.08958177  -550.08849585  -550.08748261  -550.07170356  -550.05734910  -550.06916897  -550.07443776 
max(|Fr_perp|)   :   0.00000000    0.00674119    0.01183274    0.02311955    0.01565432    0.01197719    0.01758766    0.00000000 
Fr_paral         :   0.00000000   -0.00018716    0.00060908   -0.00025702   -0.02511352   -0.00635842    0.02397970    0.00000000 
max(|Fsp_paral|) :   0.00000000    0.00041490    0.00262818    0.01841218    0.00389024    0.00153588    0.00606783    0.00000000 
max(|Fsp_perp|)  :   0.00000000    0.00000000    0.00000000    0.00000000    0.00000000    0.00000000    0.00000000    0.00000000 
max(|FNEB|)      :   0.00000000    0.00689626    0.01197979    0.01636854    0.01555461    0.01203657    0.01809458    0.00000000 
max(|Force|)     :   0.00042864    0.00671162    0.01185127    0.02316055    0.01591042    0.01191782    0.02312371    0.00117625 
ksp              :   0.01000000    0.01000000    0.01000000    0.02440008    0.10000000    0.10000000    0.03774886 
max(|step|)      :   0.00000000    0.00695698    0.01605727    0.10000000    0.06155877    0.03851632    0.05816096    0.00136041 
angle (deg.)     :    11.4728  14.0525  17.8854  52.6169  54.5733  77.4188 
>
iteration       : 17
climbing        : yes
zoom on         : no
nim             : 8
barrier         :   0.03197846 (image:  5) 
distance        :   0.00000000    1.82379164    3.75734920    6.39504710    9.13774263    9.90704171   10.51665252   12.85355700 
energy          : -550.09001686  -550.08957239  -550.08846119  -550.08740210  -550.07140811  -550.05803841  -550.06852845  -550.07443776 
max(|Fr_perp|)   :   0.00000000    0.00813863    0.01569080    0.02177394    0.01974036    0.01391565    0.01481982    0.00000000 
Fr_paral         :   0.00000000   -0.00011748    0.00098891   -0.00089946   -0.02295448    0.00000010    0.02320483    0.00000000 
max(|Fsp_paral|) :   0.00000000    0.00050370    0.00340873    0.01944710    0.00165963    0.00852176    0.01934259    0.00000000 
max(|Fsp_perp|)  :   0.00000000    0.00000000    0.00000000    0.00000000    0.00000000    0.00000000    0.00000000    0.00000000 
max(|FNEB|)      :   0.00000000    0.00828664    0.01606335    0.02062969    0.01986735    0.01406756    0.03042510    0.00000000 
max(|Force|)     :   0.00042864    0.00823705    0.01589812    0.02212800    0.02043214    0.01406758    0.02277336    0.00117625 
ksp              :   0.01000000    0.01000000    0.01000000    0.02669682    0.10000000    0.10000000    0.04252394 
max(|step|)      :   0.00000000    0.01493550    0.02895192    0.03718212    0.03580810    0.02535481    0.05483696    0.00000000 
angle (deg.)     :    11.6970  13.6673  17.9029  53.8569  52.1906  79.6715 
>
iteration       : 18
climbing        : yes
zoom on         : no
nim             : 8
barrier         :   0.03163832 (image:  5) 
distance        :   0.00000000    1.82517536    3.76494311    6.46994394    9.14591486    9.90878527   10.58990581   12.91331287 
energy          : -550.09001686  -550.08960410  -550.08850735  -550.08742053  -550.07176931  -550.05837855  -550.07053010  -550.07443776 
max(|Fr_perp|)   :   0.00000000    0.00872450    0.01632104    0.01968696    0.01856926    0.01292777    0.00665550    0.00000000 
Fr_paral         :   0.00000000   -0.00057360   -0.00222493   -0.00402598   -0.02524525    0.00010325    0.00783271    0.00000000 
max(|Fsp_paral|) :   0.00000000    0.00052524    0.00367327    0.01636851    0.00427146    0.00442614    0.00314516    0.00000000 
max(|Fsp_perp|)  :   0.00000000    0.00000000    0.00000000    0.00000000    0.00000000    0.00000000    0.00000000    0.00000000 
max(|FNEB|)      :   0.00000000    0.00866937    0.01609164    0.02759107    0.01930969    0.01292541    0.00693956    0.00000000 
max(|Force|)     :   0.00042864    0.00875094    0.01639331    0.01979463    0.01769195    0.01293013    0.00766548    0.00117625 
ksp              :   0.01000000    0.01000000    0.01000000    0.02495473    0.10000000    0.10000000    0.03189957 
max(|step|)      :   0.00000000    0.00457382    0.00821897    0.03055636    0.01511216    0.00635197    0.01534439    0.00031678 
angle (deg.)     :    11.6603  13.9259  17.9686  54.6263  51.9123  80.3200 
>
iteration       : 19
climbing        : yes
zoom on         : no
nim             : 8
barrier         :   0.03135799 (image:  5) 
distance        :   0.00000000    1.82682530    3.77637103    6.52827452    9.16989363    9.92347371   10.62663624   12.94518215 
energy          : -550.09001686  -550.08969008  -550.08876360  -550.08790017  -550.07219431  -550.05865887  -550.07075652  -550.07443776 
max(|Fr_perp|)   :   0.00000000    0.00362661    0.00604631    0.01020014    0.00881944    0.00722344    0.00922959    0.00000000 
Fr_paral         :   0.00000000   -0.00038739   -0.00121742   -0.00306272   -0.02639269    0.00006923    0.00269167    0.00000000 
max(|Fsp_paral|) :   0.00000000    0.00056308    0.00385468    0.01344838    0.00686091    0.00275174    0.00081753    0.00000000 
max(|Fsp_perp|)  :   0.00000000    0.00000000    0.00000000    0.00000000    0.00000000    0.00000000    0.00000000    0.00000000 
max(|FNEB|)      :   0.00000000    0.00344076    0.00635334    0.01857875    0.01119354    0.00722214    0.00912970    0.00000000 
max(|Force|)     :   0.00042864    0.00368160    0.00608496    0.00969052    0.01457718    0.00722474    0.00904029    0.00117625 
ksp              :   0.01000000    0.01000000    0.01000000    0.02279629    0.10000000    0.10000000    0.03099714 
max(|step|)      :   0.00000000    0.00861277    0.02357092    0.10000000    0.04009977    0.02542973    0.04479597    0.00357537 
angle (deg.)     :    11.6168  14.6181  18.6750  57.5624  52.0589  82.3138 
>
iteration       : 20
climbing        : yes
zoom on         : no
nim             : 8
barrier         :   0.03078849 (image:  5) 
distance        :   0.00000000    1.83343527    3.82133653    6.74123542    9.27221303    9.97078262   10.74593140   13.04719423 
energy          : -550.09001686  -550.08970931  -550.08880760  -550.08798912  -550.07169343  -550.05922837  -550.07119007  -550.07443776 
max(|Fr_perp|)   :   0.00000000    0.00360398    0.00635788    0.00864982    0.00891827    0.00513338    0.01456546    0.00000000 
Fr_paral         :   0.00000000   -0.00023269    0.00012941   -0.00150216   -0.02860831    0.00088018   -0.00759792    0.00000000 
max(|Fsp_paral|) :   0.00000000    0.00071089    0.00446687    0.01510717    0.00158335    0.00424941    0.00529446    0.00000000 
max(|Fsp_perp|)  :   0.00000000    0.00000000    0.00000000    0.00000000    0.00000000    0.00000000    0.00000000    0.00000000 
max(|FNEB|)      :   0.00000000    0.00374851    0.00676625    0.01438809    0.00894353    0.00523483    0.01541851    0.00000000 
max(|Force|)     :   0.00042864    0.00367261    0.00649330    0.00878846    0.01427498    0.00520360    0.01526003    0.00117625 
ksp              :   0.01000000    0.01000000    0.01000000    0.02626889    0.10000000    0.10000000    0.02930384 
max(|step|)      :   0.00000000    0.00942238    0.01700789    0.03616640    0.02248076    0.01315845    0.03875650    0.00000000 
angle (deg.)     :    11.6814  14.7686  18.7545  59.1531  54.3505  81.6491 
>
iteration       : 21
climbing        : yes
zoom on         : no
nim             : 8
barrier         :   0.03061758 (image:  5) 
distance        :   0.00000000    1.83693966    3.84190818    6.82846202    9.29439362    9.98574152   10.74346393   13.04147078 
energy          : -550.09001686  -550.08966775  -550.08866928  -550.08761008  -550.07170704  -550.05939928  -550.07142876  -550.07443776 
max(|Fr_perp|)   :   0.00000000    0.00780231    0.01315092    0.01794657    0.01599284    0.00719265    0.01025769    0.00000000 
Fr_paral         :   0.00000000   -0.00062015   -0.00196327   -0.00417756   -0.02553234    0.00061142    0.01325332    0.00000000 
max(|Fsp_paral|) :   0.00000000    0.00077234    0.00467091    0.01411869    0.00198935    0.00363697    0.00567944    0.00000000 
max(|Fsp_perp|)  :   0.00000000    0.00000000    0.00000000    0.00000000    0.00000000    0.00000000    0.00000000    0.00000000 
max(|FNEB|)      :   0.00000000    0.00772470    0.01284090    0.02459045    0.01622342    0.00717838    0.01071397    0.00000000 
max(|Force|)     :   0.00042864    0.00783019    0.01321689    0.01805289    0.01476044    0.00720691    0.01062353    0.00117625 
ksp              :   0.01000000    0.01000000    0.01000000    0.02634244    0.10000000    0.10000000    0.02800783 
max(|step|)      :   0.00000000    0.00295533    0.01413013    0.04704407    0.01490688    0.01079542    0.02114964    0.00160626 
angle (deg.)     :    11.7013  15.0471  19.0651  60.6348  55.1775  81.2000 
>
iteration       : 22
climbing        : yes
zoom on         : no
nim             : 8
barrier         :   0.03040795 (image:  5) 
distance        :   0.00000000    1.84137000    3.86798886    6.92726508    9.32776836   10.01128909   10.75050573   13.04870063 
energy          : -550.09001686  -550.08970443  -550.08876491  -550.08780823  -550.07196316  -550.05960892  -550.07056859  -550.07443776 
max(|Fr_perp|)   :   0.00000000    0.00526489    0.00878088    0.01085204    0.01137611    0.00711995    0.01879044    0.00000000 
Fr_paral         :   0.00000000   -0.00051047   -0.00157718   -0.00384823   -0.02474723    0.00060010    0.01745727    0.00000000 
max(|Fsp_paral|) :   0.00000000    0.00085235    0.00490569    0.01177387    0.00400277    0.00302369    0.00145726    0.00000000 
max(|Fsp_perp|)  :   0.00000000    0.00000000    0.00000000    0.00000000    0.00000000    0.00000000    0.00000000    0.00000000 
max(|FNEB|)      :   0.00000000    0.00520491    0.00917255    0.01992058    0.01178336    0.00710990    0.01880122    0.00000000 
max(|Force|)     :   0.00042864    0.00528741    0.00883269    0.01095190    0.01451605    0.00712999    0.01892327    0.00117625 
ksp              :   0.01000000    0.01000000    0.01000000    0.02501896    0.10000000    0.10000000    0.03348299 
max(|step|)      :   0.00000000    0.00697675    0.03291550    0.10000000    0.03567776    0.02407892    0.02074959    0.00164395 
angle (deg.)     :    11.7505  15.5847  20.0709  63.4295  55.0200  81.2789 
>
iteration       : 23
climbing        : yes
zoom on         : no
nim             : 8
barrier         :   0.02992543 (image:  5) 
distance        :   0.00000000    1.85231761    3.93125157    7.14702604    9.40940123   10.06315702   10.80050838   13.09439207 
energy          : -550.09001686  -550.08973860  -550.08884774  -550.08796313  -550.07197796  -550.06009144  -550.07070253  -550.07443776 
max(|Fr_perp|)   :   0.00000000    0.00299863    0.00502680    0.00615771    0.00667553    0.00395208    0.01789820    0.00000000 
Fr_paral         :   0.00000000   -0.00044398   -0.00116172   -0.00325812   -0.02503473    0.00101744    0.01724630    0.00000000 
max(|Fsp_paral|) :   0.00000000    0.00104549    0.00537657    0.00994126    0.00384852    0.00449388    0.00152799    0.00000000 
max(|Fsp_perp|)  :   0.00000000    0.00000000    0.00000000    0.00000000    0.00000000    0.00000000    0.00000000    0.00000000 
max(|FNEB|)      :   0.00000000    0.00351004    0.00654029    0.01603500    0.00758878    0.00400692    0.01815649    0.00000000 
max(|Force|)     :   0.00042864    0.00306063    0.00511421    0.00619381    0.01350926    0.00403604    0.01888522    0.00117625 
ksp              :   0.01000000    0.01000000    0.01000000    0.02543387    0.10000000    0.10000000    0.03358322 
max(|step|)      :   0.00000000    0.00883186    0.01645646    0.04034676    0.01909466    0.01008209    0.04568480    0.00000000 
angle (deg.)     :    11.7856  15.8082  20.5450  63.4158  51.0302  81.9677 
>
iteration       : 24
climbing        : yes
zoom on         : no
nim             : 8
barrier         :   0.02978829 (image:  5) 
distance        :   0.00000000    1.85856286    3.96287562    7.22006997    9.44180301   10.07468214   10.82809723   13.12055625 
energy          : -550.09001686  -550.08971298  -550.08878969  -550.08788123  -550.07153827  -550.06022857  -550.07190348  -550.07443776 
max(|Fr_perp|)   :   0.00000000    0.00599191    0.01038306    0.01400052    0.01353353    0.00498269    0.00940363    0.00000000 
Fr_paral         :   0.00000000   -0.00013331    0.00045791   -0.00174657   -0.02808060    0.00152260    0.00103219    0.00000000 
max(|Fsp_paral|) :   0.00000000    0.00113524    0.00546315    0.01184566    0.00013164    0.00657410    0.00770987    0.00000000 
max(|Fsp_perp|)  :   0.00000000    0.00000000    0.00000000    0.00000000    0.00000000    0.00000000    0.00000000    0.00000000 
max(|FNEB|)      :   0.00000000    0.00609369    0.01073355    0.01471047    0.01350851    0.00500665    0.01084549    0.00000000 
max(|Force|)     :   0.00042864    0.00598647    0.01039782    0.01396058    0.01465948    0.00495873    0.00930911    0.00117625 
ksp              :   0.01000000    0.01000000    0.01000000    0.02836521    0.10000000    0.10000000    0.02605198 
max(|step|)      :   0.00000000    0.00380358    0.01206471    0.02451876    0.00973578    0.00670644    0.01380054    0.00119348 
angle (deg.)     :    11.8216  15.8845  20.8674  63.6731  49.9700  81.9616 
>
iteration       : 25
climbing        : yes
zoom on         : no
nim             : 8
barrier         :   0.02964722 (image:  5) 
distance        :   0.00000000    1.86362241    3.98713515    7.28157934    9.45841326   10.08166720   10.82862273   13.12197435 
energy          : -550.09001686  -550.08975017  -550.08888056  -550.08805606  -550.07163368  -550.06036965  -550.07162912  -550.07443776 
max(|Fr_perp|)   :   0.00000000    0.00168863    0.00324315    0.00447525    0.00544329    0.00335832    0.01407822    0.00000000 
Fr_paral         :   0.00000000   -0.00025731   -0.00019966   -0.00226744   -0.02873993    0.00142583   -0.00376896    0.00000000 
max(|Fsp_paral|) :   0.00000000    0.00120060    0.00553301    0.01076501    0.00074099    0.00676404    0.00527407    0.00000000 
max(|Fsp_perp|)  :   0.00000000    0.00000000    0.00000000    0.00000000    0.00000000    0.00000000    0.00000000    0.00000000 
max(|FNEB|)      :   0.00000000    0.00181522    0.00559324    0.01027628    0.00535139    0.00339346    0.01522046    0.00000000 
max(|Force|)     :   0.00042864    0.00167782    0.00323654    0.00446222    0.01407065    0.00332318    0.01448195    0.00117625 
ksp              :   0.01000000    0.01000000    0.01000000    0.02793898    0.10000000    0.10000000    0.02796814 
max(|step|)      :   0.00000000    0.01243435    0.04771467    0.10000000    0.03294805    0.02238798    0.02909605    0.00082627 
angle (deg.)     :    11.9563  16.2508  22.4117  64.7519  48.2551  81.9432 
>
iteration       : 26
climbing        : yes
zoom on         : no
nim             : 8
barrier         :   0.02923643 (image:  5) 
distance        :   0.00000000    1.88329564    4.07989878    7.50819486    9.52894665   10.11714225   10.84951113   13.14334235 
energy          : -550.09001686  -550.08975348  -550.08886727  -550.08803425  -550.07129934  -550.06078043  -550.07128579  -550.07443776 
max(|Fr_perp|)   :   0.00000000    0.00346318    0.00571736    0.00708601    0.00614392    0.00309589    0.01780768    0.00000000 
Fr_paral         :   0.00000000   -0.00042612   -0.00115948   -0.00293127   -0.02923286    0.00131052   -0.00873597    0.00000000 
max(|Fsp_paral|) :   0.00000000    0.00144984    0.00577982    0.01041183    0.00160461    0.00790883    0.00118168    0.00000000 
max(|Fsp_perp|)  :   0.00000000    0.00000000    0.00000000    0.00000000    0.00000000    0.00000000    0.00000000    0.00000000 
max(|FNEB|)      :   0.00000000    0.00339946    0.00696059    0.01485795    0.00605716    0.00296855    0.01832262    0.00000000 
max(|Force|)     :   0.00042864    0.00355552    0.00589403    0.00730349    0.01541195    0.00329132    0.01918659    0.00117625 
ksp              :   0.01000000    0.01000000    0.01000000    0.03071972    0.10000000    0.10000000    0.03091024 
max(|step|)      :   0.00000000    0.00811685    0.01661971    0.03547615    0.01446262    0.00708797    0.04374872    0.00000000 
angle (deg.)     :    11.9729  16.6020  22.5826  65.4672  51.7275  81.6790 
>
iteration       : 27
climbing        : yes
zoom on         : no
nim             : 8
barrier         :   0.02912901 (image:  5) 
distance        :   0.00000000    1.89124167    4.11211653    7.57983797    9.54478517   10.14059151   10.87660128   13.16471898 
energy          : -550.09001686  -550.08973625  -550.08883435  -550.08792218  -550.07163344  -550.06088786  -550.07206626  -550.07443776 
max(|Fr_perp|)   :   0.00000000    0.00541736    0.00939282    0.01190493    0.01020811    0.00261252    0.00690792    0.00000000 
Fr_paral         :   0.00000000   -0.00012124    0.00031283   -0.00281995   -0.02730176    0.00113015    0.01150429    0.00000000 
max(|Fsp_paral|) :   0.00000000    0.00152688    0.00585070    0.00805909    0.00166851    0.00761875    0.00704075    0.00000000 
max(|Fsp_perp|)  :   0.00000000    0.00000000    0.00000000    0.00000000    0.00000000    0.00000000    0.00000000    0.00000000 
max(|FNEB|)      :   0.00000000    0.00555287    0.00978407    0.01236210    0.01003484    0.00264022    0.00972246    0.00000000 
max(|Force|)     :   0.00042864    0.00541240    0.00940323    0.01184347    0.01215779    0.00287343    0.00968857    0.00117625 
ksp              :   0.01000000    0.01000000    0.01000000    0.02862663    0.10000000    0.10000000    0.02575180 
max(|step|)      :   0.00000000    0.00478877    0.01403855    0.02227007    0.00733173    0.00638042    0.01388643    0.00048975 
angle (deg.)     :    11.9956  16.6775  23.0372  65.5469  52.4864  81.3410 
>
iteration       : 28
climbing        : yes
zoom on         : no
nim             : 8
barrier         :   0.02902834 (image:  5) 
distance        :   0.00000000    1.89869561    4.14058473    7.63802490    9.55650731   10.15105877   10.87347758   13.16228094 
energy          : -550.09001686  -550.08976516  -550.08890315  -550.08803000  -550.07185155  -550.06098852  -550.07158157  -550.07443776 
max(|Fr_perp|)   :   0.00000000    0.00091987    0.00187050    0.00426964    0.00279681    0.00239981    0.01227997    0.00000000 
Fr_paral         :   0.00000000   -0.00029708   -0.00045405   -0.00318784   -0.02665055    0.00097073    0.01501053    0.00000000 
max(|Fsp_paral|) :   0.00000000    0.00158931    0.00587362    0.00643980    0.00354705    0.00690341    0.00264337    0.00000000 
max(|Fsp_perp|)  :   0.00000000    0.00000000    0.00000000    0.00000000    0.00000000    0.00000000    0.00000000    0.00000000 
max(|FNEB|)      :   0.00000000    0.00189107    0.00617316    0.00822696    0.00481373    0.00235229    0.01251887    0.00000000 
max(|Force|)     :   0.00042864    0.00090735    0.00185525    0.00477439    0.01210989    0.00264612    0.01425833    0.00117625 
ksp              :   0.01000000    0.01000000    0.01000000    0.02730648    0.10000000    0.10000000    0.02911315 
max(|step|)      :   0.00000000    0.01594501    0.05199583    0.08450672    0.02402154    0.01970739    0.02880313    0.00235093 
angle (deg.)     :    12.1260  16.9683  25.0296  65.2370  52.0048  80.8257 
>
iteration       : 29
climbing        : yes
zoom on         : no
nim             : 8
barrier         :   0.02873882 (image:  5) 
distance        :   0.00000000    1.92574669    4.24272103    7.83016249    9.61104980   10.18547099   10.88008786   13.17072480 
energy          : -550.09001686  -550.08975076  -550.08885063  -550.08798083  -550.07163562  -550.06127804  -550.07118854  -550.07443776 
max(|Fr_perp|)   :   0.00000000    0.00393670    0.00661769    0.00637721    0.00701678    0.00332914    0.01411269    0.00000000 
Fr_paral         :   0.00000000   -0.00051805   -0.00143314   -0.00345855   -0.02562128    0.00082341    0.01650512    0.00000000 
max(|Fsp_paral|) :   0.00000000    0.00181302    0.00590579    0.00570687    0.00277383    0.00643559    0.00201949    0.00000000 
max(|Fsp_perp|)  :   0.00000000    0.00000000    0.00000000    0.00000000    0.00000000    0.00000000    0.00000000    0.00000000 
max(|FNEB|)      :   0.00000000    0.00448640    0.00746004    0.01202603    0.00738874    0.00330907    0.01440990    0.00000000 
max(|Force|)     :   0.00042864    0.00395925    0.00666697    0.00643714    0.01274024    0.00334922    0.01611284    0.00117625 
ksp              :   0.01000000    0.01000000    0.01000000    0.02916399    0.10000000    0.10000000    0.03222158 
max(|step|)      :   0.00000000    0.01869380    0.06161761    0.10000000    0.02887946    0.02403410    0.02980252    0.00045264 
angle (deg.)     :    12.2825  17.3991  27.7785  64.8507  51.0691  80.4272 
>
iteration       : 30
climbing        : yes
zoom on         : no
nim             : 8
barrier         :   0.02844332 (image:  5) 
distance        :   0.00000000    1.95866654    4.36521135    8.05917320    9.68040613   10.23512378   10.90364991   13.19729341 
energy          : -550.09001686  -550.08973363  -550.08880979  -550.08791721  -550.07144169  -550.06157354  -550.07092518  -550.07443776 
max(|Fr_perp|)   :   0.00000000    0.00592172    0.00965735    0.00945033    0.00937825    0.00451736    0.01450729    0.00000000 
Fr_paral         :   0.00000000   -0.00062329   -0.00172499   -0.00380142   -0.02460069    0.00071993    0.01705682    0.00000000 
max(|Fsp_paral|) :   0.00000000    0.00207850    0.00594442    0.00447376    0.00263485    0.00606567    0.00587397    0.00000000 
max(|Fsp_perp|)  :   0.00000000    0.00000000    0.00000000    0.00000000    0.00000000    0.00000000    0.00000000    0.00000000 
max(|FNEB|)      :   0.00000000    0.00586333    0.00945281    0.01190407    0.00990108    0.00457065    0.01574970    0.00000000 
max(|Force|)     :   0.00042864    0.00608614    0.00994122    0.00972508    0.01264485    0.00460475    0.01675387    0.00117625 
ksp              :   0.01000000    0.01000000    0.01000000    0.03100447    0.10000000    0.10000000    0.03473231 
max(|step|)      :   0.00000000    0.00926222    0.01493247    0.01880470    0.01564059    0.00722020    0.02487959    0.00000000 
angle (deg.)     :    12.3558  17.5889  27.8657  64.3967  48.4020  81.1632 
>
