NEB log file generated by ORCA
All quantities are given in atomic units. Unless stated otherwise. 
iteration       : 0
climbing        : yes
zoom on         : no
nim             : 8
barrier         :   0.00123388 (image:  4) 
distance        :   0.00000000    0.70946586    1.42102900    2.13468208    2.84863471    3.56267796    4.27482342    4.98487310 
energy          : -321.45758906  -321.45720240  -321.45668178  -321.45637787  -321.45635518  -321.45661839  -321.45706484  -321.45740902 
max(|Fr_perp|)   :   0.00000000    0.00508880    0.00734580    0.00817981    0.00788253    0.00640769    0.00390865    0.00000000 
Fr_paral         :   0.00000000   -0.00071661   -0.00065703   -0.00023654    0.00024617    0.00056241    0.00065280    0.00000000 
max(|Fsp_paral|) :   0.00000000    0.01364334    0.00851390    0.00064421    0.00000658    0.00672870    0.01158077    0.00000000 
max(|Fsp_perp|)  :   0.00000000    0.00000000    0.00000000    0.00000000    0.00000000    0.00000000    0.00000000    0.00000000 
max(|FNEB|)      :   0.00000000    0.01614860    0.01228222    0.00834656    0.00794139    0.00796922    0.01129138    0.00000000 
max(|Force|)     :   0.00057978    0.00516767    0.00745576    0.00822201    0.00796039    0.00648824    0.00393000    0.00097491 
ksp              :   0.02768378    0.07213396    0.09807902    0.10000000    0.10000000    0.07750302    0.03936289 
max(|step|)      :   0.00000000    0.06280703    0.04776946    0.03246242    0.03088656    0.03099482    0.04391574    0.00000000 
angle (deg.)     :    7.4530  7.1915  8.1922  8.2648  7.3537  7.5120 
>
iteration       : 1
climbing        : yes
zoom on         : no
nim             : 8
barrier         :   0.00136928 (image:  4) 
distance        :   0.00000000    0.83239128    1.49265325    2.13910068    2.84769019    3.49883327    4.16788444    4.98390881 
energy          : -321.45758906  -321.45704414  -321.45648110  -321.45622853  -321.45621979  -321.45648322  -321.45699258  -321.45740902 
max(|Fr_perp|)   :   0.00000000    0.01462091    0.02156850    0.02358166    0.02268129    0.01841373    0.01044830    0.00000000 
Fr_paral         :   0.00000000   -0.00149875   -0.00141464   -0.00109881    0.00095568    0.00128438    0.00125130    0.00000000 
max(|Fsp_paral|) :   0.00000000    0.00959570    0.00517237    0.00300220    0.00259057    0.00476108    0.00829041    0.00000000 
max(|Fsp_perp|)  :   0.00000000    0.00000000    0.00000000    0.00000000    0.00000000    0.00000000    0.00000000    0.00000000 
max(|FNEB|)      :   0.00000000    0.01424388    0.02136798    0.02343162    0.02270222    0.01875509    0.01357807    0.00000000 
max(|Force|)     :   0.00057978    0.01464795    0.02159337    0.02360555    0.02266035    0.01837922    0.01040679    0.00097491 
ksp              :   0.03761360    0.08022420    0.09933806    0.10000000    0.10000000    0.08006342    0.04151541 
max(|step|)      :   0.00000000    0.04873160    0.03517258    0.01816313    0.02018505    0.02552875    0.04121844    0.00416939 
angle (deg.)     :    8.1230  7.0638  7.9692  8.1554  7.1067  8.0607 
>
iteration       : 2
climbing        : yes
zoom on         : no
nim             : 8
barrier         :   0.00082298 (image:  4) 
distance        :   0.00000000    0.93748212    1.55507934    2.15655093    2.85220123    3.45318818    4.08729932    4.99541617 
energy          : -321.45758906  -321.45724551  -321.45694127  -321.45677578  -321.45676609  -321.45690581  -321.45715049  -321.45740902 
max(|Fr_perp|)   :   0.00000000    0.00825651    0.01198080    0.01322600    0.01267325    0.01040307    0.00658203    0.00000000 
Fr_paral         :   0.00000000   -0.00095036   -0.00087904   -0.00074090    0.00057659    0.00076155    0.00072812    0.00000000 
max(|Fsp_paral|) :   0.00000000    0.00711373    0.00589073    0.00463398    0.00426664    0.00373913    0.00379082    0.00000000 
max(|Fsp_perp|)  :   0.00000000    0.00000000    0.00000000    0.00000000    0.00000000    0.00000000    0.00000000    0.00000000 
max(|FNEB|)      :   0.00000000    0.00805061    0.01177453    0.01299928    0.01268602    0.01069724    0.00715989    0.00000000 
max(|Force|)     :   0.00057978    0.00826978    0.01199482    0.01324210    0.01266048    0.01038094    0.00655457    0.00097491 
ksp              :   0.03288826    0.07547701    0.09864374    0.10000000    0.10000000    0.08044144    0.04619008 
max(|step|)      :   0.00000000    0.08899436    0.06755889    0.03414615    0.03096682    0.05427204    0.07506753    0.00644362 
angle (deg.)     :    9.6133  6.8757  7.3812  7.8325  6.6182  9.3330 
>
iteration       : 3
climbing        : yes
zoom on         : no
nim             : 8
barrier         :   0.00064665 (image:  4) 
distance        :   0.00000000    1.13211556    1.68752410    2.21371338    2.86245418    3.36863906    3.96051846    5.02059639 
energy          : -321.45758906  -321.45728522  -321.45708331  -321.45696449  -321.45694241  -321.45705369  -321.45721678  -321.45740902 
max(|Fr_perp|)   :   0.00000000    0.00400860    0.00546504    0.00637846    0.00615463    0.00523372    0.00369050    0.00000000 
Fr_paral         :   0.00000000   -0.00016026    0.00002784    0.00022633   -0.00025227   -0.00004218   -0.00004145    0.00000000 
max(|Fsp_paral|) :   0.00000000    0.00096702    0.00462460    0.00657797    0.00639496    0.00170101    0.00141482    0.00000000 
max(|Fsp_perp|)  :   0.00000000    0.00000000    0.00000000    0.00000000    0.00000000    0.00000000    0.00000000    0.00000000 
max(|FNEB|)      :   0.00000000    0.00437119    0.00654392    0.00810746    0.00610590    0.00601077    0.00421742    0.00000000 
max(|Force|)     :   0.00057978    0.00398295    0.00545930    0.00633462    0.00620335    0.00524165    0.00369391    0.00097491 
ksp              :   0.03387901    0.07282400    0.09574168    0.10000000    0.10000000    0.07853659    0.04707867 
max(|step|)      :   0.00000000    0.03439538    0.03306488    0.02493842    0.01716433    0.02178694    0.01796970    0.00236667 
angle (deg.)     :    9.5943  6.8917  6.8387  7.3928  6.2221  9.3431 
>
iteration       : 4
climbing        : yes
zoom on         : no
nim             : 8
barrier         :   0.00064487 (image:  4) 
distance        :   0.00000000    1.20014470    1.75498554    2.26816582    2.85980521    3.31959028    3.91556433    5.01643226 
energy          : -321.45758906  -321.45728923  -321.45708555  -321.45697452  -321.45694419  -321.45704004  -321.45721605  -321.45740902 
max(|Fr_perp|)   :   0.00000000    0.00586001    0.01074121    0.01294015    0.01370637    0.01259299    0.00829008    0.00000000 
Fr_paral         :   0.00000000   -0.00057274   -0.00029975   -0.00016975    0.00006533    0.00029617    0.00036388    0.00000000 
max(|Fsp_paral|) :   0.00000000    0.00021277    0.00370266    0.00491229    0.00587095    0.00105794    0.00147814    0.00000000 
max(|Fsp_perp|)  :   0.00000000    0.00000000    0.00000000    0.00000000    0.00000000    0.00000000    0.00000000    0.00000000 
max(|FNEB|)      :   0.00000000    0.00579958    0.01019651    0.01224568    0.01371050    0.01244360    0.00808171    0.00000000 
max(|Force|)     :   0.00057978    0.00590361    0.01076185    0.01295100    0.01370224    0.01257519    0.00827037    0.00097491 
ksp              :   0.03319352    0.07263049    0.09412776    0.10000000    0.10000000    0.08144215    0.04736306 
max(|step|)      :   0.00000000    0.00933597    0.01203372    0.01119990    0.00781771    0.00724393    0.00557540    0.00139405 
angle (deg.)     :    9.9871  6.8543  6.6001  7.0551  6.2075  9.6036 
>
iteration       : 5
climbing        : yes
zoom on         : no
nim             : 8
barrier         :   0.00046881 (image:  4) 
distance        :   0.00000000    1.22338475    1.78439342    2.29622657    2.85985911    3.30785933    3.90488302    5.01714956 
energy          : -321.45758906  -321.45733604  -321.45720593  -321.45713989  -321.45712025  -321.45717859  -321.45727938  -321.45740902 
max(|Fr_perp|)   :   0.00000000    0.00294873    0.00490577    0.00552153    0.00550611    0.00445130    0.00222770    0.00000000 
Fr_paral         :   0.00000000   -0.00037136   -0.00013415   -0.00005320    0.00001208    0.00014164    0.00017671    0.00000000 
max(|Fsp_paral|) :   0.00000000    0.00048806    0.00319315    0.00375627    0.00514226    0.00168112    0.00295266    0.00000000 
max(|Fsp_perp|)  :   0.00000000    0.00000000    0.00000000    0.00000000    0.00000000    0.00000000    0.00000000    0.00000000 
max(|FNEB|)      :   0.00000000    0.00293726    0.00497951    0.00572101    0.00550578    0.00459245    0.00365675    0.00000000 
max(|Force|)     :   0.00057978    0.00294987    0.00490440    0.00552025    0.00550644    0.00445704    0.00223700    0.00097491 
ksp              :   0.03274593    0.07329733    0.09387794    0.10000000    0.10000000    0.08181705    0.05040314 
max(|step|)      :   0.00000000    0.00387627    0.00838960    0.01239699    0.00663795    0.00628019    0.00742419    0.00133250 
angle (deg.)     :    10.2596  6.7571  6.4127  6.6470  6.2419  9.8164 
>
iteration       : 6
climbing        : yes
zoom on         : no
nim             : 8
barrier         :   0.00041765 (image:  4) 
distance        :   0.00000000    1.22415883    1.80332488    2.32377619    2.85833585    3.31060793    3.91818009    5.01456384 
energy          : -321.45758906  -321.45735931  -321.45724337  -321.45718572  -321.45717141  -321.45721173  -321.45729707  -321.45740902 
max(|Fr_perp|)   :   0.00000000    0.00213678    0.00367718    0.00422835    0.00432442    0.00377960    0.00228160    0.00000000 
Fr_paral         :   0.00000000   -0.00029436   -0.00009008   -0.00000496   -0.00000450    0.00006089    0.00007016    0.00000000 
max(|Fsp_paral|) :   0.00000000    0.00313184    0.00325387    0.00190724    0.00365150    0.00261328    0.00243986    0.00000000 
max(|Fsp_perp|)  :   0.00000000    0.00000000    0.00000000    0.00000000    0.00000000    0.00000000    0.00000000    0.00000000 
max(|FNEB|)      :   0.00000000    0.00272562    0.00284782    0.00376769    0.00432394    0.00315456    0.00266193    0.00000000 
max(|Force|)     :   0.00057978    0.00217460    0.00368779    0.00422889    0.00432490    0.00377347    0.00227507    0.00097491 
ksp              :   0.02882923    0.07274301    0.09458168    0.10000000    0.10000000    0.08472985    0.05240401 
max(|step|)      :   0.00000000    0.02532197    0.03107926    0.02538689    0.00843667    0.00912393    0.00757235    0.00220314 
angle (deg.)     :    11.0483  6.6072  5.9038  5.7210  6.2527  10.3039 
>
iteration       : 7
climbing        : yes
zoom on         : no
nim             : 8
barrier         :   0.00045009 (image:  4) 
distance        :   0.00000000    1.28534983    1.87950346    2.39062473    2.85689535    3.29961353    3.91253761    5.01314135 
energy          : -321.45758906  -321.45734433  -321.45721064  -321.45714448  -321.45713897  -321.45718738  -321.45729196  -321.45740902 
max(|Fr_perp|)   :   0.00000000    0.00370901    0.00634421    0.00731749    0.00745944    0.00654248    0.00375634    0.00000000 
Fr_paral         :   0.00000000   -0.00021180   -0.00006945    0.00001415    0.00001211    0.00005051   -0.00000251    0.00000000 
max(|Fsp_paral|) :   0.00000000    0.00212423    0.00225332    0.00158884    0.00104956    0.00301243    0.00102855    0.00000000 
max(|Fsp_perp|)  :   0.00000000    0.00000000    0.00000000    0.00000000    0.00000000    0.00000000    0.00000000    0.00000000 
max(|FNEB|)      :   0.00000000    0.00308827    0.00577045    0.00769913    0.00746074    0.00583415    0.00351306    0.00000000 
max(|Force|)     :   0.00057978    0.00373629    0.00635235    0.00731596    0.00745814    0.00653743    0.00375656    0.00097491 
ksp              :   0.03155866    0.07611437    0.09816496    0.10000000    0.10000000    0.08386640    0.04901155 
max(|step|)      :   0.00000000    0.00610340    0.01274235    0.00628362    0.00605107    0.00843429    0.00503612    0.00004412 
angle (deg.)     :    11.0131  6.2724  5.8298  6.0169  6.2422  9.9340 
>
iteration       : 8
climbing        : yes
zoom on         : no
nim             : 8
barrier         :   0.00039095 (image:  4) 
distance        :   0.00000000    1.29726847    1.90625298    2.39214132    2.85472774    3.31650631    3.91819337    5.00976042 
energy          : -321.45758906  -321.45735747  -321.45724802  -321.45720397  -321.45719812  -321.45723655  -321.45731209  -321.45740902 
max(|Fr_perp|)   :   0.00000000    0.00249563    0.00378604    0.00421951    0.00427593    0.00403450    0.00317117    0.00000000 
Fr_paral         :   0.00000000   -0.00039817   -0.00020920   -0.00009603    0.00004192    0.00012063    0.00014914    0.00000000 
max(|Fsp_paral|) :   0.00000000    0.00292656    0.00025259    0.00049809    0.00003582    0.00173864    0.00235066    0.00000000 
max(|Fsp_perp|)  :   0.00000000    0.00000000    0.00000000    0.00000000    0.00000000    0.00000000    0.00000000    0.00000000 
max(|FNEB|)      :   0.00000000    0.00294664    0.00374402    0.00415111    0.00427330    0.00428936    0.00353045    0.00000000 
max(|Force|)     :   0.00057978    0.00246889    0.00377249    0.00421350    0.00427855    0.00404205    0.00318017    0.00097491 
ksp              :   0.03199687    0.07870485    0.09750107    0.10000000    0.10000000    0.08359719    0.05136140 
max(|step|)      :   0.00000000    0.00981452    0.01069656    0.00592788    0.00629253    0.01016651    0.00862347    0.00229751 
angle (deg.)     :    11.0679  6.4007  5.7107  5.8355  6.3839  9.9226 
>
