NEB log file generated by ORCA
All quantities are given in atomic units. Unless stated otherwise. 
iteration       : 0
climbing        : no
zoom on         : no
nim             : 8
barrier         :   0.03191752 (image:  3) 
distance        :   0.00000000    2.07898171    4.15691275    6.23393408    8.31096666   10.38978829   12.47139093   14.55453753 
energy          : -872.24343540  -872.23269736  -872.21716794  -872.21151788  -872.21929085  -872.23696576  -872.25969969  -872.27214931 
max(|Fr_perp|)   :   0.00000000    0.05427050    0.05738020    0.04716429    0.06359717    0.07730673    0.06814417    0.00000000 
Fr_paral         :   0.00000000   -0.00755037   -0.00511660    0.00018729    0.00644942    0.01048226    0.00979805    0.00000000 
max(|Fsp_paral|) :   0.00000000    0.03314935    0.01696886    0.00000164    0.03022002    0.04569567    0.01400886    0.00000000 
max(|Fsp_perp|)  :   0.00000000    0.00000000    0.00000000    0.00000000    0.00000000    0.00000000    0.00000000    0.00000000 
max(|FNEB|)      :   0.00000000    0.04847123    0.05533452    0.04721054    0.06277510    0.07342736    0.06646954    0.00000000 
max(|Force|)     :   0.00050631    0.05482017    0.05774518    0.04719428    0.06372124    0.07770723    0.06867801    0.00202041 
ksp              :   0.04030358    0.08407548    0.10000000    0.10000000    0.07811771    0.02834797    0.01000000 
max(|step|)      :   0.00000000    0.06601249    0.07535954    0.06429557    0.08549279    0.10000000    0.09052421    0.00000000 
angle (deg.)     :    9.6106  15.1962  35.4271  34.8102  12.8876  8.3036 
>
iteration       : 1
climbing        : no
zoom on         : no
nim             : 8
barrier         :   0.02425401 (image:  3) 
distance        :   0.00000000    2.20218633    4.19834188    6.23077311    8.24673563   10.23421472   12.40076047   14.53927002 
energy          : -872.24343540  -872.23761950  -872.22419841  -872.21918139  -872.22979623  -872.25156422  -872.26886293  -872.27214931 
max(|Fr_perp|)   :   0.00000000    0.02789195    0.04203375    0.03878561    0.05897315    0.06576270    0.02399478    0.00000000 
Fr_paral         :   0.00000000   -0.00617552   -0.00616195    0.00138214    0.01650018    0.01257737    0.00453591    0.00000000 
max(|Fsp_paral|) :   0.00000000    0.03428837    0.02092716    0.00082212    0.05398531    0.04466494    0.00010460    0.00000000 
max(|Fsp_perp|)  :   0.00000000    0.00000000    0.00000000    0.00000000    0.00000000    0.00000000    0.00000000    0.00000000 
max(|FNEB|)      :   0.00000000    0.03659476    0.03917744    0.03873348    0.06444647    0.05978813    0.02397362    0.00000000 
max(|Force|)     :   0.00050631    0.02864008    0.04246583    0.03882607    0.05951213    0.06702339    0.02434049    0.00202041 
ksp              :   0.03158123    0.08138322    0.10000000    0.10000000    0.06061124    0.01000000    0.01000000 
max(|step|)      :   0.00000000    0.05514649    0.07082398    0.06091032    0.08964368    0.10000000    0.06441977    0.00406758 
angle (deg.)     :    10.0837  14.8453  34.9829  33.1274  13.7630  9.3383 
>
iteration       : 2
climbing        : no
zoom on         : no
nim             : 8
barrier         :   0.01959344 (image:  3) 
distance        :   0.00000000    2.34424494    4.25560590    6.23151126    8.15243392   10.07437637   12.36592514   14.53898504 
energy          : -872.24343540  -872.23942944  -872.22861178  -872.22384197  -872.23828992  -872.26146112  -872.26842965  -872.27214931 
max(|Fr_perp|)   :   0.00000000    0.01685263    0.02767643    0.03463188    0.05490119    0.03443104    0.04221054    0.00000000 
Fr_paral         :   0.00000000   -0.00418195   -0.00702814    0.00254670    0.02562196    0.00957010   -0.00060797    0.00000000 
max(|Fsp_paral|) :   0.00000000    0.03097845    0.02465371    0.00277913    0.08385290    0.01966018    0.00044975    0.00000000 
max(|Fsp_perp|)  :   0.00000000    0.00000000    0.00000000    0.00000000    0.00000000    0.00000000    0.00000000    0.00000000 
max(|FNEB|)      :   0.00000000    0.03248002    0.02862199    0.03438095    0.10172781    0.02946282    0.04246523    0.00000000 
max(|Force|)     :   0.00050631    0.01739128    0.02866203    0.03475369    0.05617231    0.03563620    0.04245197    0.00202041 
ksp              :   0.02840644    0.07810060    0.10000000    0.10000000    0.03373059    0.01000000    0.01000000 
max(|step|)      :   0.00000000    0.03192836    0.02813586    0.03379700    0.10000000    0.02896241    0.04174397    0.00000000 
angle (deg.)     :    10.0075  14.8145  34.3124  32.2028  15.5644  8.5268 
>
iteration       : 3
climbing        : no
zoom on         : no
nim             : 8
barrier         :   0.01687299 (image:  3) 
distance        :   0.00000000    2.42583005    4.30326117    6.22640933    8.02663619   10.02625362   12.36237277   14.53353488 
energy          : -872.24343540  -872.24007252  -872.23103017  -872.22656241  -872.24339077  -872.26363981  -872.27009437  -872.27214931 
max(|Fr_perp|)   :   0.00000000    0.01595777    0.02754334    0.03342042    0.05094453    0.02015266    0.00585549    0.00000000 
Fr_paral         :   0.00000000   -0.00359706   -0.00742539    0.00352027    0.02812595    0.00646450    0.00190617    0.00000000 
max(|Fsp_paral|) :   0.00000000    0.02855852    0.02502793    0.00619960    0.10347356    0.00141585    0.00062712    0.00000000 
max(|Fsp_perp|)  :   0.00000000    0.00000000    0.00000000    0.00000000    0.00000000    0.00000000    0.00000000    0.00000000 
max(|FNEB|)      :   0.00000000    0.02981303    0.02920123    0.03271178    0.12507384    0.02047883    0.00595117    0.00000000 
max(|Force|)     :   0.00050631    0.01639796    0.02873347    0.03362241    0.05545749    0.02088729    0.00574405    0.00202041 
ksp              :   0.02793749    0.07616913    0.10000000    0.10000000    0.01023808    0.01000000    0.01000000 
max(|step|)      :   0.00000000    0.02835757    0.02614969    0.03022669    0.10000000    0.02353568    0.02363851    0.00218546 
angle (deg.)     :    10.0389  15.0047  33.6645  31.7253  17.1201  8.7847 
>
iteration       : 4
climbing        : no
zoom on         : no
nim             : 8
barrier         :   0.01532139 (image:  3) 
distance        :   0.00000000    2.49820422    4.34796330    6.22123882    7.90457257   10.00157885   12.36521579   14.53661514 
energy          : -872.24343540  -872.24025184  -872.23233998  -872.22811401  -872.24699542  -872.26432691  -872.26945214  -872.27214931 
max(|Fr_perp|)   :   0.00000000    0.01486153    0.02670567    0.03204456    0.04668691    0.00973175    0.02227500    0.00000000 
Fr_paral         :   0.00000000   -0.00321224   -0.00769121    0.00463961    0.02858389    0.00384441    0.00130935    0.00000000 
max(|Fsp_paral|) :   0.00000000    0.02587008    0.02434008    0.00959644    0.09372958    0.00135251    0.00073143    0.00000000 
max(|Fsp_perp|)  :   0.00000000    0.00000000    0.00000000    0.00000000    0.00000000    0.00000000    0.00000000    0.00000000 
max(|FNEB|)      :   0.00000000    0.02701801    0.02868474    0.03074922    0.11760164    0.00998589    0.02233070    0.00000000 
max(|Force|)     :   0.00050631    0.01524896    0.02809092    0.03237044    0.05224808    0.01009437    0.02238001    0.00202041 
ksp              :   0.02870237    0.07518245    0.10000000    0.10000000    0.01000000    0.01000000    0.01000000 
max(|step|)      :   0.00000000    0.02297418    0.02439145    0.02614693    0.10000000    0.00849129    0.01898842    0.00000000 
angle (deg.)     :    10.1419  15.3325  32.9459  31.5950  17.9249  8.6239 
>
iteration       : 5
climbing        : no
zoom on         : no
nim             : 8
barrier         :   0.01370006 (image:  3) 
distance        :   0.00000000    2.55553051    4.39013131    6.20682098    7.77998705   10.00320421   12.36390703   14.53632054 
energy          : -872.24343540  -872.24055978  -872.23359776  -872.22973534  -872.24938521  -872.26477594  -872.27030208  -872.27214931 
max(|Fr_perp|)   :   0.00000000    0.01309897    0.02556353    0.03047514    0.04281590    0.00902302    0.00612598    0.00000000 
Fr_paral         :   0.00000000   -0.00287515   -0.00784975    0.00573830    0.02746136    0.00344316    0.00165227    0.00000000 
max(|Fsp_paral|) :   0.00000000    0.02448190    0.02247737    0.01227131    0.08414351    0.00072117    0.00071723    0.00000000 
max(|Fsp_perp|)  :   0.00000000    0.00000000    0.00000000    0.00000000    0.00000000    0.00000000    0.00000000    0.00000000 
max(|FNEB|)      :   0.00000000    0.02559672    0.02688965    0.02854783    0.10880442    0.00915491    0.00608612    0.00000000 
max(|Force|)     :   0.00050631    0.01342466    0.02711888    0.03092862    0.04862822    0.00934920    0.00616096    0.00202041 
ksp              :   0.02889087    0.07462656    0.10000000    0.10000000    0.01000000    0.01000000    0.01000000 
max(|step|)      :   0.00000000    0.02335568    0.02468639    0.02602189    0.10000000    0.00837843    0.00665128    0.00129637 
angle (deg.)     :    10.2537  15.8836  31.9542  31.7935  18.8950  8.6037 
>
iteration       : 6
climbing        : no
zoom on         : no
nim             : 8
barrier         :   0.01234128 (image:  3) 
distance        :   0.00000000    2.61315528    4.43280457    6.18757688    7.65679541   10.00606393   12.36428522   14.53838797 
energy          : -872.24343540  -872.24072739  -872.23450774  -872.23109413  -872.25137548  -872.26508418  -872.27039784  -872.27214931 
max(|Fr_perp|)   :   0.00000000    0.01158756    0.02404391    0.02930270    0.03852111    0.00804957    0.00323592    0.00000000 
Fr_paral         :   0.00000000   -0.00259457   -0.00797501    0.00703581    0.02469461    0.00327399    0.00159335    0.00000000 
max(|Fsp_paral|) :   0.00000000    0.02309959    0.01934077    0.01434239    0.07468862    0.00004423    0.00070179    0.00000000 
max(|Fsp_perp|)  :   0.00000000    0.00000000    0.00000000    0.00000000    0.00000000    0.00000000    0.00000000    0.00000000 
max(|FNEB|)      :   0.00000000    0.02416015    0.02381097    0.02672108    0.09761748    0.00806676    0.00345032    0.00000000 
max(|Force|)     :   0.00050631    0.01187695    0.02580085    0.02994649    0.04421060    0.00836857    0.00333318    0.00202041 
ksp              :   0.02974212    0.07509964    0.10000000    0.10000000    0.01000000    0.01000000    0.01000000 
max(|step|)      :   0.00000000    0.02474982    0.02439212    0.02737326    0.10000000    0.00826364    0.00353453    0.00000000 
angle (deg.)     :    10.3628  16.7549  30.7328  31.9448  19.9178  8.5920 
>
iteration       : 7
climbing        : no
zoom on         : no
nim             : 8
barrier         :   0.01095471 (image:  3) 
distance        :   0.00000000    2.67349858    4.47507548    6.16160175    7.53037458   10.00754850   12.36422398   14.54022398 
energy          : -872.24343540  -872.24087534  -872.23533248  -872.23248069  -872.25283935  -872.26535827  -872.27047075  -872.27214931 
max(|Fr_perp|)   :   0.00000000    0.01025910    0.02225969    0.02832698    0.03400665    0.00707661    0.00290579    0.00000000 
Fr_paral         :   0.00000000   -0.00234318   -0.00807276    0.00863174    0.02220172    0.00317979    0.00154250    0.00000000 
max(|Fsp_paral|) :   0.00000000    0.02176654    0.01516431    0.01582935    0.06563137    0.00066308    0.00068940    0.00000000 
max(|Fsp_perp|)  :   0.00000000    0.00000000    0.00000000    0.00000000    0.00000000    0.00000000    0.00000000    0.00000000 
max(|FNEB|)      :   0.00000000    0.02274942    0.01962036    0.02501655    0.08665688    0.00696396    0.00312454    0.00000000 
max(|Force|)     :   0.00050631    0.01050296    0.02422491    0.02922568    0.03947371    0.00737892    0.00299455    0.00202041 
ksp              :   0.03103254    0.07657072    0.10000000    0.10000000    0.01000000    0.01000000    0.01000000 
max(|step|)      :   0.00000000    0.03141732    0.02089405    0.03815368    0.10000000    0.00713734    0.00770032    0.00160380 
angle (deg.)     :    10.2882  18.4840  29.1133  29.9826  20.9937  8.6650 
>
iteration       : 8
climbing        : no
zoom on         : no
nim             : 8
barrier         :   0.00918218 (image:  3) 
distance        :   0.00000000    2.74652045    4.50001020    6.10014760    7.38103581    9.98711304   12.34777199   14.52654697 
energy          : -872.24343540  -872.24099635  -872.23616158  -872.23425322  -872.25240033  -872.26559100  -872.27043930  -872.27214931 
max(|Fr_perp|)   :   0.00000000    0.00942712    0.02033550    0.02781730    0.03280643    0.00670425    0.00711275    0.00000000 
Fr_paral         :   0.00000000   -0.00217439   -0.00845568    0.01128395    0.02445288    0.00305413    0.00137048    0.00000000 
max(|Fsp_paral|) :   0.00000000    0.01967034    0.00850255    0.01566303    0.05794488    0.00137607    0.00069608    0.00000000 
max(|Fsp_perp|)  :   0.00000000    0.00000000    0.00000000    0.00000000    0.00000000    0.00000000    0.00000000    0.00000000 
max(|FNEB|)      :   0.00000000    0.02057989    0.01545164    0.02384490    0.08870830    0.00648374    0.00723681    0.00000000 
max(|Force|)     :   0.00050631    0.00964734    0.02271338    0.02922550    0.03889802    0.00699210    0.00709773    0.00202041 
ksp              :   0.03389473    0.08127477    0.10000000    0.10000000    0.01000000    0.01000000    0.01000000 
max(|step|)      :   0.00000000    0.02319950    0.01741848    0.02688012    0.10000000    0.00730905    0.00815798    0.00000000 
angle (deg.)     :    10.3310  20.1496  27.5834  31.6658  21.8467  8.6256 
>
iteration       : 9
climbing        : no
zoom on         : no
nim             : 8
barrier         :   0.00771765 (image:  3) 
distance        :   0.00000000    2.80222815    4.52425515    6.06996709    7.27124989   10.00271463   12.36437070   14.54501750 
energy          : -872.24343540  -872.24113760  -872.23689319  -872.23571776  -872.25445135  -872.26580788  -872.27059154  -872.27214931 
max(|Fr_perp|)   :   0.00000000    0.00819417    0.01803637    0.02696008    0.02941107    0.00577096    0.00264802    0.00000000 
Fr_paral         :   0.00000000   -0.00192501   -0.00830986    0.01372025    0.01572658    0.00307025    0.00142636    0.00000000 
max(|Fsp_paral|) :   0.00000000    0.01822339    0.00286090    0.01662550    0.04960953    0.00210329    0.00069371    0.00000000 
max(|Fsp_perp|)  :   0.00000000    0.00000000    0.00000000    0.00000000    0.00000000    0.00000000    0.00000000    0.00000000 
max(|FNEB|)      :   0.00000000    0.01910935    0.01618806    0.02234178    0.06088969    0.00543100    0.00261412    0.00000000 
max(|Force|)     :   0.00050631    0.00837226    0.02060259    0.02892607    0.03351324    0.00605508    0.00267443    0.00202041 
ksp              :   0.03679604    0.08629259    0.10000000    0.10000000    0.01000000    0.01000000    0.01000000 
max(|step|)      :   0.00000000    0.02791289    0.02268010    0.03210606    0.10000000    0.00826156    0.00480939    0.00153056 
angle (deg.)     :    10.3231  22.6381  26.2673  31.9917  22.6673  8.6415 
>
iteration       : 10
climbing        : no
zoom on         : no
nim             : 8
barrier         :   0.00596445 (image:  3) 
distance        :   0.00000000    2.86870289    4.54419888    6.03134324    7.14483754   10.01048418   12.37457555   14.55777645 
energy          : -872.24343540  -872.24125745  -872.23765023  -872.23747095  -872.25528896  -872.26601708  -872.27063554  -872.27214931 
max(|Fr_perp|)   :   0.00000000    0.00679602    0.01496057    0.02553109    0.02354625    0.00489434    0.00397723    0.00000000 
Fr_paral         :   0.00000000   -0.00171356   -0.00786134    0.01712184    0.01286763    0.00305305    0.00137107    0.00000000 
max(|Fsp_paral|) :   0.00000000    0.01612002    0.00663839    0.01753462    0.04299762    0.00288821    0.00069486    0.00000000 
max(|Fsp_perp|)  :   0.00000000    0.00000000    0.00000000    0.00000000    0.00000000    0.00000000    0.00000000    0.00000000 
max(|FNEB|)      :   0.00000000    0.01699120    0.01989725    0.02448285    0.04934541    0.00443964    0.00411979    0.00000000 
max(|Force|)     :   0.00050631    0.00694756    0.01770544    0.02866826    0.02710120    0.00517857    0.00392832    0.00202041 
ksp              :   0.04282274    0.09723111    0.10000000    0.10000000    0.01000000    0.01000000    0.01000000 
max(|step|)      :   0.00000000    0.03443319    0.04032240    0.04961525    0.10000000    0.00899707    0.00834889    0.00000000 
angle (deg.)     :    9.9619  26.9339  25.5710  29.7738  23.4550  8.7101 
>
iteration       : 11
climbing        : no
zoom on         : no
nim             : 8
barrier         :   0.00480965 (image:  2) 
distance        :   0.00000000    2.94955626    4.52692391    5.97106384    6.99416542   10.00635113   12.37717386   14.56407079 
energy          : -872.24343540  -872.24137872  -872.23862575  -872.23967653  -872.25531789  -872.26622877  -872.27068464  -872.27214931 
max(|Fr_perp|)   :   0.00000000    0.00549091    0.01100470    0.02330191    0.02133319    0.00423282    0.00423747    0.00000000 
Fr_paral         :   0.00000000   -0.00150327   -0.00520825    0.02162105    0.01532562    0.00304033    0.00127091    0.00000000 
max(|Fsp_paral|) :   0.00000000    0.00593125    0.00596373    0.02811682    0.02692703    0.00370032    0.00070942    0.00000000 
max(|Fsp_perp|)  :   0.00000000    0.00000000    0.00000000    0.00000000    0.00000000    0.00000000    0.00000000    0.00000000 
max(|FNEB|)      :   0.00000000    0.00667284    0.01511561    0.03704350    0.04654697    0.00473126    0.00422586    0.00000000 
max(|Force|)     :   0.00050631    0.00559492    0.01261309    0.03192324    0.02331164    0.00450618    0.00424486    0.00202041 
ksp              :   0.04848541    0.10000000    0.10000000    0.08033743    0.01000000    0.01000000    0.01000000 
max(|step|)      :   0.00000000    0.02613482    0.03723282    0.06235646    0.10000000    0.00970596    0.00552767    0.00199410 
angle (deg.)     :    9.7384  31.6045  25.2778  29.6837  24.1822  8.7655 
>
iteration       : 12
climbing        : no
zoom on         : no
nim             : 8
barrier         :   0.00409115 (image:  2) 
distance        :   0.00000000    3.01029081    4.50858036    5.89043652    6.87411368   10.02368670   12.40267603   14.59338458 
energy          : -872.24343540  -872.24152215  -872.23934425  -872.24132490  -872.25611817  -872.26641566  -872.27074730  -872.27214931 
max(|Fr_perp|)   :   0.00000000    0.00414234    0.00670492    0.02196856    0.01495504    0.00352133    0.00415158    0.00000000 
Fr_paral         :   0.00000000   -0.00127782   -0.00310070    0.02526881    0.01198478    0.00310028    0.00121551    0.00000000 
max(|Fsp_paral|) :   0.00000000    0.00279867    0.00507530    0.03731729    0.01259378    0.00447367    0.00072948    0.00000000 
max(|Fsp_perp|)  :   0.00000000    0.00000000    0.00000000    0.00000000    0.00000000    0.00000000    0.00000000    0.00000000 
max(|FNEB|)      :   0.00000000    0.00478254    0.00933313    0.04578509    0.02369372    0.00542510    0.00424641    0.00000000 
max(|Force|)     :   0.00050631    0.00421388    0.00708679    0.03337752    0.01843132    0.00379460    0.00436451    0.00202041 
ksp              :   0.05208258    0.10000000    0.10000000    0.05630593    0.01000000    0.01000000    0.01000000 
max(|step|)      :   0.00000000    0.01044562    0.02038464    0.10000000    0.05174987    0.01184905    0.00927465    0.00000000 
angle (deg.)     :    9.7760  35.5456  25.3107  31.1777  24.4341  8.8254 
>
iteration       : 13
climbing        : yes
zoom on         : no
nim             : 8
barrier         :   0.00363843 (image:  2) 
distance        :   0.00000000    2.99585097    4.48751175    5.71891211    6.83724711   10.03960839   12.43134636   14.62601751 
energy          : -872.24343540  -872.24167946  -872.23979697  -872.24028704  -872.25690964  -872.26653187  -872.27075419  -872.27214931 
max(|Fr_perp|)   :   0.00000000    0.00413829    0.00504244    0.01853862    0.01211880    0.00298452    0.00654953    0.00000000 
Fr_paral         :   0.00000000   -0.00107466   -0.00402541    0.02631851    0.00619676    0.00321599    0.00118477    0.00000000 
max(|Fsp_paral|) :   0.00000000    0.00437711    0.01098918    0.01227535    0.03533194    0.00473003    0.00076732    0.00000000 
max(|Fsp_perp|)  :   0.00000000    0.00000000    0.00000000    0.00000000    0.00000000    0.00000000    0.00000000    0.00000000 
max(|FNEB|)      :   0.00000000    0.00527644    0.01522851    0.01968087    0.04498500    0.00558039    0.00675298    0.00000000 
max(|Force|)     :   0.00050631    0.00426361    0.00638260    0.03134867    0.01330851    0.00325039    0.00655557    0.00202041 
ksp              :   0.05342393    0.10000000    0.10000000    0.08799513    0.01000000    0.01000000    0.01000000 
max(|step|)      :   0.00000000    0.00062336    0.00179909    0.00232508    0.00531450    0.00065926    0.00079779    0.00000000 
angle (deg.)     :    9.7607  35.7774  25.5222  30.9819  24.4401  8.8265 
>
iteration       : 14
climbing        : yes
zoom on         : no
nim             : 8
barrier         :   0.00359626 (image:  2) 
distance        :   0.00000000    2.99458240    4.48503814    5.71664222    6.83108976   10.03900279   12.43147527   14.62636424 
energy          : -872.24343540  -872.24169557  -872.23983915  -872.24037236  -872.25694100  -872.26654241  -872.27077602  -872.27214931 
max(|Fr_perp|)   :   0.00000000    0.00370806    0.00460323    0.01837587    0.01191569    0.00298209    0.00575846    0.00000000 
Fr_paral         :   0.00000000   -0.00106627   -0.00386649    0.02646364    0.00670825    0.00320925    0.00119327    0.00000000 
max(|Fsp_paral|) :   0.00000000    0.00453634    0.01093592    0.01322620    0.03429656    0.00475247    0.00076937    0.00000000 
max(|Fsp_perp|)  :   0.00000000    0.00000000    0.00000000    0.00000000    0.00000000    0.00000000    0.00000000    0.00000000 
max(|FNEB|)      :   0.00000000    0.00528515    0.00424387    0.02055247    0.04286859    0.00561032    0.00588101    0.00000000 
max(|Force|)     :   0.00050631    0.00379033    0.00613241    0.03142359    0.01319672    0.00324696    0.00568349    0.00202041 
ksp              :   0.05354113    0.10000000    0.10000000    0.08665578    0.01000000    0.01000000    0.01000000 
max(|step|)      :   0.00000000    0.01035756    0.01599921    0.03938445    0.08534135    0.01105596    0.01136679    0.00144033 
angle (deg.)     :    9.7671  39.3474  29.4316  28.0397  24.5984  8.9305 
>
iteration       : 15
climbing        : yes
zoom on         : no
nim             : 8
barrier         :   0.00338078 (image:  2) 
distance        :   0.00000000    2.97321122    4.47429030    5.67596606    6.73134743   10.03201074   12.43680471   14.63550552 
energy          : -872.24343540  -872.24178130  -872.24005462  -872.24146342  -872.25612543  -872.26661330  -872.27075014  -872.27214931 
max(|Fr_perp|)   :   0.00000000    0.00538148    0.00685246    0.01696565    0.02238140    0.00378318    0.00692069    0.00000000 
Fr_paral         :   0.00000000   -0.00104787   -0.00263647    0.02891566    0.01250635    0.00309033    0.00109696    0.00000000 
max(|Fsp_paral|) :   0.00000000    0.00423420    0.01257036    0.02884338    0.01706827    0.00516163    0.00080652    0.00000000 
max(|Fsp_perp|)  :   0.00000000    0.00000000    0.00000000    0.00000000    0.00000000    0.00000000    0.00000000    0.00000000 
max(|FNEB|)      :   0.00000000    0.00611102    0.00668248    0.03275678    0.03547862    0.00609522    0.00691237    0.00000000 
max(|Force|)     :   0.00050631    0.00545416    0.00702244    0.03235066    0.01956416    0.00398500    0.00698259    0.00202041 
ksp              :   0.05403388    0.10000000    0.10000000    0.06249619    0.01000000    0.01000000    0.01000000 
max(|step|)      :   0.00000000    0.01443001    0.02618696    0.07191989    0.10000000    0.01752555    0.00625521    0.00198205 
angle (deg.)     :    9.7656  45.2695  34.6028  26.8947  24.9739  9.1184 
>
iteration       : 16
climbing        : yes
zoom on         : no
nim             : 8
barrier         :   0.00319905 (image:  2) 
distance        :   0.00000000    2.94116457    4.45292890    5.59604123    6.61289627   10.04961729   12.47411554   14.67884511 
energy          : -872.24343540  -872.24185026  -872.24023635  -872.24211042  -872.25528081  -872.26667332  -872.27050385  -872.27214931 
max(|Fr_perp|)   :   0.00000000    0.00810557    0.01044903    0.01402218    0.03028739    0.00565980    0.01297373    0.00000000 
Fr_paral         :   0.00000000   -0.00099342   -0.00162232    0.03176735    0.01265956    0.00308465    0.00085263    0.00000000 
max(|Fsp_paral|) :   0.00000000    0.00375635    0.01522209    0.03869524    0.00691178    0.00578176    0.00086660    0.00000000 
max(|Fsp_perp|)  :   0.00000000    0.00000000    0.00000000    0.00000000    0.00000000    0.00000000    0.00000000    0.00000000 
max(|FNEB|)      :   0.00000000    0.00885085    0.01046398    0.03585045    0.03566837    0.00672880    0.01296849    0.00000000 
max(|Force|)     :   0.00050631    0.00826995    0.01067508    0.03256037    0.02853354    0.00591249    0.01314079    0.00202041 
ksp              :   0.05459426    0.10000000    0.10000000    0.04710518    0.01000000    0.01000000    0.01000000 
max(|step|)      :   0.00000000    0.01288020    0.01522772    0.05217138    0.05190640    0.00979209    0.01887240    0.00000000 
angle (deg.)     :    9.8466  47.5821  33.2603  32.0874  25.1915  9.0931 
>
iteration       : 17
climbing        : yes
zoom on         : no
nim             : 8
barrier         :   0.00301044 (image:  2) 
distance        :   0.00000000    2.92797147    4.45603392    5.50191919    6.60268794   10.07350477   12.50961687   14.71693921 
energy          : -872.24343540  -872.24193994  -872.24042496  -872.24051642  -872.25651318  -872.26674624  -872.27078048  -872.27214931 
max(|Fr_perp|)   :   0.00000000    0.00716112    0.00900713    0.01294452    0.01970288    0.00428205    0.00826915    0.00000000 
Fr_paral         :   0.00000000   -0.00082460   -0.00319514    0.03169979    0.00455746    0.00355192    0.00105306    0.00000000 
max(|Fsp_paral|) :   0.00000000    0.00295489    0.02754961    0.00149664    0.03811867    0.00597554    0.00090494    0.00000000 
max(|Fsp_perp|)  :   0.00000000    0.00000000    0.00000000    0.00000000    0.00000000    0.00000000    0.00000000    0.00000000 
max(|FNEB|)      :   0.00000000    0.00696938    0.00916185    0.01388018    0.05161102    0.00675338    0.00841380    0.00000000 
max(|Force|)     :   0.00050631    0.00710580    0.00885242    0.03076359    0.01926635    0.00438200    0.00820173    0.00202041 
ksp              :   0.05470825    0.10000000    0.10000000    0.09726566    0.01000000    0.01000000    0.01000000 
max(|step|)      :   0.00000000    0.00415824    0.00334619    0.01651988    0.03232090    0.00656170    0.00204505    0.00008712 
angle (deg.)     :    9.8947  49.0512  34.7419  31.5397  25.2006  9.1257 
>
iteration       : 18
climbing        : yes
zoom on         : no
nim             : 8
barrier         :   0.00278440 (image:  2) 
distance        :   0.00000000    2.92032924    4.45892046    5.48493795    6.56401602   10.07105807   12.51515583   14.72446610 
energy          : -872.24343540  -872.24206623  -872.24065100  -872.24090931  -872.25681532  -872.26681334  -872.27086410  -872.27214931 
max(|Fr_perp|)   :   0.00000000    0.00421211    0.00541237    0.01173277    0.01261742    0.00288778    0.00666420    0.00000000 
Fr_paral         :   0.00000000   -0.00077564   -0.00341446    0.03249367    0.00625336    0.00355969    0.00107716    0.00000000 
max(|Fsp_paral|) :   0.00000000    0.00183728    0.02674891    0.00228256    0.03336883    0.00610547    0.00093102    0.00000000 
max(|Fsp_perp|)  :   0.00000000    0.00000000    0.00000000    0.00000000    0.00000000    0.00000000    0.00000000    0.00000000 
max(|FNEB|)      :   0.00000000    0.00456399    0.00519770    0.01097060    0.04338797    0.00690151    0.00681173    0.00000000 
max(|Force|)     :   0.00050631    0.00427132    0.00562704    0.03090687    0.01204577    0.00328458    0.00659568    0.00202041 
ksp              :   0.05425573    0.10000000    0.10000000    0.09165066    0.01000000    0.01000000    0.01000000 
max(|step|)      :   0.00000000    0.01241582    0.00806756    0.06324439    0.10000000    0.02388267    0.00474069    0.00125889 
angle (deg.)     :    10.0583  55.0583  40.1216  31.2888  25.3238  9.2748 
>
iteration       : 19
climbing        : yes
zoom on         : no
nim             : 8
barrier         :   0.00254038 (image:  2) 
distance        :   0.00000000    2.89925039    4.47116705    5.42124473    6.44769483   10.08001948   12.55332209   14.77011114 
energy          : -872.24343540  -872.24221956  -872.24089502  -872.24132986  -872.25680468  -872.26691622  -872.27097860  -872.27214931 
max(|Fr_perp|)   :   0.00000000    0.00208978    0.00271430    0.00947829    0.00879507    0.00292096    0.00406605    0.00000000 
Fr_paral         :   0.00000000   -0.00071547   -0.00403002    0.03489477    0.00772164    0.00363800    0.00108682    0.00000000 
max(|Fsp_paral|) :   0.00000000    0.00133195    0.03055386    0.00534679    0.02598379    0.00656252    0.00102668    0.00000000 
max(|Fsp_perp|)  :   0.00000000    0.00000000    0.00000000    0.00000000    0.00000000    0.00000000    0.00000000    0.00000000 
max(|FNEB|)      :   0.00000000    0.00189584    0.00301418    0.01169494    0.03176747    0.00738883    0.00429645    0.00000000 
max(|Force|)     :   0.00050631    0.00228089    0.00470379    0.03082028    0.01091332    0.00340752    0.00406832    0.00202041 
ksp              :   0.05307319    0.10000000    0.10000000    0.08470929    0.01000000    0.01000000    0.01000000 
max(|step|)      :   0.00000000    0.00596787    0.00948826    0.03681421    0.10000000    0.02325912    0.01352468    0.00000000 
angle (deg.)     :    10.1311  60.0224  45.4520  29.5780  25.4001  9.4888 
>
iteration       : 20
climbing        : yes
zoom on         : no
nim             : 8
barrier         :   0.00249793 (image:  2) 
distance        :   0.00000000    2.90933900    4.48801319    5.40821204    6.33698051   10.07641048   12.57917339   14.80408006 
energy          : -872.24343540  -872.24224499  -872.24093748  -872.24198406  -872.25587001  -872.26693264  -872.27083420  -872.27214931 
max(|Fr_perp|)   :   0.00000000    0.00366314    0.00476844    0.00884856    0.01957007    0.00342315    0.00928453    0.00000000 
Fr_paral         :   0.00000000   -0.00077114   -0.00243745    0.03689592    0.01186514    0.00358372    0.00090814    0.00000000 
max(|Fsp_paral|) :   0.00000000    0.00160349    0.02504101    0.02369447    0.01022884    0.00686883    0.00112071    0.00000000 
max(|Fsp_perp|)  :   0.00000000    0.00000000    0.00000000    0.00000000    0.00000000    0.00000000    0.00000000    0.00000000 
max(|FNEB|)      :   0.00000000    0.00379152    0.00492064    0.01812496    0.02573961    0.00776108    0.00912335    0.00000000 
max(|Force|)     :   0.00050631    0.00371526    0.00474834    0.03116767    0.01962291    0.00365874    0.00933769    0.00202041 
ksp              :   0.05289036    0.10000000    0.10000000    0.06229181    0.01000000    0.01000000    0.01000000 
max(|step|)      :   0.00000000    0.00780594    0.01079692    0.05392016    0.10000000    0.03054342    0.00520340    0.00159713 
angle (deg.)     :    10.2407  66.8140  49.9204  31.4508  25.6560  9.6919 
>
iteration       : 21
climbing        : yes
zoom on         : no
nim             : 8
barrier         :   0.00232695 (image:  2) 
distance        :   0.00000000    2.92351568    4.50763318    5.36865811    6.22938625   10.09351756   12.63523920   14.87067932 
energy          : -872.24343540  -872.24233602  -872.24110845  -872.24160272  -872.25579513  -872.26698954  -872.27091017  -872.27214931 
max(|Fr_perp|)   :   0.00000000    0.00247780    0.00373536    0.00687292    0.01632474    0.00279651    0.00870235    0.00000000 
Fr_paral         :   0.00000000   -0.00071971   -0.00210669    0.03772623    0.01259846    0.00367760    0.00090138    0.00000000 
max(|Fsp_paral|) :   0.00000000    0.00196489    0.03731090    0.01217630    0.01491297    0.00724856    0.00124816    0.00000000 
max(|Fsp_perp|)  :   0.00000000    0.00000000    0.00000000    0.00000000    0.00000000    0.00000000    0.00000000    0.00000000 
max(|FNEB|)      :   0.00000000    0.00290127    0.00395096    0.00979811    0.02095533    0.00817282    0.00868795    0.00000000 
max(|Force|)     :   0.00050631    0.00248484    0.00369278    0.03017294    0.02086217    0.00340225    0.00891846    0.00202041 
ksp              :   0.05251139    0.10000000    0.10000000    0.08058348    0.01000000    0.01000000    0.01000000 
max(|step|)      :   0.00000000    0.00748293    0.01019029    0.02527122    0.05404782    0.02107927    0.02240789    0.00000000 
angle (deg.)     :    10.3258  69.3778  48.1374  36.4203  25.8454  9.8557 
>
iteration       : 22
climbing        : yes
zoom on         : no
nim             : 8
barrier         :   0.00303650 (image:  3) 
distance        :   0.00000000    2.93623906    4.51351433    5.32880781    6.16724310   10.09718819   12.66608842   14.90912131 
energy          : -872.24343540  -872.24229532  -872.24102605  -872.24039890  -872.25575941  -872.26692361  -872.27049339  -872.27214931 
max(|Fr_perp|)   :   0.00000000    0.00638065    0.00824007    0.00925865    0.01534927    0.00456331    0.01787678    0.00000000 
Fr_paral         :   0.00000000   -0.00061826   -0.00494197    0.03585586    0.00715901    0.00433370    0.00071346    0.00000000 
max(|Fsp_paral|) :   0.00000000    0.00006943    0.03455328    0.00169713    0.02126234    0.00744753    0.00133492    0.00000000 
max(|Fsp_perp|)  :   0.00000000    0.00000000    0.00000000    0.00000000    0.00000000    0.00000000    0.00000000    0.00000000 
max(|FNEB|)      :   0.00000000    0.00639492    0.00810233    0.00917966    0.03021229    0.00831749    0.01809187    0.00000000 
max(|Force|)     :   0.00050631    0.00642734    0.00837781    0.02829484    0.01446538    0.00487939    0.01782922    0.00202041 
ksp              :   0.04379127    0.08141194    0.10000000    0.10000000    0.01000000    0.01000000    0.01000000 
max(|step|)      :   0.00000000    0.00457881    0.00523853    0.02169127    0.05584781    0.02173252    0.00361119    0.00020293 
angle (deg.)     :    10.4453  71.9250  48.0931  38.8445  25.9410  9.9952 
>
iteration       : 23
climbing        : yes
zoom on         : no
nim             : 8
barrier         :   0.00344675 (image:  3) 
distance        :   0.00000000    2.94461415    4.51975865    5.30402227    6.09880869   10.08958382   12.68704629   14.93775330 
energy          : -872.24343540  -872.24234797  -872.24107516  -872.23998865  -872.25547586  -872.26693214  -872.27051258  -872.27214931 
max(|Fr_perp|)   :   0.00000000    0.00592126    0.00758689    0.00864543    0.01603527    0.00448036    0.01806214    0.00000000 
Fr_paral         :   0.00000000   -0.00058075   -0.00652283    0.03457083    0.00555984    0.00448137    0.00071055    0.00000000 
max(|Fsp_paral|) :   0.00000000    0.00009259    0.02560541    0.00077867    0.01822761    0.00755136    0.00142915    0.00000000 
max(|Fsp_perp|)  :   0.00000000    0.00000000    0.00000000    0.00000000    0.00000000    0.00000000    0.00000000    0.00000000 
max(|FNEB|)      :   0.00000000    0.00593969    0.00742902    0.00860688    0.02646857    0.00845977    0.01829074    0.00000000 
max(|Force|)     :   0.00050631    0.00596493    0.00774476    0.02685681    0.01596737    0.00508185    0.01801486    0.00202041 
ksp              :   0.03839450    0.07162956    0.10000000    0.10000000    0.01000000    0.01000000    0.01000000 
max(|step|)      :   0.00000000    0.00951328    0.01552501    0.04264098    0.10000000    0.04707758    0.00782462    0.00104166 
angle (deg.)     :    10.8669  77.2893  49.7005  42.3723  26.0701  10.2626 
>
iteration       : 24
climbing        : yes
zoom on         : no
nim             : 8
barrier         :   0.00472744 (image:  3) 
distance        :   0.00000000    2.96148148    4.53649123    5.24447713    5.97682264   10.05230928   12.71241436   14.98075404 
energy          : -872.24343540  -872.24232084  -872.24099866  -872.23870796  -872.25525345  -872.26688739  -872.27079051  -872.27214931 
max(|Fr_perp|)   :   0.00000000    0.00744406    0.00900699    0.00886284    0.01468378    0.00470972    0.01272310    0.00000000 
Fr_paral         :   0.00000000   -0.00063894   -0.00697764    0.03003121    0.01138016    0.00432182    0.00085145    0.00000000 
max(|Fsp_paral|) :   0.00000000    0.00147477    0.01372096    0.00181283    0.01641390    0.00750521    0.00163495    0.00000000 
max(|Fsp_perp|)  :   0.00000000    0.00000000    0.00000000    0.00000000    0.00000000    0.00000000    0.00000000    0.00000000 
max(|FNEB|)      :   0.00000000    0.00734207    0.00923939    0.00893337    0.02176101    0.00851997    0.01318174    0.00000000 
max(|Force|)     :   0.00050631    0.00753649    0.00909590    0.02246471    0.01358914    0.00490119    0.01287553    0.00202041 
ksp              :   0.03127251    0.05647001    0.10000000    0.10000000    0.01000000    0.01000000    0.01000000 
max(|step|)      :   0.00000000    0.00838130    0.01054718    0.01019784    0.02484117    0.00972593    0.01504754    0.00000000 
angle (deg.)     :    11.0444  77.5875  50.3922  41.6048  26.0557  10.2986 
>
iteration       : 25
climbing        : yes
zoom on         : no
nim             : 8
barrier         :   0.00431063 (image:  3) 
distance        :   0.00000000    2.95734768    4.53884654    5.24262783    5.94317306   10.03001703   12.70287297   14.97539545 
energy          : -872.24343540  -872.24245591  -872.24122483  -872.23912477  -872.25526031  -872.26695845  -872.27109899  -872.27214931 
max(|Fr_perp|)   :   0.00000000    0.00400366    0.00487189    0.00487167    0.00895571    0.00356442    0.00396479    0.00000000 
Fr_paral         :   0.00000000   -0.00063097   -0.00688374    0.03000289    0.01506617    0.00416754    0.00097486    0.00000000 
max(|Fsp_paral|) :   0.00000000    0.00050067    0.01393278    0.00024473    0.01490802    0.00743036    0.00167479    0.00000000 
max(|Fsp_perp|)  :   0.00000000    0.00000000    0.00000000    0.00000000    0.00000000    0.00000000    0.00000000    0.00000000 
max(|FNEB|)      :   0.00000000    0.00408439    0.01516919    0.02312203    0.01682495    0.00849692    0.00404278    0.00000000 
max(|Force|)     :   0.00050631    0.00404504    0.00644272    0.02225835    0.01665139    0.00432552    0.00410274    0.00202041 
ksp              :   0.03045036    0.05615373    0.10000000    0.10000000    0.01000000    0.01000000    0.01000000 
max(|step|)      :   0.00000000    0.00193759    0.00851697    0.01477457    0.01897460    0.00867947    0.00221072    0.00012592 
angle (deg.)     :    10.9915  78.5702  49.5149  42.7811  26.1079  10.3610 
>
iteration       : 26
climbing        : yes
zoom on         : no
nim             : 8
barrier         :   0.00480202 (image:  3) 
distance        :   0.00000000    2.95530910    4.53738441    5.23275239    5.92197633   10.02454605   12.70866063   14.98519062 
energy          : -872.24343540  -872.24245830  -872.24129094  -872.23863338  -872.25499508  -872.26694141  -872.27105390  -872.27214931 
max(|Fr_perp|)   :   0.00000000    0.00427509    0.00530613    0.00533835    0.00954799    0.00348436    0.00594850    0.00000000 
Fr_paral         :   0.00000000   -0.00063294   -0.00491028    0.02755531    0.01662337    0.00415010    0.00093673    0.00000000 
max(|Fsp_paral|) :   0.00000000    0.00171558    0.00746378    0.00046524    0.01478384    0.00741994    0.00170866    0.00000000 
max(|Fsp_perp|)  :   0.00000000    0.00000000    0.00000000    0.00000000    0.00000000    0.00000000    0.00000000    0.00000000 
max(|FNEB|)      :   0.00000000    0.00455400    0.00806775    0.02156161    0.01587458    0.00850499    0.00571739    0.00000000 
max(|Force|)     :   0.00050631    0.00431661    0.00534350    0.02016925    0.01835754    0.00427050    0.00600389    0.00202041 
ksp              :   0.02831288    0.05019183    0.10000000    0.10000000    0.01000000    0.01000000    0.01000000 
max(|step|)      :   0.00000000    0.01269643    0.02097877    0.07572041    0.10000000    0.04758027    0.00947660    0.00117434 
angle (deg.)     :    11.1068  83.0032  45.1040  51.0661  26.4697  10.6543 
>
iteration       : 27
climbing        : yes
zoom on         : no
nim             : 8
barrier         :   0.00638304 (image:  3) 
distance        :   0.00000000    2.93342412    4.53524108    5.16445730    5.80256138    9.99400179   12.73958391   15.03810799 
energy          : -872.24343540  -872.24252341  -872.24143934  -872.23705236  -872.25370068  -872.26688813  -872.27100320  -872.27214931 
max(|Fr_perp|)   :   0.00000000    0.00386327    0.00630587    0.00486872    0.00936919    0.00320542    0.00809258    0.00000000 
Fr_paral         :   0.00000000   -0.00058355   -0.00018821    0.01427174    0.02433457    0.00408833    0.00087422    0.00000000 
max(|Fsp_paral|) :   0.00000000    0.00238116    0.00125683    0.00068931    0.01384542    0.00739792    0.00189480    0.00000000 
max(|Fsp_perp|)  :   0.00000000    0.00000000    0.00000000    0.00000000    0.00000000    0.00000000    0.00000000    0.00000000 
max(|FNEB|)      :   0.00000000    0.00434461    0.00659853    0.01332560    0.01330371    0.00856385    0.00800377    0.00000000 
max(|Force|)     :   0.00050631    0.00399718    0.00636337    0.01168759    0.02446545    0.00405866    0.00831278    0.00202041 
ksp              :   0.02288764    0.03821315    0.10000000    0.10000000    0.01000000    0.01000000    0.01000000 
max(|step|)      :   0.00000000    0.00743271    0.01128870    0.02279729    0.02275984    0.01465094    0.01369276    0.00000000 
angle (deg.)     :    11.1453  83.3307  43.7118  54.7706  26.6119  10.7056 
>
iteration       : 28
climbing        : yes
zoom on         : no
nim             : 8
barrier         :   0.00656337 (image:  3) 
distance        :   0.00000000    2.92361677    4.53445620    5.13881337    5.76715352    9.98260258   12.74636958   15.05229090 
energy          : -872.24343540  -872.24251804  -872.24146790  -872.23687203  -872.25340336  -872.26685016  -872.27102289  -872.27214931 
max(|Fr_perp|)   :   0.00000000    0.00468514    0.00582153    0.00577253    0.00934290    0.00435196    0.00787897    0.00000000 
Fr_paral         :   0.00000000   -0.00053737   -0.00314053    0.01075793    0.02440930    0.00457468    0.00094551    0.00000000 
max(|Fsp_paral|) :   0.00000000    0.00259032    0.00063746    0.00181387    0.01376250    0.00740666    0.00194527    0.00000000 
max(|Fsp_perp|)  :   0.00000000    0.00000000    0.00000000    0.00000000    0.00000000    0.00000000    0.00000000    0.00000000 
max(|FNEB|)      :   0.00000000    0.00483445    0.00581673    0.01085575    0.01424792    0.00859389    0.00816414    0.00000000 
max(|Force|)     :   0.00050631    0.00465072    0.00584565    0.01042135    0.02337862    0.00511586    0.00781966    0.00202041 
ksp              :   0.02257928    0.03697928    0.10000000    0.10000000    0.01000000    0.01000000    0.01000000 
max(|step|)      :   0.00000000    0.00456923    0.00516374    0.02047319    0.02335193    0.01463036    0.00340445    0.00014156 
angle (deg.)     :    11.2090  83.6537  42.7460  57.4988  26.7125  10.7863 
>
iteration       : 29
climbing        : yes
zoom on         : no
nim             : 8
barrier         :   0.00656511 (image:  3) 
distance        :   0.00000000    2.91337270    4.53387761    5.11780325    5.73621949    9.96789622   12.75003126   15.06347553 
energy          : -872.24343540  -872.24255850  -872.24152204  -872.23687029  -872.25306552  -872.26683675  -872.27101783  -872.27214931 
max(|Fr_perp|)   :   0.00000000    0.00376591    0.00500678    0.00515552    0.00870180    0.00445094    0.00838917    0.00000000 
Fr_paral         :   0.00000000   -0.00052118   -0.00428944    0.00754800    0.02541226    0.00465234    0.00094271    0.00000000 
max(|Fsp_paral|) :   0.00000000    0.00218743    0.00022912    0.00258759    0.01354336    0.00734910    0.00199719    0.00000000 
max(|Fsp_perp|)  :   0.00000000    0.00000000    0.00000000    0.00000000    0.00000000    0.00000000    0.00000000    0.00000000 
max(|FNEB|)      :   0.00000000    0.00416489    0.00501090    0.00873656    0.01280660    0.00857171    0.00868129    0.00000000 
max(|Force|)     :   0.00050631    0.00380402    0.00503799    0.00863929    0.02328253    0.00523511    0.00833001    0.00202041 
ksp              :   0.02202124    0.03622999    0.10000000    0.10000000    0.01000000    0.01000000    0.01000000 
max(|step|)      :   0.00000000    0.01938959    0.01212839    0.07904262    0.10000000    0.06994751    0.01625564    0.00122963 
angle (deg.)     :    11.4995  84.9742  41.5677  69.8624  27.2700  11.1626 
>
iteration       : 30
climbing        : yes
zoom on         : no
nim             : 8
barrier         :   0.00612538 (image:  3) 
distance        :   0.00000000    2.87248581    4.53113640    5.05999848    5.63120205    9.92358897   12.79367401   15.14421805 
energy          : -872.24343540  -872.24257768  -872.24158001  -872.23731003  -872.25092656  -872.26672494  -872.27115163  -872.27214931 
max(|Fr_perp|)   :   0.00000000    0.00610397    0.00716191    0.00603499    0.00468409    0.00324110    0.00237401    0.00000000 
Fr_paral         :   0.00000000   -0.00050061   -0.00332859   -0.00236980    0.03289767    0.00418161    0.00096531    0.00000000 
max(|Fsp_paral|) :   0.00000000    0.00125116    0.00609817    0.00299486    0.01116075    0.00700041    0.00224379    0.00000000 
max(|Fsp_perp|)  :   0.00000000    0.00000000    0.00000000    0.00000000    0.00000000    0.00000000    0.00000000    0.00000000 
max(|FNEB|)      :   0.00000000    0.00609660    0.00736530    0.00624108    0.01004556    0.00829995    0.00272639    0.00000000 
max(|Force|)     :   0.00050631    0.00626142    0.00737801    0.00620323    0.02704688    0.00415760    0.00244038    0.00202041 
ksp              :   0.02266957    0.03737633    0.10000000    0.10000000    0.01000000    0.01000000    0.01000000 
max(|step|)      :   0.00000000    0.00747997    0.00903654    0.00765723    0.01232497    0.01018328    0.00334503    0.00000000 
angle (deg.)     :    11.4063  85.1968  41.3773  70.4404  27.3230  11.2059 
>
iteration       : 31
climbing        : yes
zoom on         : no
nim             : 8
barrier         :   0.00599046 (image:  3) 
distance        :   0.00000000    2.86872574    4.52960511    5.07327428    5.62689048    9.91455439   12.79638576   15.15323113 
energy          : -872.24343540  -872.24263738  -872.24171479  -872.23744494  -872.25051207  -872.26671617  -872.27116486  -872.27214931 
max(|Fr_perp|)   :   0.00000000    0.00407047    0.00491498    0.00404682    0.00479929    0.00396077    0.00141741    0.00000000 
Fr_paral         :   0.00000000   -0.00050511   -0.00232459   -0.00229195    0.03413589    0.00457677    0.00100808    0.00000000 
max(|Fsp_paral|) :   0.00000000    0.00141947    0.00348579    0.00070930    0.00991698    0.00688917    0.00227101    0.00000000 
max(|Fsp_perp|)  :   0.00000000    0.00000000    0.00000000    0.00000000    0.00000000    0.00000000    0.00000000    0.00000000 
max(|FNEB|)      :   0.00000000    0.00429625    0.00491283    0.00403880    0.00900447    0.00825670    0.00230399    0.00000000 
max(|Force|)     :   0.00050631    0.00410279    0.00491469    0.00493711    0.02803571    0.00485001    0.00142283    0.00202041 
ksp              :   0.02198935    0.03585025    0.10000000    0.10000000    0.01000000    0.01000000    0.01000000 
max(|step|)      :   0.00000000    0.00205995    0.00532026    0.00458238    0.01125808    0.00994393    0.00277114    0.00003976 
angle (deg.)     :    11.3515  85.3127  41.3162  71.1872  27.4062  11.2558 
>
iteration       : 32
climbing        : yes
zoom on         : no
nim             : 8
barrier         :   0.00591649 (image:  3) 
distance        :   0.00000000    2.86478285    4.52848400    5.08359233    5.62150268    9.90582655   12.79934244   15.16245772 
energy          : -872.24343540  -872.24265381  -872.24175999  -872.23751891  -872.25010154  -872.26669480  -872.27116307  -872.27214931 
max(|Fr_perp|)   :   0.00000000    0.00360030    0.00440366    0.00360337    0.00520233    0.00409076    0.00143991    0.00000000 
Fr_paral         :   0.00000000   -0.00049345   -0.00175830   -0.00218329    0.03502297    0.00465411    0.00101109    0.00000000 
max(|Fsp_paral|) :   0.00000000    0.00147286    0.00238599    0.00121741    0.00876184    0.00679341    0.00229836    0.00000000 
max(|Fsp_perp|)  :   0.00000000    0.00000000    0.00000000    0.00000000    0.00000000    0.00000000    0.00000000    0.00000000 
max(|FNEB|)      :   0.00000000    0.00383426    0.00440291    0.00359562    0.00806214    0.00818473    0.00232767    0.00000000 
max(|Force|)     :   0.00050631    0.00363183    0.00440402    0.00472068    0.02873821    0.00498423    0.00144538    0.00202041 
ksp              :   0.02188937    0.03548592    0.10000000    0.10000000    0.01000000    0.01000000    0.01000000 
max(|step|)      :   0.00000000    0.02108409    0.04008126    0.04387269    0.09701145    0.10000000    0.02894492    0.00113927 
angle (deg.)     :    11.1585  85.6317  42.8544  81.6853  28.4507  11.7626 
>
iteration       : 33
climbing        : yes
zoom on         : no
nim             : 8
barrier         :   0.00543302 (image:  3) 
distance        :   0.00000000    2.82248841    4.51998251    5.16290177    5.58227366    9.82727354   12.83724531   15.26490855 
energy          : -872.24343540  -872.24270350  -872.24189575  -872.23800238  -872.24662797  -872.26649858  -872.27113378  -872.27214931 
max(|Fr_perp|)   :   0.00000000    0.00654970    0.00753935    0.00564793    0.00572546    0.00180170    0.00329446    0.00000000 
Fr_paral         :   0.00000000   -0.00047423   -0.00017701   -0.00156884    0.03642131    0.00349098    0.00096656    0.00000000 
max(|Fsp_paral|) :   0.00000000    0.00087404    0.00272234    0.01455703    0.00042725    0.00585740    0.00256332    0.00000000 
max(|Fsp_perp|)  :   0.00000000    0.00000000    0.00000000    0.00000000    0.00000000    0.00000000    0.00000000    0.00000000 
max(|FNEB|)      :   0.00000000    0.00658679    0.00787336    0.00590267    0.00589313    0.00714513    0.00405961    0.00000000 
max(|Force|)     :   0.00050631    0.00677853    0.00786851    0.00588666    0.02965166    0.00238655    0.00347543    0.00202041 
ksp              :   0.02217995    0.03559588    0.10000000    0.10000000    0.01000000    0.01000000    0.01000000 
max(|step|)      :   0.00000000    0.00717595    0.00857761    0.00643064    0.00642026    0.00778424    0.00442273    0.00000000 
angle (deg.)     :    11.2040  85.3881  42.9689  81.4004  28.4167  11.7883 
>
iteration       : 34
climbing        : yes
zoom on         : no
nim             : 8
barrier         :   0.00535684 (image:  3) 
distance        :   0.00000000    2.82024188    4.51977302    5.16055898    5.58088848    9.80954499   12.82648100   15.26040361 
energy          : -872.24343540  -872.24274258  -872.24197117  -872.23807856  -872.24677035  -872.26647363  -872.27115314  -872.27214931 
max(|Fr_perp|)   :   0.00000000    0.00315399    0.00376322    0.00284527    0.00326129    0.00356219    0.00087275    0.00000000 
Fr_paral         :   0.00000000   -0.00042924   -0.00051375   -0.00151881    0.03667089    0.00445729    0.00101798    0.00000000 
max(|Fsp_paral|) :   0.00000000    0.00089381    0.00372237    0.01425802    0.00021324    0.00573176    0.00256988    0.00000000 
max(|Fsp_perp|)  :   0.00000000    0.00000000    0.00000000    0.00000000    0.00000000    0.00000000    0.00000000    0.00000000 
max(|FNEB|)      :   0.00000000    0.00340634    0.00388948    0.00285029    0.00329079    0.00722216    0.00256247    0.00000000 
max(|Force|)     :   0.00050631    0.00320277    0.00376196    0.00284124    0.02956959    0.00441242    0.00098139    0.00202041 
ksp              :   0.02164002    0.03460046    0.10000000    0.10000000    0.01000000    0.01000000    0.01000000 
max(|step|)      :   0.00000000    0.00133831    0.00423640    0.00328039    0.00378608    0.00811276    0.00291515    0.00007082 
angle (deg.)     :    11.2590  85.1011  43.1131  81.3322  28.4419  11.8269 
>
iteration       : 35
climbing        : yes
zoom on         : no
nim             : 8
barrier         :   0.00532666 (image:  3) 
distance        :   0.00000000    2.81784143    4.51967897    5.15722941    5.57835478    9.79271733   12.81749455   15.25795207 
energy          : -872.24343540  -872.24274621  -872.24197848  -872.23810874  -872.24685073  -872.26645094  -872.27114796  -872.27214931 
max(|Fr_perp|)   :   0.00000000    0.00331961    0.00394835    0.00302835    0.00307270    0.00411499    0.00158241    0.00000000 
Fr_paral         :   0.00000000   -0.00042517   -0.00084875   -0.00145067    0.03668656    0.00471764    0.00102516    0.00000000 
max(|Fsp_paral|) :   0.00000000    0.00083491    0.00342160    0.01398849    0.00002609    0.00561754    0.00257904    0.00000000 
max(|Fsp_perp|)  :   0.00000000    0.00000000    0.00000000    0.00000000    0.00000000    0.00000000    0.00000000    0.00000000 
max(|FNEB|)      :   0.00000000    0.00355531    0.00395927    0.00303273    0.00308326    0.00717135    0.00256106    0.00000000 
max(|Force|)     :   0.00050631    0.00336790    0.00394623    0.00302396    0.02960673    0.00494454    0.00152144    0.00202041 
ksp              :   0.02164469    0.03461633    0.10000000    0.10000000    0.01000000    0.01000000    0.01000000 
max(|step|)      :   0.00000000    0.01601826    0.04603354    0.03872994    0.04465416    0.10000000    0.03646242    0.00183169 
angle (deg.)     :    12.1653  81.8159  45.0379  81.0194  29.0399  12.3116 
>
iteration       : 36
climbing        : yes
zoom on         : no
nim             : 8
barrier         :   0.00499909 (image:  3) 
distance        :   0.00000000    2.78974588    4.52034670    5.12638260    5.55689419    9.60473199   12.72669690   15.24767532 
energy          : -872.24343540  -872.24279488  -872.24184971  -872.23843631  -872.24755727  -872.26621819  -872.27109146  -872.27214931 
max(|Fr_perp|)   :   0.00000000    0.00342230    0.00420710    0.00311840    0.00507024    0.00444557    0.00403330    0.00000000 
Fr_paral         :   0.00000000   -0.00040268   -0.00329104   -0.00081962    0.03579308    0.00487404    0.00103964    0.00000000 
max(|Fsp_paral|) :   0.00000000    0.00268114    0.00438628    0.01160797    0.00210254    0.00428964    0.00269220    0.00000000 
max(|Fsp_perp|)  :   0.00000000    0.00000000    0.00000000    0.00000000    0.00000000    0.00000000    0.00000000    0.00000000 
max(|FNEB|)      :   0.00000000    0.00337114    0.00652331    0.00327344    0.00529752    0.00600502    0.00463168    0.00000000 
max(|Force|)     :   0.00050631    0.00364013    0.00512036    0.00326775    0.02975366    0.00527330    0.00413359    0.00202041 
ksp              :   0.02154794    0.03863190    0.10000000    0.10000000    0.01000000    0.01000000    0.01000000 
max(|step|)      :   0.00000000    0.00556913    0.01077651    0.00540773    0.00875151    0.00992030    0.00765155    0.00000000 
angle (deg.)     :    11.9895  82.0522  44.6423  81.3144  29.2189  12.3608 
>
iteration       : 37
climbing        : yes
zoom on         : no
nim             : 8
barrier         :   0.00496266 (image:  3) 
distance        :   0.00000000    2.80065440    4.51827145    5.13666526    5.56454739    9.60182632   12.73208191   15.26302748 
energy          : -872.24343540  -872.24278982  -872.24195830  -872.23847274  -872.24746861  -872.26621927  -872.27109954  -872.27214931 
max(|Fr_perp|)   :   0.00000000    0.00408523    0.00454217    0.00359867    0.00474631    0.00181926    0.00284277    0.00000000 
Fr_paral         :   0.00000000   -0.00045621   -0.00261139   -0.00095275    0.03579532    0.00360802    0.00101121    0.00000000 
max(|Fsp_paral|) :   0.00000000    0.00095389    0.00094645    0.01250191    0.00198659    0.00420881    0.00268812    0.00000000 
max(|Fsp_perp|)  :   0.00000000    0.00000000    0.00000000    0.00000000    0.00000000    0.00000000    0.00000000    0.00000000 
max(|FNEB|)      :   0.00000000    0.00435383    0.00454337    0.00360119    0.00477018    0.00554531    0.00358901    0.00000000 
max(|Force|)     :   0.00050631    0.00403406    0.00454304    0.00359616    0.02945322    0.00261299    0.00292154    0.00202041 
ksp              :   0.02170788    0.03678784    0.10000000    0.10000000    0.01000000    0.01000000    0.01000000 
max(|step|)      :   0.00000000    0.00289789    0.00614642    0.00282467    0.00330803    0.00843377    0.00397113    0.00010223 
angle (deg.)     :    11.9436  82.1235  44.5225  81.2129  29.2877  12.3970 
>
iteration       : 38
climbing        : yes
zoom on         : no
nim             : 8
barrier         :   0.00491855 (image:  3) 
distance        :   0.00000000    2.80669590    4.51718838    5.14238159    5.56789751    9.59199905   12.72823005   15.26797029 
energy          : -872.24343540  -872.24280467  -872.24201951  -872.23851685  -872.24740509  -872.26620636  -872.27109777  -872.27214931 
max(|Fr_perp|)   :   0.00000000    0.00198716    0.00219755    0.00192209    0.00410897    0.00179438    0.00267276    0.00000000 
Fr_paral         :   0.00000000   -0.00044344   -0.00219953   -0.00102129    0.03602194    0.00347024    0.00101832    0.00000000 
max(|Fsp_paral|) :   0.00000000    0.00038354    0.00076807    0.01305239    0.00190598    0.00411122    0.00267891    0.00000000 
max(|Fsp_perp|)  :   0.00000000    0.00000000    0.00000000    0.00000000    0.00000000    0.00000000    0.00000000    0.00000000 
max(|FNEB|)      :   0.00000000    0.00209538    0.00219745    0.00220626    0.00413031    0.00541181    0.00343268    0.00000000 
max(|Force|)     :   0.00050631    0.00193739    0.00219920    0.00223996    0.02931598    0.00232669    0.00267665    0.00202041 
ksp              :   0.02154111    0.03590812    0.10000000    0.10000000    0.01000000    0.01000000    0.01000000 
max(|step|)      :   0.00000000    0.01414701    0.02609527    0.01747195    0.01823312    0.05056550    0.02390690    0.00055233 
angle (deg.)     :    11.9707  82.1588  44.7046  80.5388  29.6421  12.6200 
>
iteration       : 39
climbing        : yes
zoom on         : no
nim             : 8
barrier         :   0.00477342 (image:  3) 
distance        :   0.00000000    2.83509653    4.51307245    5.16744385    5.57940803    9.52396021   12.69459342   15.28786003 
energy          : -872.24343540  -872.24281042  -872.24195115  -872.23866198  -872.24682976  -872.26611893  -872.27107755  -872.27214931 
max(|Fr_perp|)   :   0.00000000    0.00282956    0.00566367    0.00271249    0.00276217    0.00177482    0.00259238    0.00000000 
Fr_paral         :   0.00000000   -0.00040191    0.00009908   -0.00111222    0.03634275    0.00337696    0.00104915    0.00000000 
max(|Fsp_paral|) :   0.00000000    0.00078901    0.00116243    0.01560193    0.00145865    0.00353425    0.00261349    0.00000000 
max(|Fsp_perp|)  :   0.00000000    0.00000000    0.00000000    0.00000000    0.00000000    0.00000000    0.00000000    0.00000000 
max(|FNEB|)      :   0.00000000    0.00260760    0.00546123    0.00271389    0.00277299    0.00481436    0.00262314    0.00000000 
max(|Force|)     :   0.00050631    0.00287462    0.00565190    0.00271109    0.02915788    0.00217213    0.00261835    0.00202041 
ksp              :   0.02178363    0.03798459    0.10000000    0.10000000    0.01000000    0.01000000    0.01000000 
max(|step|)      :   0.00000000    0.02986688    0.04103632    0.03391109    0.03716172    0.10000000    0.04808945    0.00113832 
angle (deg.)     :    12.1426  82.3525  46.6603  79.5490  30.4617  13.0845 
>
iteration       : 40
climbing        : yes
zoom on         : no
nim             : 8
barrier         :   0.00457040 (image:  3) 
distance        :   0.00000000    2.89523788    4.50570657    5.22154175    5.61129123    9.40493931   12.64194495   15.34277062 
energy          : -872.24343540  -872.24280149  -872.24139865  -872.23886500  -872.24558006  -872.26594449  -872.27101981  -872.27214931 
max(|Fr_perp|)   :   0.00000000    0.00549323    0.01228915    0.00517408    0.00617179    0.00180486    0.00208387    0.00000000 
Fr_paral         :   0.00000000   -0.00040149    0.00449151   -0.00135563    0.03522380    0.00264310    0.00104148    0.00000000 
max(|Fsp_paral|) :   0.00000000    0.00631034    0.00626034    0.02073403    0.00086835    0.00247356    0.00246273    0.00000000 
max(|Fsp_perp|)  :   0.00000000    0.00000000    0.00000000    0.00000000    0.00000000    0.00000000    0.00000000    0.00000000 
max(|FNEB|)      :   0.00000000    0.00671480    0.01342741    0.00533354    0.00643113    0.00335879    0.00260476    0.00000000 
max(|Force|)     :   0.00050631    0.00571502    0.01187550    0.00532335    0.02900485    0.00211560    0.00207731    0.00202041 
ksp              :   0.02251534    0.05033906    0.10000000    0.10000000    0.01000000    0.01000000    0.01000000 
max(|step|)      :   0.00000000    0.01005703    0.02011080    0.00798827    0.00963218    0.00503060    0.00390127    0.00000000 
angle (deg.)     :    11.5964  82.6077  48.2954  79.7879  30.4200  13.1053 
>
iteration       : 41
climbing        : yes
zoom on         : no
nim             : 8
barrier         :   0.00451151 (image:  3) 
distance        :   0.00000000    2.91855816    4.50069562    5.23371397    5.62458982    9.41230627   12.64905195   15.35787170 
energy          : -872.24343540  -872.24279613  -872.24187548  -872.23892389  -872.24565184  -872.26593918  -872.27101954  -872.27214931 
max(|Fr_perp|)   :   0.00000000    0.00530112    0.00694366    0.00423332    0.00898309    0.00247270    0.00142770    0.00000000 
Fr_paral         :   0.00000000   -0.00046716    0.00264959   -0.00173124    0.03563696    0.00381298    0.00107137    0.00000000 
max(|Fsp_paral|) :   0.00000000    0.00053936    0.00554265    0.02193432    0.00100579    0.00245068    0.00242748    0.00000000 
max(|Fsp_perp|)  :   0.00000000    0.00000000    0.00000000    0.00000000    0.00000000    0.00000000    0.00000000    0.00000000 
max(|FNEB|)      :   0.00000000    0.00515067    0.01064837    0.00424483    0.00902307    0.00391380    0.00238002    0.00000000 
max(|Force|)     :   0.00050631    0.00524916    0.00812540    0.00422181    0.02983713    0.00306745    0.00146608    0.00202041 
ksp              :   0.02275291    0.04111878    0.10000000    0.10000000    0.01000000    0.01000000    0.01000000 
max(|step|)      :   0.00000000    0.00268618    0.00853275    0.00227230    0.00479470    0.00352339    0.00227269    0.00000333 
angle (deg.)     :    11.5371  82.3638  48.9882  79.7651  30.4551  13.1213 
>
iteration       : 42
climbing        : yes
zoom on         : no
nim             : 8
barrier         :   0.00446768 (image:  3) 
distance        :   0.00000000    2.92139959    4.50007970    5.23159254    5.62223639    9.40471904   12.64226121   15.35602552 
energy          : -872.24343540  -872.24282550  -872.24207339  -872.23896773  -872.24582275  -872.26593787  -872.27102024  -872.27214931 
max(|Fr_perp|)   :   0.00000000    0.00195615    0.00488877    0.00173449    0.00251298    0.00238597    0.00088187    0.00000000 
Fr_paral         :   0.00000000   -0.00043569    0.00141245   -0.00189521    0.03674645    0.00379391    0.00107614    0.00000000 
max(|Fsp_paral|) :   0.00000000    0.00239958    0.00949072    0.02196985    0.00102849    0.00242041    0.00240988    0.00000000 
max(|Fsp_perp|)  :   0.00000000    0.00000000    0.00000000    0.00000000    0.00000000    0.00000000    0.00000000    0.00000000 
max(|FNEB|)      :   0.00000000    0.00248741    0.01106765    0.00214543    0.00253325    0.00387708    0.00237110    0.00000000 
max(|Force|)     :   0.00050631    0.00190759    0.00550992    0.00214418    0.02996127    0.00300959    0.00095502    0.00202041 
ksp              :   0.02228637    0.03743723    0.10000000    0.10000000    0.01000000    0.01000000    0.01000000 
max(|step|)      :   0.00000000    0.00343234    0.02790267    0.00669488    0.00667794    0.01094609    0.00696448    0.00012294 
angle (deg.)     :    11.6999  81.2720  50.9157  79.8336  30.5826  13.1723 
>
iteration       : 43
climbing        : yes
zoom on         : no
nim             : 8
barrier         :   0.00444383 (image:  3) 
distance        :   0.00000000    2.92010981    4.50114689    5.21693208    5.60664393    9.37401163   12.61418028   15.34312092 
energy          : -872.24343540  -872.24282261  -872.24217173  -872.23899157  -872.24579153  -872.26593270  -872.27101337  -872.27214931 
max(|Fr_perp|)   :   0.00000000    0.00329643    0.00382223    0.00287087    0.00577756    0.00187427    0.00083971    0.00000000 
Fr_paral         :   0.00000000   -0.00038648   -0.00115080   -0.00189739    0.03648298    0.00360354    0.00107727    0.00000000 
max(|Fsp_paral|) :   0.00000000    0.00365453    0.01044251    0.02130723    0.00106784    0.00233147    0.00235655    0.00000000 
max(|Fsp_perp|)  :   0.00000000    0.00000000    0.00000000    0.00000000    0.00000000    0.00000000    0.00000000    0.00000000 
max(|FNEB|)      :   0.00000000    0.00431985    0.01090628    0.00287957    0.00578618    0.00370842    0.00235758    0.00000000 
max(|Force|)     :   0.00050631    0.00333956    0.00381952    0.00286216    0.03019261    0.00256330    0.00094154    0.00202041 
ksp              :   0.02241077    0.03559279    0.10000000    0.10000000    0.01000000    0.01000000    0.01000000 
max(|step|)      :   0.00000000    0.00234238    0.01896439    0.00536853    0.00443435    0.00987481    0.00629510    0.00012797 
angle (deg.)     :    12.0551  80.2528  51.7548  79.9744  30.6968  13.2187 
>
iteration       : 44
climbing        : yes
zoom on         : no
nim             : 8
barrier         :   0.00442962 (image:  3) 
distance        :   0.00000000    2.91315995    4.50378976    5.20258596    5.59213960    9.34639867   12.58895704   15.33153053 
energy          : -872.24343540  -872.24282405  -872.24206410  -872.23900578  -872.24580818  -872.26592829  -872.27100530  -872.27214931 
max(|Fr_perp|)   :   0.00000000    0.00388079    0.00491760    0.00332227    0.00638048    0.00166384    0.00097012    0.00000000 
Fr_paral         :   0.00000000   -0.00037609   -0.00207415   -0.00179409    0.03628398    0.00342591    0.00107269    0.00000000 
max(|Fsp_paral|) :   0.00000000    0.00202259    0.00659974    0.02035599    0.00115769    0.00226509    0.00230858    0.00000000 
max(|Fsp_perp|)  :   0.00000000    0.00000000    0.00000000    0.00000000    0.00000000    0.00000000    0.00000000    0.00000000 
max(|FNEB|)      :   0.00000000    0.00444778    0.00788051    0.00333223    0.00639352    0.00355413    0.00234065    0.00000000 
max(|Force|)     :   0.00050631    0.00392264    0.00487735    0.00331231    0.03019088    0.00216245    0.00093782    0.00202041 
ksp              :   0.02242130    0.03786189    0.10000000    0.10000000    0.01000000    0.01000000    0.01000000 
max(|step|)      :   0.00000000    0.00402944    0.02787884    0.01460321    0.01301613    0.02980217    0.01932114    0.00051739 
angle (deg.)     :    12.9558  78.0411  52.1513  80.2857  31.0127  13.3579 
>
iteration       : 45
climbing        : yes
zoom on         : no
nim             : 8
barrier         :   0.00435208 (image:  3) 
distance        :   0.00000000    2.90588083    4.50991739    5.17993865    5.56740903    9.28232633   12.53140716   15.31533298 
energy          : -872.24343540  -872.24284731  -872.24197074  -872.23908332  -872.24588965  -872.26591377  -872.27098520  -872.27214931 
max(|Fr_perp|)   :   0.00000000    0.00252301    0.00588255    0.00213323    0.00344966    0.00164992    0.00083099    0.00000000 
Fr_paral         :   0.00000000   -0.00039802   -0.00270757   -0.00157609    0.03628361    0.00333842    0.00107147    0.00000000 
max(|Fsp_paral|) :   0.00000000    0.00008870    0.00160600    0.01857592    0.00130489    0.00206940    0.00215854    0.00000000 
max(|Fsp_perp|)  :   0.00000000    0.00000000    0.00000000    0.00000000    0.00000000    0.00000000    0.00000000    0.00000000 
max(|FNEB|)      :   0.00000000    0.00249853    0.00630837    0.00214003    0.00345513    0.00331322    0.00220325    0.00000000 
max(|Force|)     :   0.00050631    0.00256689    0.00638007    0.00216809    0.02980572    0.00204274    0.00092962    0.00202041 
ksp              :   0.02216170    0.04028875    0.10000000    0.10000000    0.01000000    0.01000000    0.01000000 
max(|step|)      :   0.00000000    0.00718452    0.05119094    0.03301401    0.02885364    0.06801894    0.04400751    0.00121002 
angle (deg.)     :    15.0334  73.9055  53.7962  80.5270  31.7865  13.6961 
>
