NEB log file generated by ORCA
All quantities are given in atomic units. Unless stated otherwise. 
iteration       : 0
climbing        : no
zoom on         : no
nim             : 8
barrier         :   0.03745076 (image:  3) 
distance        :   0.00000000    1.61506874    3.23090808    4.84686274    6.46195214    8.07783853    9.69328943   11.30790655 
energy          : -1076.75398602  -1076.74272038  -1076.72521783  -1076.71653525  -1076.72096569  -1076.73895312  -1076.76466135  -1076.78025639 
max(|Fr_perp|)   :   0.00000000    0.06398117    0.07535418    0.06688651    0.04661981    0.06316847    0.06532465    0.00000000 
Fr_paral         :   0.00000000   -0.01079152   -0.00827759   -0.00175568    0.00734036    0.01411278    0.01508579    0.00000000 
max(|Fsp_paral|) :   0.00000000    0.02375033    0.01116248    0.00002504    0.00558315    0.02514093    0.02220669    0.00000000 
max(|Fsp_perp|)  :   0.00000000    0.00000000    0.00000000    0.00000000    0.00000000    0.00000000    0.00000000    0.00000000 
max(|FNEB|)      :   0.00000000    0.05979703    0.07305038    0.06694980    0.04771314    0.06644542    0.06679273    0.00000000 
max(|Force|)     :   0.00209538    0.06474797    0.07598592    0.06707122    0.04616986    0.06252167    0.06503435    0.00047755 
ksp              :   0.03711222    0.07915808    0.10000000    0.10000000    0.08936540    0.04619309    0.01000000 
max(|step|)      :   0.00000000    0.08185724    0.10000000    0.09164880    0.06531539    0.09095835    0.09143379    0.00000000 
angle (deg.)     :    6.9416  6.5276  6.8148  6.4861  6.2439  7.6785 
>
iteration       : 1
climbing        : no
zoom on         : no
nim             : 8
barrier         :   0.02774103 (image:  3) 
distance        :   0.00000000    1.71076944    3.27872318    4.84895343    6.44222018    7.98686764    9.61708970   11.31635877 
energy          : -1076.75398602  -1076.74977765  -1076.73605353  -1076.72624499  -1076.73167844  -1076.75294982  -1076.77517239  -1076.78025639 
max(|Fr_perp|)   :   0.00000000    0.02872966    0.05100150    0.04465832    0.03987561    0.05536388    0.02969437    0.00000000 
Fr_paral         :   0.00000000   -0.00703276   -0.00996311   -0.00241136    0.00965498    0.01721799    0.00893206    0.00000000 
max(|Fsp_paral|) :   0.00000000    0.02328546    0.01660010    0.00071025    0.01036982    0.03769498    0.00181643    0.00000000 
max(|Fsp_perp|)  :   0.00000000    0.00000000    0.00000000    0.00000000    0.00000000    0.00000000    0.00000000    0.00000000 
max(|FNEB|)      :   0.00000000    0.02808946    0.04713355    0.04445465    0.04133913    0.05877808    0.02900817    0.00000000 
max(|Force|)     :   0.00209538    0.02997632    0.05176854    0.04487135    0.03943582    0.05759576    0.03095666    0.00047755 
ksp              :   0.02365316    0.06817824    0.10000000    0.10000000    0.08237229    0.01336172    0.01000000 
max(|step|)      :   0.00000000    0.06196993    0.09451424    0.08788812    0.07091766    0.10000000    0.06831315    0.00329522 
angle (deg.)     :    8.0261  7.0899  6.9549  6.3220  7.6386  9.4347 
>
iteration       : 2
climbing        : no
zoom on         : no
nim             : 8
barrier         :   0.02198783 (image:  3) 
distance        :   0.00000000    1.82746344    3.35769126    4.86234603    6.41618565    7.85924246    9.59266121   11.34916201 
energy          : -1076.75398602  -1076.75135622  -1076.74290230  -1076.73199819  -1076.73998770  -1076.76437024  -1076.77594777  -1076.78025639 
max(|Fr_perp|)   :   0.00000000    0.01190093    0.03668705    0.02393910    0.03418113    0.03941717    0.03655011    0.00000000 
Fr_paral         :   0.00000000   -0.00264833   -0.00956962   -0.00258422    0.01350842    0.01648910   -0.00048323    0.00000000 
max(|Fsp_paral|) :   0.00000000    0.01651700    0.02172896    0.00152381    0.01859256    0.02824293    0.00008597    0.00000000 
max(|Fsp_perp|)  :   0.00000000    0.00000000    0.00000000    0.00000000    0.00000000    0.00000000    0.00000000    0.00000000 
max(|FNEB|)      :   0.00000000    0.01762175    0.02750227    0.02344634    0.03551506    0.03502347    0.03676751    0.00000000 
max(|Force|)     :   0.00209538    0.01204767    0.03864689    0.02421865    0.03386142    0.04272855    0.03674509    0.00047755 
ksp              :   0.02077766    0.05539468    0.10000000    0.10000000    0.06735523    0.01000000    0.01000000 
max(|step|)      :   0.00000000    0.04792749    0.07480046    0.06376918    0.09659360    0.09525657    0.10000000    0.00000000 
angle (deg.)     :    7.2216  11.3170  8.4387  8.5560  14.7895  9.8275 
>
iteration       : 3
climbing        : no
zoom on         : no
nim             : 8
barrier         :   0.01834861 (image:  3) 
distance        :   0.00000000    1.95542744    3.54703341    4.89017066    6.28230244    7.66959579    9.65267584   11.40198673 
energy          : -1076.75398602  -1076.75139314  -1076.74650351  -1076.73563741  -1076.74859413  -1076.76857358  -1076.77275026  -1076.78025639 
max(|Fr_perp|)   :   0.00000000    0.01526590    0.02477015    0.01967231    0.03669691    0.01790061    0.05506610    0.00000000 
Fr_paral         :   0.00000000   -0.00193120   -0.00792511   -0.00390889    0.02276378    0.00592685   -0.00017550    0.00000000 
max(|Fsp_paral|) :   0.00000000    0.01065813    0.01984147    0.00153595    0.02761865    0.01072514    0.00089494    0.00000000 
max(|Fsp_perp|)  :   0.00000000    0.00000000    0.00000000    0.00000000    0.00000000    0.00000000    0.00000000    0.00000000 
max(|FNEB|)      :   0.00000000    0.01728865    0.02990966    0.01974974    0.03487103    0.01921653    0.05529910    0.00000000 
max(|Force|)     :   0.00209538    0.01551281    0.02670062    0.01960333    0.03718772    0.01804586    0.05508362    0.00047755 
ksp              :   0.02271809    0.04670171    0.10000000    0.10000000    0.03644724    0.01000000    0.01000000 
max(|step|)      :   0.00000000    0.04082720    0.06469970    0.06135382    0.10000000    0.06948441    0.02457849    0.00294389 
angle (deg.)     :    7.9686  15.5854  12.8862  17.4541  15.9595  11.9853 
>
iteration       : 4
climbing        : no
zoom on         : no
nim             : 8
barrier         :   0.01474109 (image:  3) 
distance        :   0.00000000    2.07231492    3.74334445    4.92795041    6.13757817    7.55829536    9.74991931   11.49401499 
energy          : -1076.75398602  -1076.75169965  -1076.74858362  -1076.73924493  -1076.75497078  -1076.76608580  -1076.77368382  -1076.78025639 
max(|Fr_perp|)   :   0.00000000    0.01686459    0.01663345    0.01829247    0.02085700    0.04741154    0.04729835    0.00000000 
Fr_paral         :   0.00000000   -0.00058382   -0.00454649   -0.00614406    0.02507654   -0.00402768   -0.00273154    0.00000000 
max(|Fsp_paral|) :   0.00000000    0.00782979    0.01530795    0.00081734    0.04316076    0.00265189    0.00170787    0.00000000 
max(|Fsp_perp|)  :   0.00000000    0.00000000    0.00000000    0.00000000    0.00000000    0.00000000    0.00000000    0.00000000 
max(|FNEB|)      :   0.00000000    0.01783149    0.02314831    0.01746352    0.03762997    0.04813282    0.04810896    0.00000000 
max(|Force|)     :   0.00209538    0.01691609    0.01675724    0.02032277    0.02978801    0.04743075    0.04784789    0.00047755 
ksp              :   0.02400378    0.04301082    0.10000000    0.10000000    0.01000000    0.01000000    0.01000000 
max(|step|)      :   0.00000000    0.03249001    0.04217758    0.03181956    0.06856400    0.08770081    0.08765733    0.00000000 
angle (deg.)     :    7.6716  13.7294  18.9923  26.5284  11.0248  9.5107 
>
iteration       : 5
climbing        : no
zoom on         : no
nim             : 8
barrier         :   0.01317837 (image:  3) 
distance        :   0.00000000    2.11059514    3.82691895    4.93422035    5.95306496    7.59821015    9.75828681   11.49929719 
energy          : -1076.75398602  -1076.75227739  -1076.74912400  -1076.74080765  -1076.75380035  -1076.76913538  -1076.77649892  -1076.78025639 
max(|Fr_perp|)   :   0.00000000    0.01209846    0.01509625    0.01885969    0.01754268    0.02465925    0.03191510    0.00000000 
Fr_paral         :   0.00000000   -0.00139008   -0.00608214   -0.00713899    0.02977924    0.00774118   -0.00033817    0.00000000 
max(|Fsp_paral|) :   0.00000000    0.00987631    0.01200362    0.00308325    0.03911931    0.00105738    0.00159434    0.00000000 
max(|Fsp_perp|)  :   0.00000000    0.00000000    0.00000000    0.00000000    0.00000000    0.00000000    0.00000000    0.00000000 
max(|FNEB|)      :   0.00000000    0.01530106    0.02233738    0.02194392    0.03160066    0.02519907    0.03158673    0.00000000 
max(|Force|)     :   0.00209538    0.01211037    0.01674050    0.02134806    0.03151971    0.02602533    0.03188865    0.00047755 
ksp              :   0.02166885    0.04320454    0.10000000    0.10000000    0.01126797    0.01000000    0.01000000 
max(|step|)      :   0.00000000    0.02261532    0.03247916    0.03675147    0.05717514    0.01633921    0.01733981    0.00063540 
angle (deg.)     :    7.9978  13.6110  26.1070  32.7430  11.9417  9.0273 
>
iteration       : 6
climbing        : no
zoom on         : no
nim             : 8
barrier         :   0.01122304 (image:  3) 
distance        :   0.00000000    2.15769734    3.90433964    4.93430323    5.80817287    7.64775257    9.79670056   11.53891192 
energy          : -1076.75398602  -1076.75262149  -1076.74988871  -1076.74276297  -1076.75279753  -1076.76935253  -1076.77715279  -1076.78025639 
max(|Fr_perp|)   :   0.00000000    0.01327465    0.01553086    0.01820453    0.01499416    0.02677879    0.03215828    0.00000000 
Fr_paral         :   0.00000000   -0.00087062   -0.00587577   -0.00854400    0.03338620    0.00735508    0.00021287    0.00000000 
max(|Fsp_paral|) :   0.00000000    0.01029959    0.00915306    0.00585031    0.02793457    0.00498793    0.00154276    0.00000000 
max(|Fsp_perp|)  :   0.00000000    0.00000000    0.00000000    0.00000000    0.00000000    0.00000000    0.00000000    0.00000000 
max(|FNEB|)      :   0.00000000    0.01324087    0.01457010    0.02405604    0.01969194    0.02417375    0.03189689    0.00000000 
max(|Force|)     :   0.00209538    0.01327595    0.01705260    0.02140677    0.03161137    0.02810539    0.03217148    0.00047755 
ksp              :   0.02094242    0.04285714    0.10000000    0.10000000    0.01953069    0.01000000    0.01000000 
max(|step|)      :   0.00000000    0.04814550    0.05804800    0.09602405    0.10000000    0.02796289    0.03302481    0.00223766 
angle (deg.)     :    8.2336  14.1781  47.0085  51.3776  13.7251  8.1925 
>
iteration       : 7
climbing        : yes
zoom on         : no
nim             : 8
barrier         :   0.00801985 (image:  3) 
distance        :   0.00000000    2.27571259    4.06056330    4.91600478    5.61647578    7.76689137    9.94225550   11.69062980 
energy          : -1076.75398602  -1076.75291532  -1076.75057652  -1076.74596617  -1076.75115128  -1076.77122012  -1076.77837281  -1076.78025639 
max(|Fr_perp|)   :   0.00000000    0.00630802    0.01258722    0.01401620    0.01092409    0.01647630    0.00422338    0.00000000 
Fr_paral         :   0.00000000   -0.00105248   -0.00444432   -0.01107950    0.03889164    0.00693333    0.00224473    0.00000000 
max(|Fsp_paral|) :   0.00000000    0.01244293    0.00021199    0.00720728    0.01423278    0.02348928    0.00161210    0.00000000 
max(|Fsp_perp|)  :   0.00000000    0.00000000    0.00000000    0.00000000    0.00000000    0.00000000    0.00000000    0.00000000 
max(|FNEB|)      :   0.00000000    0.01597920    0.01276540    0.02125513    0.01544810    0.02223133    0.00469605    0.00000000 
max(|Force|)     :   0.00209538    0.00626263    0.01361324    0.01919159    0.02871080    0.01794148    0.00445088    0.00047755 
ksp              :   0.02203996    0.04830177    0.10000000    0.10000000    0.04194826    0.01000000    0.01000000 
max(|step|)      :   0.00000000    0.00376145    0.00300493    0.00500338    0.00363643    0.00523317    0.00110543    0.00000000 
angle (deg.)     :    8.2071  14.1562  47.4691  51.8809  13.6886  8.2661 
>
iteration       : 8
climbing        : yes
zoom on         : no
nim             : 8
barrier         :   0.00777038 (image:  3) 
distance        :   0.00000000    2.28422796    4.06108600    4.91440777    5.62448817    7.75938298    9.95004580   11.69951824 
energy          : -1076.75398602  -1076.75299016  -1076.75075367  -1076.74621564  -1076.75152432  -1076.77132537  -1076.77839741  -1076.78025639 
max(|Fr_perp|)   :   0.00000000    0.00433509    0.01199237    0.01386389    0.01041486    0.01450739    0.00328243    0.00000000 
Fr_paral         :   0.00000000   -0.00100046   -0.00432451   -0.01109985    0.03910713    0.00673100    0.00221496    0.00000000 
max(|Fsp_paral|) :   0.00000000    0.01213193    0.00033414    0.00664732    0.00796940    0.02070367    0.00166226    0.00000000 
max(|Fsp_perp|)  :   0.00000000    0.00000000    0.00000000    0.00000000    0.00000000    0.00000000    0.00000000    0.00000000 
max(|FNEB|)      :   0.00000000    0.01501205    0.01176363    0.00916886    0.01257838    0.01898999    0.00372627    0.00000000 
max(|Force|)     :   0.00209538    0.00436597    0.01295841    0.01901494    0.02880343    0.01584887    0.00348206    0.00047755 
ksp              :   0.02153443    0.04743844    0.10000000    0.10000000    0.03851250    0.01000000    0.01000000 
max(|step|)      :   0.00000000    0.03690558    0.02886070    0.02262137    0.03081142    0.04628965    0.00887614    0.00096280 
angle (deg.)     :    8.0965  14.9598  53.3509  58.7474  13.7930  9.0520 
>
iteration       : 9
climbing        : yes
zoom on         : no
nim             : 8
barrier         :   0.00732415 (image:  3) 
distance        :   0.00000000    2.37094086    4.07090408    4.95968584    5.69684707    7.70333629   10.03448991   11.79582351 
energy          : -1076.75398602  -1076.75279476  -1076.75088496  -1076.74666187  -1076.75374935  -1076.77098684  -1076.77839108  -1076.78025639 
max(|Fr_perp|)   :   0.00000000    0.00996210    0.01155119    0.01323857    0.00995925    0.01288581    0.00478945    0.00000000 
Fr_paral         :   0.00000000   -0.00071819   -0.00303934   -0.01029090    0.03890951    0.00440287    0.00190069    0.00000000 
max(|Fsp_paral|) :   0.00000000    0.00812437    0.00228096    0.00660997    0.03556488    0.00088576    0.00213165    0.00000000 
max(|Fsp_perp|)  :   0.00000000    0.00000000    0.00000000    0.00000000    0.00000000    0.00000000    0.00000000    0.00000000 
max(|FNEB|)      :   0.00000000    0.01221090    0.01171698    0.01241672    0.03686984    0.01259193    0.00523191    0.00000000 
max(|Force|)     :   0.00209538    0.01005033    0.01147572    0.01772494    0.02764018    0.01338494    0.00478193    0.00047755 
ksp              :   0.02463827    0.04810616    0.10000000    0.10000000    0.01290816    0.01000000    0.01000000 
max(|step|)      :   0.00000000    0.01794808    0.01310344    0.02883044    0.02763388    0.01393167    0.00401575    0.00024231 
angle (deg.)     :    8.0577  14.6358  57.0646  61.1080  14.5731  9.1433 
>
iteration       : 10
climbing        : yes
zoom on         : no
nim             : 8
barrier         :   0.00608184 (image:  3) 
distance        :   0.00000000    2.41994786    4.08063772    4.96148707    5.69097892    7.68533350   10.05961475   11.83013234 
energy          : -1076.75398602  -1076.75309033  -1076.75154805  -1076.74790417  -1076.75319301  -1076.77108671  -1076.77848446  -1076.78025639 
max(|Fr_perp|)   :   0.00000000    0.00354836    0.00461969    0.01150646    0.00537681    0.01116150    0.00234661    0.00000000 
Fr_paral         :   0.00000000   -0.00067332   -0.00257120   -0.01037142    0.03945253    0.00435009    0.00192191    0.00000000 
max(|Fsp_paral|) :   0.00000000    0.00701708    0.00372352    0.00690948    0.02229859    0.00668173    0.00225228    0.00000000 
max(|Fsp_perp|)  :   0.00000000    0.00000000    0.00000000    0.00000000    0.00000000    0.00000000    0.00000000    0.00000000 
max(|FNEB|)      :   0.00000000    0.00762425    0.00686601    0.00852212    0.02414544    0.01049980    0.00340912    0.00000000 
max(|Force|)     :   0.00209538    0.00363091    0.00465704    0.01624102    0.02787652    0.01166086    0.00273320    0.00047755 
ksp              :   0.02325450    0.04607731    0.10000000    0.10000000    0.02173498    0.01000000    0.01000000 
max(|step|)      :   0.00000000    0.07381935    0.04985135    0.10000000    0.08339091    0.06387095    0.01616070    0.00205330 
angle (deg.)     :    8.2451  14.1648  71.9980  71.6319  17.4858  9.7768 
>
iteration       : 11
climbing        : yes
zoom on         : no
nim             : 8
barrier         :   0.00459193 (image:  3) 
distance        :   0.00000000    2.61295790    4.12607575    4.99627308    5.73277360    7.63243816   10.20879416   12.01622781 
energy          : -1076.75398602  -1076.75279557  -1076.75135840  -1076.74939409  -1076.75118394  -1076.77029302  -1076.77849300  -1076.78025639 
max(|Fr_perp|)   :   0.00000000    0.01044674    0.01481359    0.01593349    0.01142163    0.01118475    0.00621367    0.00000000 
Fr_paral         :   0.00000000   -0.00078261   -0.00126400   -0.00542379    0.03765660    0.00370428    0.00197425    0.00000000 
max(|Fsp_paral|) :   0.00000000    0.00204151    0.00200572    0.00740276    0.03846933    0.03278022    0.00283692    0.00000000 
max(|Fsp_perp|)  :   0.00000000    0.00000000    0.00000000    0.00000000    0.00000000    0.00000000    0.00000000    0.00000000 
max(|FNEB|)      :   0.00000000    0.01057104    0.01492612    0.01613996    0.03620277    0.03393084    0.00620227    0.00000000 
max(|Force|)     :   0.00209538    0.01053898    0.01494037    0.01602406    0.02661144    0.01173292    0.00628846    0.00047755 
ksp              :   0.03340528    0.06162339    0.10000000    0.10000000    0.06516035    0.01000000    0.01000000 
max(|step|)      :   0.00000000    0.02015996    0.02846551    0.03078042    0.06904208    0.06470931    0.01182831    0.00000000 
angle (deg.)     :    8.1135  13.9179  73.4704  76.6915  14.8775  10.5019 
>
iteration       : 12
climbing        : yes
zoom on         : no
nim             : 8
barrier         :   0.00520608 (image:  3) 
distance        :   0.00000000    2.62532193    4.11633614    5.00970096    5.83868893    7.52765259   10.26830477   12.09090176 
energy          : -1076.75398602  -1076.75237106  -1076.75077994  -1076.74877993  -1076.75440646  -1076.76904001  -1076.77837716  -1076.78025639 
max(|Fr_perp|)   :   0.00000000    0.01628259    0.02133936    0.02368363    0.01739244    0.01472508    0.00906029    0.00000000 
Fr_paral         :   0.00000000   -0.00069294   -0.00132225   -0.00540020    0.03291671    0.00714993    0.00191911    0.00000000 
max(|Fsp_paral|) :   0.00000000    0.00069123    0.00263259    0.00224763    0.05051317    0.00355187    0.00335907    0.00000000 
max(|Fsp_perp|)  :   0.00000000    0.00000000    0.00000000    0.00000000    0.00000000    0.00000000    0.00000000    0.00000000 
max(|FNEB|)      :   0.00000000    0.01626929    0.02139037    0.02364461    0.05152007    0.01694944    0.00910923    0.00000000 
max(|Force|)     :   0.00209538    0.01627692    0.02134941    0.02372264    0.02418618    0.01623502    0.00905036    0.00047755 
ksp              :   0.03791842    0.06542485    0.10000000    0.10000000    0.01000000    0.01000000    0.01000000 
max(|step|)      :   0.00000000    0.01122726    0.01522025    0.01674842    0.03671023    0.01680561    0.00634851    0.00016138 
angle (deg.)     :    8.1046  13.8532  73.8176  74.7546  16.0755  10.2926 
>
iteration       : 13
climbing        : yes
zoom on         : no
nim             : 8
barrier         :   0.00365957 (image:  3) 
distance        :   0.00000000    2.62259189    4.11261189    5.01206104    5.79584880    7.52245111   10.23543623   12.06143327 
energy          : -1076.75398602  -1076.75321262  -1076.75228393  -1076.75032645  -1076.75354054  -1076.77007281  -1076.77859009  -1076.78025639 
max(|Fr_perp|)   :   0.00000000    0.00206956    0.00311667    0.00461168    0.00400175    0.00721899    0.00188863    0.00000000 
Fr_paral         :   0.00000000   -0.00048847   -0.00141189   -0.00648095    0.03784499    0.00669919    0.00195874    0.00000000 
max(|Fsp_paral|) :   0.00000000    0.00040084    0.00405411    0.00501596    0.03230417    0.00304955    0.00324969    0.00000000 
max(|Fsp_perp|)  :   0.00000000    0.00000000    0.00000000    0.00000000    0.00000000    0.00000000    0.00000000    0.00000000 
max(|FNEB|)      :   0.00000000    0.00194093    0.00578497    0.00532521    0.03409163    0.00652635    0.00282089    0.00000000 
max(|Force|)     :   0.00209538    0.00212967    0.00331412    0.00742232    0.02718903    0.00881052    0.00260625    0.00047755 
ksp              :   0.02902015    0.05185943    0.10000000    0.10000000    0.02095567    0.01000000    0.01000000 
max(|step|)      :   0.00000000    0.00307313    0.00648104    0.00622660    0.03832499    0.00727156    0.00295805    0.00003323 
angle (deg.)     :    8.1961  13.6428  74.7496  73.5966  17.5236  10.2487 
>
iteration       : 14
climbing        : yes
zoom on         : no
nim             : 8
barrier         :   0.00357351 (image:  3) 
distance        :   0.00000000    2.62363853    4.12510094    5.02191249    5.76017122    7.49210797   10.20619609   12.04196896 
energy          : -1076.75398602  -1076.75322474  -1076.75230075  -1076.75041250  -1076.75178666  -1076.77021737  -1076.77858859  -1076.78025639 
max(|Fr_perp|)   :   0.00000000    0.00214227    0.00290611    0.00397525    0.00375432    0.00403796    0.00182752    0.00000000 
Fr_paral         :   0.00000000   -0.00052486   -0.00144966   -0.00818242    0.03860131    0.00613711    0.00197629    0.00000000 
max(|Fsp_paral|) :   0.00000000    0.00075758    0.00348201    0.00934409    0.03011277    0.02885190    0.00321573    0.00000000 
max(|Fsp_perp|)  :   0.00000000    0.00000000    0.00000000    0.00000000    0.00000000    0.00000000    0.00000000    0.00000000 
max(|FNEB|)      :   0.00000000    0.00255296    0.00596263    0.00590837    0.02788307    0.02651923    0.00313895    0.00000000 
max(|Force|)     :   0.00209538    0.00213843    0.00289818    0.00755973    0.02725559    0.00521014    0.00255109    0.00047755 
ksp              :   0.02917296    0.05244405    0.10000000    0.10000000    0.06539136    0.01000000    0.01000000 
max(|step|)      :   0.00000000    0.00347146    0.00709536    0.00929903    0.03764900    0.01702830    0.00603791    0.00024746 
angle (deg.)     :    8.3201  13.3716  76.5632  73.2334  19.1716  10.3909 
>
iteration       : 15
climbing        : yes
zoom on         : no
nim             : 8
barrier         :   0.00375638 (image:  4) 
distance        :   0.00000000    2.62759231    4.14206096    5.04082325    5.73740980    7.42151329   10.18224603   12.03681359 
energy          : -1076.75398602  -1076.75323881  -1076.75231808  -1076.75054410  -1076.75022964  -1076.77009064  -1076.77858722  -1076.78025639 
max(|Fr_perp|)   :   0.00000000    0.00297235    0.00385117    0.00417741    0.00562686    0.00461456    0.00186528    0.00000000 
Fr_paral         :   0.00000000   -0.00053873   -0.00146908   -0.01060215    0.03695854    0.00576351    0.00199007    0.00000000 
max(|Fsp_paral|) :   0.00000000    0.00080663    0.00236974    0.01020736    0.07517892    0.04685559    0.00330876    0.00000000 
max(|Fsp_perp|)  :   0.00000000    0.00000000    0.00000000    0.00000000    0.00000000    0.00000000    0.00000000    0.00000000 
max(|FNEB|)      :   0.00000000    0.00305501    0.00606863    0.01041389    0.03056973    0.04397372    0.00330555    0.00000000 
max(|Force|)     :   0.00209538    0.00296842    0.00384352    0.00825295    0.02570278    0.00538214    0.00244683    0.00047755 
ksp              :   0.02790258    0.04996243    0.09246568    0.10000000    0.10000000    0.01000000    0.01000000 
max(|step|)      :   0.00000000    0.00000000    0.00000000    0.00000000    0.00000000    0.00000000    0.00000000    0.00000000 
angle (deg.)     :    8.3201  13.3717  76.5632  73.2334  19.1716  10.3910 
>
iteration       : 16
climbing        : yes
zoom on         : no
nim             : 8
barrier         :   0.00376416 (image:  4) 
distance        :   0.00000000    2.62759231    4.14206096    5.04082325    5.73740980    7.42151329   10.18224603   12.03681359 
energy          : -1076.75398602  -1076.75323946  -1076.75231928  -1076.75054634  -1076.75022186  -1076.77008623  -1076.77858732  -1076.78025639 
max(|Fr_perp|)   :   0.00000000    0.00295028    0.00381883    0.00414160    0.00563086    0.00452850    0.00185229    0.00000000 
Fr_paral         :   0.00000000   -0.00053807   -0.00146820   -0.01059219    0.03693625    0.00578651    0.00199039    0.00000000 
max(|Fsp_paral|) :   0.00000000    0.00080697    0.00236710    0.01021389    0.07512892    0.04682321    0.00331152    0.00000000 
max(|Fsp_perp|)  :   0.00000000    0.00000000    0.00000000    0.00000000    0.00000000    0.00000000    0.00000000    0.00000000 
max(|FNEB|)      :   0.00000000    0.00305477    0.00606856    0.01041387    0.03056933    0.04397394    0.00330543    0.00000000 
max(|Force|)     :   0.00209538    0.00296863    0.00384385    0.00825322    0.02570198    0.00538347    0.00244672    0.00047755 
ksp              :   0.02790283    0.04996255    0.09246553    0.10000000    0.10000000    0.01000000    0.01000000 
max(|step|)      :   0.00000000    0.00694678    0.01380035    0.02368191    0.06951693    0.10000000    0.00751679    0.00000000 
angle (deg.)     :    8.3741  12.5701  77.8462  70.5430  20.4606  11.8111 
>
iteration       : 17
climbing        : yes
zoom on         : no
nim             : 8
barrier         :   0.00630546 (image:  4) 
distance        :   0.00000000    2.63348791    4.16096780    5.03607641    5.68009113    7.07743532   10.12551738   12.00131460 
energy          : -1076.75398602  -1076.75317754  -1076.75220952  -1076.75077788  -1076.74768056  -1076.76738712  -1076.77856688  -1076.78025639 
max(|Fr_perp|)   :   0.00000000    0.00624057    0.00793463    0.00779002    0.00670489    0.01940466    0.00325111    0.00000000 
Fr_paral         :   0.00000000   -0.00040982   -0.00111886   -0.00664173    0.02704810    0.01277661    0.00195118    0.00000000 
max(|Fsp_paral|) :   0.00000000    0.00093732    0.00168486    0.01168269    0.05611261    0.03634040    0.00424896    0.00000000 
max(|Fsp_perp|)  :   0.00000000    0.00000000    0.00000000    0.00000000    0.00000000    0.00000000    0.00000000    0.00000000 
max(|FNEB|)      :   0.00000000    0.00658799    0.00835912    0.01235230    0.02159479    0.03817211    0.00332910    0.00000000 
max(|Force|)     :   0.00209538    0.00629080    0.00791029    0.00782003    0.01869939    0.02246149    0.00323838    0.00047755 
ksp              :   0.02153969    0.03535648    0.05579084    0.10000000    0.10000000    0.01000000    0.01000000 
max(|step|)      :   0.00000000    0.00495325    0.00615540    0.00701547    0.06333663    0.10000000    0.00818616    0.00077033 
angle (deg.)     :    8.4174  13.0487  78.3408  67.6930  24.5185  12.8949 
>
iteration       : 18
climbing        : yes
zoom on         : no
nim             : 8
barrier         :   0.00761359 (image:  4) 
distance        :   0.00000000    2.63304498    4.16460572    5.03733789    5.60644626    6.75292390   10.07655731   11.97826624 
energy          : -1076.75398602  -1076.75332710  -1076.75249207  -1076.75107765  -1076.74637242  -1076.76523174  -1076.77858085  -1076.78025639 
max(|Fr_perp|)   :   0.00000000    0.00148407    0.00202179    0.00208879    0.00484801    0.01835144    0.00169138    0.00000000 
Fr_paral         :   0.00000000   -0.00040395   -0.00112008   -0.00900218    0.01662307    0.01694378    0.00206792    0.00000000 
max(|Fsp_paral|) :   0.00000000    0.00153788    0.00118952    0.01328102    0.04208794    0.03248072    0.00513644    0.00000000 
max(|Fsp_perp|)  :   0.00000000    0.00000000    0.00000000    0.00000000    0.00000000    0.00000000    0.00000000    0.00000000 
max(|FNEB|)      :   0.00000000    0.00207043    0.00285048    0.01353878    0.01367830    0.02890083    0.00416197    0.00000000 
max(|Force|)     :   0.00209538    0.00154771    0.00207932    0.00633253    0.01058922    0.02514425    0.00243803    0.00047755 
ksp              :   0.01779354    0.02767007    0.04437205    0.10000000    0.10000000    0.01000000    0.01000000 
max(|step|)      :   0.00000000    0.00716391    0.00986296    0.04684564    0.04732839    0.10000000    0.01440087    0.00000000 
angle (deg.)     :    8.5179  16.6608  77.1788  64.5913  31.7269  13.8697 
>
iteration       : 19
climbing        : yes
zoom on         : no
nim             : 8
barrier         :   0.00799033 (image:  4) 
distance        :   0.00000000    2.61784629    4.15386331    5.05358221    5.51714442    6.44838931   10.01653473   11.96794176 
energy          : -1076.75398602  -1076.75333068  -1076.75251347  -1076.75032644  -1076.74599568  -1076.76369804  -1076.77852718  -1076.78025639 
max(|Fr_perp|)   :   0.00000000    0.00323251    0.00492318    0.00784320    0.00528327    0.00869654    0.00171727    0.00000000 
Fr_paral         :   0.00000000   -0.00046072   -0.00133286   -0.01493067    0.00944849    0.01619789    0.00228391    0.00000000 
max(|Fsp_paral|) :   0.00000000    0.00159525    0.00169421    0.00018956    0.03394483    0.02813430    0.00583872    0.00000000 
max(|Fsp_perp|)  :   0.00000000    0.00000000    0.00000000    0.00000000    0.00000000    0.00000000    0.00000000    0.00000000 
max(|FNEB|)      :   0.00000000    0.00423747    0.00661014    0.00780962    0.00920346    0.01996421    0.00479660    0.00000000 
max(|Force|)     :   0.00209538    0.00317692    0.00521065    0.01388668    0.00807986    0.01615179    0.00232647    0.00047755 
ksp              :   0.01738149    0.02658624    0.05122002    0.10000000    0.10000000    0.01000000    0.01000000 
max(|step|)      :   0.00000000    0.01408325    0.01851609    0.01958224    0.05243674    0.10000000    0.02299319    0.00111797 
angle (deg.)     :    8.5446  19.8944  78.0209  57.9926  42.8367  15.0013 
>
iteration       : 20
climbing        : yes
zoom on         : no
nim             : 8
barrier         :   0.00806392 (image:  4) 
distance        :   0.00000000    2.59651622    4.16855000    5.06819987    5.45898149    6.15489840    9.97274007   12.00098651 
energy          : -1076.75398602  -1076.75317702  -1076.75221693  -1076.74996086  -1076.74592210  -1076.76057935  -1076.77842436  -1076.78025639 
max(|Fr_perp|)   :   0.00000000    0.00874744    0.01298812    0.00813245    0.00836334    0.01094241    0.00274024    0.00000000 
Fr_paral         :   0.00000000   -0.00032402   -0.00080407   -0.01297161    0.00176648    0.02534133    0.00222329    0.00000000 
max(|Fsp_paral|) :   0.00000000    0.00090808    0.00083558    0.00687113    0.02197010    0.01898531    0.00641007    0.00000000 
max(|Fsp_perp|)  :   0.00000000    0.00000000    0.00000000    0.00000000    0.00000000    0.00000000    0.00000000    0.00000000 
max(|FNEB|)      :   0.00000000    0.00922092    0.01284984    0.01005251    0.00851332    0.01160054    0.00486447    0.00000000 
max(|Force|)     :   0.00209538    0.00892214    0.01328425    0.01173096    0.00849439    0.02335929    0.00276922    0.00047755 
ksp              :   0.01911294    0.02989506    0.05502251    0.10000000    0.10000000    0.01000000    0.01000000 
max(|step|)      :   0.00000000    0.01123105    0.01565107    0.01224393    0.01036921    0.01412943    0.00592492    0.00000000 
angle (deg.)     :    8.6593  19.4427  78.1775  55.4417  45.0916  15.0923 
>
iteration       : 21
climbing        : yes
zoom on         : no
nim             : 8
barrier         :   0.00778735 (image:  4) 
distance        :   0.00000000    2.59303988    4.17078061    5.06388512    5.46596566    6.12695041    9.96700266   12.01706090 
energy          : -1076.75398602  -1076.75336691  -1076.75258685  -1076.75044874  -1076.74619867  -1076.76029799  -1076.77840877  -1076.78025639 
max(|Fr_perp|)   :   0.00000000    0.00424458    0.00581346    0.00478965    0.00474792    0.00780995    0.00197082    0.00000000 
Fr_paral         :   0.00000000   -0.00044466   -0.00119380   -0.01206916    0.00125201    0.02638982    0.00246763    0.00000000 
max(|Fsp_paral|) :   0.00000000    0.00109203    0.00137793    0.00345456    0.01866469    0.01728593    0.00641263    0.00000000 
max(|Fsp_perp|)  :   0.00000000    0.00000000    0.00000000    0.00000000    0.00000000    0.00000000    0.00000000    0.00000000 
max(|FNEB|)      :   0.00000000    0.00416519    0.00640831    0.00622855    0.00474109    0.01068852    0.00527455    0.00000000 
max(|Force|)     :   0.00209538    0.00419106    0.00582504    0.01073804    0.00475475    0.02329797    0.00230866    0.00047755 
ksp              :   0.01715513    0.02617042    0.05088100    0.10000000    0.10000000    0.01000000    0.01000000 
max(|step|)      :   0.00000000    0.00178691    0.00217638    0.00845390    0.00474022    0.01213177    0.00595581    0.00010808 
angle (deg.)     :    8.7081  19.3191  78.0880  53.3449  47.0709  15.2320 
>
iteration       : 22
climbing        : yes
zoom on         : no
nim             : 8
barrier         :   0.00769385 (image:  4) 
distance        :   0.00000000    2.58974935    4.17532053    5.06188135    5.47088900    6.10222021    9.95959138   12.03031667 
energy          : -1076.75398602  -1076.75340150  -1076.75264038  -1076.75063358  -1076.74629217  -1076.75993448  -1076.77838237  -1076.78025639 
max(|Fr_perp|)   :   0.00000000    0.00337610    0.00511174    0.00386234    0.00417225    0.00773371    0.00180335    0.00000000 
Fr_paral         :   0.00000000   -0.00041663   -0.00118680   -0.01136199    0.00089799    0.02756920    0.00250068    0.00000000 
max(|Fsp_paral|) :   0.00000000    0.00095396    0.00093310    0.00180115    0.01601833    0.01573767    0.00639452    0.00000000 
max(|Fsp_perp|)  :   0.00000000    0.00000000    0.00000000    0.00000000    0.00000000    0.00000000    0.00000000    0.00000000 
max(|FNEB|)      :   0.00000000    0.00356936    0.00551991    0.00405668    0.00411251    0.01013670    0.00519204    0.00000000 
max(|Force|)     :   0.00209538    0.00332599    0.00493829    0.00974468    0.00423199    0.02390873    0.00237240    0.00047755 
ksp              :   0.01683749    0.02574078    0.04921560    0.10000000    0.10000000    0.01000000    0.01000000 
max(|step|)      :   0.00000000    0.01432898    0.01959766    0.04938452    0.03401036    0.10000000    0.05455019    0.00176309 
angle (deg.)     :    8.8283  20.3792  75.3341  33.0445  73.6295  16.5482 
>
iteration       : 23
climbing        : yes
zoom on         : no
nim             : 8
barrier         :   0.00708474 (image:  4) 
distance        :   0.00000000    2.56379686    4.20345470    5.05388064    5.49936886    5.94045694    9.92368654   12.18564094 
energy          : -1076.75398602  -1076.75349280  -1076.75278552  -1076.75138120  -1076.74690127  -1076.75652229  -1076.77811119  -1076.78025639 
max(|Fr_perp|)   :   0.00000000    0.00460139    0.00646593    0.00559712    0.00686524    0.01089640    0.00198060    0.00000000 
Fr_paral         :   0.00000000   -0.00033038   -0.00078189   -0.00694676   -0.00171115    0.03377170    0.00257841    0.00000000 
max(|Fsp_paral|) :   0.00000000    0.00009713    0.00166022    0.00504219    0.00030970    0.00327471    0.00609798    0.00000000 
max(|Fsp_perp|)  :   0.00000000    0.00000000    0.00000000    0.00000000    0.00000000    0.00000000    0.00000000    0.00000000 
max(|FNEB|)      :   0.00000000    0.00474100    0.00664683    0.00642582    0.00706045    0.01131502    0.00523626    0.00000000 
max(|Force|)     :   0.00209538    0.00474618    0.00663349    0.00577306    0.00708500    0.02500804    0.00259543    0.00047755 
ksp              :   0.01628509    0.02529253    0.04309164    0.10000000    0.10000000    0.01000000    0.01000000 
max(|step|)      :   0.00000000    0.00526003    0.00737450    0.00712930    0.00783341    0.01255376    0.00580951    0.00000000 
angle (deg.)     :    8.9132  20.8999  74.2311  32.7698  74.1638  16.5769 
>
iteration       : 24
climbing        : yes
zoom on         : no
nim             : 8
barrier         :   0.00694324 (image:  4) 
distance        :   0.00000000    2.56357775    4.19858663    5.05591296    5.49488494    5.93014290    9.89894767   12.18021503 
energy          : -1076.75398602  -1076.75352429  -1076.75286813  -1076.75141024  -1076.74704278  -1076.75659492  -1076.77808645  -1076.78025639 
max(|Fr_perp|)   :   0.00000000    0.00201509    0.00252585    0.00228135    0.00308539    0.00565273    0.00195554    0.00000000 
Fr_paral         :   0.00000000   -0.00028058   -0.00091628   -0.00793633   -0.00130465    0.03403918    0.00272187    0.00000000 
max(|Fsp_paral|) :   0.00000000    0.00032024    0.00098226    0.00423109    0.00025948    0.00295051    0.00598341    0.00000000 
max(|Fsp_perp|)  :   0.00000000    0.00000000    0.00000000    0.00000000    0.00000000    0.00000000    0.00000000    0.00000000 
max(|FNEB|)      :   0.00000000    0.00200731    0.00250084    0.00432774    0.00308704    0.00562928    0.00458523    0.00000000 
max(|Force|)     :   0.00209538    0.00201148    0.00251408    0.00491281    0.00308375    0.02517288    0.00260432    0.00047755 
ksp              :   0.01598507    0.02449034    0.04338788    0.10000000    0.10000000    0.01000000    0.01000000 
max(|step|)      :   0.00000000    0.00100328    0.00195316    0.00545113    0.00439949    0.00442880    0.00531944    0.00007731 
angle (deg.)     :    8.9170  21.4571  73.2444  32.7384  74.5785  16.6449 
>
iteration       : 25
climbing        : yes
zoom on         : no
nim             : 8
barrier         :   0.00689256 (image:  4) 
distance        :   0.00000000    2.56280340    4.19540403    5.05824907    5.49149375    5.92186146    9.87595362   12.17625215 
energy          : -1076.75398602  -1076.75352928  -1076.75287903  -1076.75138374  -1076.74709345  -1076.75654908  -1076.77805828  -1076.78025639 
max(|Fr_perp|)   :   0.00000000    0.00226236    0.00273223    0.00231479    0.00352802    0.00438308    0.00198151    0.00000000 
Fr_paral         :   0.00000000   -0.00028372   -0.00091835   -0.00856853   -0.00114094    0.03416091    0.00275912    0.00000000 
max(|Fsp_paral|) :   0.00000000    0.00033724    0.00068388    0.00336179    0.00019967    0.00268965    0.00586186    0.00000000 
max(|Fsp_perp|)  :   0.00000000    0.00000000    0.00000000    0.00000000    0.00000000    0.00000000    0.00000000    0.00000000 
max(|FNEB|)      :   0.00000000    0.00225414    0.00265774    0.00337738    0.00362405    0.00435753    0.00453946    0.00000000 
max(|Force|)     :   0.00209538    0.00225877    0.00270299    0.00597442    0.00343199    0.02527562    0.00264011    0.00047755 
ksp              :   0.01596384    0.02445454    0.04397936    0.10000000    0.10000000    0.01000000    0.01000000 
max(|step|)      :   0.00000000    0.01890090    0.03380471    0.07733528    0.06797410    0.07976663    0.10000000    0.00255701 
angle (deg.)     :    8.8613  31.0897  56.9556  36.9122  83.7243  18.2899 
>
iteration       : 26
climbing        : yes
zoom on         : no
nim             : 8
barrier         :   0.00601513 (image:  4) 
distance        :   0.00000000    2.54771004    4.15081782    5.11760940    5.47449326    5.82856908    9.50820634   12.16448013 
energy          : -1076.75398602  -1076.75361918  -1076.75308752  -1076.75011329  -1076.74797088  -1076.75519961  -1076.77751981  -1076.78025639 
max(|Fr_perp|)   :   0.00000000    0.00089680    0.00159529    0.01014576    0.00333094    0.00410568    0.00165479    0.00000000 
Fr_paral         :   0.00000000   -0.00024711   -0.00060084   -0.00951603    0.00117797    0.03392042    0.00285556    0.00000000 
max(|Fsp_paral|) :   0.00000000    0.00063470    0.01000511    0.01514415    0.00018984    0.00105255    0.00359160    0.00000000 
max(|Fsp_perp|)  :   0.00000000    0.00000000    0.00000000    0.00000000    0.00000000    0.00000000    0.00000000    0.00000000 
max(|FNEB|)      :   0.00000000    0.00123246    0.01049508    0.02495795    0.00325609    0.00417619    0.00316752    0.00000000 
max(|Force|)     :   0.00209538    0.00089649    0.00163209    0.01483667    0.00349764    0.02592837    0.00255081    0.00047755 
ksp              :   0.01549061    0.02344372    0.06814642    0.10000000    0.10000000    0.01000000    0.01000000 
max(|step|)      :   0.00000000    0.00493815    0.04205106    0.10000000    0.01304629    0.01673290    0.01269144    0.00000000 
angle (deg.)     :    9.5027  23.7748  65.2328  32.2201  81.8254  18.3710 
>
iteration       : 27
climbing        : yes
zoom on         : no
nim             : 8
barrier         :   0.00605046 (image:  4) 
distance        :   0.00000000    2.54047252    4.25001417    5.05182433    5.53284453    5.90449434    9.52852821   12.22764115 
energy          : -1076.75398602  -1076.75359202  -1076.75296513  -1076.75178683  -1076.74793555  -1076.75542005  -1076.77745568  -1076.78025639 
max(|Fr_perp|)   :   0.00000000    0.00470423    0.00504216    0.00984625    0.00743859    0.00891673    0.00416026    0.00000000 
Fr_paral         :   0.00000000   -0.00018710   -0.00055435   -0.00385061   -0.00023722    0.03334895    0.00319920    0.00000000 
max(|Fsp_paral|) :   0.00000000    0.00094623    0.00322404    0.00765796    0.00691822    0.00070502    0.00324517    0.00000000 
max(|Fsp_perp|)  :   0.00000000    0.00000000    0.00000000    0.00000000    0.00000000    0.00000000    0.00000000    0.00000000 
max(|FNEB|)      :   0.00000000    0.00438891    0.00611487    0.01127450    0.00746097    0.00886524    0.00385480    0.00000000 
max(|Force|)     :   0.00209538    0.00472645    0.00497200    0.00945026    0.00741622    0.02460449    0.00426686    0.00047755 
ksp              :   0.01586059    0.02518550    0.04271265    0.10000000    0.10000000    0.01000000    0.01000000 
max(|step|)      :   0.00000000    0.00656740    0.00719469    0.01555930    0.01106851    0.01308319    0.00575796    0.00003710 
angle (deg.)     :    9.5217  24.4827  63.6138  33.4509  81.1818  18.5585 
>
iteration       : 28
climbing        : yes
zoom on         : no
nim             : 8
barrier         :   0.00590617 (image:  4) 
distance        :   0.00000000    2.54411774    4.24259620    5.05795694    5.52555554    5.89847999    9.50090294   12.21794494 
energy          : -1076.75398602  -1076.75360245  -1076.75302293  -1076.75188822  -1076.74807985  -1076.75561143  -1076.77745504  -1076.78025639 
max(|Fr_perp|)   :   0.00000000    0.00398464    0.00410183    0.00535784    0.00636955    0.00776531    0.00204751    0.00000000 
Fr_paral         :   0.00000000   -0.00029763   -0.00076587   -0.00674196   -0.00005173    0.03411337    0.00272420    0.00000000 
max(|Fsp_paral|) :   0.00000000    0.00054572    0.00276000    0.00683189    0.00595494    0.00096686    0.00310295    0.00000000 
max(|Fsp_perp|)  :   0.00000000    0.00000000    0.00000000    0.00000000    0.00000000    0.00000000    0.00000000    0.00000000 
max(|FNEB|)      :   0.00000000    0.00413464    0.00536187    0.00612379    0.00636969    0.00779454    0.00324109    0.00000000 
max(|Force|)     :   0.00209538    0.00398876    0.00410741    0.00535634    0.00636941    0.02601297    0.00258433    0.00047755 
ksp              :   0.01584490    0.02467587    0.04196692    0.10000000    0.10000000    0.01000000    0.01000000 
max(|step|)      :   0.00000000    0.00244229    0.00721767    0.01468048    0.00365228    0.00431985    0.00102686    0.00005905 
angle (deg.)     :    9.4047  25.8124  61.8869  33.8656  81.1972  18.5668 
>
iteration       : 29
climbing        : yes
zoom on         : no
nim             : 8
barrier         :   0.00582662 (image:  4) 
distance        :   0.00000000    2.54600108    4.22772155    5.06926324    5.51537975    5.88634776    9.48798556   12.20619931 
energy          : -1076.75398602  -1076.75363555  -1076.75307729  -1076.75177546  -1076.74815939  -1076.75567389  -1076.77746546  -1076.78025639 
max(|Fr_perp|)   :   0.00000000    0.00095619    0.00130183    0.00248659    0.00323488    0.00252645    0.00160384    0.00000000 
Fr_paral         :   0.00000000   -0.00024833   -0.00075395   -0.00823913   -0.00005076    0.03460289    0.00282877    0.00000000 
max(|Fsp_paral|) :   0.00000000    0.00040199    0.00118385    0.00401466    0.00469301    0.00082497    0.00309692    0.00000000 
max(|Fsp_perp|)  :   0.00000000    0.00000000    0.00000000    0.00000000    0.00000000    0.00000000    0.00000000    0.00000000 
max(|FNEB|)      :   0.00000000    0.00126437    0.00221038    0.00444303    0.00323971    0.00248777    0.00279225    0.00000000 
max(|Force|)     :   0.00209538    0.00092654    0.00129513    0.00691949    0.00323006    0.02587200    0.00259549    0.00047755 
ksp              :   0.01541349    0.02403656    0.04414502    0.10000000    0.10000000    0.01000000    0.01000000 
max(|step|)      :   0.00000000    0.00241755    0.00621312    0.01152702    0.00429148    0.00452879    0.00540070    0.00007118 
angle (deg.)     :    9.3089  27.4962  60.1021  34.0615  80.6681  18.6863 
>
