NEB log file generated by ORCA
All quantities are given in atomic units. Unless stated otherwise. 
iteration       : 0
climbing        : no
zoom on         : no
nim             : 8
barrier         :   0.09897387 (image:  4) 
distance        :   0.00000000    1.87201954    3.74565346    5.61968551    7.49083506    9.36090735   11.22835008   13.09273059 
energy          : -647.09910363  -647.08132490  -647.04585432  -647.01414292  -647.00012976  -647.01460503  -647.05387581  -647.08693094 
max(|Fr_perp|)   :   0.00000000    0.05508638    0.07767238    0.07654796    0.05973495    0.05843302    0.06851971    0.00000000 
Fr_paral         :   0.00000000   -0.01530208   -0.01793040   -0.01159103   -0.00052510    0.01495380    0.02327501    0.00000000 
max(|Fsp_paral|) :   0.00000000    0.02858965    0.02553435    0.01066558    0.00004102    0.01019155    0.02403026    0.00000000 
max(|Fsp_perp|)  :   0.00000000    0.00000000    0.00000000    0.00000000    0.00000000    0.00000000    0.00000000    0.00000000 
max(|FNEB|)      :   0.00000000    0.04738651    0.07045269    0.07402375    0.05975420    0.05850316    0.06689001    0.00000000 
max(|Force|)     :   0.00263080    0.05719448    0.07981026    0.07768531    0.05979466    0.05839782    0.06902169    0.00039475 
ksp              :   0.01584868    0.05263876    0.08549765    0.10000000    0.10000000    0.08498765    0.04429036 
max(|step|)      :   0.00000000    0.06401528    0.09517579    0.10000000    0.08072301    0.07903296    0.09036290    0.00000000 
angle (deg.)     :    7.1436  7.4483  7.8327  7.8904  7.1409  8.2685 
>
iteration       : 1
climbing        : no
zoom on         : no
nim             : 8
barrier         :   0.08043965 (image:  4) 
distance        :   0.00000000    1.96828161    3.82818106    5.65113246    7.48564292    9.31931766   11.12230789   13.09232301 
energy          : -647.09910363  -647.09388018  -647.07316867  -647.04109275  -647.01866398  -647.02776549  -647.06770941  -647.08693094 
max(|Fr_perp|)   :   0.00000000    0.02469338    0.05449392    0.06287011    0.05133743    0.05636443    0.06051561    0.00000000 
Fr_paral         :   0.00000000   -0.00731581   -0.01654724   -0.01694760   -0.00597403    0.01656205    0.02446290    0.00000000 
max(|Fsp_paral|) :   0.00000000    0.01363355    0.03149841    0.02169479    0.00003069    0.00877991    0.02797056    0.00000000 
max(|Fsp_perp|)  :   0.00000000    0.00000000    0.00000000    0.00000000    0.00000000    0.00000000    0.00000000    0.00000000 
max(|FNEB|)      :   0.00000000    0.02140503    0.04719502    0.05695234    0.05134163    0.05598728    0.05797804    0.00000000 
max(|Force|)     :   0.00263080    0.02555207    0.05644837    0.06469273    0.05191708    0.05661493    0.06121221    0.00039475 
ksp              :   0.01000000    0.02814354    0.07043094    0.10000000    0.10000000    0.08800099    0.03534077 
max(|step|)      :   0.00000000    0.04923526    0.08744772    0.10000000    0.08565543    0.08612962    0.09353777    0.00765287 
angle (deg.)     :    7.7033  8.0403  7.9833  8.3384  7.5897  12.8645 
>
iteration       : 2
climbing        : no
zoom on         : no
nim             : 8
barrier         :   0.06434749 (image:  4) 
distance        :   0.00000000    2.05322223    3.94783631    5.72757650    7.49842961    9.29917563   11.01875606   13.13349296 
energy          : -647.09910363  -647.09552540  -647.08807395  -647.06479984  -647.03475614  -647.03775092  -647.07737604  -647.08693094 
max(|Fr_perp|)   :   0.00000000    0.02476715    0.02288132    0.04341137    0.04268634    0.05163278    0.03547944    0.00000000 
Fr_paral         :   0.00000000   -0.00200902   -0.00856494   -0.01952718   -0.01287247    0.01828269    0.01970589    0.00000000 
max(|Fsp_paral|) :   0.00000000    0.00066652    0.02775887    0.03569229    0.00106243    0.00594123    0.03325452    0.00000000 
max(|Fsp_perp|)  :   0.00000000    0.00000000    0.00000000    0.00000000    0.00000000    0.00000000    0.00000000    0.00000000 
max(|FNEB|)      :   0.00000000    0.02487676    0.03487591    0.05072322    0.04235077    0.05100695    0.03670985    0.00000000 
max(|Force|)     :   0.00263080    0.02488903    0.02399743    0.04578180    0.04418970    0.05231995    0.03834183    0.00039475 
ksp              :   0.01000000    0.01000000    0.04822600    0.10000000    0.10000000    0.09481450    0.02649047 
max(|step|)      :   0.00000000    0.04877130    0.06837482    0.09944374    0.08302941    0.10000000    0.07197029    0.00000000 
angle (deg.)     :    8.1731  8.3826  10.1953  10.5540  10.2595  15.3028 
>
iteration       : 3
climbing        : no
zoom on         : no
nim             : 8
barrier         :   0.05164566 (image:  5) 
distance        :   0.00000000    2.05073005    4.08745356    5.92511372    7.52859843    9.30021465   10.84934793   13.19279491 
energy          : -647.09910363  -647.09644449  -647.09134973  -647.08056966  -647.05127676  -647.04745797  -647.08037849  -647.08693094 
max(|Fr_perp|)   :   0.00000000    0.01357822    0.01506642    0.03290092    0.03657980    0.04520030    0.01919925    0.00000000 
Fr_paral         :   0.00000000   -0.00192449   -0.00400278   -0.01475336   -0.02379919    0.02210045    0.01383045    0.00000000 
max(|Fsp_paral|) :   0.00000000    0.00005950    0.01033232    0.03947152    0.01140484    0.00813288    0.02995762    0.00000000 
max(|Fsp_perp|)  :   0.00000000    0.00000000    0.00000000    0.00000000    0.00000000    0.00000000    0.00000000    0.00000000 
max(|FNEB|)      :   0.00000000    0.01355142    0.01793384    0.04743986    0.03220257    0.04378380    0.03191563    0.00000000 
max(|Force|)     :   0.00263080    0.01320587    0.01502778    0.03525331    0.03996090    0.04660275    0.02313493    0.00039475 
ksp              :   0.01000000    0.01000000    0.02450398    0.09129300    0.10000000    0.10000000    0.02493985 
max(|step|)      :   0.00000000    0.01920431    0.05231015    0.10000000    0.07717414    0.09446836    0.07198470    0.00703501 
angle (deg.)     :    9.3559  8.7806  12.7192  15.0084  15.2292  17.3692 
>
iteration       : 4
climbing        : no
zoom on         : no
nim             : 8
barrier         :   0.04383184 (image:  5) 
distance        :   0.00000000    2.05028356    4.19658813    6.14406809    7.59545899    9.32247423   10.71557666   13.28392137 
energy          : -647.09910363  -647.09616450  -647.09208538  -647.08555276  -647.06539160  -647.05527179  -647.08113208  -647.08693094 
max(|Fr_perp|)   :   0.00000000    0.02359611    0.01910260    0.02144440    0.02828224    0.04022736    0.01882415    0.00000000 
Fr_paral         :   0.00000000   -0.00061786   -0.00269553   -0.00469305   -0.03015419    0.02643709    0.00781558    0.00000000 
max(|Fsp_paral|) :   0.00000000    0.00040992    0.00242116    0.02942967    0.02897136    0.01321312    0.02239015    0.00000000 
max(|Fsp_perp|)  :   0.00000000    0.00000000    0.00000000    0.00000000    0.00000000    0.00000000    0.00000000    0.00000000 
max(|FNEB|)      :   0.00000000    0.02372700    0.01876751    0.03126752    0.03083851    0.03775952    0.02427234    0.00000000 
max(|Force|)     :   0.00263080    0.02365139    0.01935280    0.02189888    0.03419689    0.04219461    0.01883256    0.00039475 
ksp              :   0.01000000    0.01000000    0.01398007    0.07126525    0.10000000    0.10000000    0.02650202 
max(|step|)      :   0.00000000    0.05120976    0.04050572    0.06748438    0.06655845    0.08149600    0.05238676    0.00000000 
angle (deg.)     :    8.7623  9.3272  11.0909  24.9512  24.7679  16.4051 
>
iteration       : 5
climbing        : no
zoom on         : no
nim             : 8
barrier         :   0.03925273 (image:  5) 
distance        :   0.00000000    2.05030926    4.20991204    6.30775340    7.77077699    9.29932795   10.63310090   13.35763065 
energy          : -647.09910363  -647.09609508  -647.09187405  -647.08506660  -647.07016338  -647.05985090  -647.08052306  -647.08693094 
max(|Fr_perp|)   :   0.00000000    0.02081753    0.02651357    0.02920806    0.02956729    0.03330306    0.02623754    0.00000000 
Fr_paral         :   0.00000000   -0.00172338   -0.00316360   -0.00712040   -0.03340371    0.02996133    0.00916953    0.00000000 
max(|Fsp_paral|) :   0.00000000    0.00046658    0.00517685    0.02378760    0.02688610    0.00827710    0.01507872    0.00000000 
max(|Fsp_perp|)  :   0.00000000    0.00000000    0.00000000    0.00000000    0.00000000    0.00000000    0.00000000    0.00000000 
max(|FNEB|)      :   0.00000000    0.02060877    0.02574625    0.03201370    0.03324654    0.03171886    0.02676197    0.00000000 
max(|Force|)     :   0.00263080    0.02114694    0.02670834    0.02944893    0.03236145    0.03573641    0.02613700    0.00039475 
ksp              :   0.01000000    0.01000000    0.01619609    0.06572667    0.10000000    0.10000000    0.03129646 
max(|step|)      :   0.00000000    0.00641145    0.01215698    0.06150092    0.06228427    0.06722592    0.04030471    0.00177122 
angle (deg.)     :    8.8852  9.9220  11.5711  33.5591  34.3923  16.3550 
>
iteration       : 6
climbing        : no
zoom on         : no
nim             : 8
barrier         :   0.03355975 (image:  5) 
distance        :   0.00000000    2.05238363    4.23155205    6.44908525    7.92969866    9.32363416   10.61917234   13.46507661 
energy          : -647.09910363  -647.09659672  -647.09358602  -647.08772403  -647.07538769  -647.06554388  -647.08162850  -647.08693094 
max(|Fr_perp|)   :   0.00000000    0.02329365    0.01644379    0.02292514    0.02007315    0.02519052    0.02213869    0.00000000 
Fr_paral         :   0.00000000   -0.00100785   -0.00246460   -0.00604797   -0.03542287    0.03052387    0.00787731    0.00000000 
max(|Fsp_paral|) :   0.00000000    0.00054244    0.00016034    0.02443719    0.02749517    0.00438905    0.01189714    0.00000000 
max(|Fsp_perp|)  :   0.00000000    0.00000000    0.00000000    0.00000000    0.00000000    0.00000000    0.00000000    0.00000000 
max(|FNEB|)      :   0.00000000    0.02326554    0.01641633    0.03189985    0.02875438    0.02439938    0.02036717    0.00000000 
max(|Force|)     :   0.00263080    0.02331603    0.01658738    0.02267089    0.03016472    0.03143280    0.02251095    0.00039475 
ksp              :   0.01000000    0.01000000    0.01000000    0.05857577    0.10000000    0.10000000    0.03231348 
max(|step|)      :   0.00000000    0.00958553    0.01633857    0.10000000    0.09438419    0.09472846    0.05881238    0.00511910 
angle (deg.)     :    8.8225  10.7716  12.9204  47.2634  50.8266  17.0084 
>
iteration       : 7
climbing        : yes
zoom on         : no
nim             : 8
barrier         :   0.02754164 (image:  5) 
distance        :   0.00000000    2.05529290    4.24683005    6.67839926    8.17572204    9.42203934   10.66571359   13.68684761 
energy          : -647.09910363  -647.09755223  -647.09478661  -647.08960394  -647.07891543  -647.07156199  -647.08291148  -647.08693094 
max(|Fr_perp|)   :   0.00000000    0.01642912    0.00985971    0.01360849    0.01289023    0.01279791    0.01369189    0.00000000 
Fr_paral         :   0.00000000   -0.00101842   -0.00190280   -0.00501955   -0.03663444    0.02652535    0.00576200    0.00000000 
max(|Fsp_paral|) :   0.00000000    0.00058537    0.00100455    0.02256259    0.02283548    0.00012057    0.00733163    0.00000000 
max(|Fsp_perp|)  :   0.00000000    0.00000000    0.00000000    0.00000000    0.00000000    0.00000000    0.00000000    0.00000000 
max(|FNEB|)      :   0.00000000    0.01650641    0.00974221    0.02790893    0.01919880    0.01290712    0.01260917    0.00000000 
max(|Force|)     :   0.00263080    0.01656623    0.01001813    0.01365773    0.02550566    0.01960814    0.01408224    0.00039475 
ksp              :   0.01000000    0.01000000    0.01000000    0.05691215    0.10000000    0.10000000    0.03356177 
max(|step|)      :   0.00000000    0.03632690    0.02144042    0.06142130    0.04225227    0.02840568    0.02774997    0.00000000 
angle (deg.)     :    9.0753  11.1057  14.7052  48.5585  55.2842  16.5528 
>
iteration       : 8
climbing        : yes
zoom on         : no
nim             : 8
barrier         :   0.02571402 (image:  5) 
distance        :   0.00000000    2.05902270    4.25519493    6.81901369    8.27980528    9.46039831   10.67992878   13.75712912 
energy          : -647.09910363  -647.09742748  -647.09462776  -647.08940301  -647.07687095  -647.07338961  -647.08309217  -647.08693094 
max(|Fr_perp|)   :   0.00000000    0.01403162    0.01487344    0.01732530    0.01896346    0.02042670    0.01716459    0.00000000 
Fr_paral         :   0.00000000   -0.00065108   -0.00155839   -0.00389667   -0.04398929    0.02996346    0.00461377    0.00000000 
max(|Fsp_paral|) :   0.00000000    0.00059093    0.00153665    0.03155300    0.00340097    0.00210091    0.00405860    0.00000000 
max(|Fsp_perp|)  :   0.00000000    0.00000000    0.00000000    0.00000000    0.00000000    0.00000000    0.00000000    0.00000000 
max(|FNEB|)      :   0.00000000    0.01408769    0.01508152    0.03181623    0.01899232    0.02067167    0.01722397    0.00000000 
max(|Force|)     :   0.00263080    0.01400430    0.01478731    0.01722207    0.02591403    0.02018172    0.01714238    0.00039475 
ksp              :   0.01000000    0.01000000    0.01000000    0.07686193    0.10000000    0.10000000    0.03551366 
max(|step|)      :   0.00000000    0.00494570    0.01125588    0.05366296    0.02218067    0.01569744    0.01345548    0.00092651 
angle (deg.)     :    9.2307  11.5308  15.7310  51.5299  58.8658  16.8216 
>
iteration       : 9
climbing        : yes
zoom on         : no
nim             : 8
barrier         :   0.02470771 (image:  5) 
distance        :   0.00000000    2.06141974    4.26208296    6.95242718    8.34597502    9.47852448   10.70562191   13.82014778 
energy          : -647.09910363  -647.09741989  -647.09493332  -647.08961921  -647.07704823  -647.07439592  -647.08346223  -647.08693094 
max(|Fr_perp|)   :   0.00000000    0.01798977    0.01183957    0.01298797    0.01381393    0.01626470    0.01215154    0.00000000 
Fr_paral         :   0.00000000   -0.00033404   -0.00152336   -0.00334403   -0.04593493    0.03175930    0.00377476    0.00000000 
max(|Fsp_paral|) :   0.00000000    0.00060028    0.00204180    0.03083852    0.00025850    0.00526018    0.00450011    0.00000000 
max(|Fsp_perp|)  :   0.00000000    0.00000000    0.00000000    0.00000000    0.00000000    0.00000000    0.00000000    0.00000000 
max(|FNEB|)      :   0.00000000    0.01805002    0.01211490    0.03034152    0.01381343    0.01648938    0.01256403    0.00000000 
max(|Force|)     :   0.00263080    0.01797493    0.01175548    0.01302459    0.02627493    0.01998567    0.01214056    0.00039475 
ksp              :   0.01000000    0.01000000    0.01000000    0.08095674    0.10000000    0.10000000    0.03490490 
max(|step|)      :   0.00000000    0.00548721    0.01401632    0.10000000    0.03836147    0.02840722    0.02527780    0.00116715 
angle (deg.)     :    9.2669  12.2755  17.8166  57.8776  66.1323  17.6407 
>
iteration       : 10
climbing        : yes
zoom on         : no
nim             : 8
barrier         :   0.02383761 (image:  5) 
distance        :   0.00000000    2.06532559    4.27678649    7.20558966    8.46161841    9.52089801   10.76358147   13.94947222 
energy          : -647.09910363  -647.09759959  -647.09526521  -647.08963506  -647.07688299  -647.07526602  -647.08393772  -647.08693094 
max(|Fr_perp|)   :   0.00000000    0.01783071    0.01086540    0.01087688    0.01150531    0.01383182    0.01001217    0.00000000 
Fr_paral         :   0.00000000   -0.00026523   -0.00149134   -0.00365160   -0.04736100    0.03523684    0.00295239    0.00000000 
max(|Fsp_paral|) :   0.00000000    0.00063048    0.00297722    0.02807795    0.00238931    0.01057458    0.00602878    0.00000000 
max(|Fsp_perp|)  :   0.00000000    0.00000000    0.00000000    0.00000000    0.00000000    0.00000000    0.00000000    0.00000000 
max(|FNEB|)      :   0.00000000    0.01800623    0.01045120    0.02814318    0.01157742    0.01894098    0.01239084    0.00000000 
max(|Force|)     :   0.00263080    0.01793163    0.01102687    0.01120638    0.02644547    0.02162554    0.01000497    0.00039475 
ksp              :   0.01000000    0.01000000    0.01000000    0.08761264    0.10000000    0.10000000    0.03315118 
max(|step|)      :   0.00000000    0.03647366    0.02117009    0.05700720    0.02345137    0.03836711    0.02509906    0.00000000 
angle (deg.)     :    8.8829  12.8275  17.7446  62.2798  67.2094  19.6368 
>
iteration       : 11
climbing        : yes
zoom on         : no
nim             : 8
barrier         :   0.02604453 (image:  5) 
distance        :   0.00000000    2.06643095    4.29032228    7.36345869    8.47687895    9.48074574   10.74794522   13.97262877 
energy          : -647.09910363  -647.09775465  -647.09530405  -647.08883988  -647.07758006  -647.07305910  -647.08393697  -647.08693094 
max(|Fr_perp|)   :   0.00000000    0.01211802    0.01310895    0.01416705    0.01584445    0.01700100    0.01484172    0.00000000 
Fr_paral         :   0.00000000   -0.00106702   -0.00181780   -0.00693913   -0.04340301    0.03507827    0.00406379    0.00000000 
max(|Fsp_paral|) :   0.00000000    0.00067796    0.00349530    0.01648312    0.01260109    0.01446212    0.01025051    0.00000000 
max(|Fsp_perp|)  :   0.00000000    0.00000000    0.00000000    0.00000000    0.00000000    0.00000000    0.00000000    0.00000000 
max(|FNEB|)      :   0.00000000    0.01207474    0.01265517    0.02164890    0.01583369    0.01710397    0.01505127    0.00000000 
max(|Force|)     :   0.00263080    0.01214803    0.01320482    0.01379265    0.02664495    0.02398088    0.01481476    0.00039475 
ksp              :   0.01000000    0.01000000    0.01000000    0.07066817    0.10000000    0.10000000    0.02942476 
max(|step|)      :   0.00000000    0.00431751    0.00634947    0.04000790    0.01239603    0.02746543    0.01434147    0.00028634 
angle (deg.)     :    8.9385  13.1556  19.2747  64.0533  69.0410  21.0307 
>
iteration       : 12
climbing        : yes
zoom on         : no
nim             : 8
barrier         :   0.02700379 (image:  5) 
distance        :   0.00000000    2.06870413    4.30456415    7.46879416    8.50425298    9.44712191   10.73052731   13.99932410 
energy          : -647.09910363  -647.09792740  -647.09572484  -647.08915557  -647.07781974  -647.07209984  -647.08421119  -647.08693094 
max(|Fr_perp|)   :   0.00000000    0.01332655    0.00700559    0.01114921    0.00876503    0.01387999    0.00943193    0.00000000 
Fr_paral         :   0.00000000   -0.00088714   -0.00164729   -0.00769908   -0.04402551    0.03520677    0.00460990    0.00000000 
max(|Fsp_paral|) :   0.00000000    0.00071979    0.00380975    0.01221095    0.01545419    0.01860019    0.01333271    0.00000000 
max(|Fsp_perp|)  :   0.00000000    0.00000000    0.00000000    0.00000000    0.00000000    0.00000000    0.00000000    0.00000000 
max(|FNEB|)      :   0.00000000    0.01328215    0.00762638    0.01763272    0.01483470    0.01398691    0.01360975    0.00000000 
max(|Force|)     :   0.00263080    0.01335072    0.00708509    0.01376340    0.02611541    0.02474261    0.00969590    0.00039475 
ksp              :   0.01000000    0.01000000    0.01000000    0.06528975    0.10000000    0.10000000    0.02650432 
max(|step|)      :   0.00000000    0.00838489    0.01774841    0.10000000    0.03608108    0.07110239    0.04304831    0.00094495 
angle (deg.)     :    9.0944  13.8740  25.6954  68.3835  76.2301  24.7383 
>
iteration       : 13
climbing        : yes
zoom on         : no
nim             : 8
barrier         :   0.03030343 (image:  5) 
distance        :   0.00000000    2.07490132    4.34370271    7.72961392    8.58690965    9.37746174   10.69476115   14.09789578 
energy          : -647.09910363  -647.09808117  -647.09587854  -647.08874584  -647.07648376  -647.06880020  -647.08414484  -647.08693094 
max(|Fr_perp|)   :   0.00000000    0.01258888    0.00958777    0.01012092    0.00607383    0.01397108    0.01105250    0.00000000 
Fr_paral         :   0.00000000   -0.00075675   -0.00148182   -0.01013969   -0.04436473    0.03246550    0.00620707    0.00000000 
max(|Fsp_paral|) :   0.00000000    0.00083597    0.00455565    0.00726507    0.01456148    0.02922934    0.01579646    0.00000000 
max(|Fsp_perp|)  :   0.00000000    0.00000000    0.00000000    0.00000000    0.00000000    0.00000000    0.00000000    0.00000000 
max(|FNEB|)      :   0.00000000    0.01265569    0.00891009    0.01156678    0.01412349    0.01426254    0.01888669    0.00000000 
max(|Force|)     :   0.00263080    0.01272822    0.00973457    0.01371449    0.02528919    0.02303363    0.01290752    0.00039475 
ksp              :   0.01000000    0.01000000    0.01000000    0.06182360    0.10000000    0.10000000    0.02384171 
max(|step|)      :   0.00000000    0.05009594    0.03526946    0.04578564    0.05590606    0.05645646    0.07476056    0.00000000 
angle (deg.)     :    10.0989  14.0124  37.0451  62.6437  81.4624  28.3161 
>
iteration       : 14
climbing        : yes
zoom on         : no
nim             : 8
barrier         :   0.03289815 (image:  5) 
distance        :   0.00000000    2.08351329    4.39174439    7.82730938    8.67029887    9.30206242   10.56711824   14.16920360 
energy          : -647.09910363  -647.09692597  -647.09514032  -647.08813221  -647.07185523  -647.06620548  -647.08301334  -647.08693094 
max(|Fr_perp|)   :   0.00000000    0.02767104    0.01680659    0.01768929    0.01664167    0.01471811    0.01180995    0.00000000 
Fr_paral         :   0.00000000    0.00065491   -0.00184142   -0.00314357   -0.04145163    0.02808843    0.00452197    0.00000000 
max(|Fsp_paral|) :   0.00000000    0.00097180    0.00460532    0.01359321    0.00023390    0.03715342    0.00969906    0.00000000 
max(|Fsp_perp|)  :   0.00000000    0.00000000    0.00000000    0.00000000    0.00000000    0.00000000    0.00000000    0.00000000 
max(|FNEB|)      :   0.00000000    0.02778260    0.01609310    0.01954284    0.01663169    0.01438164    0.01800290    0.00000000 
max(|Force|)     :   0.00263080    0.02770419    0.01692206    0.01769103    0.02405793    0.01859007    0.01246676    0.00039475 
ksp              :   0.01000000    0.01000000    0.01000000    0.07546603    0.10000000    0.10000000    0.02701210 
max(|step|)      :   0.00000000    0.01410762    0.01347869    0.02376972    0.03303507    0.03872960    0.03845456    0.00054601 
angle (deg.)     :    9.7529  14.1972  42.6089  62.6255  85.3724  30.9943 
>
iteration       : 15
climbing        : yes
zoom on         : no
nim             : 8
barrier         :   0.03330690 (image:  5) 
distance        :   0.00000000    2.08689916    4.42324646    7.89452499    8.70422787    9.25802102   10.50010414   14.21658585 
energy          : -647.09910363  -647.09790352  -647.09579612  -647.08894432  -647.07165388  -647.06579673  -647.08316897  -647.08693094 
max(|Fr_perp|)   :   0.00000000    0.01713061    0.01037166    0.01306824    0.00859530    0.00622012    0.00874010    0.00000000 
Fr_paral         :   0.00000000   -0.00012253   -0.00173344   -0.00575159   -0.03768954    0.02151829    0.00606031    0.00000000 
max(|Fsp_paral|) :   0.00000000    0.00107813    0.00462238    0.01265941    0.00270361    0.04036532    0.00953354    0.00000000 
max(|Fsp_perp|)  :   0.00000000    0.00000000    0.00000000    0.00000000    0.00000000    0.00000000    0.00000000    0.00000000 
max(|FNEB|)      :   0.00000000    0.01723884    0.01013240    0.01597494    0.00754065    0.01152870    0.01468927    0.00000000 
max(|Force|)     :   0.00263080    0.01712519    0.01040905    0.01242699    0.02320065    0.01398177    0.00963940    0.00039475 
ksp              :   0.01000000    0.01000000    0.01000000    0.07505732    0.10000000    0.10000000    0.02602032 
max(|step|)      :   0.00000000    0.02605258    0.03695978    0.06044827    0.08143921    0.09955517    0.10000000    0.00089837 
angle (deg.)     :    9.6051  14.8561  58.5795  66.0130  101.5852  38.6944 
>
iteration       : 16
climbing        : yes
zoom on         : no
nim             : 8
barrier         :   0.03487315 (image:  5) 
distance        :   0.00000000    2.09903567    4.50997155    8.07127535    8.82423615    9.23667219   10.42695409   14.44207116 
energy          : -647.09910363  -647.09832127  -647.09613948  -647.08892011  -647.06986486  -647.06423048  -647.08211582  -647.08693094 
max(|Fr_perp|)   :   0.00000000    0.00621522    0.00525327    0.00666229    0.01225171    0.01043847    0.00717970    0.00000000 
Fr_paral         :   0.00000000   -0.00080539   -0.00163951   -0.01208448   -0.02361359    0.00134074    0.01057448    0.00000000 
max(|Fsp_paral|) :   0.00000000    0.00134726    0.00464205    0.01170755    0.00691045    0.04457972    0.00082503    0.00000000 
max(|Fsp_perp|)  :   0.00000000    0.00000000    0.00000000    0.00000000    0.00000000    0.00000000    0.00000000    0.00000000 
max(|FNEB|)      :   0.00000000    0.00644027    0.00598845    0.01215314    0.01823773    0.01060760    0.00730862    0.00000000 
max(|Force|)     :   0.00263080    0.00628912    0.00525335    0.00911515    0.02039659    0.01049021    0.00757097    0.00039475 
ksp              :   0.01000000    0.01000000    0.01000000    0.07772644    0.10000000    0.10000000    0.02910596 
max(|step|)      :   0.00000000    0.01032416    0.00959987    0.01948226    0.02923626    0.01700466    0.01171618    0.00000000 
angle (deg.)     :    9.6503  15.1607  57.9900  64.0001  95.1955  39.5758 
>
iteration       : 17
climbing        : yes
zoom on         : no
nim             : 8
barrier         :   0.03455254 (image:  5) 
distance        :   0.00000000    2.10413127    4.52920376    8.09684699    8.77915763    9.21646414   10.40013040   14.42715112 
energy          : -647.09910363  -647.09836952  -647.09625222  -647.08858317  -647.07178375  -647.06455109  -647.08236262  -647.08693094 
max(|Fr_perp|)   :   0.00000000    0.00458729    0.00501336    0.00692336    0.01030246    0.00891862    0.00702498    0.00000000 
Fr_paral         :   0.00000000   -0.00079844   -0.00167548   -0.01537204   -0.02786944    0.00126478    0.01080870    0.00000000 
max(|Fsp_paral|) :   0.00000000    0.00138685    0.00458896    0.00658712    0.00181389    0.04286255    0.00158837    0.00000000 
max(|Fsp_perp|)  :   0.00000000    0.00000000    0.00000000    0.00000000    0.00000000    0.00000000    0.00000000    0.00000000 
max(|FNEB|)      :   0.00000000    0.00447158    0.00508213    0.00708956    0.01212315    0.00889175    0.00691050    0.00000000 
max(|Force|)     :   0.00263080    0.00461393    0.00500219    0.00862914    0.02116277    0.00894548    0.00813744    0.00039475 
ksp              :   0.01000000    0.01000000    0.01000000    0.07091404    0.10000000    0.10000000    0.02837138 
max(|step|)      :   0.00000000    0.00208588    0.00726349    0.01145313    0.02044302    0.00505797    0.00609988    0.00014643 
angle (deg.)     :    9.6866  15.3797  58.7794  61.3684  90.1634  40.3975 
>
iteration       : 18
climbing        : yes
zoom on         : no
nim             : 8
barrier         :   0.03430895 (image:  5) 
distance        :   0.00000000    2.10870578    4.54620515    8.11667972    8.75178367    9.20214779   10.38009989   14.41936481 
energy          : -647.09910363  -647.09839339  -647.09630306  -647.08839650  -647.07320005  -647.06479468  -647.08259606  -647.08693094 
max(|Fr_perp|)   :   0.00000000    0.00362167    0.00296572    0.00469714    0.00863647    0.00551117    0.00416398    0.00000000 
Fr_paral         :   0.00000000   -0.00077276   -0.00163645   -0.01592774   -0.02999489    0.00098408    0.01064263    0.00000000 
max(|Fsp_paral|) :   0.00000000    0.00142079    0.00453939    0.00326867    0.00136720    0.04140231    0.00241322    0.00000000 
max(|Fsp_perp|)  :   0.00000000    0.00000000    0.00000000    0.00000000    0.00000000    0.00000000    0.00000000    0.00000000 
max(|FNEB|)      :   0.00000000    0.00350557    0.00498073    0.00537521    0.00727607    0.00548748    0.00397335    0.00000000 
max(|Force|)     :   0.00263080    0.00364692    0.00296521    0.00932912    0.02133266    0.00553486    0.00783288    0.00039475 
ksp              :   0.01000000    0.01000000    0.01000000    0.06582607    0.10000000    0.10000000    0.02762444 
max(|step|)      :   0.00000000    0.00913706    0.03391955    0.03567062    0.07147555    0.02335490    0.02749959    0.00046095 
angle (deg.)     :    9.8382  16.2139  69.3297  51.4055  70.3262  44.2553 
>
iteration       : 19
climbing        : yes
zoom on         : no
nim             : 8
barrier         :   0.03391841 (image:  5) 
distance        :   0.00000000    2.13036351    4.62486835    8.19199295    8.68203563    9.17555866   10.32195792   14.42587852 
energy          : -647.09910363  -647.09842221  -647.09629262  -647.08772966  -647.07711225  -647.06518522  -647.08308061  -647.08693094 
max(|Fr_perp|)   :   0.00000000    0.00148597    0.00426716    0.00517390    0.00658913    0.00366939    0.00255130    0.00000000 
Fr_paral         :   0.00000000   -0.00079194   -0.00159360   -0.01587837   -0.02865842   -0.00051529    0.00955466    0.00000000 
max(|Fsp_paral|) :   0.00000000    0.00157373    0.00426409    0.00665606    0.01307834    0.03556822    0.00325775    0.00000000 
max(|Fsp_perp|)  :   0.00000000    0.00000000    0.00000000    0.00000000    0.00000000    0.00000000    0.00000000    0.00000000 
max(|FNEB|)      :   0.00000000    0.00147783    0.00481078    0.00701517    0.00994992    0.00368882    0.00374180    0.00000000 
max(|Force|)     :   0.00263080    0.00163406    0.00437309    0.00907534    0.01839687    0.00364995    0.00626477    0.00039475 
ksp              :   0.01000000    0.01000000    0.01000000    0.05063708    0.10000000    0.10000000    0.02593552 
max(|step|)      :   0.00000000    0.00789742    0.02298272    0.01371186    0.02126760    0.01374881    0.01635979    0.00018544 
angle (deg.)     :    9.9680  16.4465  78.7990  43.0785  62.0713  46.7361 
>
iteration       : 20
climbing        : yes
zoom on         : no
nim             : 8
barrier         :   0.03376410 (image:  5) 
distance        :   0.00000000    2.14660667    4.67870783    8.22193181    8.70225640    9.18240211   10.30335092   14.45272130 
energy          : -647.09910363  -647.09835691  -647.09630622  -647.08789331  -647.07747291  -647.06533953  -647.08320889  -647.08693094 
max(|Fr_perp|)   :   0.00000000    0.00953432    0.00746825    0.00340673    0.00464450    0.00482609    0.00430166    0.00000000 
Fr_paral         :   0.00000000   -0.00078360   -0.00158258   -0.01550009   -0.03137760   -0.00078016    0.00889860    0.00000000 
max(|Fsp_paral|) :   0.00000000    0.00166625    0.00401275    0.00719038    0.01397948    0.03474229    0.00250035    0.00000000 
max(|Fsp_perp|)  :   0.00000000    0.00000000    0.00000000    0.00000000    0.00000000    0.00000000    0.00000000    0.00000000 
max(|FNEB|)      :   0.00000000    0.00962031    0.00781777    0.00745634    0.01365545    0.00483280    0.00427203    0.00000000 
max(|Force|)     :   0.00263080    0.00951645    0.00741501    0.00979916    0.01838811    0.00481938    0.00545594    0.00039475 
ksp              :   0.01000000    0.01000000    0.01000000    0.04942415    0.10000000    0.10000000    0.02551470 
max(|step|)      :   0.00000000    0.02145452    0.07180277    0.03658695    0.06060862    0.03905056    0.04741154    0.00165124 
angle (deg.)     :    10.4034  16.9475  100.7496  49.3396  43.4700  54.8352 
>
iteration       : 21
climbing        : yes
zoom on         : no
nim             : 8
barrier         :   0.03333741 (image:  5) 
distance        :   0.00000000    2.19980927    4.84681905    8.29981010    8.89021185    9.33670286   10.39334910   14.67918205 
energy          : -647.09910363  -647.09839958  -647.09629188  -647.08845279  -647.07607431  -647.06576622  -647.08347846  -647.08693094 
max(|Fr_perp|)   :   0.00000000    0.00647678    0.00486441    0.00568254    0.00836031    0.00519543    0.00343011    0.00000000 
Fr_paral         :   0.00000000   -0.00069112   -0.00145777   -0.00986880   -0.03594714   -0.00034909    0.00596688    0.00000000 
max(|Fsp_paral|) :   0.00000000    0.00193403    0.00317892    0.00072069    0.00725669    0.03282287    0.00005221    0.00000000 
max(|Fsp_perp|)  :   0.00000000    0.00000000    0.00000000    0.00000000    0.00000000    0.00000000    0.00000000    0.00000000 
max(|FNEB|)      :   0.00000000    0.00637477    0.00449982    0.00615816    0.01023324    0.00519843    0.00342861    0.00000000 
max(|Force|)     :   0.00263080    0.00649287    0.00495634    0.01063349    0.01972431    0.00519242    0.00327702    0.00039475 
ksp              :   0.01000000    0.01000000    0.01000000    0.05616632    0.10000000    0.10000000    0.02468118 
max(|step|)      :   0.00000000    0.01932053    0.03678186    0.02429733    0.03837451    0.01839770    0.02044690    0.00060235 
angle (deg.)     :    10.6272  17.0144  101.4749  55.9870  40.0748  58.9584 
>
iteration       : 22
climbing        : yes
zoom on         : no
nim             : 8
barrier         :   0.03314538 (image:  5) 
distance        :   0.00000000    2.23409897    4.93698210    8.31549738    8.99336248    9.41521087   10.45625037   14.80122783 
energy          : -647.09910363  -647.09776280  -647.09601833  -647.08894714  -647.07488663  -647.06595825  -647.08359935  -647.08693094 
max(|Fr_perp|)   :   0.00000000    0.02349303    0.01484838    0.00984252    0.00893732    0.00707425    0.00393610    0.00000000 
Fr_paral         :   0.00000000   -0.00083077   -0.00148739   -0.01060346   -0.03406596    0.00038690    0.00534198    0.00000000 
max(|Fsp_paral|) :   0.00000000    0.00202540    0.00266231    0.00427328    0.00022576    0.03241199    0.00069248    0.00000000 
max(|Fsp_perp|)  :   0.00000000    0.00000000    0.00000000    0.00000000    0.00000000    0.00000000    0.00000000    0.00000000 
max(|FNEB|)      :   0.00000000    0.02361612    0.01489685    0.00980584    0.00894616    0.00707651    0.00394743    0.00000000 
max(|Force|)     :   0.00263080    0.02347090    0.01483606    0.00989855    0.02049741    0.00707199    0.00397337    0.00039475 
ksp              :   0.01000000    0.01000000    0.01000000    0.06168569    0.10000000    0.10000000    0.02429684 
max(|step|)      :   0.00000000    0.01182459    0.00857409    0.00617885    0.00727031    0.00377267    0.00220584    0.00009899 
angle (deg.)     :    10.6126  17.0443  99.9506  54.2464  40.2786  58.6829 
>
iteration       : 23
climbing        : yes
zoom on         : no
nim             : 8
barrier         :   0.03303974 (image:  5) 
distance        :   0.00000000    2.23465663    4.93441375    8.30946386    8.96936132    9.39253545   10.43695468   14.77622715 
energy          : -647.09910363  -647.09839796  -647.09636053  -647.08901564  -647.07538301  -647.06606389  -647.08364785  -647.08693094 
max(|Fr_perp|)   :   0.00000000    0.00660904    0.00364497    0.00290320    0.00603512    0.00360636    0.00190722    0.00000000 
Fr_paral         :   0.00000000   -0.00080470   -0.00155030   -0.01160145   -0.03442129    0.00016416    0.00576697    0.00000000 
max(|Fsp_paral|) :   0.00000000    0.00201068    0.00265774    0.00311174    0.00174299    0.03243389    0.00018572    0.00000000 
max(|Fsp_perp|)  :   0.00000000    0.00000000    0.00000000    0.00000000    0.00000000    0.00000000    0.00000000    0.00000000 
max(|FNEB|)      :   0.00000000    0.00672140    0.00388213    0.00292209    0.00544842    0.00360728    0.00191053    0.00000000 
max(|Force|)     :   0.00263080    0.00658927    0.00363397    0.00847165    0.02010811    0.00360545    0.00375588    0.00039475 
ksp              :   0.01000000    0.01000000    0.01000000    0.05980644    0.10000000    0.10000000    0.02416003 
max(|step|)      :   0.00000000    0.00796132    0.01570979    0.00798244    0.01275643    0.00864527    0.00773427    0.00067869 
angle (deg.)     :    10.7244  17.1970  97.8733  54.7029  40.0039  60.1392 
>
