NEB log file generated by ORCA
All quantities are given in atomic units. Unless stated otherwise. 
iteration       : 0
climbing        : yes
zoom on         : no
nim             : 8
barrier         :   0.00223488 (image:  4) 
distance        :   0.00000000    0.96865888    1.93928804    2.91200554    3.88535417    4.86041245    5.83552073    6.80913019 
energy          : -321.45754411  -321.45674817  -321.45596896  -321.45546761  -321.45530923  -321.45578596  -321.45688942  -321.45763451 
max(|Fr_perp|)   :   0.00000000    0.00852928    0.00953294    0.00963747    0.00960786    0.00974072    0.00800090    0.00000000 
Fr_paral         :   0.00000000   -0.00092615   -0.00095095   -0.00057344    0.00015076    0.00095168    0.00120088    0.00000000 
max(|Fsp_paral|) :   0.00000000    0.01317917    0.00892013    0.00278218    0.00006720    0.00757020    0.01862346    0.00000000 
max(|Fsp_perp|)  :   0.00000000    0.00000000    0.00000000    0.00000000    0.00000000    0.00000000    0.00000000    0.00000000 
max(|FNEB|)      :   0.00000000    0.01532507    0.01139416    0.00962429    0.00966402    0.01163729    0.02049524    0.00000000 
max(|Force|)     :   0.00006744    0.00861450    0.00949723    0.00967257    0.00966980    0.00972811    0.00795622    0.00051302 
ksp              :   0.04206082    0.07342101    0.09359132    0.10000000    0.10000000    0.08085169    0.03641332 
max(|step|)      :   0.00000000    0.06900204    0.05130290    0.04333393    0.04351285    0.05239762    0.09228105    0.00000000 
angle (deg.)     :    6.5809  7.4799  8.7441  9.9160  9.0452  7.9580 
>
iteration       : 1
climbing        : yes
zoom on         : no
nim             : 8
barrier         :   0.00211477 (image:  4) 
distance        :   0.00000000    1.10583253    2.02924453    2.94389120    3.89025763    4.78169139    5.64513819    6.81467531 
energy          : -321.45754411  -321.45659741  -321.45586157  -321.45550952  -321.45542934  -321.45571280  -321.45661032  -321.45763451 
max(|Fr_perp|)   :   0.00000000    0.02249821    0.02349350    0.01999621    0.02154073    0.02335105    0.01858703    0.00000000 
Fr_paral         :   0.00000000   -0.00098922   -0.00091617   -0.00063725    0.00020317    0.00079234    0.00139713    0.00000000 
max(|Fsp_paral|) :   0.00000000    0.00856522    0.00577169    0.00274518    0.00236597    0.00535090    0.00749909    0.00000000 
max(|Fsp_perp|)  :   0.00000000    0.00000000    0.00000000    0.00000000    0.00000000    0.00000000    0.00000000    0.00000000 
max(|FNEB|)      :   0.00000000    0.02230626    0.02315620    0.02085487    0.02155345    0.02452660    0.02067410    0.00000000 
max(|Force|)     :   0.00006744    0.02250757    0.02351650    0.02003160    0.02152801    0.02328098    0.01842203    0.00051302 
ksp              :   0.05028931    0.08160532    0.09658766    0.10000000    0.10000000    0.08793673    0.04974007 
max(|step|)      :   0.00000000    0.04318577    0.02972888    0.03047430    0.03071720    0.03645432    0.06157245    0.00474287 
angle (deg.)     :    6.8563  7.4068  8.6337  9.6555  8.3982  8.5387 
>
iteration       : 2
climbing        : yes
zoom on         : no
nim             : 8
barrier         :   0.00110698 (image:  3) 
distance        :   0.00000000    1.20237448    2.09384076    2.97223275    3.89610678    4.72871699    5.53349336    6.82476063 
energy          : -321.45754411  -321.45692325  -321.45656511  -321.45643713  -321.45643921  -321.45653434  -321.45701078  -321.45763451 
max(|Fr_perp|)   :   0.00000000    0.01146978    0.01323793    0.01276465    0.01256765    0.01286038    0.01007102    0.00000000 
Fr_paral         :   0.00000000   -0.00087438   -0.00075722   -0.00036458    0.00032095    0.00048077    0.00087070    0.00000000 
max(|Fsp_paral|) :   0.00000000    0.00310534    0.00351784    0.00197626    0.00402504    0.00364854    0.00219893    0.00000000 
max(|Fsp_perp|)  :   0.00000000    0.00000000    0.00000000    0.00000000    0.00000000    0.00000000    0.00000000    0.00000000 
max(|FNEB|)      :   0.00000000    0.01266442    0.01447233    0.01338359    0.01252385    0.01291121    0.00945916    0.00000000 
max(|Force|)     :   0.00006744    0.01132471    0.01312291    0.01271479    0.01261146    0.01292371    0.01019244    0.00051302 
ksp              :   0.06047680    0.08959474    0.10000000    0.10000000    0.09983087    0.09209642    0.05336098 
max(|step|)      :   0.00000000    0.02184047    0.02042713    0.02030959    0.01828250    0.02134008    0.03199832    0.00324835 
angle (deg.)     :    7.5472  7.4669  8.3860  9.3590  7.9725  9.1592 
>
iteration       : 3
climbing        : yes
zoom on         : no
nim             : 8
barrier         :   0.00071470 (image:  3) 
distance        :   0.00000000    1.25663788    2.13655939    2.99471940    3.90192479    4.69669930    5.48009838    6.83483050 
energy          : -321.45754411  -321.45717449  -321.45693323  -321.45682940  -321.45687059  -321.45696984  -321.45724765  -321.45763451 
max(|Fr_perp|)   :   0.00000000    0.00486215    0.00567705    0.00678181    0.00721740    0.00672470    0.00518773    0.00000000 
Fr_paral         :   0.00000000   -0.00060054   -0.00057030   -0.00005875    0.00018613    0.00027583    0.00046518    0.00000000 
max(|Fsp_paral|) :   0.00000000    0.00235787    0.00411150    0.00214492    0.00668039    0.00442649    0.00015255    0.00000000 
max(|Fsp_perp|)  :   0.00000000    0.00000000    0.00000000    0.00000000    0.00000000    0.00000000    0.00000000    0.00000000 
max(|FNEB|)      :   0.00000000    0.00526530    0.00615866    0.00589929    0.00725039    0.00857480    0.00526391    0.00000000 
max(|Force|)     :   0.00006744    0.00493811    0.00578222    0.00679236    0.00718440    0.00667923    0.00508979    0.00051302 
ksp              :   0.05654413    0.08692571    0.10000000    0.10000000    0.09481344    0.08231608    0.04733234 
max(|step|)      :   0.00000000    0.05253269    0.04706171    0.04315826    0.03646187    0.04867300    0.06493289    0.00954156 
angle (deg.)     :    9.2131  7.6035  8.0127  8.7376  7.0353  10.7746 
>
iteration       : 4
climbing        : yes
zoom on         : no
nim             : 8
barrier         :   0.00041729 (image:  3) 
distance        :   0.00000000    1.38168137    2.24459498    3.05103851    3.91676827    4.61326787    5.36865774    6.85931562 
energy          : -321.45754411  -321.45730304  -321.45715805  -321.45712682  -321.45721447  -321.45728315  -321.45739292  -321.45763451 
max(|Fr_perp|)   :   0.00000000    0.00373617    0.00618614    0.00730470    0.00768187    0.00684557    0.00474907    0.00000000 
Fr_paral         :   0.00000000   -0.00009141   -0.00003352    0.00004398   -0.00014716   -0.00005994   -0.00004136    0.00000000 
max(|Fsp_paral|) :   0.00000000    0.00225155    0.00007204    0.00259681    0.01307709    0.00264055    0.00550279    0.00000000 
max(|Fsp_perp|)  :   0.00000000    0.00000000    0.00000000    0.00000000    0.00000000    0.00000000    0.00000000    0.00000000 
max(|FNEB|)      :   0.00000000    0.00463010    0.00615072    0.00623195    0.00765607    0.00791090    0.00814202    0.00000000 
max(|Force|)     :   0.00006744    0.00372765    0.00619224    0.00729676    0.00770766    0.00685551    0.00475563    0.00051302 
ksp              :   0.06199373    0.09326532    0.10000000    0.10000000    0.08109587    0.06628366    0.04260847 
max(|step|)      :   0.00000000    0.01139568    0.01257825    0.01773679    0.01551062    0.02291217    0.03126110    0.00078984 
angle (deg.)     :    9.2549  7.7007  8.0795  8.3253  6.8850  10.8023 
>
iteration       : 5
climbing        : yes
zoom on         : no
nim             : 8
barrier         :   0.00040548 (image:  3) 
distance        :   0.00000000    1.36225724    2.24503194    3.07553427    3.91535005    4.58324439    5.41918519    6.85415730 
energy          : -321.45754411  -321.45730441  -321.45716523  -321.45713863  -321.45726876  -321.45731020  -321.45743196  -321.45763451 
max(|Fr_perp|)   :   0.00000000    0.00943308    0.01225883    0.01401871    0.00935220    0.00859040    0.00767859    0.00000000 
Fr_paral         :   0.00000000   -0.00033764   -0.00031577    0.00023834    0.00024463    0.00017929    0.00025573    0.00000000 
max(|Fsp_paral|) :   0.00000000    0.00131883    0.00000674    0.00040867    0.01585561    0.00175706    0.00069256    0.00000000 
max(|Fsp_perp|)  :   0.00000000    0.00000000    0.00000000    0.00000000    0.00000000    0.00000000    0.00000000    0.00000000 
max(|FNEB|)      :   0.00000000    0.00929512    0.01227163    0.01400447    0.01601055    0.00894434    0.00778447    0.00000000 
max(|Force|)     :   0.00006744    0.00941552    0.01224080    0.01403295    0.00936985    0.00860574    0.00765973    0.00051302 
ksp              :   0.06320433    0.09409602    0.10000000    0.10000000    0.07111663    0.06191854    0.03489152 
max(|step|)      :   0.00000000    0.00596476    0.00684139    0.00825539    0.00986831    0.00703488    0.00795972    0.00096085 
angle (deg.)     :    9.1780  7.6803  8.1048  8.0486  7.2334  10.6561 
>
iteration       : 6
climbing        : yes
zoom on         : no
nim             : 8
barrier         :   0.00027890 (image:  2) 
distance        :   0.00000000    1.34836734    2.23668092    3.07305186    3.89209251    4.59050653    5.43251278    6.85219301 
energy          : -321.45754411  -321.45737909  -321.45726521  -321.45726731  -321.45736631  -321.45741949  -321.45752422  -321.45763451 
max(|Fr_perp|)   :   0.00000000    0.00265919    0.00354730    0.00409290    0.00284499    0.00343151    0.00303130    0.00000000 
Fr_paral         :   0.00000000   -0.00023283   -0.00020821    0.00022402    0.00017517    0.00017364    0.00020201    0.00000000 
max(|Fsp_paral|) :   0.00000000    0.00154118    0.00228273    0.00100521    0.01491418    0.00197226    0.00777583    0.00000000 
max(|Fsp_perp|)  :   0.00000000    0.00000000    0.00000000    0.00000000    0.00000000    0.00000000    0.00000000    0.00000000 
max(|FNEB|)      :   0.00000000    0.00286830    0.00357749    0.00407985    0.01514488    0.00380318    0.00795040    0.00000000 
max(|Force|)     :   0.00006744    0.00264667    0.00353519    0.00410594    0.00281926    0.00341783    0.00301616    0.00051302 
ksp              :   0.06325032    0.10000000    0.10000000    0.09932339    0.06737461    0.05021538    0.01641924 
max(|step|)      :   0.00000000    0.02493996    0.03061978    0.03347478    0.04878986    0.02752690    0.03523570    0.00712220 
angle (deg.)     :    9.9715  7.8396  8.1727  6.4047  8.2927  11.1941 
>
iteration       : 7
climbing        : yes
zoom on         : no
nim             : 8
barrier         :   0.00095530 (image:  3) 
distance        :   0.00000000    1.40292347    2.27996908    3.10951631    3.77959814    4.54469237    5.36222665    6.86570977 
energy          : -321.45754411  -321.45697803  -321.45671233  -321.45658881  -321.45680569  -321.45682623  -321.45708414  -321.45763451 
max(|Fr_perp|)   :   0.00000000    0.02055607    0.02589404    0.02901836    0.01880105    0.02189759    0.01829345    0.00000000 
Fr_paral         :   0.00000000    0.00004741    0.00007740   -0.00002943   -0.00002035   -0.00025416    0.00008811    0.00000000 
max(|Fsp_paral|) :   0.00000000    0.00493303    0.00239114    0.00698294    0.00266130    0.00108783    0.00676365    0.00000000 
max(|Fsp_perp|)  :   0.00000000    0.00000000    0.00000000    0.00000000    0.00000000    0.00000000    0.00000000    0.00000000 
max(|FNEB|)      :   0.00000000    0.02121045    0.02554559    0.02901662    0.01913163    0.02169004    0.01654895    0.00000000 
max(|Force|)     :   0.00006744    0.02055327    0.02588930    0.02902011    0.01880216    0.02191930    0.01828431    0.00051302 
ksp              :   0.06333123    0.08836359    0.10000000    0.10000000    0.07956738    0.07763228    0.05333422 
max(|step|)      :   0.00000000    0.01669482    0.01699153    0.01697107    0.01349686    0.01626086    0.02663404    0.00277717 
angle (deg.)     :    9.7218  7.7864  8.0682  6.4889  8.2470  10.9604 
>
iteration       : 8
climbing        : yes
zoom on         : no
nim             : 8
barrier         :   0.00025123 (image:  2) 
distance        :   0.00000000    1.36638050    2.26496491    3.10457106    3.77720018    4.55224062    5.41032087    6.85784625 
energy          : -321.45754411  -321.45740346  -321.45729288  -321.45730468  -321.45737326  -321.45745396  -321.45756268  -321.45763451 
max(|Fr_perp|)   :   0.00000000    0.00382787    0.00475367    0.00524854    0.00463740    0.00494627    0.00422835    0.00000000 
Fr_paral         :   0.00000000   -0.00014782   -0.00013841    0.00016349    0.00016053    0.00019487    0.00019641    0.00000000 
max(|Fsp_paral|) :   0.00000000    0.00319094    0.00258939    0.00858230    0.00400866    0.00791557    0.00889157    0.00000000 
max(|Fsp_perp|)  :   0.00000000    0.00000000    0.00000000    0.00000000    0.00000000    0.00000000    0.00000000    0.00000000 
max(|FNEB|)      :   0.00000000    0.00339843    0.00509308    0.00525841    0.00599775    0.00887513    0.00990915    0.00000000 
max(|Force|)     :   0.00006744    0.00383616    0.00476197    0.00523867    0.00466489    0.00493017    0.00420698    0.00051302 
ksp              :   0.06038501    0.10000000    0.10000000    0.09577218    0.07120436    0.04229289    0.01000000 
max(|step|)      :   0.00000000    0.00984322    0.01321690    0.01324527    0.01234949    0.01522160    0.01020238    0.00179609 
angle (deg.)     :    10.0697  7.8506  7.9685  6.2437  8.1770  11.3670 
>
iteration       : 9
climbing        : yes
zoom on         : no
nim             : 8
barrier         :   0.00021013 (image:  2) 
distance        :   0.00000000    1.38611304    2.28770022    3.12148327    3.76002372    4.52177016    5.39625278    6.86338597 
energy          : -321.45754411  -321.45742929  -321.45733398  -321.45735301  -321.45741681  -321.45749302  -321.45759534  -321.45763451 
max(|Fr_perp|)   :   0.00000000    0.00096695    0.00164394    0.00199053    0.00227344    0.00214793    0.00138592    0.00000000 
Fr_paral         :   0.00000000   -0.00015030   -0.00013212    0.00019741    0.00015968    0.00020248    0.00018550    0.00000000 
max(|Fsp_paral|) :   0.00000000    0.00352930    0.00297288    0.01084817    0.00411740    0.00894130    0.00536663    0.00000000 
max(|Fsp_perp|)  :   0.00000000    0.00000000    0.00000000    0.00000000    0.00000000    0.00000000    0.00000000    0.00000000 
max(|FNEB|)      :   0.00000000    0.00328713    0.00327172    0.00195591    0.00517124    0.00952606    0.00621999    0.00000000 
max(|Force|)     :   0.00006744    0.00096200    0.00162083    0.00202515    0.00230073    0.00218248    0.00141699    0.00051302 
ksp              :   0.05917704    0.10000000    0.10000000    0.09184963    0.06452434    0.03188044    0.01000000 
max(|step|)      :   0.00000000    0.06008129    0.07676716    0.08095832    0.08316412    0.09376476    0.05041994    0.01010527 
angle (deg.)     :    11.9293  8.3842  8.4359  5.5041  8.6178  13.7219 
>
iteration       : 10
climbing        : yes
zoom on         : no
nim             : 8
barrier         :   0.00064046 (image:  3) 
distance        :   0.00000000    1.50029464    2.40538014    3.22892891    3.62416855    4.32044761    5.35152278    6.90099091 
energy          : -321.45754411  -321.45722051  -321.45700159  -321.45690365  -321.45696294  -321.45708763  -321.45738088  -321.45763451 
max(|Fr_perp|)   :   0.00000000    0.01006699    0.01219629    0.01302197    0.00846272    0.01038815    0.01015263    0.00000000 
Fr_paral         :   0.00000000   -0.00021127   -0.00017748    0.00013530    0.00004738    0.00020936    0.00029889    0.00000000 
max(|Fsp_paral|) :   0.00000000    0.00223793    0.00187545    0.01853254    0.01035497    0.00542840    0.01016116    0.00000000 
max(|Fsp_perp|)  :   0.00000000    0.00000000    0.00000000    0.00000000    0.00000000    0.00000000    0.00000000    0.00000000 
max(|FNEB|)      :   0.00000000    0.00980415    0.01247177    0.01301211    0.01399096    0.01064140    0.01191979    0.00000000 
max(|Force|)     :   0.00006744    0.01005538    0.01218503    0.01303183    0.00845842    0.01037114    0.01013155    0.00051302 
ksp              :   0.05547383    0.08623713    0.10000000    0.10000000    0.09166844    0.07414675    0.03293781 
max(|step|)      :   0.00000000    0.02499267    0.03121100    0.03687130    0.05077628    0.04207274    0.02309685    0.00464266 
angle (deg.)     :    11.2033  7.9879  7.4928  6.1062  8.0406  12.6580 
>
iteration       : 11
climbing        : yes
zoom on         : no
nim             : 8
barrier         :   0.00027572 (image:  2) 
distance        :   0.00000000    1.46680326    2.37262033    3.17895653    3.70711761    4.39124493    5.31025182    6.88671984 
energy          : -321.45754411  -321.45739024  -321.45726839  -321.45727482  -321.45732020  -321.45741846  -321.45757976  -321.45763451 
max(|Fr_perp|)   :   0.00000000    0.00232754    0.00376795    0.00433102    0.00474402    0.00483123    0.00329372    0.00000000 
Fr_paral         :   0.00000000   -0.00004013   -0.00001959    0.00001835   -0.00002900    0.00006737    0.00004139    0.00000000 
max(|Fsp_paral|) :   0.00000000    0.00097314    0.00433953    0.01261576    0.00219671    0.00422690    0.01251886    0.00000000 
max(|Fsp_perp|)  :   0.00000000    0.00000000    0.00000000    0.00000000    0.00000000    0.00000000    0.00000000    0.00000000 
max(|FNEB|)      :   0.00000000    0.00238913    0.00550476    0.00433423    0.00502259    0.00510889    0.01263358    0.00000000 
max(|Force|)     :   0.00006744    0.00232675    0.00377138    0.00432781    0.00474243    0.00483641    0.00329807    0.00051302 
ksp              :   0.06022432    0.10000000    0.10000000    0.09790105    0.08308595    0.05101483    0.01000000 
max(|step|)      :   0.00000000    0.00979041    0.00839173    0.01001627    0.02460400    0.01781466    0.05253832    0.00172853 
angle (deg.)     :    10.9469  8.0354  6.9776  7.0213  7.5654  12.2664 
>
iteration       : 12
climbing        : yes
zoom on         : no
nim             : 8
barrier         :   0.00031506 (image:  4) 
distance        :   0.00000000    1.48179143    2.37623464    3.17025223    3.74958626    4.37529496    5.19989077    6.88713966 
energy          : -321.45754411  -321.45738208  -321.45725396  -321.45723219  -321.45722905  -321.45731420  -321.45750258  -321.45763451 
max(|Fr_perp|)   :   0.00000000    0.00448798    0.00536676    0.00533811    0.00616585    0.00628781    0.00544185    0.00000000 
Fr_paral         :   0.00000000    0.00002550    0.00009921    0.00025856   -0.00031162   -0.00014712   -0.00004108    0.00000000 
max(|Fsp_paral|) :   0.00000000    0.00013924    0.00190911    0.00883714    0.00197412    0.00007109    0.01026584    0.00000000 
max(|Fsp_perp|)  :   0.00000000    0.00000000    0.00000000    0.00000000    0.00000000    0.00000000    0.00000000    0.00000000 
max(|FNEB|)      :   0.00000000    0.00446687    0.00559298    0.00529683    0.00703632    0.00627606    0.01164050    0.00000000 
max(|Force|)     :   0.00006744    0.00449125    0.00538307    0.00538607    0.00610775    0.00627794    0.00543878    0.00051302 
ksp              :   0.05628429    0.09288553    0.09910297    0.10000000    0.10000000    0.07567578    0.02186229 
max(|step|)      :   0.00000000    0.01681617    0.01931306    0.02658949    0.04590912    0.02066758    0.09330453    0.00400621 
angle (deg.)     :    10.2456  7.9029  7.1030  8.1724  6.2619  11.4445 
>
iteration       : 13
climbing        : yes
zoom on         : no
nim             : 8
barrier         :   0.00051400 (image:  3) 
distance        :   0.00000000    1.48927778    2.36767521    3.14380852    3.84044587    4.37075206    4.98051981    6.87651311 
energy          : -321.45754411  -321.45728214  -321.45713683  -321.45703011  -321.45708087  -321.45719335  -321.45732791  -321.45763451 
max(|Fr_perp|)   :   0.00000000    0.00981944    0.01113909    0.01183630    0.00808130    0.00955429    0.01078572    0.00000000 
Fr_paral         :   0.00000000    0.00006757    0.00008971    0.00020531   -0.00041514   -0.00011628   -0.00004850    0.00000000 
max(|Fsp_paral|) :   0.00000000    0.00512822    0.00268459    0.00341898    0.00911325    0.00196641    0.01893151    0.00000000 
max(|Fsp_perp|)  :   0.00000000    0.00000000    0.00000000    0.00000000    0.00000000    0.00000000    0.00000000    0.00000000 
max(|FNEB|)      :   0.00000000    0.01041053    0.01079933    0.01184741    0.01253914    0.00924674    0.02130371    0.00000000 
max(|Force|)     :   0.00006744    0.00981594    0.01113429    0.01182519    0.00805222    0.00954688    0.01078214    0.00051302 
ksp              :   0.05587003    0.08131415    0.10000000    0.10000000    0.09111156    0.07141659    0.04785495 
max(|step|)      :   0.00000000    0.01574989    0.01032138    0.01368335    0.03683054    0.01549232    0.06895966    0.00150328 
angle (deg.)     :    10.4458  7.9835  7.1686  6.6423  7.2117  11.6899 
>
iteration       : 14
climbing        : yes
zoom on         : no
nim             : 8
barrier         :   0.00022195 (image:  2) 
distance        :   0.00000000    1.46084617    2.35672556    3.15733210    3.76813005    4.36790731    5.12257279    6.87345537 
energy          : -321.45754411  -321.45742215  -321.45732216  -321.45733741  -321.45738337  -321.45745587  -321.45757373  -321.45763451 
max(|Fr_perp|)   :   0.00000000    0.00280848    0.00359827    0.00346820    0.00436297    0.00408881    0.00316322    0.00000000 
Fr_paral         :   0.00000000   -0.00008334   -0.00003427    0.00003557   -0.00011246   -0.00000404    0.00009720    0.00000000 
max(|Fsp_paral|) :   0.00000000    0.00118961    0.00415728    0.00992235    0.00523360    0.00441203    0.00683921    0.00000000 
max(|Fsp_perp|)  :   0.00000000    0.00000000    0.00000000    0.00000000    0.00000000    0.00000000    0.00000000    0.00000000 
max(|FNEB|)      :   0.00000000    0.00264030    0.00437318    0.00347025    0.00630444    0.00605044    0.00678864    0.00000000 
max(|Force|)     :   0.00006744    0.00281297    0.00360022    0.00346616    0.00437025    0.00408912    0.00317055    0.00051302 
ksp              :   0.05945282    0.10000000    0.10000000    0.09381809    0.07517869    0.04578187    0.01000000 
max(|step|)      :   0.00000000    0.00751214    0.00891225    0.00987019    0.02224728    0.01746891    0.01035696    0.00136742 
angle (deg.)     :    10.7001  7.9756  7.4553  5.8223  7.3480  12.1326 
>
iteration       : 15
climbing        : yes
zoom on         : no
nim             : 8
barrier         :   0.00021337 (image:  2) 
distance        :   0.00000000    1.47013569    2.36603102    3.17185151    3.72436227    4.33186000    5.09935820    6.87478300 
energy          : -321.45754411  -321.45742496  -321.45733074  -321.45734653  -321.45740954  -321.45748506  -321.45758345  -321.45763451 
max(|Fr_perp|)   :   0.00000000    0.00197678    0.00209984    0.00312149    0.00245138    0.00198906    0.00163824    0.00000000 
Fr_paral         :   0.00000000   -0.00006836   -0.00005078    0.00003956    0.00003028    0.00011068    0.00011920    0.00000000 
max(|Fsp_paral|) :   0.00000000    0.00043597    0.00393324    0.01265863    0.00472582    0.00580580    0.00359704    0.00000000 
max(|Fsp_perp|)  :   0.00000000    0.00000000    0.00000000    0.00000000    0.00000000    0.00000000    0.00000000    0.00000000 
max(|FNEB|)      :   0.00000000    0.00212767    0.00210791    0.01259258    0.00481653    0.00598265    0.00359655    0.00000000 
max(|Force|)     :   0.00006744    0.00196791    0.00209178    0.00312798    0.00245500    0.00198844    0.00161888    0.00051302 
ksp              :   0.06025754    0.10000000    0.10000000    0.09334118    0.06676090    0.03490634    0.01000000 
max(|step|)      :   0.00000000    0.01573488    0.01866259    0.01714133    0.05687167    0.04204915    0.02872448    0.00480373 
angle (deg.)     :    11.2172  7.9761  8.2015  5.6352  7.7901  13.2602 
>
iteration       : 16
climbing        : yes
zoom on         : no
nim             : 8
barrier         :   0.00040972 (image:  4) 
distance        :   0.00000000    1.48869000    2.38733410    3.16521873    3.60004054    4.23461449    5.02884210    6.87795874 
energy          : -321.45754411  -321.45736701  -321.45723036  -321.45721132  -321.45713439  -321.45718987  -321.45750269  -321.45763451 
max(|Fr_perp|)   :   0.00000000    0.00420658    0.00557633    0.00658650    0.01388781    0.01222261    0.00415870    0.00000000 
Fr_paral         :   0.00000000   -0.00013940   -0.00015928    0.00053712   -0.00029054    0.00025313    0.00034752    0.00000000 
max(|Fsp_paral|) :   0.00000000    0.00081677    0.00274422    0.00910139    0.00857626    0.00269231    0.01371583    0.00000000 
max(|Fsp_perp|)  :   0.00000000    0.00000000    0.00000000    0.00000000    0.00000000    0.00000000    0.00000000    0.00000000 
max(|FNEB|)      :   0.00000000    0.00447437    0.00560336    0.00969027    0.01504534    0.01268439    0.01401866    0.00000000 
max(|Force|)     :   0.00006744    0.00422807    0.00554930    0.00666101    0.01387096    0.01224163    0.00410648    0.00051302 
ksp              :   0.04890085    0.07891919    0.08310160    0.10000000    0.10000000    0.08781313    0.01909784 
max(|step|)      :   0.00000000    0.00720296    0.00895523    0.01613653    0.01143027    0.01552150    0.04275489    0.00239982 
angle (deg.)     :    10.8909  7.7329  7.7287  4.6229  7.6324  13.2224 
>
iteration       : 17
climbing        : yes
zoom on         : no
nim             : 8
barrier         :   0.00027268 (image:  2) 
distance        :   0.00000000    1.48112737    2.37556401    3.13388396    3.59139140    4.20668809    4.92044842    6.87067585 
energy          : -321.45754411  -321.45738701  -321.45727143  -321.45727854  -321.45727698  -321.45736354  -321.45750284  -321.45763451 
max(|Fr_perp|)   :   0.00000000    0.00423211    0.00522714    0.00555780    0.00788066    0.00773315    0.00513834    0.00000000 
Fr_paral         :   0.00000000   -0.00023983   -0.00019717    0.00021912   -0.00002640    0.00025913    0.00028704    0.00000000 
max(|Fsp_paral|) :   0.00000000    0.00094371    0.00595841    0.01351874    0.00667050    0.00458337    0.00143870    0.00000000 
max(|Fsp_perp|)  :   0.00000000    0.00000000    0.00000000    0.00000000    0.00000000    0.00000000    0.00000000    0.00000000 
max(|FNEB|)      :   0.00000000    0.00413581    0.00523915    0.01351405    0.00855916    0.00694612    0.00477665    0.00000000 
max(|Force|)     :   0.00006744    0.00421895    0.00521514    0.00557156    0.00787950    0.00775190    0.00516688    0.00051302 
ksp              :   0.06185203    0.10000000    0.10000000    0.09816925    0.09816925    0.06959943    0.02361987 
max(|step|)      :   0.00000000    0.01642883    0.02592305    0.03261618    0.03777757    0.01950042    0.03090071    0.00406803 
angle (deg.)     :    10.2220  7.7085  7.0461  5.4909  6.3315  13.5056 
>
